-- The C compiler identification is GNU 9.3.0
-- The CXX compiler identification is GNU 9.3.0
-- Check for working C compiler: /usr/bin/cc
-- Check for working C compiler: /usr/bin/cc -- works
-- Detecting C compiler ABI info
-- Detecting C compiler ABI info - done
-- Detecting C compile features
-- Detecting C compile features - done
-- Check for working CXX compiler: /usr/bin/c++
-- Check for working CXX compiler: /usr/bin/c++ -- works
-- Detecting CXX compiler ABI info
-- Detecting CXX compiler ABI info - done
-- Detecting CXX compile features
-- Detecting CXX compile features - done
-- Found ament_cmake: 0.9.8 (/home/parham/ros2_foxy/ros2-linux/share/ament_cmake/cmake)
-- Found PythonInterp: /usr/bin/python3 (found suitable version "3.8.10", minimum required is "3") 
-- Using PYTHON_EXECUTABLE: /usr/bin/python3
-- Found ament_lint_auto: 0.9.6 (/home/parham/ros2_foxy/ros2-linux/share/ament_lint_auto/cmake)
-- Found rosidl_default_generators: 1.0.0 (/home/parham/ros2_foxy/ros2-linux/share/rosidl_default_generators/cmake)
-- Using all available rosidl_typesupport_c: rosidl_typesupport_fastrtps_c;rosidl_typesupport_introspection_c;rosidl_typesupport_connext_c
-- Found rosidl_adapter: 1.2.0 (/home/parham/ros2_foxy/ros2-linux/share/rosidl_adapter/cmake)
-- Found OpenSSL: /usr/lib/x86_64-linux-gnu/libcrypto.so (found version "1.1.1f")  
-- Found FastRTPS: /home/parham/ros2_foxy/ros2-linux/include  
-- Found RTI Connext: /opt/rti.com/rti_connext_dds-5.3.1
-- Using all available rosidl_typesupport_cpp: rosidl_typesupport_fastrtps_cpp;rosidl_typesupport_introspection_cpp;rosidl_typesupport_connext_cpp
-- Found PythonInterp: /usr/bin/python3 (found version "3.8.10") 
-- Found ament_cmake_ros: 0.9.0 (/home/parham/ros2_foxy/ros2-linux/share/ament_cmake_ros/cmake)
-- Using all available rosidl_typesupport_c: rosidl_typesupport_fastrtps_c;rosidl_typesupport_introspection_c;rosidl_typesupport_connext_c
-- Using all available rosidl_typesupport_cpp: rosidl_typesupport_fastrtps_cpp;rosidl_typesupport_introspection_cpp;rosidl_typesupport_connext_cpp
-- Found PythonInterp: /usr/bin/python3 (found suitable version "3.8.10", minimum required is "3.5") 
-- Found python_cmake_module: 0.8.0 (/home/parham/ros2_foxy/ros2-linux/share/python_cmake_module/cmake)
-- Found PythonLibs: /usr/lib/x86_64-linux-gnu/libpython3.8.so (found suitable version "3.8.10", minimum required is "3.5") 
-- Using PYTHON_EXECUTABLE: /usr/bin/python3
-- Using PYTHON_INCLUDE_DIRS: /usr/include/python3.8
-- Using PYTHON_LIBRARIES: /usr/lib/x86_64-linux-gnu/libpython3.8.so
-- Found PythonExtra: .so  
-- Added test 'copyright' to check source files copyright and LICENSE
-- Added test 'cppcheck' to perform static code analysis on C / C++ code
-- Configured cppcheck include dirs: 
-- Configured cppcheck exclude dirs and/or files: 
-- Added test 'cpplint' to check C / C++ code against the Google style
-- Configured cpplint exclude dirs and/or files: 
-- Added test 'flake8' to check Python code syntax and style conventions
-- Added test 'lint_cmake' to check CMake code style
-- Added test 'pep257' to check Python code against some of the style conventions in PEP 257
-- Added test 'uncrustify' to check C / C++ code style
-- Configured uncrustify additional arguments: 
-- Added test 'xmllint' to check XML markup files
-- Configuring done
-- Generating done
-- Build files have been written to: /home/parham/Dev/ros2_foxy/science/sience_gui/science_ws/build/push_button_interface
[  2%] [34m[1mGenerating C code for ROS interfaces[0m
[35m[1mScanning dependencies of target push_button_interface__cpp[0m
[35m[1mScanning dependencies of target push_button_interface__dds_connext_idl[0m
[  4%] [34m[1mGenerating DDS interfaces[0m
[  6%] [34m[1mGenerating C++ code for ROS interfaces[0m
[35m[1mScanning dependencies of target push_button_interface__rosidl_generator_c[0m
[  6%] Built target push_button_interface__cpp
[  8%] [34m[1mGenerating C++ introspection for ROS interfaces[0m
[ 10%] [34m[1mGenerating C++ type support dispatch for ROS interfaces[0m
[ 12%] [32mBuilding C object CMakeFiles/push_button_interface__rosidl_generator_c.dir/rosidl_generator_c/push_button_interface/msg/detail/push_button__functions.c.o[0m
[35m[1mScanning dependencies of target push_button_interface__rosidl_typesupport_cpp[0m
[35m[1mScanning dependencies of target push_button_interface__rosidl_typesupport_introspection_cpp[0m
[ 14%] [32m[1mLinking C shared library libpush_button_interface__rosidl_generator_c.so[0m
[ 16%] [32mBuilding CXX object CMakeFiles/push_button_interface__rosidl_typesupport_introspection_cpp.dir/rosidl_typesupport_introspection_cpp/push_button_interface/msg/detail/push_button__type_support.cpp.o[0m
[ 18%] [32mBuilding CXX object CMakeFiles/push_button_interface__rosidl_typesupport_cpp.dir/rosidl_typesupport_cpp/push_button_interface/msg/push_button__type_support.cpp.o[0m
[ 18%] Built target push_button_interface__rosidl_generator_c
[ 20%] [34m[1mGenerating C++ type support for eProsima Fast-RTPS[0m
[ 20%] Built target push_button_interface__dds_connext_idl
[ 22%] [34m[1mGenerating C introspection for ROS interfaces[0m
[35m[1mScanning dependencies of target push_button_interface__rosidl_typesupport_fastrtps_cpp[0m
[35m[1mScanning dependencies of target push_button_interface__rosidl_typesupport_introspection_c[0m
[ 24%] [32mBuilding C object CMakeFiles/push_button_interface__rosidl_typesupport_introspection_c.dir/rosidl_typesupport_introspection_c/push_button_interface/msg/detail/push_button__type_support.c.o[0m
[ 26%] [32mBuilding CXX object CMakeFiles/push_button_interface__rosidl_typesupport_fastrtps_cpp.dir/rosidl_typesupport_fastrtps_cpp/push_button_interface/msg/detail/dds_fastrtps/push_button__type_support.cpp.o[0m
[ 28%] [32m[1mLinking CXX shared library libpush_button_interface__rosidl_typesupport_introspection_cpp.so[0m
[ 30%] [32m[1mLinking C shared library libpush_button_interface__rosidl_typesupport_introspection_c.so[0m
[ 32%] [32m[1mLinking CXX shared library libpush_button_interface__rosidl_typesupport_cpp.so[0m
[ 32%] Built target push_button_interface__rosidl_typesupport_introspection_cpp
[ 32%] Built target push_button_interface__rosidl_typesupport_introspection_c
[ 34%] [34m[1mGenerating C type support dispatch for ROS interfaces[0m
[ 36%] [34m[1mGenerating C++ type support for RTI Connext (using '/opt/rti.com/rti_connext_dds-5.3.1/bin/rtiddsgen_server')[0m
[ 36%] Built target push_button_interface__rosidl_typesupport_cpp
[35m[1mScanning dependencies of target push_button_interface__rosidl_typesupport_c[0m
[ 38%] [32mBuilding CXX object CMakeFiles/push_button_interface__rosidl_typesupport_c.dir/rosidl_typesupport_c/push_button_interface/msg/push_button__type_support.cpp.o[0m
[ 40%] [32m[1mLinking CXX shared library libpush_button_interface__rosidl_typesupport_c.so[0m
[ 40%] Built target push_button_interface__rosidl_typesupport_c
[ 42%] [32m[1mLinking CXX shared library libpush_button_interface__rosidl_typesupport_fastrtps_cpp.so[0m
[ 42%] Built target push_button_interface__rosidl_typesupport_fastrtps_cpp
[ 44%] [34m[1mGenerating C type support for eProsima Fast-RTPS[0m
[35m[1mScanning dependencies of target push_button_interface__rosidl_typesupport_fastrtps_c[0m
[ 46%] [32mBuilding CXX object CMakeFiles/push_button_interface__rosidl_typesupport_fastrtps_c.dir/rosidl_typesupport_fastrtps_c/push_button_interface/msg/detail/push_button__type_support_c.cpp.o[0m
[ 48%] [32m[1mLinking CXX shared library libpush_button_interface__rosidl_typesupport_fastrtps_c.so[0m
[ 48%] Built target push_button_interface__rosidl_typesupport_fastrtps_c
INFO com.rti.ndds.nddsgen.Main Running rtiddsgen version 2.5.2, please wait ...
INFO com.rti.ndds.nddsgen.Main Done
[35m[1mScanning dependencies of target push_button_interface__rosidl_typesupport_connext_cpp[0m
[ 51%] [32mBuilding CXX object CMakeFiles/push_button_interface__rosidl_typesupport_connext_cpp.dir/rosidl_typesupport_connext_cpp/push_button_interface/msg/dds_connext/push_button__type_support.cpp.o[0m
[ 53%] [32mBuilding CXX object CMakeFiles/push_button_interface__rosidl_typesupport_connext_cpp.dir/rosidl_typesupport_connext_cpp/push_button_interface/msg/dds_connext/PushButton_Support.cxx.o[0m
[ 55%] [32mBuilding CXX object CMakeFiles/push_button_interface__rosidl_typesupport_connext_cpp.dir/rosidl_typesupport_connext_cpp/push_button_interface/msg/dds_connext/PushButton_Plugin.cxx.o[0m
[ 57%] [32mBuilding CXX object CMakeFiles/push_button_interface__rosidl_typesupport_connext_cpp.dir/rosidl_typesupport_connext_cpp/push_button_interface/msg/dds_connext/PushButton_.cxx.o[0m
[ 59%] [32m[1mLinking CXX shared library libpush_button_interface__rosidl_typesupport_connext_cpp.so[0m
[ 61%] Built target push_button_interface__rosidl_typesupport_connext_cpp
[ 63%] [34m[1mGenerating C type support for RTI Connext[0m
[35m[1mScanning dependencies of target push_button_interface__rosidl_typesupport_connext_c[0m
[ 65%] [32mBuilding CXX object CMakeFiles/push_button_interface__rosidl_typesupport_connext_c.dir/rosidl_typesupport_connext_c/push_button_interface/msg/dds_connext/push_button__type_support_c.cpp.o[0m
[ 67%] [32mBuilding CXX object CMakeFiles/push_button_interface__rosidl_typesupport_connext_c.dir/rosidl_typesupport_connext_cpp/push_button_interface/msg/dds_connext/PushButton_.cxx.o[0m
[ 69%] [32mBuilding CXX object CMakeFiles/push_button_interface__rosidl_typesupport_connext_c.dir/rosidl_typesupport_connext_cpp/push_button_interface/msg/dds_connext/PushButton_Support.cxx.o[0m
[ 71%] [32mBuilding CXX object CMakeFiles/push_button_interface__rosidl_typesupport_connext_c.dir/rosidl_typesupport_connext_cpp/push_button_interface/msg/dds_connext/PushButton_Plugin.cxx.o[0m
[ 73%] [32m[1mLinking CXX shared library libpush_button_interface__rosidl_typesupport_connext_c.so[0m
[ 77%] Built target push_button_interface__rosidl_typesupport_connext_c
[35m[1mScanning dependencies of target push_button_interface[0m
[ 77%] Built target push_button_interface
[35m[1mScanning dependencies of target push_button_interface__py[0m
[ 79%] [34m[1mGenerating Python code for ROS interfaces[0m
[ 79%] Built target push_button_interface__py
[35m[1mScanning dependencies of target push_button_interface__python[0m
[ 81%] [32mBuilding C object CMakeFiles/push_button_interface__python.dir/rosidl_generator_py/push_button_interface/msg/_push_button_s.c.o[0m
[ 83%] [32m[1mLinking C shared library rosidl_generator_py/push_button_interface/libpush_button_interface__python.so[0m
[ 83%] Built target push_button_interface__python
[35m[1mScanning dependencies of target push_button_interface__rosidl_typesupport_fastrtps_c__pyext[0m
[35m[1mScanning dependencies of target push_button_interface__rosidl_typesupport_connext_c__pyext[0m
[35m[1mScanning dependencies of target push_button_interface__rosidl_typesupport_c__pyext[0m
[35m[1mScanning dependencies of target push_button_interface__rosidl_typesupport_introspection_c__pyext[0m
[ 85%] [32mBuilding C object CMakeFiles/push_button_interface__rosidl_typesupport_connext_c__pyext.dir/rosidl_generator_py/push_button_interface/_push_button_interface_s.ep.rosidl_typesupport_connext_c.c.o[0m
[ 87%] [32mBuilding C object CMakeFiles/push_button_interface__rosidl_typesupport_fastrtps_c__pyext.dir/rosidl_generator_py/push_button_interface/_push_button_interface_s.ep.rosidl_typesupport_fastrtps_c.c.o[0m
[ 89%] [32mBuilding C object CMakeFiles/push_button_interface__rosidl_typesupport_introspection_c__pyext.dir/rosidl_generator_py/push_button_interface/_push_button_interface_s.ep.rosidl_typesupport_introspection_c.c.o[0m
[ 91%] [32mBuilding C object CMakeFiles/push_button_interface__rosidl_typesupport_c__pyext.dir/rosidl_generator_py/push_button_interface/_push_button_interface_s.ep.rosidl_typesupport_c.c.o[0m
[ 93%] [32m[1mLinking C shared library rosidl_generator_py/push_button_interface/push_button_interface_s__rosidl_typesupport_introspection_c.cpython-38-x86_64-linux-gnu.so[0m
[ 95%] [32m[1mLinking CXX shared library rosidl_generator_py/push_button_interface/push_button_interface_s__rosidl_typesupport_fastrtps_c.cpython-38-x86_64-linux-gnu.so[0m
[ 97%] [32m[1mLinking C shared library rosidl_generator_py/push_button_interface/push_button_interface_s__rosidl_typesupport_c.cpython-38-x86_64-linux-gnu.so[0m
[100%] [32m[1mLinking C shared library rosidl_generator_py/push_button_interface/push_button_interface_s__rosidl_typesupport_connext_c.cpython-38-x86_64-linux-gnu.so[0m
[100%] Built target push_button_interface__rosidl_typesupport_introspection_c__pyext
[100%] Built target push_button_interface__rosidl_typesupport_c__pyext
[100%] Built target push_button_interface__rosidl_typesupport_connext_c__pyext
[100%] Built target push_button_interface__rosidl_typesupport_fastrtps_c__pyext
-- Install configuration: ""
-- Installing: /home/parham/Dev/ros2_foxy/science/sience_gui/science_ws/install/push_button_interface/share/ament_index/resource_index/rosidl_interfaces/push_button_interface
-- Installing: /home/parham/Dev/ros2_foxy/science/sience_gui/science_ws/install/push_button_interface/include/push_button_interface
-- Installing: /home/parham/Dev/ros2_foxy/science/sience_gui/science_ws/install/push_button_interface/include/push_button_interface/msg
-- Installing: /home/parham/Dev/ros2_foxy/science/sience_gui/science_ws/install/push_button_interface/include/push_button_interface/msg/push_button.h
-- Installing: /home/parham/Dev/ros2_foxy/science/sience_gui/science_ws/install/push_button_interface/include/push_button_interface/msg/rosidl_generator_c__visibility_control.h
-- Installing: /home/parham/Dev/ros2_foxy/science/sience_gui/science_ws/install/push_button_interface/include/push_button_interface/msg/detail
-- Installing: /home/parham/Dev/ros2_foxy/science/sience_gui/science_ws/install/push_button_interface/include/push_button_interface/msg/detail/push_button__functions.h
-- Installing: /home/parham/Dev/ros2_foxy/science/sience_gui/science_ws/install/push_button_interface/include/push_button_interface/msg/detail/push_button__functions.c
-- Installing: /home/parham/Dev/ros2_foxy/science/sience_gui/science_ws/install/push_button_interface/include/push_button_interface/msg/detail/push_button__type_support.h
-- Installing: /home/parham/Dev/ros2_foxy/science/sience_gui/science_ws/install/push_button_interface/include/push_button_interface/msg/detail/push_button__struct.h
-- Installing: /home/parham/Dev/ros2_foxy/science/sience_gui/science_ws/install/push_button_interface/share/push_button_interface/environment/library_path.sh
-- Installing: /home/parham/Dev/ros2_foxy/science/sience_gui/science_ws/install/push_button_interface/share/push_button_interface/environment/library_path.dsv
-- Installing: /home/parham/Dev/ros2_foxy/science/sience_gui/science_ws/install/push_button_interface/lib/libpush_button_interface__rosidl_generator_c.so
-- Set runtime path of "/home/parham/Dev/ros2_foxy/science/sience_gui/science_ws/install/push_button_interface/lib/libpush_button_interface__rosidl_generator_c.so" to ""
-- Up-to-date: /home/parham/Dev/ros2_foxy/science/sience_gui/science_ws/install/push_button_interface/include/push_button_interface
-- Up-to-date: /home/parham/Dev/ros2_foxy/science/sience_gui/science_ws/install/push_button_interface/include/push_button_interface/msg
-- Installing: /home/parham/Dev/ros2_foxy/science/sience_gui/science_ws/install/push_button_interface/include/push_button_interface/msg/rosidl_typesupport_fastrtps_c__visibility_control.h
-- Up-to-date: /home/parham/Dev/ros2_foxy/science/sience_gui/science_ws/install/push_button_interface/include/push_button_interface/msg/detail
-- Installing: /home/parham/Dev/ros2_foxy/science/sience_gui/science_ws/install/push_button_interface/include/push_button_interface/msg/detail/push_button__rosidl_typesupport_fastrtps_c.h
-- Installing: /home/parham/Dev/ros2_foxy/science/sience_gui/science_ws/install/push_button_interface/lib/libpush_button_interface__rosidl_typesupport_fastrtps_c.so
-- Set runtime path of "/home/parham/Dev/ros2_foxy/science/sience_gui/science_ws/install/push_button_interface/lib/libpush_button_interface__rosidl_typesupport_fastrtps_c.so" to ""
-- Up-to-date: /home/parham/Dev/ros2_foxy/science/sience_gui/science_ws/install/push_button_interface/include/push_button_interface
-- Up-to-date: /home/parham/Dev/ros2_foxy/science/sience_gui/science_ws/install/push_button_interface/include/push_button_interface/msg
-- Installing: /home/parham/Dev/ros2_foxy/science/sience_gui/science_ws/install/push_button_interface/include/push_button_interface/msg/rosidl_typesupport_fastrtps_cpp__visibility_control.h
-- Up-to-date: /home/parham/Dev/ros2_foxy/science/sience_gui/science_ws/install/push_button_interface/include/push_button_interface/msg/detail
-- Installing: /home/parham/Dev/ros2_foxy/science/sience_gui/science_ws/install/push_button_interface/include/push_button_interface/msg/detail/push_button__rosidl_typesupport_fastrtps_cpp.hpp
-- Installing: /home/parham/Dev/ros2_foxy/science/sience_gui/science_ws/install/push_button_interface/include/push_button_interface/msg/detail/dds_fastrtps
-- Installing: /home/parham/Dev/ros2_foxy/science/sience_gui/science_ws/install/push_button_interface/lib/libpush_button_interface__rosidl_typesupport_fastrtps_cpp.so
-- Set runtime path of "/home/parham/Dev/ros2_foxy/science/sience_gui/science_ws/install/push_button_interface/lib/libpush_button_interface__rosidl_typesupport_fastrtps_cpp.so" to ""
-- Up-to-date: /home/parham/Dev/ros2_foxy/science/sience_gui/science_ws/install/push_button_interface/include/push_button_interface
-- Up-to-date: /home/parham/Dev/ros2_foxy/science/sience_gui/science_ws/install/push_button_interface/include/push_button_interface/msg
-- Installing: /home/parham/Dev/ros2_foxy/science/sience_gui/science_ws/install/push_button_interface/include/push_button_interface/msg/rosidl_typesupport_introspection_c__visibility_control.h
-- Up-to-date: /home/parham/Dev/ros2_foxy/science/sience_gui/science_ws/install/push_button_interface/include/push_button_interface/msg/detail
-- Installing: /home/parham/Dev/ros2_foxy/science/sience_gui/science_ws/install/push_button_interface/include/push_button_interface/msg/detail/push_button__rosidl_typesupport_introspection_c.h
-- Installing: /home/parham/Dev/ros2_foxy/science/sience_gui/science_ws/install/push_button_interface/include/push_button_interface/msg/detail/push_button__type_support.c
-- Installing: /home/parham/Dev/ros2_foxy/science/sience_gui/science_ws/install/push_button_interface/lib/libpush_button_interface__rosidl_typesupport_introspection_c.so
-- Set runtime path of "/home/parham/Dev/ros2_foxy/science/sience_gui/science_ws/install/push_button_interface/lib/libpush_button_interface__rosidl_typesupport_introspection_c.so" to ""
-- Up-to-date: /home/parham/Dev/ros2_foxy/science/sience_gui/science_ws/install/push_button_interface/include/push_button_interface
-- Up-to-date: /home/parham/Dev/ros2_foxy/science/sience_gui/science_ws/install/push_button_interface/include/push_button_interface/msg
-- Installing: /home/parham/Dev/ros2_foxy/science/sience_gui/science_ws/install/push_button_interface/include/push_button_interface/msg/push_button__rosidl_typesupport_connext_c.h
-- Installing: /home/parham/Dev/ros2_foxy/science/sience_gui/science_ws/install/push_button_interface/include/push_button_interface/msg/rosidl_typesupport_connext_c__visibility_control.h
-- Installing: /home/parham/Dev/ros2_foxy/science/sience_gui/science_ws/install/push_button_interface/include/push_button_interface/msg/dds_connext
-- Installing: /home/parham/Dev/ros2_foxy/science/sience_gui/science_ws/install/push_button_interface/lib/libpush_button_interface__rosidl_typesupport_connext_c.so
-- Set runtime path of "/home/parham/Dev/ros2_foxy/science/sience_gui/science_ws/install/push_button_interface/lib/libpush_button_interface__rosidl_typesupport_connext_c.so" to ""
-- Installing: /home/parham/Dev/ros2_foxy/science/sience_gui/science_ws/install/push_button_interface/share/push_button_interface/msg/dds_connext
-- Installing: /home/parham/Dev/ros2_foxy/science/sience_gui/science_ws/install/push_button_interface/share/push_button_interface/msg/dds_connext/PushButton_.idl
-- Up-to-date: /home/parham/Dev/ros2_foxy/science/sience_gui/science_ws/install/push_button_interface/include/push_button_interface
-- Up-to-date: /home/parham/Dev/ros2_foxy/science/sience_gui/science_ws/install/push_button_interface/include/push_button_interface/msg
-- Installing: /home/parham/Dev/ros2_foxy/science/sience_gui/science_ws/install/push_button_interface/include/push_button_interface/msg/rosidl_typesupport_connext_cpp__visibility_control.h
-- Up-to-date: /home/parham/Dev/ros2_foxy/science/sience_gui/science_ws/install/push_button_interface/include/push_button_interface/msg/dds_connext
-- Installing: /home/parham/Dev/ros2_foxy/science/sience_gui/science_ws/install/push_button_interface/include/push_button_interface/msg/dds_connext/PushButton_Plugin.cxx
-- Installing: /home/parham/Dev/ros2_foxy/science/sience_gui/science_ws/install/push_button_interface/include/push_button_interface/msg/dds_connext/PushButton_Support.h
-- Installing: /home/parham/Dev/ros2_foxy/science/sience_gui/science_ws/install/push_button_interface/include/push_button_interface/msg/dds_connext/PushButton_Plugin.h
-- Installing: /home/parham/Dev/ros2_foxy/science/sience_gui/science_ws/install/push_button_interface/include/push_button_interface/msg/dds_connext/PushButton_Support.cxx
-- Installing: /home/parham/Dev/ros2_foxy/science/sience_gui/science_ws/install/push_button_interface/include/push_button_interface/msg/dds_connext/PushButton_.cxx
-- Installing: /home/parham/Dev/ros2_foxy/science/sience_gui/science_ws/install/push_button_interface/include/push_button_interface/msg/dds_connext/PushButton_.h
-- Installing: /home/parham/Dev/ros2_foxy/science/sience_gui/science_ws/install/push_button_interface/include/push_button_interface/msg/push_button__rosidl_typesupport_connext_cpp.hpp
-- Installing: /home/parham/Dev/ros2_foxy/science/sience_gui/science_ws/install/push_button_interface/lib/libpush_button_interface__rosidl_typesupport_connext_cpp.so
-- Set runtime path of "/home/parham/Dev/ros2_foxy/science/sience_gui/science_ws/install/push_button_interface/lib/libpush_button_interface__rosidl_typesupport_connext_cpp.so" to ""
-- Installing: /home/parham/Dev/ros2_foxy/science/sience_gui/science_ws/install/push_button_interface/lib/libpush_button_interface__rosidl_typesupport_c.so
-- Set runtime path of "/home/parham/Dev/ros2_foxy/science/sience_gui/science_ws/install/push_button_interface/lib/libpush_button_interface__rosidl_typesupport_c.so" to ""
-- Up-to-date: /home/parham/Dev/ros2_foxy/science/sience_gui/science_ws/install/push_button_interface/include/push_button_interface
-- Up-to-date: /home/parham/Dev/ros2_foxy/science/sience_gui/science_ws/install/push_button_interface/include/push_button_interface/msg
-- Installing: /home/parham/Dev/ros2_foxy/science/sience_gui/science_ws/install/push_button_interface/include/push_button_interface/msg/push_button.hpp
-- Up-to-date: /home/parham/Dev/ros2_foxy/science/sience_gui/science_ws/install/push_button_interface/include/push_button_interface/msg/detail
-- Installing: /home/parham/Dev/ros2_foxy/science/sience_gui/science_ws/install/push_button_interface/include/push_button_interface/msg/detail/push_button__traits.hpp
-- Installing: /home/parham/Dev/ros2_foxy/science/sience_gui/science_ws/install/push_button_interface/include/push_button_interface/msg/detail/push_button__builder.hpp
-- Installing: /home/parham/Dev/ros2_foxy/science/sience_gui/science_ws/install/push_button_interface/include/push_button_interface/msg/detail/push_button__struct.hpp
-- Up-to-date: /home/parham/Dev/ros2_foxy/science/sience_gui/science_ws/install/push_button_interface/include/push_button_interface
-- Up-to-date: /home/parham/Dev/ros2_foxy/science/sience_gui/science_ws/install/push_button_interface/include/push_button_interface/msg
-- Up-to-date: /home/parham/Dev/ros2_foxy/science/sience_gui/science_ws/install/push_button_interface/include/push_button_interface/msg/detail
-- Installing: /home/parham/Dev/ros2_foxy/science/sience_gui/science_ws/install/push_button_interface/include/push_button_interface/msg/detail/push_button__rosidl_typesupport_introspection_cpp.hpp
-- Installing: /home/parham/Dev/ros2_foxy/science/sience_gui/science_ws/install/push_button_interface/include/push_button_interface/msg/detail/push_button__type_support.cpp
-- Installing: /home/parham/Dev/ros2_foxy/science/sience_gui/science_ws/install/push_button_interface/lib/libpush_button_interface__rosidl_typesupport_introspection_cpp.so
-- Set runtime path of "/home/parham/Dev/ros2_foxy/science/sience_gui/science_ws/install/push_button_interface/lib/libpush_button_interface__rosidl_typesupport_introspection_cpp.so" to ""
-- Installing: /home/parham/Dev/ros2_foxy/science/sience_gui/science_ws/install/push_button_interface/lib/libpush_button_interface__rosidl_typesupport_cpp.so
-- Set runtime path of "/home/parham/Dev/ros2_foxy/science/sience_gui/science_ws/install/push_button_interface/lib/libpush_button_interface__rosidl_typesupport_cpp.so" to ""
-- Installing: /home/parham/Dev/ros2_foxy/science/sience_gui/science_ws/install/push_button_interface/share/push_button_interface/environment/pythonpath.sh
-- Installing: /home/parham/Dev/ros2_foxy/science/sience_gui/science_ws/install/push_button_interface/share/push_button_interface/environment/pythonpath.dsv
-- Installing: /home/parham/Dev/ros2_foxy/science/sience_gui/science_ws/install/push_button_interface/lib/python3.8/site-packages/push_button_interface/__init__.py
Compiling '/home/parham/Dev/ros2_foxy/science/sience_gui/science_ws/install/push_button_interface/lib/python3.8/site-packages/push_button_interface/__init__.py'...
-- Installing: /home/parham/Dev/ros2_foxy/science/sience_gui/science_ws/install/push_button_interface/lib/python3.8/site-packages/push_button_interface/msg
-- Installing: /home/parham/Dev/ros2_foxy/science/sience_gui/science_ws/install/push_button_interface/lib/python3.8/site-packages/push_button_interface/msg/_push_button.py
-- Installing: /home/parham/Dev/ros2_foxy/science/sience_gui/science_ws/install/push_button_interface/lib/python3.8/site-packages/push_button_interface/msg/__init__.py
-- Installing: /home/parham/Dev/ros2_foxy/science/sience_gui/science_ws/install/push_button_interface/lib/python3.8/site-packages/push_button_interface/msg/_push_button_s.c
-- Installing: /home/parham/Dev/ros2_foxy/science/sience_gui/science_ws/install/push_button_interface/lib/python3.8/site-packages/push_button_interface/push_button_interface_s__rosidl_typesupport_fastrtps_c.cpython-38-x86_64-linux-gnu.so
-- Set runtime path of "/home/parham/Dev/ros2_foxy/science/sience_gui/science_ws/install/push_button_interface/lib/python3.8/site-packages/push_button_interface/push_button_interface_s__rosidl_typesupport_fastrtps_c.cpython-38-x86_64-linux-gnu.so" to ""
-- Installing: /home/parham/Dev/ros2_foxy/science/sience_gui/science_ws/install/push_button_interface/lib/python3.8/site-packages/push_button_interface/push_button_interface_s__rosidl_typesupport_introspection_c.cpython-38-x86_64-linux-gnu.so
-- Set runtime path of "/home/parham/Dev/ros2_foxy/science/sience_gui/science_ws/install/push_button_interface/lib/python3.8/site-packages/push_button_interface/push_button_interface_s__rosidl_typesupport_introspection_c.cpython-38-x86_64-linux-gnu.so" to ""
-- Installing: /home/parham/Dev/ros2_foxy/science/sience_gui/science_ws/install/push_button_interface/lib/python3.8/site-packages/push_button_interface/push_button_interface_s__rosidl_typesupport_connext_c.cpython-38-x86_64-linux-gnu.so
-- Set runtime path of "/home/parham/Dev/ros2_foxy/science/sience_gui/science_ws/install/push_button_interface/lib/python3.8/site-packages/push_button_interface/push_button_interface_s__rosidl_typesupport_connext_c.cpython-38-x86_64-linux-gnu.so" to ""
-- Installing: /home/parham/Dev/ros2_foxy/science/sience_gui/science_ws/install/push_button_interface/lib/python3.8/site-packages/push_button_interface/push_button_interface_s__rosidl_typesupport_c.cpython-38-x86_64-linux-gnu.so
-- Set runtime path of "/home/parham/Dev/ros2_foxy/science/sience_gui/science_ws/install/push_button_interface/lib/python3.8/site-packages/push_button_interface/push_button_interface_s__rosidl_typesupport_c.cpython-38-x86_64-linux-gnu.so" to ""
-- Installing: /home/parham/Dev/ros2_foxy/science/sience_gui/science_ws/install/push_button_interface/lib/libpush_button_interface__python.so
-- Set runtime path of "/home/parham/Dev/ros2_foxy/science/sience_gui/science_ws/install/push_button_interface/lib/libpush_button_interface__python.so" to ""
-- Installing: /home/parham/Dev/ros2_foxy/science/sience_gui/science_ws/install/push_button_interface/share/push_button_interface/msg/PushButton.idl
-- Installing: /home/parham/Dev/ros2_foxy/science/sience_gui/science_ws/install/push_button_interface/share/push_button_interface/msg/PushButton.msg
-- Installing: /home/parham/Dev/ros2_foxy/science/sience_gui/science_ws/install/push_button_interface/share/ament_index/resource_index/package_run_dependencies/push_button_interface
-- Installing: /home/parham/Dev/ros2_foxy/science/sience_gui/science_ws/install/push_button_interface/share/ament_index/resource_index/parent_prefix_path/push_button_interface
-- Installing: /home/parham/Dev/ros2_foxy/science/sience_gui/science_ws/install/push_button_interface/share/push_button_interface/environment/ament_prefix_path.sh
-- Installing: /home/parham/Dev/ros2_foxy/science/sience_gui/science_ws/install/push_button_interface/share/push_button_interface/environment/ament_prefix_path.dsv
-- Installing: /home/parham/Dev/ros2_foxy/science/sience_gui/science_ws/install/push_button_interface/share/push_button_interface/environment/path.sh
-- Installing: /home/parham/Dev/ros2_foxy/science/sience_gui/science_ws/install/push_button_interface/share/push_button_interface/environment/path.dsv
-- Installing: /home/parham/Dev/ros2_foxy/science/sience_gui/science_ws/install/push_button_interface/share/push_button_interface/local_setup.bash
-- Installing: /home/parham/Dev/ros2_foxy/science/sience_gui/science_ws/install/push_button_interface/share/push_button_interface/local_setup.sh
-- Installing: /home/parham/Dev/ros2_foxy/science/sience_gui/science_ws/install/push_button_interface/share/push_button_interface/local_setup.zsh
-- Installing: /home/parham/Dev/ros2_foxy/science/sience_gui/science_ws/install/push_button_interface/share/push_button_interface/local_setup.dsv
-- Installing: /home/parham/Dev/ros2_foxy/science/sience_gui/science_ws/install/push_button_interface/share/push_button_interface/package.dsv
-- Installing: /home/parham/Dev/ros2_foxy/science/sience_gui/science_ws/install/push_button_interface/share/ament_index/resource_index/packages/push_button_interface
-- Installing: /home/parham/Dev/ros2_foxy/science/sience_gui/science_ws/install/push_button_interface/share/push_button_interface/cmake/push_button_interface__rosidl_generator_cExport.cmake
-- Installing: /home/parham/Dev/ros2_foxy/science/sience_gui/science_ws/install/push_button_interface/share/push_button_interface/cmake/push_button_interface__rosidl_generator_cExport-noconfig.cmake
-- Installing: /home/parham/Dev/ros2_foxy/science/sience_gui/science_ws/install/push_button_interface/share/push_button_interface/cmake/push_button_interface__rosidl_typesupport_introspection_cExport.cmake
-- Installing: /home/parham/Dev/ros2_foxy/science/sience_gui/science_ws/install/push_button_interface/share/push_button_interface/cmake/push_button_interface__rosidl_typesupport_introspection_cExport-noconfig.cmake
-- Installing: /home/parham/Dev/ros2_foxy/science/sience_gui/science_ws/install/push_button_interface/share/push_button_interface/cmake/push_button_interface__rosidl_typesupport_cExport.cmake
-- Installing: /home/parham/Dev/ros2_foxy/science/sience_gui/science_ws/install/push_button_interface/share/push_button_interface/cmake/push_button_interface__rosidl_typesupport_cExport-noconfig.cmake
-- Installing: /home/parham/Dev/ros2_foxy/science/sience_gui/science_ws/install/push_button_interface/share/push_button_interface/cmake/push_button_interface__rosidl_generator_cppExport.cmake
-- Installing: /home/parham/Dev/ros2_foxy/science/sience_gui/science_ws/install/push_button_interface/share/push_button_interface/cmake/push_button_interface__rosidl_typesupport_introspection_cppExport.cmake
-- Installing: /home/parham/Dev/ros2_foxy/science/sience_gui/science_ws/install/push_button_interface/share/push_button_interface/cmake/push_button_interface__rosidl_typesupport_introspection_cppExport-noconfig.cmake
-- Installing: /home/parham/Dev/ros2_foxy/science/sience_gui/science_ws/install/push_button_interface/share/push_button_interface/cmake/push_button_interface__rosidl_typesupport_cppExport.cmake
-- Installing: /home/parham/Dev/ros2_foxy/science/sience_gui/science_ws/install/push_button_interface/share/push_button_interface/cmake/push_button_interface__rosidl_typesupport_cppExport-noconfig.cmake
-- Installing: /home/parham/Dev/ros2_foxy/science/sience_gui/science_ws/install/push_button_interface/share/push_button_interface/cmake/rosidl_cmake-extras.cmake
-- Installing: /home/parham/Dev/ros2_foxy/science/sience_gui/science_ws/install/push_button_interface/share/push_button_interface/cmake/ament_cmake_export_dependencies-extras.cmake
-- Installing: /home/parham/Dev/ros2_foxy/science/sience_gui/science_ws/install/push_button_interface/share/push_button_interface/cmake/ament_cmake_export_libraries-extras.cmake
-- Installing: /home/parham/Dev/ros2_foxy/science/sience_gui/science_ws/install/push_button_interface/share/push_button_interface/cmake/ament_cmake_export_targets-extras.cmake
-- Installing: /home/parham/Dev/ros2_foxy/science/sience_gui/science_ws/install/push_button_interface/share/push_button_interface/cmake/ament_cmake_export_include_directories-extras.cmake
-- Installing: /home/parham/Dev/ros2_foxy/science/sience_gui/science_ws/install/push_button_interface/share/push_button_interface/cmake/rosidl_cmake_export_typesupport_libraries-extras.cmake
-- Installing: /home/parham/Dev/ros2_foxy/science/sience_gui/science_ws/install/push_button_interface/share/push_button_interface/cmake/rosidl_cmake_export_typesupport_targets-extras.cmake
-- Installing: /home/parham/Dev/ros2_foxy/science/sience_gui/science_ws/install/push_button_interface/share/push_button_interface/cmake/push_button_interfaceConfig.cmake
-- Installing: /home/parham/Dev/ros2_foxy/science/sience_gui/science_ws/install/push_button_interface/share/push_button_interface/cmake/push_button_interfaceConfig-version.cmake
-- Installing: /home/parham/Dev/ros2_foxy/science/sience_gui/science_ws/install/push_button_interface/share/push_button_interface/package.xml
