[0.340s] Invoking command in '/home/parham/Dev/ros2_foxy/science/sience_gui/science_ws/build/push_button_interface': CMAKE_PREFIX_PATH=${CMAKE_PREFIX_PATH}:/home/parham/Dev/ros2_foxy/science/sience_gui/science_ws/install/push_button:/home/parham/ws_moveit2/install/ros2controlcli:/opt/ros/foxy /usr/bin/cmake /home/parham/Dev/ros2_foxy/science/sience_gui/science_ws/src/push_button_interface -DCMAKE_INSTALL_PREFIX=/home/parham/Dev/ros2_foxy/science/sience_gui/science_ws/install/push_button_interface
[1.903s] -- The C compiler identification is GNU 9.3.0
[2.402s] -- The CXX compiler identification is GNU 9.3.0
[2.442s] -- Check for working C compiler: /usr/bin/cc
[2.621s] -- Check for working C compiler: /usr/bin/cc -- works
[2.623s] -- Detecting C compiler ABI info
[2.830s] -- Detecting C compiler ABI info - done
[2.847s] -- Detecting C compile features
[2.847s] -- Detecting C compile features - done
[2.852s] -- Check for working CXX compiler: /usr/bin/c++
[2.968s] -- Check for working CXX compiler: /usr/bin/c++ -- works
[2.970s] -- Detecting CXX compiler ABI info
[3.105s] -- Detecting CXX compiler ABI info - done
[3.121s] -- Detecting CXX compile features
[3.122s] -- Detecting CXX compile features - done
[3.246s] -- Found ament_cmake: 0.9.8 (/home/parham/ros2_foxy/ros2-linux/share/ament_cmake/cmake)
[3.368s] -- Found PythonInterp: /usr/bin/python3 (found suitable version "3.8.10", minimum required is "3") 
[3.368s] -- Using PYTHON_EXECUTABLE: /usr/bin/python3
[4.014s] -- Found ament_lint_auto: 0.9.6 (/home/parham/ros2_foxy/ros2-linux/share/ament_lint_auto/cmake)
[4.399s] -- Found rosidl_default_generators: 1.0.0 (/home/parham/ros2_foxy/ros2-linux/share/rosidl_default_generators/cmake)
[5.248s] -- Using all available rosidl_typesupport_c: rosidl_typesupport_fastrtps_c;rosidl_typesupport_introspection_c;rosidl_typesupport_connext_c
[5.329s] -- Found rosidl_adapter: 1.2.0 (/home/parham/ros2_foxy/ros2-linux/share/rosidl_adapter/cmake)
[6.472s] -- Found OpenSSL: /usr/lib/x86_64-linux-gnu/libcrypto.so (found version "1.1.1f")  
[6.577s] -- Found FastRTPS: /home/parham/ros2_foxy/ros2-linux/include  
[7.061s] -- Found RTI Connext: /opt/rti.com/rti_connext_dds-5.3.1
[12.746s] -- Using all available rosidl_typesupport_cpp: rosidl_typesupport_fastrtps_cpp;rosidl_typesupport_introspection_cpp;rosidl_typesupport_connext_cpp
[12.972s] -- Found PythonInterp: /usr/bin/python3 (found version "3.8.10") 
[13.220s] -- Found ament_cmake_ros: 0.9.0 (/home/parham/ros2_foxy/ros2-linux/share/ament_cmake_ros/cmake)
[13.723s] -- Using all available rosidl_typesupport_c: rosidl_typesupport_fastrtps_c;rosidl_typesupport_introspection_c;rosidl_typesupport_connext_c
[13.744s] -- Using all available rosidl_typesupport_cpp: rosidl_typesupport_fastrtps_cpp;rosidl_typesupport_introspection_cpp;rosidl_typesupport_connext_cpp
[13.777s] -- Found PythonInterp: /usr/bin/python3 (found suitable version "3.8.10", minimum required is "3.5") 
[13.806s] -- Found python_cmake_module: 0.8.0 (/home/parham/ros2_foxy/ros2-linux/share/python_cmake_module/cmake)
[13.984s] -- Found PythonLibs: /usr/lib/x86_64-linux-gnu/libpython3.8.so (found suitable version "3.8.10", minimum required is "3.5") 
[13.985s] -- Using PYTHON_EXECUTABLE: /usr/bin/python3
[13.986s] -- Using PYTHON_INCLUDE_DIRS: /usr/include/python3.8
[13.987s] -- Using PYTHON_LIBRARIES: /usr/lib/x86_64-linux-gnu/libpython3.8.so
[14.073s] -- Found PythonExtra: .so  
[14.224s] -- Added test 'copyright' to check source files copyright and LICENSE
[14.374s] -- Added test 'cppcheck' to perform static code analysis on C / C++ code
[14.377s] -- Configured cppcheck include dirs: 
[14.377s] -- Configured cppcheck exclude dirs and/or files: 
[14.473s] -- Added test 'cpplint' to check C / C++ code against the Google style
[14.474s] -- Configured cpplint exclude dirs and/or files: 
[14.706s] -- Added test 'flake8' to check Python code syntax and style conventions
[14.773s] -- Added test 'lint_cmake' to check CMake code style
[14.790s] -- Added test 'pep257' to check Python code against some of the style conventions in PEP 257
[14.900s] -- Added test 'uncrustify' to check C / C++ code style
[14.900s] -- Configured uncrustify additional arguments: 
[14.912s] -- Added test 'xmllint' to check XML markup files
[15.019s] -- Configuring done
[15.264s] -- Generating done
[15.270s] -- Build files have been written to: /home/parham/Dev/ros2_foxy/science/sience_gui/science_ws/build/push_button_interface
[15.280s] Invoked command in '/home/parham/Dev/ros2_foxy/science/sience_gui/science_ws/build/push_button_interface' returned '0': CMAKE_PREFIX_PATH=${CMAKE_PREFIX_PATH}:/home/parham/Dev/ros2_foxy/science/sience_gui/science_ws/install/push_button:/home/parham/ws_moveit2/install/ros2controlcli:/opt/ros/foxy /usr/bin/cmake /home/parham/Dev/ros2_foxy/science/sience_gui/science_ws/src/push_button_interface -DCMAKE_INSTALL_PREFIX=/home/parham/Dev/ros2_foxy/science/sience_gui/science_ws/install/push_button_interface
[15.283s] Invoking command in '/home/parham/Dev/ros2_foxy/science/sience_gui/science_ws/build/push_button_interface': CMAKE_PREFIX_PATH=${CMAKE_PREFIX_PATH}:/home/parham/Dev/ros2_foxy/science/sience_gui/science_ws/install/push_button:/home/parham/ws_moveit2/install/ros2controlcli:/opt/ros/foxy /usr/bin/cmake --build /home/parham/Dev/ros2_foxy/science/sience_gui/science_ws/build/push_button_interface -- -j4 -l4
[15.357s] [  2%] [34m[1mGenerating C code for ROS interfaces[0m
[15.361s] [35m[1mScanning dependencies of target push_button_interface__cpp[0m
[15.364s] [35m[1mScanning dependencies of target push_button_interface__dds_connext_idl[0m
[15.384s] [  4%] [34m[1mGenerating DDS interfaces[0m
[15.389s] [  6%] [34m[1mGenerating C++ code for ROS interfaces[0m
[16.279s] [35m[1mScanning dependencies of target push_button_interface__rosidl_generator_c[0m
[16.302s] [  6%] Built target push_button_interface__cpp
[16.320s] [  8%] [34m[1mGenerating C++ introspection for ROS interfaces[0m
[16.321s] [ 10%] [34m[1mGenerating C++ type support dispatch for ROS interfaces[0m
[16.827s] [ 12%] [32mBuilding C object CMakeFiles/push_button_interface__rosidl_generator_c.dir/rosidl_generator_c/push_button_interface/msg/detail/push_button__functions.c.o[0m
[17.151s] [35m[1mScanning dependencies of target push_button_interface__rosidl_typesupport_cpp[0m
[17.170s] [35m[1mScanning dependencies of target push_button_interface__rosidl_typesupport_introspection_cpp[0m
[17.170s] [ 14%] [32m[1mLinking C shared library libpush_button_interface__rosidl_generator_c.so[0m
[17.212s] [ 16%] [32mBuilding CXX object CMakeFiles/push_button_interface__rosidl_typesupport_introspection_cpp.dir/rosidl_typesupport_introspection_cpp/push_button_interface/msg/detail/push_button__type_support.cpp.o[0m
[17.234s] [ 18%] [32mBuilding CXX object CMakeFiles/push_button_interface__rosidl_typesupport_cpp.dir/rosidl_typesupport_cpp/push_button_interface/msg/push_button__type_support.cpp.o[0m
[17.261s] [ 18%] Built target push_button_interface__rosidl_generator_c
[17.284s] [ 20%] [34m[1mGenerating C++ type support for eProsima Fast-RTPS[0m
[17.356s] [ 20%] Built target push_button_interface__dds_connext_idl
[17.377s] [ 22%] [34m[1mGenerating C introspection for ROS interfaces[0m
[17.880s] [35m[1mScanning dependencies of target push_button_interface__rosidl_typesupport_fastrtps_cpp[0m
[17.902s] [35m[1mScanning dependencies of target push_button_interface__rosidl_typesupport_introspection_c[0m
[17.947s] [ 24%] [32mBuilding C object CMakeFiles/push_button_interface__rosidl_typesupport_introspection_c.dir/rosidl_typesupport_introspection_c/push_button_interface/msg/detail/push_button__type_support.c.o[0m
[17.988s] [ 26%] [32mBuilding CXX object CMakeFiles/push_button_interface__rosidl_typesupport_fastrtps_cpp.dir/rosidl_typesupport_fastrtps_cpp/push_button_interface/msg/detail/dds_fastrtps/push_button__type_support.cpp.o[0m
[18.000s] [ 28%] [32m[1mLinking CXX shared library libpush_button_interface__rosidl_typesupport_introspection_cpp.so[0m
[18.034s] [ 30%] [32m[1mLinking C shared library libpush_button_interface__rosidl_typesupport_introspection_c.so[0m
[18.048s] [ 32%] [32m[1mLinking CXX shared library libpush_button_interface__rosidl_typesupport_cpp.so[0m
[18.098s] [ 32%] Built target push_button_interface__rosidl_typesupport_introspection_cpp
[18.115s] [ 32%] Built target push_button_interface__rosidl_typesupport_introspection_c
[18.133s] [ 34%] [34m[1mGenerating C type support dispatch for ROS interfaces[0m
[18.149s] [ 36%] [34m[1mGenerating C++ type support for RTI Connext (using '/opt/rti.com/rti_connext_dds-5.3.1/bin/rtiddsgen_server')[0m
[18.150s] [ 36%] Built target push_button_interface__rosidl_typesupport_cpp
[18.409s] [35m[1mScanning dependencies of target push_button_interface__rosidl_typesupport_c[0m
[18.436s] [ 38%] [32mBuilding CXX object CMakeFiles/push_button_interface__rosidl_typesupport_c.dir/rosidl_typesupport_c/push_button_interface/msg/push_button__type_support.cpp.o[0m
[18.503s] [ 40%] [32m[1mLinking CXX shared library libpush_button_interface__rosidl_typesupport_c.so[0m
[18.584s] [ 40%] Built target push_button_interface__rosidl_typesupport_c
[18.864s] [ 42%] [32m[1mLinking CXX shared library libpush_button_interface__rosidl_typesupport_fastrtps_cpp.so[0m
[19.302s] [ 42%] Built target push_button_interface__rosidl_typesupport_fastrtps_cpp
[19.322s] [ 44%] [34m[1mGenerating C type support for eProsima Fast-RTPS[0m
[19.733s] [35m[1mScanning dependencies of target push_button_interface__rosidl_typesupport_fastrtps_c[0m
[19.858s] [ 46%] [32mBuilding CXX object CMakeFiles/push_button_interface__rosidl_typesupport_fastrtps_c.dir/rosidl_typesupport_fastrtps_c/push_button_interface/msg/detail/push_button__type_support_c.cpp.o[0m
[20.451s] [ 48%] [32m[1mLinking CXX shared library libpush_button_interface__rosidl_typesupport_fastrtps_c.so[0m
[20.639s] [ 48%] Built target push_button_interface__rosidl_typesupport_fastrtps_c
[21.323s] INFO com.rti.ndds.nddsgen.Main Running rtiddsgen version 2.5.2, please wait ...
[21.324s] INFO com.rti.ndds.nddsgen.Main Done
[21.464s] [35m[1mScanning dependencies of target push_button_interface__rosidl_typesupport_connext_cpp[0m
[21.667s] [ 51%] [32mBuilding CXX object CMakeFiles/push_button_interface__rosidl_typesupport_connext_cpp.dir/rosidl_typesupport_connext_cpp/push_button_interface/msg/dds_connext/push_button__type_support.cpp.o[0m
[21.675s] [ 53%] [32mBuilding CXX object CMakeFiles/push_button_interface__rosidl_typesupport_connext_cpp.dir/rosidl_typesupport_connext_cpp/push_button_interface/msg/dds_connext/PushButton_Support.cxx.o[0m
[21.677s] [ 55%] [32mBuilding CXX object CMakeFiles/push_button_interface__rosidl_typesupport_connext_cpp.dir/rosidl_typesupport_connext_cpp/push_button_interface/msg/dds_connext/PushButton_Plugin.cxx.o[0m
[21.685s] [ 57%] [32mBuilding CXX object CMakeFiles/push_button_interface__rosidl_typesupport_connext_cpp.dir/rosidl_typesupport_connext_cpp/push_button_interface/msg/dds_connext/PushButton_.cxx.o[0m
[22.786s] [ 59%] [32m[1mLinking CXX shared library libpush_button_interface__rosidl_typesupport_connext_cpp.so[0m
[23.114s] [ 61%] Built target push_button_interface__rosidl_typesupport_connext_cpp
[23.131s] [ 63%] [34m[1mGenerating C type support for RTI Connext[0m
[23.523s] [35m[1mScanning dependencies of target push_button_interface__rosidl_typesupport_connext_c[0m
[23.595s] [ 65%] [32mBuilding CXX object CMakeFiles/push_button_interface__rosidl_typesupport_connext_c.dir/rosidl_typesupport_connext_c/push_button_interface/msg/dds_connext/push_button__type_support_c.cpp.o[0m
[23.596s] [ 67%] [32mBuilding CXX object CMakeFiles/push_button_interface__rosidl_typesupport_connext_c.dir/rosidl_typesupport_connext_cpp/push_button_interface/msg/dds_connext/PushButton_.cxx.o[0m
[23.599s] [ 69%] [32mBuilding CXX object CMakeFiles/push_button_interface__rosidl_typesupport_connext_c.dir/rosidl_typesupport_connext_cpp/push_button_interface/msg/dds_connext/PushButton_Support.cxx.o[0m
[23.602s] [ 71%] [32mBuilding CXX object CMakeFiles/push_button_interface__rosidl_typesupport_connext_c.dir/rosidl_typesupport_connext_cpp/push_button_interface/msg/dds_connext/PushButton_Plugin.cxx.o[0m
[24.697s] [ 73%] [32m[1mLinking CXX shared library libpush_button_interface__rosidl_typesupport_connext_c.so[0m
[24.902s] [ 77%] Built target push_button_interface__rosidl_typesupport_connext_c
[24.917s] [35m[1mScanning dependencies of target push_button_interface[0m
[24.936s] [ 77%] Built target push_button_interface
[24.954s] [35m[1mScanning dependencies of target push_button_interface__py[0m
[24.974s] [ 79%] [34m[1mGenerating Python code for ROS interfaces[0m
[25.566s] [ 79%] Built target push_button_interface__py
[25.582s] [35m[1mScanning dependencies of target push_button_interface__python[0m
[25.834s] [ 81%] [32mBuilding C object CMakeFiles/push_button_interface__python.dir/rosidl_generator_py/push_button_interface/msg/_push_button_s.c.o[0m
[26.293s] [ 83%] [32m[1mLinking C shared library rosidl_generator_py/push_button_interface/libpush_button_interface__python.so[0m
[26.356s] [ 83%] Built target push_button_interface__python
[26.381s] [35m[1mScanning dependencies of target push_button_interface__rosidl_typesupport_fastrtps_c__pyext[0m
[26.382s] [35m[1mScanning dependencies of target push_button_interface__rosidl_typesupport_connext_c__pyext[0m
[26.397s] [35m[1mScanning dependencies of target push_button_interface__rosidl_typesupport_c__pyext[0m
[26.403s] [35m[1mScanning dependencies of target push_button_interface__rosidl_typesupport_introspection_c__pyext[0m
[26.425s] [ 85%] [32mBuilding C object CMakeFiles/push_button_interface__rosidl_typesupport_connext_c__pyext.dir/rosidl_generator_py/push_button_interface/_push_button_interface_s.ep.rosidl_typesupport_connext_c.c.o[0m
[26.441s] [ 87%] [32mBuilding C object CMakeFiles/push_button_interface__rosidl_typesupport_fastrtps_c__pyext.dir/rosidl_generator_py/push_button_interface/_push_button_interface_s.ep.rosidl_typesupport_fastrtps_c.c.o[0m
[26.451s] [ 89%] [32mBuilding C object CMakeFiles/push_button_interface__rosidl_typesupport_introspection_c__pyext.dir/rosidl_generator_py/push_button_interface/_push_button_interface_s.ep.rosidl_typesupport_introspection_c.c.o[0m
[26.459s] [ 91%] [32mBuilding C object CMakeFiles/push_button_interface__rosidl_typesupport_c__pyext.dir/rosidl_generator_py/push_button_interface/_push_button_interface_s.ep.rosidl_typesupport_c.c.o[0m
[26.624s] [ 93%] [32m[1mLinking C shared library rosidl_generator_py/push_button_interface/push_button_interface_s__rosidl_typesupport_introspection_c.cpython-38-x86_64-linux-gnu.so[0m
[26.625s] [ 95%] [32m[1mLinking CXX shared library rosidl_generator_py/push_button_interface/push_button_interface_s__rosidl_typesupport_fastrtps_c.cpython-38-x86_64-linux-gnu.so[0m
[26.629s] [ 97%] [32m[1mLinking C shared library rosidl_generator_py/push_button_interface/push_button_interface_s__rosidl_typesupport_c.cpython-38-x86_64-linux-gnu.so[0m
[26.630s] [100%] [32m[1mLinking C shared library rosidl_generator_py/push_button_interface/push_button_interface_s__rosidl_typesupport_connext_c.cpython-38-x86_64-linux-gnu.so[0m
[26.701s] [100%] Built target push_button_interface__rosidl_typesupport_introspection_c__pyext
[26.720s] [100%] Built target push_button_interface__rosidl_typesupport_c__pyext
[26.768s] [100%] Built target push_button_interface__rosidl_typesupport_connext_c__pyext
[26.772s] [100%] Built target push_button_interface__rosidl_typesupport_fastrtps_c__pyext
[41.455s] Invoked command in '/home/parham/Dev/ros2_foxy/science/sience_gui/science_ws/build/push_button_interface' returned '0': CMAKE_PREFIX_PATH=${CMAKE_PREFIX_PATH}:/home/parham/Dev/ros2_foxy/science/sience_gui/science_ws/install/push_button:/home/parham/ws_moveit2/install/ros2controlcli:/opt/ros/foxy /usr/bin/cmake --build /home/parham/Dev/ros2_foxy/science/sience_gui/science_ws/build/push_button_interface -- -j4 -l4
[41.617s] Invoking command in '/home/parham/Dev/ros2_foxy/science/sience_gui/science_ws/build/push_button_interface': CMAKE_PREFIX_PATH=${CMAKE_PREFIX_PATH}:/home/parham/Dev/ros2_foxy/science/sience_gui/science_ws/install/push_button:/home/parham/ws_moveit2/install/ros2controlcli:/opt/ros/foxy /usr/bin/cmake --install /home/parham/Dev/ros2_foxy/science/sience_gui/science_ws/build/push_button_interface
[41.631s] -- Install configuration: ""
[41.632s] -- Installing: /home/parham/Dev/ros2_foxy/science/sience_gui/science_ws/install/push_button_interface/share/ament_index/resource_index/rosidl_interfaces/push_button_interface
[41.632s] -- Installing: /home/parham/Dev/ros2_foxy/science/sience_gui/science_ws/install/push_button_interface/include/push_button_interface
[41.632s] -- Installing: /home/parham/Dev/ros2_foxy/science/sience_gui/science_ws/install/push_button_interface/include/push_button_interface/msg
[41.632s] -- Installing: /home/parham/Dev/ros2_foxy/science/sience_gui/science_ws/install/push_button_interface/include/push_button_interface/msg/push_button.h
[41.633s] -- Installing: /home/parham/Dev/ros2_foxy/science/sience_gui/science_ws/install/push_button_interface/include/push_button_interface/msg/rosidl_generator_c__visibility_control.h
[41.633s] -- Installing: /home/parham/Dev/ros2_foxy/science/sience_gui/science_ws/install/push_button_interface/include/push_button_interface/msg/detail
[41.634s] -- Installing: /home/parham/Dev/ros2_foxy/science/sience_gui/science_ws/install/push_button_interface/include/push_button_interface/msg/detail/push_button__functions.h
[41.634s] -- Installing: /home/parham/Dev/ros2_foxy/science/sience_gui/science_ws/install/push_button_interface/include/push_button_interface/msg/detail/push_button__functions.c
[41.634s] -- Installing: /home/parham/Dev/ros2_foxy/science/sience_gui/science_ws/install/push_button_interface/include/push_button_interface/msg/detail/push_button__type_support.h
[41.634s] -- Installing: /home/parham/Dev/ros2_foxy/science/sience_gui/science_ws/install/push_button_interface/include/push_button_interface/msg/detail/push_button__struct.h
[41.634s] -- Installing: /home/parham/Dev/ros2_foxy/science/sience_gui/science_ws/install/push_button_interface/share/push_button_interface/environment/library_path.sh
[41.634s] -- Installing: /home/parham/Dev/ros2_foxy/science/sience_gui/science_ws/install/push_button_interface/share/push_button_interface/environment/library_path.dsv
[41.635s] -- Installing: /home/parham/Dev/ros2_foxy/science/sience_gui/science_ws/install/push_button_interface/lib/libpush_button_interface__rosidl_generator_c.so
[41.635s] -- Set runtime path of "/home/parham/Dev/ros2_foxy/science/sience_gui/science_ws/install/push_button_interface/lib/libpush_button_interface__rosidl_generator_c.so" to ""
[41.635s] -- Up-to-date: /home/parham/Dev/ros2_foxy/science/sience_gui/science_ws/install/push_button_interface/include/push_button_interface
[41.635s] -- Up-to-date: /home/parham/Dev/ros2_foxy/science/sience_gui/science_ws/install/push_button_interface/include/push_button_interface/msg
[41.635s] -- Installing: /home/parham/Dev/ros2_foxy/science/sience_gui/science_ws/install/push_button_interface/include/push_button_interface/msg/rosidl_typesupport_fastrtps_c__visibility_control.h
[41.635s] -- Up-to-date: /home/parham/Dev/ros2_foxy/science/sience_gui/science_ws/install/push_button_interface/include/push_button_interface/msg/detail
[41.635s] -- Installing: /home/parham/Dev/ros2_foxy/science/sience_gui/science_ws/install/push_button_interface/include/push_button_interface/msg/detail/push_button__rosidl_typesupport_fastrtps_c.h
[41.636s] -- Installing: /home/parham/Dev/ros2_foxy/science/sience_gui/science_ws/install/push_button_interface/lib/libpush_button_interface__rosidl_typesupport_fastrtps_c.so
[41.636s] -- Set runtime path of "/home/parham/Dev/ros2_foxy/science/sience_gui/science_ws/install/push_button_interface/lib/libpush_button_interface__rosidl_typesupport_fastrtps_c.so" to ""
[41.636s] -- Up-to-date: /home/parham/Dev/ros2_foxy/science/sience_gui/science_ws/install/push_button_interface/include/push_button_interface
[41.636s] -- Up-to-date: /home/parham/Dev/ros2_foxy/science/sience_gui/science_ws/install/push_button_interface/include/push_button_interface/msg
[41.636s] -- Installing: /home/parham/Dev/ros2_foxy/science/sience_gui/science_ws/install/push_button_interface/include/push_button_interface/msg/rosidl_typesupport_fastrtps_cpp__visibility_control.h
[41.636s] -- Up-to-date: /home/parham/Dev/ros2_foxy/science/sience_gui/science_ws/install/push_button_interface/include/push_button_interface/msg/detail
[41.637s] -- Installing: /home/parham/Dev/ros2_foxy/science/sience_gui/science_ws/install/push_button_interface/include/push_button_interface/msg/detail/push_button__rosidl_typesupport_fastrtps_cpp.hpp
[41.637s] -- Installing: /home/parham/Dev/ros2_foxy/science/sience_gui/science_ws/install/push_button_interface/include/push_button_interface/msg/detail/dds_fastrtps
[41.637s] -- Installing: /home/parham/Dev/ros2_foxy/science/sience_gui/science_ws/install/push_button_interface/lib/libpush_button_interface__rosidl_typesupport_fastrtps_cpp.so
[41.637s] -- Set runtime path of "/home/parham/Dev/ros2_foxy/science/sience_gui/science_ws/install/push_button_interface/lib/libpush_button_interface__rosidl_typesupport_fastrtps_cpp.so" to ""
[41.637s] -- Up-to-date: /home/parham/Dev/ros2_foxy/science/sience_gui/science_ws/install/push_button_interface/include/push_button_interface
[41.637s] -- Up-to-date: /home/parham/Dev/ros2_foxy/science/sience_gui/science_ws/install/push_button_interface/include/push_button_interface/msg
[41.638s] -- Installing: /home/parham/Dev/ros2_foxy/science/sience_gui/science_ws/install/push_button_interface/include/push_button_interface/msg/rosidl_typesupport_introspection_c__visibility_control.h
[41.638s] -- Up-to-date: /home/parham/Dev/ros2_foxy/science/sience_gui/science_ws/install/push_button_interface/include/push_button_interface/msg/detail
[41.638s] -- Installing: /home/parham/Dev/ros2_foxy/science/sience_gui/science_ws/install/push_button_interface/include/push_button_interface/msg/detail/push_button__rosidl_typesupport_introspection_c.h
[41.639s] -- Installing: /home/parham/Dev/ros2_foxy/science/sience_gui/science_ws/install/push_button_interface/include/push_button_interface/msg/detail/push_button__type_support.c
[41.639s] -- Installing: /home/parham/Dev/ros2_foxy/science/sience_gui/science_ws/install/push_button_interface/lib/libpush_button_interface__rosidl_typesupport_introspection_c.so
[41.639s] -- Set runtime path of "/home/parham/Dev/ros2_foxy/science/sience_gui/science_ws/install/push_button_interface/lib/libpush_button_interface__rosidl_typesupport_introspection_c.so" to ""
[41.639s] -- Up-to-date: /home/parham/Dev/ros2_foxy/science/sience_gui/science_ws/install/push_button_interface/include/push_button_interface
[41.639s] -- Up-to-date: /home/parham/Dev/ros2_foxy/science/sience_gui/science_ws/install/push_button_interface/include/push_button_interface/msg
[41.640s] -- Installing: /home/parham/Dev/ros2_foxy/science/sience_gui/science_ws/install/push_button_interface/include/push_button_interface/msg/push_button__rosidl_typesupport_connext_c.h
[41.640s] -- Installing: /home/parham/Dev/ros2_foxy/science/sience_gui/science_ws/install/push_button_interface/include/push_button_interface/msg/rosidl_typesupport_connext_c__visibility_control.h
[41.640s] -- Installing: /home/parham/Dev/ros2_foxy/science/sience_gui/science_ws/install/push_button_interface/include/push_button_interface/msg/dds_connext
[41.640s] -- Installing: /home/parham/Dev/ros2_foxy/science/sience_gui/science_ws/install/push_button_interface/lib/libpush_button_interface__rosidl_typesupport_connext_c.so
[41.640s] -- Set runtime path of "/home/parham/Dev/ros2_foxy/science/sience_gui/science_ws/install/push_button_interface/lib/libpush_button_interface__rosidl_typesupport_connext_c.so" to ""
[41.641s] -- Installing: /home/parham/Dev/ros2_foxy/science/sience_gui/science_ws/install/push_button_interface/share/push_button_interface/msg/dds_connext
[41.641s] -- Installing: /home/parham/Dev/ros2_foxy/science/sience_gui/science_ws/install/push_button_interface/share/push_button_interface/msg/dds_connext/PushButton_.idl
[41.641s] -- Up-to-date: /home/parham/Dev/ros2_foxy/science/sience_gui/science_ws/install/push_button_interface/include/push_button_interface
[41.641s] -- Up-to-date: /home/parham/Dev/ros2_foxy/science/sience_gui/science_ws/install/push_button_interface/include/push_button_interface/msg
[41.641s] -- Installing: /home/parham/Dev/ros2_foxy/science/sience_gui/science_ws/install/push_button_interface/include/push_button_interface/msg/rosidl_typesupport_connext_cpp__visibility_control.h
[41.641s] -- Up-to-date: /home/parham/Dev/ros2_foxy/science/sience_gui/science_ws/install/push_button_interface/include/push_button_interface/msg/dds_connext
[41.642s] -- Installing: /home/parham/Dev/ros2_foxy/science/sience_gui/science_ws/install/push_button_interface/include/push_button_interface/msg/dds_connext/PushButton_Plugin.cxx
[41.642s] -- Installing: /home/parham/Dev/ros2_foxy/science/sience_gui/science_ws/install/push_button_interface/include/push_button_interface/msg/dds_connext/PushButton_Support.h
[41.642s] -- Installing: /home/parham/Dev/ros2_foxy/science/sience_gui/science_ws/install/push_button_interface/include/push_button_interface/msg/dds_connext/PushButton_Plugin.h
[41.642s] -- Installing: /home/parham/Dev/ros2_foxy/science/sience_gui/science_ws/install/push_button_interface/include/push_button_interface/msg/dds_connext/PushButton_Support.cxx
[41.642s] -- Installing: /home/parham/Dev/ros2_foxy/science/sience_gui/science_ws/install/push_button_interface/include/push_button_interface/msg/dds_connext/PushButton_.cxx
[41.642s] -- Installing: /home/parham/Dev/ros2_foxy/science/sience_gui/science_ws/install/push_button_interface/include/push_button_interface/msg/dds_connext/PushButton_.h
[41.642s] -- Installing: /home/parham/Dev/ros2_foxy/science/sience_gui/science_ws/install/push_button_interface/include/push_button_interface/msg/push_button__rosidl_typesupport_connext_cpp.hpp
[41.642s] -- Installing: /home/parham/Dev/ros2_foxy/science/sience_gui/science_ws/install/push_button_interface/lib/libpush_button_interface__rosidl_typesupport_connext_cpp.so
[41.642s] -- Set runtime path of "/home/parham/Dev/ros2_foxy/science/sience_gui/science_ws/install/push_button_interface/lib/libpush_button_interface__rosidl_typesupport_connext_cpp.so" to ""
[41.643s] -- Installing: /home/parham/Dev/ros2_foxy/science/sience_gui/science_ws/install/push_button_interface/lib/libpush_button_interface__rosidl_typesupport_c.so
[41.643s] -- Set runtime path of "/home/parham/Dev/ros2_foxy/science/sience_gui/science_ws/install/push_button_interface/lib/libpush_button_interface__rosidl_typesupport_c.so" to ""
[41.643s] -- Up-to-date: /home/parham/Dev/ros2_foxy/science/sience_gui/science_ws/install/push_button_interface/include/push_button_interface
[41.643s] -- Up-to-date: /home/parham/Dev/ros2_foxy/science/sience_gui/science_ws/install/push_button_interface/include/push_button_interface/msg
[41.643s] -- Installing: /home/parham/Dev/ros2_foxy/science/sience_gui/science_ws/install/push_button_interface/include/push_button_interface/msg/push_button.hpp
[41.644s] -- Up-to-date: /home/parham/Dev/ros2_foxy/science/sience_gui/science_ws/install/push_button_interface/include/push_button_interface/msg/detail
[41.644s] -- Installing: /home/parham/Dev/ros2_foxy/science/sience_gui/science_ws/install/push_button_interface/include/push_button_interface/msg/detail/push_button__traits.hpp
[41.644s] -- Installing: /home/parham/Dev/ros2_foxy/science/sience_gui/science_ws/install/push_button_interface/include/push_button_interface/msg/detail/push_button__builder.hpp
[41.644s] -- Installing: /home/parham/Dev/ros2_foxy/science/sience_gui/science_ws/install/push_button_interface/include/push_button_interface/msg/detail/push_button__struct.hpp
[41.644s] -- Up-to-date: /home/parham/Dev/ros2_foxy/science/sience_gui/science_ws/install/push_button_interface/include/push_button_interface
[41.644s] -- Up-to-date: /home/parham/Dev/ros2_foxy/science/sience_gui/science_ws/install/push_button_interface/include/push_button_interface/msg
[41.644s] -- Up-to-date: /home/parham/Dev/ros2_foxy/science/sience_gui/science_ws/install/push_button_interface/include/push_button_interface/msg/detail
[41.645s] -- Installing: /home/parham/Dev/ros2_foxy/science/sience_gui/science_ws/install/push_button_interface/include/push_button_interface/msg/detail/push_button__rosidl_typesupport_introspection_cpp.hpp
[41.645s] -- Installing: /home/parham/Dev/ros2_foxy/science/sience_gui/science_ws/install/push_button_interface/include/push_button_interface/msg/detail/push_button__type_support.cpp
[41.645s] -- Installing: /home/parham/Dev/ros2_foxy/science/sience_gui/science_ws/install/push_button_interface/lib/libpush_button_interface__rosidl_typesupport_introspection_cpp.so
[41.645s] -- Set runtime path of "/home/parham/Dev/ros2_foxy/science/sience_gui/science_ws/install/push_button_interface/lib/libpush_button_interface__rosidl_typesupport_introspection_cpp.so" to ""
[41.645s] -- Installing: /home/parham/Dev/ros2_foxy/science/sience_gui/science_ws/install/push_button_interface/lib/libpush_button_interface__rosidl_typesupport_cpp.so
[41.645s] -- Set runtime path of "/home/parham/Dev/ros2_foxy/science/sience_gui/science_ws/install/push_button_interface/lib/libpush_button_interface__rosidl_typesupport_cpp.so" to ""
[41.645s] -- Installing: /home/parham/Dev/ros2_foxy/science/sience_gui/science_ws/install/push_button_interface/share/push_button_interface/environment/pythonpath.sh
[41.646s] -- Installing: /home/parham/Dev/ros2_foxy/science/sience_gui/science_ws/install/push_button_interface/share/push_button_interface/environment/pythonpath.dsv
[41.646s] -- Installing: /home/parham/Dev/ros2_foxy/science/sience_gui/science_ws/install/push_button_interface/lib/python3.8/site-packages/push_button_interface/__init__.py
[41.700s] Compiling '/home/parham/Dev/ros2_foxy/science/sience_gui/science_ws/install/push_button_interface/lib/python3.8/site-packages/push_button_interface/__init__.py'...
[41.705s] -- Installing: /home/parham/Dev/ros2_foxy/science/sience_gui/science_ws/install/push_button_interface/lib/python3.8/site-packages/push_button_interface/msg
[41.705s] -- Installing: /home/parham/Dev/ros2_foxy/science/sience_gui/science_ws/install/push_button_interface/lib/python3.8/site-packages/push_button_interface/msg/_push_button.py
[41.705s] -- Installing: /home/parham/Dev/ros2_foxy/science/sience_gui/science_ws/install/push_button_interface/lib/python3.8/site-packages/push_button_interface/msg/__init__.py
[41.706s] -- Installing: /home/parham/Dev/ros2_foxy/science/sience_gui/science_ws/install/push_button_interface/lib/python3.8/site-packages/push_button_interface/msg/_push_button_s.c
[41.706s] -- Installing: /home/parham/Dev/ros2_foxy/science/sience_gui/science_ws/install/push_button_interface/lib/python3.8/site-packages/push_button_interface/push_button_interface_s__rosidl_typesupport_fastrtps_c.cpython-38-x86_64-linux-gnu.so
[41.706s] -- Set runtime path of "/home/parham/Dev/ros2_foxy/science/sience_gui/science_ws/install/push_button_interface/lib/python3.8/site-packages/push_button_interface/push_button_interface_s__rosidl_typesupport_fastrtps_c.cpython-38-x86_64-linux-gnu.so" to ""
[41.706s] -- Installing: /home/parham/Dev/ros2_foxy/science/sience_gui/science_ws/install/push_button_interface/lib/python3.8/site-packages/push_button_interface/push_button_interface_s__rosidl_typesupport_introspection_c.cpython-38-x86_64-linux-gnu.so
[41.707s] -- Set runtime path of "/home/parham/Dev/ros2_foxy/science/sience_gui/science_ws/install/push_button_interface/lib/python3.8/site-packages/push_button_interface/push_button_interface_s__rosidl_typesupport_introspection_c.cpython-38-x86_64-linux-gnu.so" to ""
[41.707s] -- Installing: /home/parham/Dev/ros2_foxy/science/sience_gui/science_ws/install/push_button_interface/lib/python3.8/site-packages/push_button_interface/push_button_interface_s__rosidl_typesupport_connext_c.cpython-38-x86_64-linux-gnu.so
[41.708s] -- Set runtime path of "/home/parham/Dev/ros2_foxy/science/sience_gui/science_ws/install/push_button_interface/lib/python3.8/site-packages/push_button_interface/push_button_interface_s__rosidl_typesupport_connext_c.cpython-38-x86_64-linux-gnu.so" to ""
[41.708s] -- Installing: /home/parham/Dev/ros2_foxy/science/sience_gui/science_ws/install/push_button_interface/lib/python3.8/site-packages/push_button_interface/push_button_interface_s__rosidl_typesupport_c.cpython-38-x86_64-linux-gnu.so
[41.709s] -- Set runtime path of "/home/parham/Dev/ros2_foxy/science/sience_gui/science_ws/install/push_button_interface/lib/python3.8/site-packages/push_button_interface/push_button_interface_s__rosidl_typesupport_c.cpython-38-x86_64-linux-gnu.so" to ""
[41.709s] -- Installing: /home/parham/Dev/ros2_foxy/science/sience_gui/science_ws/install/push_button_interface/lib/libpush_button_interface__python.so
[41.709s] -- Set runtime path of "/home/parham/Dev/ros2_foxy/science/sience_gui/science_ws/install/push_button_interface/lib/libpush_button_interface__python.so" to ""
[41.710s] -- Installing: /home/parham/Dev/ros2_foxy/science/sience_gui/science_ws/install/push_button_interface/share/push_button_interface/msg/PushButton.idl
[41.710s] -- Installing: /home/parham/Dev/ros2_foxy/science/sience_gui/science_ws/install/push_button_interface/share/push_button_interface/msg/PushButton.msg
[41.710s] -- Installing: /home/parham/Dev/ros2_foxy/science/sience_gui/science_ws/install/push_button_interface/share/ament_index/resource_index/package_run_dependencies/push_button_interface
[41.710s] -- Installing: /home/parham/Dev/ros2_foxy/science/sience_gui/science_ws/install/push_button_interface/share/ament_index/resource_index/parent_prefix_path/push_button_interface
[41.710s] -- Installing: /home/parham/Dev/ros2_foxy/science/sience_gui/science_ws/install/push_button_interface/share/push_button_interface/environment/ament_prefix_path.sh
[41.710s] -- Installing: /home/parham/Dev/ros2_foxy/science/sience_gui/science_ws/install/push_button_interface/share/push_button_interface/environment/ament_prefix_path.dsv
[41.711s] -- Installing: /home/parham/Dev/ros2_foxy/science/sience_gui/science_ws/install/push_button_interface/share/push_button_interface/environment/path.sh
[41.711s] -- Installing: /home/parham/Dev/ros2_foxy/science/sience_gui/science_ws/install/push_button_interface/share/push_button_interface/environment/path.dsv
[41.711s] -- Installing: /home/parham/Dev/ros2_foxy/science/sience_gui/science_ws/install/push_button_interface/share/push_button_interface/local_setup.bash
[41.711s] -- Installing: /home/parham/Dev/ros2_foxy/science/sience_gui/science_ws/install/push_button_interface/share/push_button_interface/local_setup.sh
[41.711s] -- Installing: /home/parham/Dev/ros2_foxy/science/sience_gui/science_ws/install/push_button_interface/share/push_button_interface/local_setup.zsh
[41.712s] -- Installing: /home/parham/Dev/ros2_foxy/science/sience_gui/science_ws/install/push_button_interface/share/push_button_interface/local_setup.dsv
[41.712s] -- Installing: /home/parham/Dev/ros2_foxy/science/sience_gui/science_ws/install/push_button_interface/share/push_button_interface/package.dsv
[41.712s] -- Installing: /home/parham/Dev/ros2_foxy/science/sience_gui/science_ws/install/push_button_interface/share/ament_index/resource_index/packages/push_button_interface
[41.712s] -- Installing: /home/parham/Dev/ros2_foxy/science/sience_gui/science_ws/install/push_button_interface/share/push_button_interface/cmake/push_button_interface__rosidl_generator_cExport.cmake
[41.712s] -- Installing: /home/parham/Dev/ros2_foxy/science/sience_gui/science_ws/install/push_button_interface/share/push_button_interface/cmake/push_button_interface__rosidl_generator_cExport-noconfig.cmake
[41.713s] -- Installing: /home/parham/Dev/ros2_foxy/science/sience_gui/science_ws/install/push_button_interface/share/push_button_interface/cmake/push_button_interface__rosidl_typesupport_introspection_cExport.cmake
[41.713s] -- Installing: /home/parham/Dev/ros2_foxy/science/sience_gui/science_ws/install/push_button_interface/share/push_button_interface/cmake/push_button_interface__rosidl_typesupport_introspection_cExport-noconfig.cmake
[41.713s] -- Installing: /home/parham/Dev/ros2_foxy/science/sience_gui/science_ws/install/push_button_interface/share/push_button_interface/cmake/push_button_interface__rosidl_typesupport_cExport.cmake
[41.713s] -- Installing: /home/parham/Dev/ros2_foxy/science/sience_gui/science_ws/install/push_button_interface/share/push_button_interface/cmake/push_button_interface__rosidl_typesupport_cExport-noconfig.cmake
[41.713s] -- Installing: /home/parham/Dev/ros2_foxy/science/sience_gui/science_ws/install/push_button_interface/share/push_button_interface/cmake/push_button_interface__rosidl_generator_cppExport.cmake
[41.714s] -- Installing: /home/parham/Dev/ros2_foxy/science/sience_gui/science_ws/install/push_button_interface/share/push_button_interface/cmake/push_button_interface__rosidl_typesupport_introspection_cppExport.cmake
[41.714s] -- Installing: /home/parham/Dev/ros2_foxy/science/sience_gui/science_ws/install/push_button_interface/share/push_button_interface/cmake/push_button_interface__rosidl_typesupport_introspection_cppExport-noconfig.cmake
[41.714s] -- Installing: /home/parham/Dev/ros2_foxy/science/sience_gui/science_ws/install/push_button_interface/share/push_button_interface/cmake/push_button_interface__rosidl_typesupport_cppExport.cmake
[41.714s] -- Installing: /home/parham/Dev/ros2_foxy/science/sience_gui/science_ws/install/push_button_interface/share/push_button_interface/cmake/push_button_interface__rosidl_typesupport_cppExport-noconfig.cmake
[41.714s] -- Installing: /home/parham/Dev/ros2_foxy/science/sience_gui/science_ws/install/push_button_interface/share/push_button_interface/cmake/rosidl_cmake-extras.cmake
[41.715s] -- Installing: /home/parham/Dev/ros2_foxy/science/sience_gui/science_ws/install/push_button_interface/share/push_button_interface/cmake/ament_cmake_export_dependencies-extras.cmake
[41.715s] -- Installing: /home/parham/Dev/ros2_foxy/science/sience_gui/science_ws/install/push_button_interface/share/push_button_interface/cmake/ament_cmake_export_libraries-extras.cmake
[41.715s] -- Installing: /home/parham/Dev/ros2_foxy/science/sience_gui/science_ws/install/push_button_interface/share/push_button_interface/cmake/ament_cmake_export_targets-extras.cmake
[41.715s] -- Installing: /home/parham/Dev/ros2_foxy/science/sience_gui/science_ws/install/push_button_interface/share/push_button_interface/cmake/ament_cmake_export_include_directories-extras.cmake
[41.715s] -- Installing: /home/parham/Dev/ros2_foxy/science/sience_gui/science_ws/install/push_button_interface/share/push_button_interface/cmake/rosidl_cmake_export_typesupport_libraries-extras.cmake
[41.715s] -- Installing: /home/parham/Dev/ros2_foxy/science/sience_gui/science_ws/install/push_button_interface/share/push_button_interface/cmake/rosidl_cmake_export_typesupport_targets-extras.cmake
[41.715s] -- Installing: /home/parham/Dev/ros2_foxy/science/sience_gui/science_ws/install/push_button_interface/share/push_button_interface/cmake/push_button_interfaceConfig.cmake
[41.715s] -- Installing: /home/parham/Dev/ros2_foxy/science/sience_gui/science_ws/install/push_button_interface/share/push_button_interface/cmake/push_button_interfaceConfig-version.cmake
[41.716s] -- Installing: /home/parham/Dev/ros2_foxy/science/sience_gui/science_ws/install/push_button_interface/share/push_button_interface/package.xml
[41.719s] Invoked command in '/home/parham/Dev/ros2_foxy/science/sience_gui/science_ws/build/push_button_interface' returned '0': CMAKE_PREFIX_PATH=${CMAKE_PREFIX_PATH}:/home/parham/Dev/ros2_foxy/science/sience_gui/science_ws/install/push_button:/home/parham/ws_moveit2/install/ros2controlcli:/opt/ros/foxy /usr/bin/cmake --install /home/parham/Dev/ros2_foxy/science/sience_gui/science_ws/build/push_button_interface
