[0.359s] DEBUG:colcon:Command line arguments: ['/usr/bin/colcon', 'build']
[0.359s] DEBUG:colcon:Parsed command line arguments: Namespace(ament_cmake_args=None, base_paths=['.'], build_base='build', catkin_cmake_args=None, catkin_skip_building_tests=False, cmake_args=None, cmake_clean_cache=False, cmake_clean_first=False, cmake_force_configure=False, cmake_target=None, cmake_target_skip_unavailable=False, continue_on_error=False, event_handlers=None, executor='parallel', ignore_user_meta=False, install_base='install', log_base=None, log_level=None, main=<bound method BuildVerb.main of <colcon_core.verb.build.BuildVerb object at 0x7fca73c64610>>, merge_install=False, metas=['./colcon.meta'], packages_above=None, packages_above_and_dependencies=None, packages_above_depth=None, packages_end=None, packages_ignore=None, packages_ignore_regex=None, packages_select=None, packages_select_build_failed=False, packages_select_by_dep=None, packages_select_regex=None, packages_select_test_failures=False, packages_skip=None, packages_skip_build_finished=False, packages_skip_by_dep=None, packages_skip_regex=None, packages_skip_test_passed=False, packages_skip_up_to=None, packages_start=None, packages_up_to=None, packages_up_to_regex=None, parallel_workers=4, paths=None, symlink_install=False, test_result_base=None, verb_extension=<colcon_core.verb.build.BuildVerb object at 0x7fca73c64610>, verb_name='build', verb_parser=<colcon_defaults.argument_parser.defaults.DefaultArgumentsDecorator object at 0x7fca73c64b50>)
[0.364s] Level 1:colcon.colcon_core.package_discovery:discover_packages(colcon_meta) check parameters
[0.364s] Level 1:colcon.colcon_core.package_discovery:discover_packages(recursive) check parameters
[0.364s] Level 1:colcon.colcon_core.package_discovery:discover_packages(ignore) check parameters
[0.364s] Level 1:colcon.colcon_core.package_discovery:discover_packages(path) check parameters
[0.364s] Level 1:colcon.colcon_core.package_discovery:discover_packages(colcon_meta) discover
[0.364s] Level 1:colcon.colcon_core.package_discovery:discover_packages(recursive) discover
[0.364s] INFO:colcon.colcon_core.package_discovery:Crawling recursively for packages in '/home/parham/Dev/ros2_foxy/science/science-gui/science_ws'
[0.364s] Level 1:colcon.colcon_core.package_identification:_identify(.) by extensions ['ignore', 'ignore_ament_install']
[0.364s] Level 1:colcon.colcon_core.package_identification:_identify(.) by extension 'ignore'
[0.364s] Level 1:colcon.colcon_core.package_identification:_identify(.) by extension 'ignore_ament_install'
[0.364s] Level 1:colcon.colcon_core.package_identification:_identify(.) by extensions ['colcon_pkg']
[0.364s] Level 1:colcon.colcon_core.package_identification:_identify(.) by extension 'colcon_pkg'
[0.364s] Level 1:colcon.colcon_core.package_identification:_identify(.) by extensions ['colcon_meta']
[0.364s] Level 1:colcon.colcon_core.package_identification:_identify(.) by extension 'colcon_meta'
[0.364s] Level 1:colcon.colcon_core.package_identification:_identify(.) by extensions ['ros']
[0.364s] Level 1:colcon.colcon_core.package_identification:_identify(.) by extension 'ros'
[0.375s] Level 1:colcon.colcon_core.package_identification:_identify(.) by extensions ['cmake', 'python']
[0.375s] Level 1:colcon.colcon_core.package_identification:_identify(.) by extension 'cmake'
[0.375s] Level 1:colcon.colcon_core.package_identification:_identify(.) by extension 'python'
[0.375s] Level 1:colcon.colcon_core.package_identification:_identify(.) by extensions ['python_setup_py']
[0.376s] Level 1:colcon.colcon_core.package_identification:_identify(.) by extension 'python_setup_py'
[0.376s] Level 1:colcon.colcon_core.package_identification:_identify(build) by extensions ['ignore', 'ignore_ament_install']
[0.376s] Level 1:colcon.colcon_core.package_identification:_identify(build) by extension 'ignore'
[0.376s] Level 1:colcon.colcon_core.package_identification:_identify(build) ignored
[0.376s] Level 1:colcon.colcon_core.package_identification:_identify(install) by extensions ['ignore', 'ignore_ament_install']
[0.376s] Level 1:colcon.colcon_core.package_identification:_identify(install) by extension 'ignore'
[0.376s] Level 1:colcon.colcon_core.package_identification:_identify(install) ignored
[0.376s] Level 1:colcon.colcon_core.package_identification:_identify(log) by extensions ['ignore', 'ignore_ament_install']
[0.376s] Level 1:colcon.colcon_core.package_identification:_identify(log) by extension 'ignore'
[0.376s] Level 1:colcon.colcon_core.package_identification:_identify(log) ignored
[0.376s] Level 1:colcon.colcon_core.package_identification:_identify(src) by extensions ['ignore', 'ignore_ament_install']
[0.376s] Level 1:colcon.colcon_core.package_identification:_identify(src) by extension 'ignore'
[0.376s] Level 1:colcon.colcon_core.package_identification:_identify(src) by extension 'ignore_ament_install'
[0.377s] Level 1:colcon.colcon_core.package_identification:_identify(src) by extensions ['colcon_pkg']
[0.377s] Level 1:colcon.colcon_core.package_identification:_identify(src) by extension 'colcon_pkg'
[0.377s] Level 1:colcon.colcon_core.package_identification:_identify(src) by extensions ['colcon_meta']
[0.377s] Level 1:colcon.colcon_core.package_identification:_identify(src) by extension 'colcon_meta'
[0.377s] Level 1:colcon.colcon_core.package_identification:_identify(src) by extensions ['ros']
[0.377s] Level 1:colcon.colcon_core.package_identification:_identify(src) by extension 'ros'
[0.377s] Level 1:colcon.colcon_core.package_identification:_identify(src) by extensions ['cmake', 'python']
[0.377s] Level 1:colcon.colcon_core.package_identification:_identify(src) by extension 'cmake'
[0.377s] Level 1:colcon.colcon_core.package_identification:_identify(src) by extension 'python'
[0.377s] Level 1:colcon.colcon_core.package_identification:_identify(src) by extensions ['python_setup_py']
[0.377s] Level 1:colcon.colcon_core.package_identification:_identify(src) by extension 'python_setup_py'
[0.377s] Level 1:colcon.colcon_core.package_identification:_identify(src/push_button) by extensions ['ignore', 'ignore_ament_install']
[0.377s] Level 1:colcon.colcon_core.package_identification:_identify(src/push_button) by extension 'ignore'
[0.377s] Level 1:colcon.colcon_core.package_identification:_identify(src/push_button) by extension 'ignore_ament_install'
[0.377s] Level 1:colcon.colcon_core.package_identification:_identify(src/push_button) by extensions ['colcon_pkg']
[0.377s] Level 1:colcon.colcon_core.package_identification:_identify(src/push_button) by extension 'colcon_pkg'
[0.377s] Level 1:colcon.colcon_core.package_identification:_identify(src/push_button) by extensions ['colcon_meta']
[0.377s] Level 1:colcon.colcon_core.package_identification:_identify(src/push_button) by extension 'colcon_meta'
[0.377s] Level 1:colcon.colcon_core.package_identification:_identify(src/push_button) by extensions ['ros']
[0.377s] Level 1:colcon.colcon_core.package_identification:_identify(src/push_button) by extension 'ros'
[0.380s] DEBUG:colcon.colcon_core.package_identification:Package 'src/push_button' with type 'ros.ament_python' and name 'push_button'
[0.380s] Level 1:colcon.colcon_core.package_identification:_identify(src/push_button_interface) by extensions ['ignore', 'ignore_ament_install']
[0.380s] Level 1:colcon.colcon_core.package_identification:_identify(src/push_button_interface) by extension 'ignore'
[0.380s] Level 1:colcon.colcon_core.package_identification:_identify(src/push_button_interface) by extension 'ignore_ament_install'
[0.380s] Level 1:colcon.colcon_core.package_identification:_identify(src/push_button_interface) by extensions ['colcon_pkg']
[0.380s] Level 1:colcon.colcon_core.package_identification:_identify(src/push_button_interface) by extension 'colcon_pkg'
[0.380s] Level 1:colcon.colcon_core.package_identification:_identify(src/push_button_interface) by extensions ['colcon_meta']
[0.380s] Level 1:colcon.colcon_core.package_identification:_identify(src/push_button_interface) by extension 'colcon_meta'
[0.380s] Level 1:colcon.colcon_core.package_identification:_identify(src/push_button_interface) by extensions ['ros']
[0.380s] Level 1:colcon.colcon_core.package_identification:_identify(src/push_button_interface) by extension 'ros'
[0.381s] DEBUG:colcon.colcon_core.package_identification:Package 'src/push_button_interface' with type 'ros.ament_cmake' and name 'push_button_interface'
[0.381s] Level 1:colcon.colcon_core.package_discovery:discover_packages(recursive) using defaults
[0.381s] Level 1:colcon.colcon_core.package_discovery:discover_packages(ignore) discover
[0.381s] Level 1:colcon.colcon_core.package_discovery:discover_packages(ignore) using defaults
[0.381s] Level 1:colcon.colcon_core.package_discovery:discover_packages(path) discover
[0.381s] Level 1:colcon.colcon_core.package_discovery:discover_packages(path) using defaults
[0.401s] Level 5:colcon.colcon_core.verb:set package 'push_button' build argument 'cmake_args' from command line to 'None'
[0.401s] Level 5:colcon.colcon_core.verb:set package 'push_button' build argument 'cmake_target' from command line to 'None'
[0.401s] Level 5:colcon.colcon_core.verb:set package 'push_button' build argument 'cmake_target_skip_unavailable' from command line to 'False'
[0.401s] Level 5:colcon.colcon_core.verb:set package 'push_button' build argument 'cmake_clean_cache' from command line to 'False'
[0.401s] Level 5:colcon.colcon_core.verb:set package 'push_button' build argument 'cmake_clean_first' from command line to 'False'
[0.401s] Level 5:colcon.colcon_core.verb:set package 'push_button' build argument 'cmake_force_configure' from command line to 'False'
[0.401s] Level 5:colcon.colcon_core.verb:set package 'push_button' build argument 'ament_cmake_args' from command line to 'None'
[0.401s] Level 5:colcon.colcon_core.verb:set package 'push_button' build argument 'catkin_cmake_args' from command line to 'None'
[0.401s] Level 5:colcon.colcon_core.verb:set package 'push_button' build argument 'catkin_skip_building_tests' from command line to 'False'
[0.401s] DEBUG:colcon.colcon_core.verb:Building package 'push_button' with the following arguments: {'ament_cmake_args': None, 'build_base': '/home/parham/Dev/ros2_foxy/science/science-gui/science_ws/build/push_button', 'catkin_cmake_args': None, 'catkin_skip_building_tests': False, 'cmake_args': None, 'cmake_clean_cache': False, 'cmake_clean_first': False, 'cmake_force_configure': False, 'cmake_target': None, 'cmake_target_skip_unavailable': False, 'install_base': '/home/parham/Dev/ros2_foxy/science/science-gui/science_ws/install/push_button', 'merge_install': False, 'path': '/home/parham/Dev/ros2_foxy/science/science-gui/science_ws/src/push_button', 'symlink_install': False, 'test_result_base': None}
[0.403s] Level 5:colcon.colcon_core.verb:set package 'push_button_interface' build argument 'cmake_args' from command line to 'None'
[0.403s] Level 5:colcon.colcon_core.verb:set package 'push_button_interface' build argument 'cmake_target' from command line to 'None'
[0.403s] Level 5:colcon.colcon_core.verb:set package 'push_button_interface' build argument 'cmake_target_skip_unavailable' from command line to 'False'
[0.403s] Level 5:colcon.colcon_core.verb:set package 'push_button_interface' build argument 'cmake_clean_cache' from command line to 'False'
[0.403s] Level 5:colcon.colcon_core.verb:set package 'push_button_interface' build argument 'cmake_clean_first' from command line to 'False'
[0.403s] Level 5:colcon.colcon_core.verb:set package 'push_button_interface' build argument 'cmake_force_configure' from command line to 'False'
[0.403s] Level 5:colcon.colcon_core.verb:set package 'push_button_interface' build argument 'ament_cmake_args' from command line to 'None'
[0.403s] Level 5:colcon.colcon_core.verb:set package 'push_button_interface' build argument 'catkin_cmake_args' from command line to 'None'
[0.403s] Level 5:colcon.colcon_core.verb:set package 'push_button_interface' build argument 'catkin_skip_building_tests' from command line to 'False'
[0.403s] DEBUG:colcon.colcon_core.verb:Building package 'push_button_interface' with the following arguments: {'ament_cmake_args': None, 'build_base': '/home/parham/Dev/ros2_foxy/science/science-gui/science_ws/build/push_button_interface', 'catkin_cmake_args': None, 'catkin_skip_building_tests': False, 'cmake_args': None, 'cmake_clean_cache': False, 'cmake_clean_first': False, 'cmake_force_configure': False, 'cmake_target': None, 'cmake_target_skip_unavailable': False, 'install_base': '/home/parham/Dev/ros2_foxy/science/science-gui/science_ws/install/push_button_interface', 'merge_install': False, 'path': '/home/parham/Dev/ros2_foxy/science/science-gui/science_ws/src/push_button_interface', 'symlink_install': False, 'test_result_base': None}
[0.404s] INFO:colcon.colcon_core.executor:Executing jobs using 'parallel' executor
[0.406s] DEBUG:colcon.colcon_parallel_executor.executor.parallel:run_until_complete
[0.406s] INFO:colcon.colcon_ros.task.ament_python.build:Building ROS package in '/home/parham/Dev/ros2_foxy/science/science-gui/science_ws/src/push_button' with build type 'ament_python'
[0.406s] Level 1:colcon.colcon_core.shell:create_environment_hook('push_button', 'ament_prefix_path')
[0.409s] INFO:colcon.colcon_core.plugin_system:Skipping extension 'colcon_core.shell.bat': Not used on non-Windows systems
[0.410s] INFO:colcon.colcon_core.shell:Creating environment hook '/home/parham/Dev/ros2_foxy/science/science-gui/science_ws/install/push_button/share/push_button/hook/ament_prefix_path.ps1'
[0.447s] INFO:colcon.colcon_core.shell:Creating environment descriptor '/home/parham/Dev/ros2_foxy/science/science-gui/science_ws/install/push_button/share/push_button/hook/ament_prefix_path.dsv'
[0.587s] INFO:colcon.colcon_core.shell:Creating environment hook '/home/parham/Dev/ros2_foxy/science/science-gui/science_ws/install/push_button/share/push_button/hook/ament_prefix_path.sh'
[0.725s] INFO:colcon.colcon_core.shell:Skip shell extension 'powershell' for command environment: Not usable outside of PowerShell
[0.755s] DEBUG:colcon.colcon_core.shell:Skip shell extension 'dsv' for command environment
[0.766s] WARNING:colcon.colcon_core.prefix_path.colcon:The path '/home/parham/Dev/ros2_foxy/science/science-gui/install' in the environment variable COLCON_PREFIX_PATH doesn't exist
[0.767s] WARNING:colcon.colcon_ros.prefix_path.ament:The path '/home/parham/Dev/ros2_foxy/science/science-gui/install/push_button_interface' in the environment variable AMENT_PREFIX_PATH doesn't exist
[0.767s] WARNING:colcon.colcon_ros.prefix_path.ament:The path '/home/parham/Dev/ros2_foxy/science/science-gui/install/push_button' in the environment variable AMENT_PREFIX_PATH doesn't exist
[0.775s] WARNING:colcon.colcon_ros.prefix_path.catkin:The path '/home/parham/Dev/ros2_foxy/science/science-gui/install/push_button_interface' in the environment variable CMAKE_PREFIX_PATH doesn't exist
[0.787s] DEBUG:colcon.colcon_core.shell:Ignoring prefix path '/opt/ros/foxy'
[0.912s] INFO:colcon.colcon_ros.task.ament_cmake.build:Building ROS package in '/home/parham/Dev/ros2_foxy/science/science-gui/science_ws/src/push_button_interface' with build type 'ament_cmake'
[0.914s] INFO:colcon.colcon_cmake.task.cmake.build:Building CMake package in '/home/parham/Dev/ros2_foxy/science/science-gui/science_ws/src/push_button_interface'
[0.918s] INFO:colcon.colcon_core.shell:Skip shell extension 'powershell' for command environment: Not usable outside of PowerShell
[0.920s] DEBUG:colcon.colcon_core.shell:Skip shell extension 'dsv' for command environment
[0.947s] DEBUG:colcon.colcon_core.shell:Ignoring prefix path '/opt/ros/foxy'
[1.474s] INFO:colcon.colcon_core.task.python.build:Building Python package in '/home/parham/Dev/ros2_foxy/science/science-gui/science_ws/src/push_button'
[1.475s] INFO:colcon.colcon_core.shell:Skip shell extension 'powershell' for command environment: Not usable outside of PowerShell
[1.475s] DEBUG:colcon.colcon_core.shell:Skip shell extension 'dsv' for command environment
[1.483s] DEBUG:colcon.colcon_core.shell:Ignoring prefix path '/opt/ros/foxy'
[1.983s] DEBUG:colcon.colcon_core.event_handler.log_command:Invoking command in '/home/parham/Dev/ros2_foxy/science/science-gui/science_ws/build/push_button_interface': CMAKE_PREFIX_PATH=${CMAKE_PREFIX_PATH}:/home/parham/Dev/ros2_foxy/science/science-gui/science_ws/install/push_button:/home/parham/Dev/ros2_foxy/science/science-gui/install/push_button:/home/parham/ws_moveit2/install/ros2controlcli:/opt/ros/foxy /usr/bin/cmake /home/parham/Dev/ros2_foxy/science/science-gui/science_ws/src/push_button_interface -DCMAKE_INSTALL_PREFIX=/home/parham/Dev/ros2_foxy/science/science-gui/science_ws/install/push_button_interface
[2.162s] DEBUG:colcon.colcon_core.event_handler.log_command:Invoking command in '/home/parham/Dev/ros2_foxy/science/science-gui/science_ws/src/push_button': PYTHONPATH=/home/parham/Dev/ros2_foxy/science/science-gui/science_ws/install/push_button/lib/python3.8/site-packages:${PYTHONPATH} /usr/bin/python3 setup.py egg_info --egg-base ../../build/push_button build --build-base /home/parham/Dev/ros2_foxy/science/science-gui/science_ws/build/push_button/build install --prefix /home/parham/Dev/ros2_foxy/science/science-gui/science_ws/install/push_button --record /home/parham/Dev/ros2_foxy/science/science-gui/science_ws/build/push_button/install.log --single-version-externally-managed
[2.755s] DEBUG:colcon.colcon_core.event_handler.log_command:Invoked command in '/home/parham/Dev/ros2_foxy/science/science-gui/science_ws/src/push_button' returned '0': PYTHONPATH=/home/parham/Dev/ros2_foxy/science/science-gui/science_ws/install/push_button/lib/python3.8/site-packages:${PYTHONPATH} /usr/bin/python3 setup.py egg_info --egg-base ../../build/push_button build --build-base /home/parham/Dev/ros2_foxy/science/science-gui/science_ws/build/push_button/build install --prefix /home/parham/Dev/ros2_foxy/science/science-gui/science_ws/install/push_button --record /home/parham/Dev/ros2_foxy/science/science-gui/science_ws/build/push_button/install.log --single-version-externally-managed
[2.758s] Level 1:colcon.colcon_core.environment:checking '/home/parham/Dev/ros2_foxy/science/science-gui/science_ws/install/push_button' for CMake module files
[2.759s] Level 1:colcon.colcon_core.environment:checking '/home/parham/Dev/ros2_foxy/science/science-gui/science_ws/install/push_button' for CMake config files
[2.760s] Level 1:colcon.colcon_core.environment:checking '/home/parham/Dev/ros2_foxy/science/science-gui/science_ws/install/push_button/lib'
[2.760s] Level 1:colcon.colcon_core.environment:checking '/home/parham/Dev/ros2_foxy/science/science-gui/science_ws/install/push_button/bin'
[2.760s] Level 1:colcon.colcon_core.environment:checking '/home/parham/Dev/ros2_foxy/science/science-gui/science_ws/install/push_button/lib/pkgconfig/push_button.pc'
[2.760s] Level 1:colcon.colcon_core.environment:checking '/home/parham/Dev/ros2_foxy/science/science-gui/science_ws/install/push_button/lib/python3.8/site-packages'
[2.760s] Level 1:colcon.colcon_core.shell:create_environment_hook('push_button', 'pythonpath')
[2.761s] INFO:colcon.colcon_core.shell:Creating environment hook '/home/parham/Dev/ros2_foxy/science/science-gui/science_ws/install/push_button/share/push_button/hook/pythonpath.ps1'
[2.927s] INFO:colcon.colcon_core.shell:Creating environment descriptor '/home/parham/Dev/ros2_foxy/science/science-gui/science_ws/install/push_button/share/push_button/hook/pythonpath.dsv'
[2.933s] INFO:colcon.colcon_core.shell:Creating environment hook '/home/parham/Dev/ros2_foxy/science/science-gui/science_ws/install/push_button/share/push_button/hook/pythonpath.sh'
[2.934s] Level 1:colcon.colcon_core.environment:create_environment_scripts_only(push_button)
[2.937s] INFO:colcon.colcon_core.shell:Creating package script '/home/parham/Dev/ros2_foxy/science/science-gui/science_ws/install/push_button/share/push_button/package.ps1'
[2.940s] INFO:colcon.colcon_core.shell:Creating package descriptor '/home/parham/Dev/ros2_foxy/science/science-gui/science_ws/install/push_button/share/push_button/package.dsv'
[2.942s] INFO:colcon.colcon_core.shell:Creating package script '/home/parham/Dev/ros2_foxy/science/science-gui/science_ws/install/push_button/share/push_button/package.sh'
[2.947s] INFO:colcon.colcon_core.shell:Creating package script '/home/parham/Dev/ros2_foxy/science/science-gui/science_ws/install/push_button/share/push_button/package.bash'
[2.949s] INFO:colcon.colcon_core.shell:Creating package script '/home/parham/Dev/ros2_foxy/science/science-gui/science_ws/install/push_button/share/push_button/package.zsh'
[2.951s] Level 1:colcon.colcon_core.environment:create_file_with_runtime_dependencies(/home/parham/Dev/ros2_foxy/science/science-gui/science_ws/install/push_button/share/colcon-core/packages/push_button)
[5.682s] DEBUG:colcon.colcon_core.event_handler.log_command:Invoked command in '/home/parham/Dev/ros2_foxy/science/science-gui/science_ws/build/push_button_interface' returned '0': CMAKE_PREFIX_PATH=${CMAKE_PREFIX_PATH}:/home/parham/Dev/ros2_foxy/science/science-gui/science_ws/install/push_button:/home/parham/Dev/ros2_foxy/science/science-gui/install/push_button:/home/parham/ws_moveit2/install/ros2controlcli:/opt/ros/foxy /usr/bin/cmake /home/parham/Dev/ros2_foxy/science/science-gui/science_ws/src/push_button_interface -DCMAKE_INSTALL_PREFIX=/home/parham/Dev/ros2_foxy/science/science-gui/science_ws/install/push_button_interface
[5.685s] DEBUG:colcon.colcon_core.event_handler.log_command:Invoking command in '/home/parham/Dev/ros2_foxy/science/science-gui/science_ws/build/push_button_interface': CMAKE_PREFIX_PATH=${CMAKE_PREFIX_PATH}:/home/parham/Dev/ros2_foxy/science/science-gui/science_ws/install/push_button:/home/parham/Dev/ros2_foxy/science/science-gui/install/push_button:/home/parham/ws_moveit2/install/ros2controlcli:/opt/ros/foxy /usr/bin/cmake --build /home/parham/Dev/ros2_foxy/science/science-gui/science_ws/build/push_button_interface -- -j4 -l4
[28.513s] DEBUG:colcon.colcon_core.event_handler.log_command:Invoked command in '/home/parham/Dev/ros2_foxy/science/science-gui/science_ws/build/push_button_interface' returned '0': CMAKE_PREFIX_PATH=${CMAKE_PREFIX_PATH}:/home/parham/Dev/ros2_foxy/science/science-gui/science_ws/install/push_button:/home/parham/Dev/ros2_foxy/science/science-gui/install/push_button:/home/parham/ws_moveit2/install/ros2controlcli:/opt/ros/foxy /usr/bin/cmake --build /home/parham/Dev/ros2_foxy/science/science-gui/science_ws/build/push_button_interface -- -j4 -l4
[28.666s] DEBUG:colcon.colcon_core.event_handler.log_command:Invoking command in '/home/parham/Dev/ros2_foxy/science/science-gui/science_ws/build/push_button_interface': CMAKE_PREFIX_PATH=${CMAKE_PREFIX_PATH}:/home/parham/Dev/ros2_foxy/science/science-gui/science_ws/install/push_button:/home/parham/Dev/ros2_foxy/science/science-gui/install/push_button:/home/parham/ws_moveit2/install/ros2controlcli:/opt/ros/foxy /usr/bin/cmake --install /home/parham/Dev/ros2_foxy/science/science-gui/science_ws/build/push_button_interface
[28.873s] Level 1:colcon.colcon_core.environment:create_environment_scripts_only(push_button_interface)
[28.874s] Level 1:colcon.colcon_core.environment:checking '/home/parham/Dev/ros2_foxy/science/science-gui/science_ws/install/push_button_interface' for CMake module files
[28.876s] DEBUG:colcon.colcon_core.event_handler.log_command:Invoked command in '/home/parham/Dev/ros2_foxy/science/science-gui/science_ws/build/push_button_interface' returned '0': CMAKE_PREFIX_PATH=${CMAKE_PREFIX_PATH}:/home/parham/Dev/ros2_foxy/science/science-gui/science_ws/install/push_button:/home/parham/Dev/ros2_foxy/science/science-gui/install/push_button:/home/parham/ws_moveit2/install/ros2controlcli:/opt/ros/foxy /usr/bin/cmake --install /home/parham/Dev/ros2_foxy/science/science-gui/science_ws/build/push_button_interface
[28.876s] Level 1:colcon.colcon_core.environment:checking '/home/parham/Dev/ros2_foxy/science/science-gui/science_ws/install/push_button_interface' for CMake config files
[28.876s] Level 1:colcon.colcon_core.shell:create_environment_hook('push_button_interface', 'cmake_prefix_path')
[28.877s] INFO:colcon.colcon_core.shell:Creating environment hook '/home/parham/Dev/ros2_foxy/science/science-gui/science_ws/install/push_button_interface/share/push_button_interface/hook/cmake_prefix_path.ps1'
[28.878s] INFO:colcon.colcon_core.shell:Creating environment descriptor '/home/parham/Dev/ros2_foxy/science/science-gui/science_ws/install/push_button_interface/share/push_button_interface/hook/cmake_prefix_path.dsv'
[28.878s] INFO:colcon.colcon_core.shell:Creating environment hook '/home/parham/Dev/ros2_foxy/science/science-gui/science_ws/install/push_button_interface/share/push_button_interface/hook/cmake_prefix_path.sh'
[28.878s] Level 1:colcon.colcon_core.environment:checking '/home/parham/Dev/ros2_foxy/science/science-gui/science_ws/install/push_button_interface/lib'
[28.878s] Level 1:colcon.colcon_core.shell:create_environment_hook('push_button_interface', 'ld_library_path_lib')
[28.879s] INFO:colcon.colcon_core.shell:Creating environment hook '/home/parham/Dev/ros2_foxy/science/science-gui/science_ws/install/push_button_interface/share/push_button_interface/hook/ld_library_path_lib.ps1'
[28.880s] INFO:colcon.colcon_core.shell:Creating environment descriptor '/home/parham/Dev/ros2_foxy/science/science-gui/science_ws/install/push_button_interface/share/push_button_interface/hook/ld_library_path_lib.dsv'
[28.880s] INFO:colcon.colcon_core.shell:Creating environment hook '/home/parham/Dev/ros2_foxy/science/science-gui/science_ws/install/push_button_interface/share/push_button_interface/hook/ld_library_path_lib.sh'
[28.880s] Level 1:colcon.colcon_core.environment:checking '/home/parham/Dev/ros2_foxy/science/science-gui/science_ws/install/push_button_interface/bin'
[28.880s] Level 1:colcon.colcon_core.environment:checking '/home/parham/Dev/ros2_foxy/science/science-gui/science_ws/install/push_button_interface/lib/pkgconfig/push_button_interface.pc'
[28.880s] Level 1:colcon.colcon_core.environment:checking '/home/parham/Dev/ros2_foxy/science/science-gui/science_ws/install/push_button_interface/lib/python3.8/site-packages'
[28.880s] Level 1:colcon.colcon_core.shell:create_environment_hook('push_button_interface', 'pythonpath')
[28.881s] INFO:colcon.colcon_core.shell:Creating environment hook '/home/parham/Dev/ros2_foxy/science/science-gui/science_ws/install/push_button_interface/share/push_button_interface/hook/pythonpath.ps1'
[28.881s] INFO:colcon.colcon_core.shell:Creating environment descriptor '/home/parham/Dev/ros2_foxy/science/science-gui/science_ws/install/push_button_interface/share/push_button_interface/hook/pythonpath.dsv'
[28.882s] INFO:colcon.colcon_core.shell:Creating environment hook '/home/parham/Dev/ros2_foxy/science/science-gui/science_ws/install/push_button_interface/share/push_button_interface/hook/pythonpath.sh'
[28.882s] INFO:colcon.colcon_core.shell:Creating package script '/home/parham/Dev/ros2_foxy/science/science-gui/science_ws/install/push_button_interface/share/push_button_interface/package.ps1'
[28.883s] INFO:colcon.colcon_core.shell:Creating package descriptor '/home/parham/Dev/ros2_foxy/science/science-gui/science_ws/install/push_button_interface/share/push_button_interface/package.dsv'
[28.883s] INFO:colcon.colcon_core.shell:Creating package script '/home/parham/Dev/ros2_foxy/science/science-gui/science_ws/install/push_button_interface/share/push_button_interface/package.sh'
[28.884s] INFO:colcon.colcon_core.shell:Creating package script '/home/parham/Dev/ros2_foxy/science/science-gui/science_ws/install/push_button_interface/share/push_button_interface/package.bash'
[28.884s] INFO:colcon.colcon_core.shell:Creating package script '/home/parham/Dev/ros2_foxy/science/science-gui/science_ws/install/push_button_interface/share/push_button_interface/package.zsh'
[28.884s] Level 1:colcon.colcon_core.environment:create_file_with_runtime_dependencies(/home/parham/Dev/ros2_foxy/science/science-gui/science_ws/install/push_button_interface/share/colcon-core/packages/push_button_interface)
[29.008s] Level 1:colcon.colcon_core.environment:create_environment_scripts_only(push_button_interface)
[29.009s] Level 1:colcon.colcon_core.environment:checking '/home/parham/Dev/ros2_foxy/science/science-gui/science_ws/install/push_button_interface' for CMake module files
[29.010s] Level 1:colcon.colcon_core.environment:checking '/home/parham/Dev/ros2_foxy/science/science-gui/science_ws/install/push_button_interface' for CMake config files
[29.010s] Level 1:colcon.colcon_core.shell:create_environment_hook('push_button_interface', 'cmake_prefix_path')
[29.011s] INFO:colcon.colcon_core.shell:Creating environment hook '/home/parham/Dev/ros2_foxy/science/science-gui/science_ws/install/push_button_interface/share/push_button_interface/hook/cmake_prefix_path.ps1'
[29.011s] INFO:colcon.colcon_core.shell:Creating environment descriptor '/home/parham/Dev/ros2_foxy/science/science-gui/science_ws/install/push_button_interface/share/push_button_interface/hook/cmake_prefix_path.dsv'
[29.012s] INFO:colcon.colcon_core.shell:Creating environment hook '/home/parham/Dev/ros2_foxy/science/science-gui/science_ws/install/push_button_interface/share/push_button_interface/hook/cmake_prefix_path.sh'
[29.012s] Level 1:colcon.colcon_core.environment:checking '/home/parham/Dev/ros2_foxy/science/science-gui/science_ws/install/push_button_interface/lib'
[29.012s] Level 1:colcon.colcon_core.shell:create_environment_hook('push_button_interface', 'ld_library_path_lib')
[29.013s] INFO:colcon.colcon_core.shell:Creating environment hook '/home/parham/Dev/ros2_foxy/science/science-gui/science_ws/install/push_button_interface/share/push_button_interface/hook/ld_library_path_lib.ps1'
[29.013s] INFO:colcon.colcon_core.shell:Creating environment descriptor '/home/parham/Dev/ros2_foxy/science/science-gui/science_ws/install/push_button_interface/share/push_button_interface/hook/ld_library_path_lib.dsv'
[29.013s] INFO:colcon.colcon_core.shell:Creating environment hook '/home/parham/Dev/ros2_foxy/science/science-gui/science_ws/install/push_button_interface/share/push_button_interface/hook/ld_library_path_lib.sh'
[29.014s] Level 1:colcon.colcon_core.environment:checking '/home/parham/Dev/ros2_foxy/science/science-gui/science_ws/install/push_button_interface/bin'
[29.014s] Level 1:colcon.colcon_core.environment:checking '/home/parham/Dev/ros2_foxy/science/science-gui/science_ws/install/push_button_interface/lib/pkgconfig/push_button_interface.pc'
[29.014s] Level 1:colcon.colcon_core.environment:checking '/home/parham/Dev/ros2_foxy/science/science-gui/science_ws/install/push_button_interface/lib/python3.8/site-packages'
[29.014s] Level 1:colcon.colcon_core.shell:create_environment_hook('push_button_interface', 'pythonpath')
[29.014s] INFO:colcon.colcon_core.shell:Creating environment hook '/home/parham/Dev/ros2_foxy/science/science-gui/science_ws/install/push_button_interface/share/push_button_interface/hook/pythonpath.ps1'
[29.015s] INFO:colcon.colcon_core.shell:Creating environment descriptor '/home/parham/Dev/ros2_foxy/science/science-gui/science_ws/install/push_button_interface/share/push_button_interface/hook/pythonpath.dsv'
[29.015s] INFO:colcon.colcon_core.shell:Creating environment hook '/home/parham/Dev/ros2_foxy/science/science-gui/science_ws/install/push_button_interface/share/push_button_interface/hook/pythonpath.sh'
[29.016s] INFO:colcon.colcon_core.shell:Creating package script '/home/parham/Dev/ros2_foxy/science/science-gui/science_ws/install/push_button_interface/share/push_button_interface/package.ps1'
[29.016s] INFO:colcon.colcon_core.shell:Creating package descriptor '/home/parham/Dev/ros2_foxy/science/science-gui/science_ws/install/push_button_interface/share/push_button_interface/package.dsv'
[29.017s] INFO:colcon.colcon_core.shell:Creating package script '/home/parham/Dev/ros2_foxy/science/science-gui/science_ws/install/push_button_interface/share/push_button_interface/package.sh'
[29.017s] INFO:colcon.colcon_core.shell:Creating package script '/home/parham/Dev/ros2_foxy/science/science-gui/science_ws/install/push_button_interface/share/push_button_interface/package.bash'
[29.018s] INFO:colcon.colcon_core.shell:Creating package script '/home/parham/Dev/ros2_foxy/science/science-gui/science_ws/install/push_button_interface/share/push_button_interface/package.zsh'
[29.018s] Level 1:colcon.colcon_core.environment:create_file_with_runtime_dependencies(/home/parham/Dev/ros2_foxy/science/science-gui/science_ws/install/push_button_interface/share/colcon-core/packages/push_button_interface)
[29.019s] DEBUG:colcon.colcon_parallel_executor.executor.parallel:closing loop
[29.019s] DEBUG:colcon.colcon_parallel_executor.executor.parallel:loop closed
[29.019s] DEBUG:colcon.colcon_parallel_executor.executor.parallel:run_until_complete finished with '0'
[29.019s] DEBUG:colcon.colcon_core.event_reactor:joining thread
[29.026s] INFO:colcon.colcon_core.plugin_system:Skipping extension 'colcon_notification.desktop_notification.terminal_notifier': Not used on non-Darwin systems
[29.026s] INFO:colcon.colcon_core.plugin_system:Skipping extension 'colcon_notification.desktop_notification.win32': Not used on non-Windows systems
[29.026s] INFO:colcon.colcon_notification.desktop_notification:Sending desktop notification using 'notify2'
[29.044s] DEBUG:colcon.colcon_core.event_reactor:joined thread
[29.044s] INFO:colcon.colcon_core.shell:Creating prefix script '/home/parham/Dev/ros2_foxy/science/science-gui/science_ws/install/local_setup.ps1'
[29.045s] INFO:colcon.colcon_core.shell:Creating prefix util module '/home/parham/Dev/ros2_foxy/science/science-gui/science_ws/install/_local_setup_util_ps1.py'
[29.046s] INFO:colcon.colcon_core.shell:Creating prefix chain script '/home/parham/Dev/ros2_foxy/science/science-gui/science_ws/install/setup.ps1'
[29.051s] INFO:colcon.colcon_core.shell:Creating prefix script '/home/parham/Dev/ros2_foxy/science/science-gui/science_ws/install/local_setup.sh'
[29.052s] INFO:colcon.colcon_core.shell:Creating prefix util module '/home/parham/Dev/ros2_foxy/science/science-gui/science_ws/install/_local_setup_util_sh.py'
[29.052s] INFO:colcon.colcon_core.shell:Creating prefix chain script '/home/parham/Dev/ros2_foxy/science/science-gui/science_ws/install/setup.sh'
[29.057s] INFO:colcon.colcon_core.shell:Creating prefix script '/home/parham/Dev/ros2_foxy/science/science-gui/science_ws/install/local_setup.bash'
[29.057s] INFO:colcon.colcon_core.shell:Creating prefix chain script '/home/parham/Dev/ros2_foxy/science/science-gui/science_ws/install/setup.bash'
[29.061s] INFO:colcon.colcon_core.shell:Creating prefix script '/home/parham/Dev/ros2_foxy/science/science-gui/science_ws/install/local_setup.zsh'
[29.062s] INFO:colcon.colcon_core.shell:Creating prefix chain script '/home/parham/Dev/ros2_foxy/science/science-gui/science_ws/install/setup.zsh'
