[1.145s] DEBUG:colcon:Command line arguments: ['/usr/bin/colcon', 'build']
[1.146s] DEBUG:colcon:Parsed command line arguments: Namespace(ament_cmake_args=None, base_paths=['.'], build_base='build', catkin_cmake_args=None, catkin_skip_building_tests=False, cmake_args=None, cmake_clean_cache=False, cmake_clean_first=False, cmake_force_configure=False, cmake_target=None, cmake_target_skip_unavailable=False, continue_on_error=False, event_handlers=None, executor='parallel', ignore_user_meta=False, install_base='install', log_base=None, log_level=None, main=<bound method BuildVerb.main of <colcon_core.verb.build.BuildVerb object at 0x7fc9a9346c40>>, merge_install=False, metas=['./colcon.meta'], packages_above=None, packages_above_and_dependencies=None, packages_above_depth=None, packages_end=None, packages_ignore=None, packages_ignore_regex=None, packages_select=None, packages_select_build_failed=False, packages_select_by_dep=None, packages_select_regex=None, packages_select_test_failures=False, packages_skip=None, packages_skip_build_finished=False, packages_skip_by_dep=None, packages_skip_regex=None, packages_skip_test_passed=False, packages_skip_up_to=None, packages_start=None, packages_up_to=None, packages_up_to_regex=None, parallel_workers=4, paths=None, symlink_install=False, test_result_base=None, verb_extension=<colcon_core.verb.build.BuildVerb object at 0x7fc9a9346c40>, verb_name='build', verb_parser=<colcon_defaults.argument_parser.defaults.DefaultArgumentsDecorator object at 0x7fc9a92531c0>)
[1.211s] Level 1:colcon.colcon_core.package_discovery:discover_packages(colcon_meta) check parameters
[1.212s] Level 1:colcon.colcon_core.package_discovery:discover_packages(recursive) check parameters
[1.212s] Level 1:colcon.colcon_core.package_discovery:discover_packages(ignore) check parameters
[1.213s] Level 1:colcon.colcon_core.package_discovery:discover_packages(path) check parameters
[1.213s] Level 1:colcon.colcon_core.package_discovery:discover_packages(colcon_meta) discover
[1.213s] Level 1:colcon.colcon_core.package_discovery:discover_packages(recursive) discover
[1.214s] INFO:colcon.colcon_core.package_discovery:Crawling recursively for packages in '/home/parham/Dev/ros2_foxy/science/sience_gui/science_ws'
[1.214s] Level 1:colcon.colcon_core.package_identification:_identify(.) by extensions ['ignore', 'ignore_ament_install']
[1.215s] Level 1:colcon.colcon_core.package_identification:_identify(.) by extension 'ignore'
[1.215s] Level 1:colcon.colcon_core.package_identification:_identify(.) by extension 'ignore_ament_install'
[1.216s] Level 1:colcon.colcon_core.package_identification:_identify(.) by extensions ['colcon_pkg']
[1.216s] Level 1:colcon.colcon_core.package_identification:_identify(.) by extension 'colcon_pkg'
[1.217s] Level 1:colcon.colcon_core.package_identification:_identify(.) by extensions ['colcon_meta']
[1.217s] Level 1:colcon.colcon_core.package_identification:_identify(.) by extension 'colcon_meta'
[1.218s] Level 1:colcon.colcon_core.package_identification:_identify(.) by extensions ['ros']
[1.218s] Level 1:colcon.colcon_core.package_identification:_identify(.) by extension 'ros'
[1.262s] Level 1:colcon.colcon_core.package_identification:_identify(.) by extensions ['cmake', 'python']
[1.262s] Level 1:colcon.colcon_core.package_identification:_identify(.) by extension 'cmake'
[1.262s] Level 1:colcon.colcon_core.package_identification:_identify(.) by extension 'python'
[1.262s] Level 1:colcon.colcon_core.package_identification:_identify(.) by extensions ['python_setup_py']
[1.262s] Level 1:colcon.colcon_core.package_identification:_identify(.) by extension 'python_setup_py'
[1.262s] Level 1:colcon.colcon_core.package_identification:_identify(build) by extensions ['ignore', 'ignore_ament_install']
[1.263s] Level 1:colcon.colcon_core.package_identification:_identify(build) by extension 'ignore'
[1.263s] Level 1:colcon.colcon_core.package_identification:_identify(build) ignored
[1.263s] Level 1:colcon.colcon_core.package_identification:_identify(install) by extensions ['ignore', 'ignore_ament_install']
[1.263s] Level 1:colcon.colcon_core.package_identification:_identify(install) by extension 'ignore'
[1.263s] Level 1:colcon.colcon_core.package_identification:_identify(install) ignored
[1.263s] Level 1:colcon.colcon_core.package_identification:_identify(log) by extensions ['ignore', 'ignore_ament_install']
[1.263s] Level 1:colcon.colcon_core.package_identification:_identify(log) by extension 'ignore'
[1.263s] Level 1:colcon.colcon_core.package_identification:_identify(log) ignored
[1.264s] Level 1:colcon.colcon_core.package_identification:_identify(src) by extensions ['ignore', 'ignore_ament_install']
[1.264s] Level 1:colcon.colcon_core.package_identification:_identify(src) by extension 'ignore'
[1.264s] Level 1:colcon.colcon_core.package_identification:_identify(src) by extension 'ignore_ament_install'
[1.264s] Level 1:colcon.colcon_core.package_identification:_identify(src) by extensions ['colcon_pkg']
[1.264s] Level 1:colcon.colcon_core.package_identification:_identify(src) by extension 'colcon_pkg'
[1.264s] Level 1:colcon.colcon_core.package_identification:_identify(src) by extensions ['colcon_meta']
[1.264s] Level 1:colcon.colcon_core.package_identification:_identify(src) by extension 'colcon_meta'
[1.264s] Level 1:colcon.colcon_core.package_identification:_identify(src) by extensions ['ros']
[1.264s] Level 1:colcon.colcon_core.package_identification:_identify(src) by extension 'ros'
[1.264s] Level 1:colcon.colcon_core.package_identification:_identify(src) by extensions ['cmake', 'python']
[1.264s] Level 1:colcon.colcon_core.package_identification:_identify(src) by extension 'cmake'
[1.264s] Level 1:colcon.colcon_core.package_identification:_identify(src) by extension 'python'
[1.264s] Level 1:colcon.colcon_core.package_identification:_identify(src) by extensions ['python_setup_py']
[1.264s] Level 1:colcon.colcon_core.package_identification:_identify(src) by extension 'python_setup_py'
[1.265s] Level 1:colcon.colcon_core.package_identification:_identify(src/push_button) by extensions ['ignore', 'ignore_ament_install']
[1.265s] Level 1:colcon.colcon_core.package_identification:_identify(src/push_button) by extension 'ignore'
[1.265s] Level 1:colcon.colcon_core.package_identification:_identify(src/push_button) by extension 'ignore_ament_install'
[1.265s] Level 1:colcon.colcon_core.package_identification:_identify(src/push_button) by extensions ['colcon_pkg']
[1.265s] Level 1:colcon.colcon_core.package_identification:_identify(src/push_button) by extension 'colcon_pkg'
[1.265s] Level 1:colcon.colcon_core.package_identification:_identify(src/push_button) by extensions ['colcon_meta']
[1.265s] Level 1:colcon.colcon_core.package_identification:_identify(src/push_button) by extension 'colcon_meta'
[1.265s] Level 1:colcon.colcon_core.package_identification:_identify(src/push_button) by extensions ['ros']
[1.265s] Level 1:colcon.colcon_core.package_identification:_identify(src/push_button) by extension 'ros'
[1.314s] DEBUG:colcon.colcon_core.package_identification:Package 'src/push_button' with type 'ros.ament_python' and name 'push_button'
[1.315s] Level 1:colcon.colcon_core.package_identification:_identify(src/push_button_interface) by extensions ['ignore', 'ignore_ament_install']
[1.315s] Level 1:colcon.colcon_core.package_identification:_identify(src/push_button_interface) by extension 'ignore'
[1.315s] Level 1:colcon.colcon_core.package_identification:_identify(src/push_button_interface) by extension 'ignore_ament_install'
[1.316s] Level 1:colcon.colcon_core.package_identification:_identify(src/push_button_interface) by extensions ['colcon_pkg']
[1.316s] Level 1:colcon.colcon_core.package_identification:_identify(src/push_button_interface) by extension 'colcon_pkg'
[1.316s] Level 1:colcon.colcon_core.package_identification:_identify(src/push_button_interface) by extensions ['colcon_meta']
[1.316s] Level 1:colcon.colcon_core.package_identification:_identify(src/push_button_interface) by extension 'colcon_meta'
[1.316s] Level 1:colcon.colcon_core.package_identification:_identify(src/push_button_interface) by extensions ['ros']
[1.317s] Level 1:colcon.colcon_core.package_identification:_identify(src/push_button_interface) by extension 'ros'
[1.350s] DEBUG:colcon.colcon_core.package_identification:Package 'src/push_button_interface' with type 'ros.ament_cmake' and name 'push_button_interface'
[1.350s] Level 1:colcon.colcon_core.package_discovery:discover_packages(recursive) using defaults
[1.351s] Level 1:colcon.colcon_core.package_discovery:discover_packages(ignore) discover
[1.351s] Level 1:colcon.colcon_core.package_discovery:discover_packages(ignore) using defaults
[1.352s] Level 1:colcon.colcon_core.package_discovery:discover_packages(path) discover
[1.352s] Level 1:colcon.colcon_core.package_discovery:discover_packages(path) using defaults
[1.492s] Level 5:colcon.colcon_core.verb:set package 'push_button' build argument 'cmake_args' from command line to 'None'
[1.493s] Level 5:colcon.colcon_core.verb:set package 'push_button' build argument 'cmake_target' from command line to 'None'
[1.493s] Level 5:colcon.colcon_core.verb:set package 'push_button' build argument 'cmake_target_skip_unavailable' from command line to 'False'
[1.493s] Level 5:colcon.colcon_core.verb:set package 'push_button' build argument 'cmake_clean_cache' from command line to 'False'
[1.493s] Level 5:colcon.colcon_core.verb:set package 'push_button' build argument 'cmake_clean_first' from command line to 'False'
[1.493s] Level 5:colcon.colcon_core.verb:set package 'push_button' build argument 'cmake_force_configure' from command line to 'False'
[1.493s] Level 5:colcon.colcon_core.verb:set package 'push_button' build argument 'ament_cmake_args' from command line to 'None'
[1.493s] Level 5:colcon.colcon_core.verb:set package 'push_button' build argument 'catkin_cmake_args' from command line to 'None'
[1.493s] Level 5:colcon.colcon_core.verb:set package 'push_button' build argument 'catkin_skip_building_tests' from command line to 'False'
[1.493s] DEBUG:colcon.colcon_core.verb:Building package 'push_button' with the following arguments: {'ament_cmake_args': None, 'build_base': '/home/parham/Dev/ros2_foxy/science/sience_gui/science_ws/build/push_button', 'catkin_cmake_args': None, 'catkin_skip_building_tests': False, 'cmake_args': None, 'cmake_clean_cache': False, 'cmake_clean_first': False, 'cmake_force_configure': False, 'cmake_target': None, 'cmake_target_skip_unavailable': False, 'install_base': '/home/parham/Dev/ros2_foxy/science/sience_gui/science_ws/install/push_button', 'merge_install': False, 'path': '/home/parham/Dev/ros2_foxy/science/sience_gui/science_ws/src/push_button', 'symlink_install': False, 'test_result_base': None}
[1.496s] Level 5:colcon.colcon_core.verb:set package 'push_button_interface' build argument 'cmake_args' from command line to 'None'
[1.496s] Level 5:colcon.colcon_core.verb:set package 'push_button_interface' build argument 'cmake_target' from command line to 'None'
[1.496s] Level 5:colcon.colcon_core.verb:set package 'push_button_interface' build argument 'cmake_target_skip_unavailable' from command line to 'False'
[1.496s] Level 5:colcon.colcon_core.verb:set package 'push_button_interface' build argument 'cmake_clean_cache' from command line to 'False'
[1.497s] Level 5:colcon.colcon_core.verb:set package 'push_button_interface' build argument 'cmake_clean_first' from command line to 'False'
[1.497s] Level 5:colcon.colcon_core.verb:set package 'push_button_interface' build argument 'cmake_force_configure' from command line to 'False'
[1.497s] Level 5:colcon.colcon_core.verb:set package 'push_button_interface' build argument 'ament_cmake_args' from command line to 'None'
[1.497s] Level 5:colcon.colcon_core.verb:set package 'push_button_interface' build argument 'catkin_cmake_args' from command line to 'None'
[1.497s] Level 5:colcon.colcon_core.verb:set package 'push_button_interface' build argument 'catkin_skip_building_tests' from command line to 'False'
[1.497s] DEBUG:colcon.colcon_core.verb:Building package 'push_button_interface' with the following arguments: {'ament_cmake_args': None, 'build_base': '/home/parham/Dev/ros2_foxy/science/sience_gui/science_ws/build/push_button_interface', 'catkin_cmake_args': None, 'catkin_skip_building_tests': False, 'cmake_args': None, 'cmake_clean_cache': False, 'cmake_clean_first': False, 'cmake_force_configure': False, 'cmake_target': None, 'cmake_target_skip_unavailable': False, 'install_base': '/home/parham/Dev/ros2_foxy/science/sience_gui/science_ws/install/push_button_interface', 'merge_install': False, 'path': '/home/parham/Dev/ros2_foxy/science/sience_gui/science_ws/src/push_button_interface', 'symlink_install': False, 'test_result_base': None}
[1.497s] INFO:colcon.colcon_core.executor:Executing jobs using 'parallel' executor
[1.499s] DEBUG:colcon.colcon_parallel_executor.executor.parallel:run_until_complete
[1.500s] INFO:colcon.colcon_ros.task.ament_python.build:Building ROS package in '/home/parham/Dev/ros2_foxy/science/sience_gui/science_ws/src/push_button' with build type 'ament_python'
[1.500s] Level 1:colcon.colcon_core.shell:create_environment_hook('push_button', 'ament_prefix_path')
[1.516s] INFO:colcon.colcon_core.plugin_system:Skipping extension 'colcon_core.shell.bat': Not used on non-Windows systems
[1.516s] INFO:colcon.colcon_core.shell:Creating environment hook '/home/parham/Dev/ros2_foxy/science/sience_gui/science_ws/install/push_button/share/push_button/hook/ament_prefix_path.ps1'
[1.517s] INFO:colcon.colcon_core.shell:Creating environment descriptor '/home/parham/Dev/ros2_foxy/science/sience_gui/science_ws/install/push_button/share/push_button/hook/ament_prefix_path.dsv'
[1.518s] INFO:colcon.colcon_core.shell:Creating environment hook '/home/parham/Dev/ros2_foxy/science/sience_gui/science_ws/install/push_button/share/push_button/hook/ament_prefix_path.sh'
[1.520s] INFO:colcon.colcon_core.shell:Skip shell extension 'powershell' for command environment: Not usable outside of PowerShell
[1.520s] DEBUG:colcon.colcon_core.shell:Skip shell extension 'dsv' for command environment
[1.527s] WARNING:colcon.colcon_ros.prefix_path.ament:The path '/home/parham/Dev/ros2_foxy/science/sience_gui/science_ws/install/push_button_interface' in the environment variable AMENT_PREFIX_PATH doesn't exist
[1.558s] WARNING:colcon.colcon_ros.prefix_path.catkin:The path '/home/parham/Dev/ros2_foxy/science/sience_gui/science_ws/install/push_button_interface' in the environment variable CMAKE_PREFIX_PATH doesn't exist
[1.599s] DEBUG:colcon.colcon_core.shell:Ignoring prefix path '/opt/ros/foxy'
[1.612s] INFO:colcon.colcon_ros.task.ament_cmake.build:Building ROS package in '/home/parham/Dev/ros2_foxy/science/sience_gui/science_ws/src/push_button_interface' with build type 'ament_cmake'
[1.613s] INFO:colcon.colcon_cmake.task.cmake.build:Building CMake package in '/home/parham/Dev/ros2_foxy/science/sience_gui/science_ws/src/push_button_interface'
[1.617s] INFO:colcon.colcon_core.shell:Skip shell extension 'powershell' for command environment: Not usable outside of PowerShell
[1.617s] DEBUG:colcon.colcon_core.shell:Skip shell extension 'dsv' for command environment
[1.639s] DEBUG:colcon.colcon_core.shell:Ignoring prefix path '/opt/ros/foxy'
[1.936s] INFO:colcon.colcon_core.task.python.build:Building Python package in '/home/parham/Dev/ros2_foxy/science/sience_gui/science_ws/src/push_button'
[1.937s] INFO:colcon.colcon_core.shell:Skip shell extension 'powershell' for command environment: Not usable outside of PowerShell
[1.937s] DEBUG:colcon.colcon_core.shell:Skip shell extension 'dsv' for command environment
[1.948s] DEBUG:colcon.colcon_core.shell:Ignoring prefix path '/opt/ros/foxy'
[1.954s] DEBUG:colcon.colcon_core.event_handler.log_command:Invoking command in '/home/parham/Dev/ros2_foxy/science/sience_gui/science_ws/build/push_button_interface': CMAKE_PREFIX_PATH=${CMAKE_PREFIX_PATH}:/home/parham/Dev/ros2_foxy/science/sience_gui/science_ws/install/push_button:/home/parham/ws_moveit2/install/ros2controlcli:/opt/ros/foxy /usr/bin/cmake /home/parham/Dev/ros2_foxy/science/sience_gui/science_ws/src/push_button_interface -DCMAKE_INSTALL_PREFIX=/home/parham/Dev/ros2_foxy/science/sience_gui/science_ws/install/push_button_interface
[2.024s] DEBUG:colcon.colcon_core.event_handler.log_command:Invoking command in '/home/parham/Dev/ros2_foxy/science/sience_gui/science_ws/src/push_button': PYTHONPATH=/home/parham/Dev/ros2_foxy/science/sience_gui/science_ws/install/push_button/lib/python3.8/site-packages:${PYTHONPATH} /usr/bin/python3 setup.py egg_info --egg-base ../../build/push_button build --build-base /home/parham/Dev/ros2_foxy/science/sience_gui/science_ws/build/push_button/build install --prefix /home/parham/Dev/ros2_foxy/science/sience_gui/science_ws/install/push_button --record /home/parham/Dev/ros2_foxy/science/sience_gui/science_ws/build/push_button/install.log --single-version-externally-managed
[2.805s] DEBUG:colcon.colcon_core.event_handler.log_command:Invoked command in '/home/parham/Dev/ros2_foxy/science/sience_gui/science_ws/src/push_button' returned '0': PYTHONPATH=/home/parham/Dev/ros2_foxy/science/sience_gui/science_ws/install/push_button/lib/python3.8/site-packages:${PYTHONPATH} /usr/bin/python3 setup.py egg_info --egg-base ../../build/push_button build --build-base /home/parham/Dev/ros2_foxy/science/sience_gui/science_ws/build/push_button/build install --prefix /home/parham/Dev/ros2_foxy/science/sience_gui/science_ws/install/push_button --record /home/parham/Dev/ros2_foxy/science/sience_gui/science_ws/build/push_button/install.log --single-version-externally-managed
[2.937s] Level 1:colcon.colcon_core.environment:checking '/home/parham/Dev/ros2_foxy/science/sience_gui/science_ws/install/push_button' for CMake module files
[2.941s] Level 1:colcon.colcon_core.environment:checking '/home/parham/Dev/ros2_foxy/science/sience_gui/science_ws/install/push_button' for CMake config files
[2.945s] Level 1:colcon.colcon_core.environment:checking '/home/parham/Dev/ros2_foxy/science/sience_gui/science_ws/install/push_button/lib'
[2.947s] Level 1:colcon.colcon_core.environment:checking '/home/parham/Dev/ros2_foxy/science/sience_gui/science_ws/install/push_button/bin'
[2.947s] Level 1:colcon.colcon_core.environment:checking '/home/parham/Dev/ros2_foxy/science/sience_gui/science_ws/install/push_button/lib/pkgconfig/push_button.pc'
[2.948s] Level 1:colcon.colcon_core.environment:checking '/home/parham/Dev/ros2_foxy/science/sience_gui/science_ws/install/push_button/lib/python3.8/site-packages'
[2.948s] Level 1:colcon.colcon_core.shell:create_environment_hook('push_button', 'pythonpath')
[2.953s] INFO:colcon.colcon_core.shell:Creating environment hook '/home/parham/Dev/ros2_foxy/science/sience_gui/science_ws/install/push_button/share/push_button/hook/pythonpath.ps1'
[2.956s] INFO:colcon.colcon_core.shell:Creating environment descriptor '/home/parham/Dev/ros2_foxy/science/sience_gui/science_ws/install/push_button/share/push_button/hook/pythonpath.dsv'
[2.958s] INFO:colcon.colcon_core.shell:Creating environment hook '/home/parham/Dev/ros2_foxy/science/sience_gui/science_ws/install/push_button/share/push_button/hook/pythonpath.sh'
[2.961s] Level 1:colcon.colcon_core.environment:create_environment_scripts_only(push_button)
[2.967s] INFO:colcon.colcon_core.shell:Creating package script '/home/parham/Dev/ros2_foxy/science/sience_gui/science_ws/install/push_button/share/push_button/package.ps1'
[2.971s] INFO:colcon.colcon_core.shell:Creating package descriptor '/home/parham/Dev/ros2_foxy/science/sience_gui/science_ws/install/push_button/share/push_button/package.dsv'
[2.973s] INFO:colcon.colcon_core.shell:Creating package script '/home/parham/Dev/ros2_foxy/science/sience_gui/science_ws/install/push_button/share/push_button/package.sh'
[2.974s] INFO:colcon.colcon_core.shell:Creating package script '/home/parham/Dev/ros2_foxy/science/sience_gui/science_ws/install/push_button/share/push_button/package.bash'
[2.977s] INFO:colcon.colcon_core.shell:Creating package script '/home/parham/Dev/ros2_foxy/science/sience_gui/science_ws/install/push_button/share/push_button/package.zsh'
[2.978s] Level 1:colcon.colcon_core.environment:create_file_with_runtime_dependencies(/home/parham/Dev/ros2_foxy/science/sience_gui/science_ws/install/push_button/share/colcon-core/packages/push_button)
[16.893s] DEBUG:colcon.colcon_core.event_handler.log_command:Invoked command in '/home/parham/Dev/ros2_foxy/science/sience_gui/science_ws/build/push_button_interface' returned '0': CMAKE_PREFIX_PATH=${CMAKE_PREFIX_PATH}:/home/parham/Dev/ros2_foxy/science/sience_gui/science_ws/install/push_button:/home/parham/ws_moveit2/install/ros2controlcli:/opt/ros/foxy /usr/bin/cmake /home/parham/Dev/ros2_foxy/science/sience_gui/science_ws/src/push_button_interface -DCMAKE_INSTALL_PREFIX=/home/parham/Dev/ros2_foxy/science/sience_gui/science_ws/install/push_button_interface
[16.897s] DEBUG:colcon.colcon_core.event_handler.log_command:Invoking command in '/home/parham/Dev/ros2_foxy/science/sience_gui/science_ws/build/push_button_interface': CMAKE_PREFIX_PATH=${CMAKE_PREFIX_PATH}:/home/parham/Dev/ros2_foxy/science/sience_gui/science_ws/install/push_button:/home/parham/ws_moveit2/install/ros2controlcli:/opt/ros/foxy /usr/bin/cmake --build /home/parham/Dev/ros2_foxy/science/sience_gui/science_ws/build/push_button_interface -- -j4 -l4
[43.069s] DEBUG:colcon.colcon_core.event_handler.log_command:Invoked command in '/home/parham/Dev/ros2_foxy/science/sience_gui/science_ws/build/push_button_interface' returned '0': CMAKE_PREFIX_PATH=${CMAKE_PREFIX_PATH}:/home/parham/Dev/ros2_foxy/science/sience_gui/science_ws/install/push_button:/home/parham/ws_moveit2/install/ros2controlcli:/opt/ros/foxy /usr/bin/cmake --build /home/parham/Dev/ros2_foxy/science/sience_gui/science_ws/build/push_button_interface -- -j4 -l4
[43.231s] DEBUG:colcon.colcon_core.event_handler.log_command:Invoking command in '/home/parham/Dev/ros2_foxy/science/sience_gui/science_ws/build/push_button_interface': CMAKE_PREFIX_PATH=${CMAKE_PREFIX_PATH}:/home/parham/Dev/ros2_foxy/science/sience_gui/science_ws/install/push_button:/home/parham/ws_moveit2/install/ros2controlcli:/opt/ros/foxy /usr/bin/cmake --install /home/parham/Dev/ros2_foxy/science/sience_gui/science_ws/build/push_button_interface
[43.331s] Level 1:colcon.colcon_core.environment:create_environment_scripts_only(push_button_interface)
[43.332s] Level 1:colcon.colcon_core.environment:checking '/home/parham/Dev/ros2_foxy/science/sience_gui/science_ws/install/push_button_interface' for CMake module files
[43.333s] DEBUG:colcon.colcon_core.event_handler.log_command:Invoked command in '/home/parham/Dev/ros2_foxy/science/sience_gui/science_ws/build/push_button_interface' returned '0': CMAKE_PREFIX_PATH=${CMAKE_PREFIX_PATH}:/home/parham/Dev/ros2_foxy/science/sience_gui/science_ws/install/push_button:/home/parham/ws_moveit2/install/ros2controlcli:/opt/ros/foxy /usr/bin/cmake --install /home/parham/Dev/ros2_foxy/science/sience_gui/science_ws/build/push_button_interface
[43.333s] Level 1:colcon.colcon_core.environment:checking '/home/parham/Dev/ros2_foxy/science/sience_gui/science_ws/install/push_button_interface' for CMake config files
[43.334s] Level 1:colcon.colcon_core.shell:create_environment_hook('push_button_interface', 'cmake_prefix_path')
[43.334s] INFO:colcon.colcon_core.shell:Creating environment hook '/home/parham/Dev/ros2_foxy/science/sience_gui/science_ws/install/push_button_interface/share/push_button_interface/hook/cmake_prefix_path.ps1'
[43.335s] INFO:colcon.colcon_core.shell:Creating environment descriptor '/home/parham/Dev/ros2_foxy/science/sience_gui/science_ws/install/push_button_interface/share/push_button_interface/hook/cmake_prefix_path.dsv'
[43.335s] INFO:colcon.colcon_core.shell:Creating environment hook '/home/parham/Dev/ros2_foxy/science/sience_gui/science_ws/install/push_button_interface/share/push_button_interface/hook/cmake_prefix_path.sh'
[43.335s] Level 1:colcon.colcon_core.environment:checking '/home/parham/Dev/ros2_foxy/science/sience_gui/science_ws/install/push_button_interface/lib'
[43.336s] Level 1:colcon.colcon_core.shell:create_environment_hook('push_button_interface', 'ld_library_path_lib')
[43.336s] INFO:colcon.colcon_core.shell:Creating environment hook '/home/parham/Dev/ros2_foxy/science/sience_gui/science_ws/install/push_button_interface/share/push_button_interface/hook/ld_library_path_lib.ps1'
[43.337s] INFO:colcon.colcon_core.shell:Creating environment descriptor '/home/parham/Dev/ros2_foxy/science/sience_gui/science_ws/install/push_button_interface/share/push_button_interface/hook/ld_library_path_lib.dsv'
[43.337s] INFO:colcon.colcon_core.shell:Creating environment hook '/home/parham/Dev/ros2_foxy/science/sience_gui/science_ws/install/push_button_interface/share/push_button_interface/hook/ld_library_path_lib.sh'
[43.337s] Level 1:colcon.colcon_core.environment:checking '/home/parham/Dev/ros2_foxy/science/sience_gui/science_ws/install/push_button_interface/bin'
[43.337s] Level 1:colcon.colcon_core.environment:checking '/home/parham/Dev/ros2_foxy/science/sience_gui/science_ws/install/push_button_interface/lib/pkgconfig/push_button_interface.pc'
[43.338s] Level 1:colcon.colcon_core.environment:checking '/home/parham/Dev/ros2_foxy/science/sience_gui/science_ws/install/push_button_interface/lib/python3.8/site-packages'
[43.338s] Level 1:colcon.colcon_core.shell:create_environment_hook('push_button_interface', 'pythonpath')
[43.338s] INFO:colcon.colcon_core.shell:Creating environment hook '/home/parham/Dev/ros2_foxy/science/sience_gui/science_ws/install/push_button_interface/share/push_button_interface/hook/pythonpath.ps1'
[43.338s] INFO:colcon.colcon_core.shell:Creating environment descriptor '/home/parham/Dev/ros2_foxy/science/sience_gui/science_ws/install/push_button_interface/share/push_button_interface/hook/pythonpath.dsv'
[43.339s] INFO:colcon.colcon_core.shell:Creating environment hook '/home/parham/Dev/ros2_foxy/science/sience_gui/science_ws/install/push_button_interface/share/push_button_interface/hook/pythonpath.sh'
[43.340s] INFO:colcon.colcon_core.shell:Creating package script '/home/parham/Dev/ros2_foxy/science/sience_gui/science_ws/install/push_button_interface/share/push_button_interface/package.ps1'
[43.340s] INFO:colcon.colcon_core.shell:Creating package descriptor '/home/parham/Dev/ros2_foxy/science/sience_gui/science_ws/install/push_button_interface/share/push_button_interface/package.dsv'
[43.341s] INFO:colcon.colcon_core.shell:Creating package script '/home/parham/Dev/ros2_foxy/science/sience_gui/science_ws/install/push_button_interface/share/push_button_interface/package.sh'
[43.341s] INFO:colcon.colcon_core.shell:Creating package script '/home/parham/Dev/ros2_foxy/science/sience_gui/science_ws/install/push_button_interface/share/push_button_interface/package.bash'
[43.342s] INFO:colcon.colcon_core.shell:Creating package script '/home/parham/Dev/ros2_foxy/science/sience_gui/science_ws/install/push_button_interface/share/push_button_interface/package.zsh'
[43.343s] Level 1:colcon.colcon_core.environment:create_file_with_runtime_dependencies(/home/parham/Dev/ros2_foxy/science/sience_gui/science_ws/install/push_button_interface/share/colcon-core/packages/push_button_interface)
[43.491s] Level 1:colcon.colcon_core.environment:create_environment_scripts_only(push_button_interface)
[43.492s] Level 1:colcon.colcon_core.environment:checking '/home/parham/Dev/ros2_foxy/science/sience_gui/science_ws/install/push_button_interface' for CMake module files
[43.493s] Level 1:colcon.colcon_core.environment:checking '/home/parham/Dev/ros2_foxy/science/sience_gui/science_ws/install/push_button_interface' for CMake config files
[43.493s] Level 1:colcon.colcon_core.shell:create_environment_hook('push_button_interface', 'cmake_prefix_path')
[43.494s] INFO:colcon.colcon_core.shell:Creating environment hook '/home/parham/Dev/ros2_foxy/science/sience_gui/science_ws/install/push_button_interface/share/push_button_interface/hook/cmake_prefix_path.ps1'
[43.494s] INFO:colcon.colcon_core.shell:Creating environment descriptor '/home/parham/Dev/ros2_foxy/science/sience_gui/science_ws/install/push_button_interface/share/push_button_interface/hook/cmake_prefix_path.dsv'
[43.494s] INFO:colcon.colcon_core.shell:Creating environment hook '/home/parham/Dev/ros2_foxy/science/sience_gui/science_ws/install/push_button_interface/share/push_button_interface/hook/cmake_prefix_path.sh'
[43.495s] Level 1:colcon.colcon_core.environment:checking '/home/parham/Dev/ros2_foxy/science/sience_gui/science_ws/install/push_button_interface/lib'
[43.495s] Level 1:colcon.colcon_core.shell:create_environment_hook('push_button_interface', 'ld_library_path_lib')
[43.496s] INFO:colcon.colcon_core.shell:Creating environment hook '/home/parham/Dev/ros2_foxy/science/sience_gui/science_ws/install/push_button_interface/share/push_button_interface/hook/ld_library_path_lib.ps1'
[43.496s] INFO:colcon.colcon_core.shell:Creating environment descriptor '/home/parham/Dev/ros2_foxy/science/sience_gui/science_ws/install/push_button_interface/share/push_button_interface/hook/ld_library_path_lib.dsv'
[43.496s] INFO:colcon.colcon_core.shell:Creating environment hook '/home/parham/Dev/ros2_foxy/science/sience_gui/science_ws/install/push_button_interface/share/push_button_interface/hook/ld_library_path_lib.sh'
[43.497s] Level 1:colcon.colcon_core.environment:checking '/home/parham/Dev/ros2_foxy/science/sience_gui/science_ws/install/push_button_interface/bin'
[43.497s] Level 1:colcon.colcon_core.environment:checking '/home/parham/Dev/ros2_foxy/science/sience_gui/science_ws/install/push_button_interface/lib/pkgconfig/push_button_interface.pc'
[43.497s] Level 1:colcon.colcon_core.environment:checking '/home/parham/Dev/ros2_foxy/science/sience_gui/science_ws/install/push_button_interface/lib/python3.8/site-packages'
[43.497s] Level 1:colcon.colcon_core.shell:create_environment_hook('push_button_interface', 'pythonpath')
[43.498s] INFO:colcon.colcon_core.shell:Creating environment hook '/home/parham/Dev/ros2_foxy/science/sience_gui/science_ws/install/push_button_interface/share/push_button_interface/hook/pythonpath.ps1'
[43.498s] INFO:colcon.colcon_core.shell:Creating environment descriptor '/home/parham/Dev/ros2_foxy/science/sience_gui/science_ws/install/push_button_interface/share/push_button_interface/hook/pythonpath.dsv'
[43.498s] INFO:colcon.colcon_core.shell:Creating environment hook '/home/parham/Dev/ros2_foxy/science/sience_gui/science_ws/install/push_button_interface/share/push_button_interface/hook/pythonpath.sh'
[43.499s] INFO:colcon.colcon_core.shell:Creating package script '/home/parham/Dev/ros2_foxy/science/sience_gui/science_ws/install/push_button_interface/share/push_button_interface/package.ps1'
[43.500s] INFO:colcon.colcon_core.shell:Creating package descriptor '/home/parham/Dev/ros2_foxy/science/sience_gui/science_ws/install/push_button_interface/share/push_button_interface/package.dsv'
[43.500s] INFO:colcon.colcon_core.shell:Creating package script '/home/parham/Dev/ros2_foxy/science/sience_gui/science_ws/install/push_button_interface/share/push_button_interface/package.sh'
[43.501s] INFO:colcon.colcon_core.shell:Creating package script '/home/parham/Dev/ros2_foxy/science/sience_gui/science_ws/install/push_button_interface/share/push_button_interface/package.bash'
[43.501s] INFO:colcon.colcon_core.shell:Creating package script '/home/parham/Dev/ros2_foxy/science/sience_gui/science_ws/install/push_button_interface/share/push_button_interface/package.zsh'
[43.502s] Level 1:colcon.colcon_core.environment:create_file_with_runtime_dependencies(/home/parham/Dev/ros2_foxy/science/sience_gui/science_ws/install/push_button_interface/share/colcon-core/packages/push_button_interface)
[43.502s] DEBUG:colcon.colcon_parallel_executor.executor.parallel:closing loop
[43.502s] DEBUG:colcon.colcon_parallel_executor.executor.parallel:loop closed
[43.502s] DEBUG:colcon.colcon_parallel_executor.executor.parallel:run_until_complete finished with '0'
[43.502s] DEBUG:colcon.colcon_core.event_reactor:joining thread
[43.645s] INFO:colcon.colcon_core.plugin_system:Skipping extension 'colcon_notification.desktop_notification.terminal_notifier': Not used on non-Darwin systems
[43.646s] INFO:colcon.colcon_core.plugin_system:Skipping extension 'colcon_notification.desktop_notification.win32': Not used on non-Windows systems
[43.646s] INFO:colcon.colcon_notification.desktop_notification:Sending desktop notification using 'notify2'
[43.676s] DEBUG:colcon.colcon_core.event_reactor:joined thread
[43.677s] INFO:colcon.colcon_core.shell:Creating prefix script '/home/parham/Dev/ros2_foxy/science/sience_gui/science_ws/install/local_setup.ps1'
[43.679s] INFO:colcon.colcon_core.shell:Creating prefix util module '/home/parham/Dev/ros2_foxy/science/sience_gui/science_ws/install/_local_setup_util_ps1.py'
[43.681s] INFO:colcon.colcon_core.shell:Creating prefix chain script '/home/parham/Dev/ros2_foxy/science/sience_gui/science_ws/install/setup.ps1'
[43.689s] INFO:colcon.colcon_core.shell:Creating prefix script '/home/parham/Dev/ros2_foxy/science/sience_gui/science_ws/install/local_setup.sh'
[43.690s] INFO:colcon.colcon_core.shell:Creating prefix util module '/home/parham/Dev/ros2_foxy/science/sience_gui/science_ws/install/_local_setup_util_sh.py'
[43.691s] INFO:colcon.colcon_core.shell:Creating prefix chain script '/home/parham/Dev/ros2_foxy/science/sience_gui/science_ws/install/setup.sh'
[43.696s] INFO:colcon.colcon_core.shell:Creating prefix script '/home/parham/Dev/ros2_foxy/science/sience_gui/science_ws/install/local_setup.bash'
[43.697s] INFO:colcon.colcon_core.shell:Creating prefix chain script '/home/parham/Dev/ros2_foxy/science/sience_gui/science_ws/install/setup.bash'
[43.701s] INFO:colcon.colcon_core.shell:Creating prefix script '/home/parham/Dev/ros2_foxy/science/sience_gui/science_ws/install/local_setup.zsh'
[43.701s] INFO:colcon.colcon_core.shell:Creating prefix chain script '/home/parham/Dev/ros2_foxy/science/sience_gui/science_ws/install/setup.zsh'
