[0.404s] DEBUG:colcon:Command line arguments: ['/usr/bin/colcon', 'build']
[0.404s] DEBUG:colcon:Parsed command line arguments: Namespace(ament_cmake_args=None, base_paths=['.'], build_base='build', catkin_cmake_args=None, catkin_skip_building_tests=False, cmake_args=None, cmake_clean_cache=False, cmake_clean_first=False, cmake_force_configure=False, cmake_target=None, cmake_target_skip_unavailable=False, continue_on_error=False, event_handlers=None, executor='parallel', ignore_user_meta=False, install_base='install', log_base=None, log_level=None, main=<bound method BuildVerb.main of <colcon_core.verb.build.BuildVerb object at 0x7f2cab13e5e0>>, merge_install=False, metas=['./colcon.meta'], packages_above=None, packages_above_and_dependencies=None, packages_above_depth=None, packages_end=None, packages_ignore=None, packages_ignore_regex=None, packages_select=None, packages_select_build_failed=False, packages_select_by_dep=None, packages_select_regex=None, packages_select_test_failures=False, packages_skip=None, packages_skip_build_finished=False, packages_skip_by_dep=None, packages_skip_regex=None, packages_skip_test_passed=False, packages_skip_up_to=None, packages_start=None, packages_up_to=None, packages_up_to_regex=None, parallel_workers=4, paths=None, symlink_install=False, test_result_base=None, verb_extension=<colcon_core.verb.build.BuildVerb object at 0x7f2cab13e5e0>, verb_name='build', verb_parser=<colcon_defaults.argument_parser.defaults.DefaultArgumentsDecorator object at 0x7f2cab13eb20>)
[0.409s] Level 1:colcon.colcon_core.package_discovery:discover_packages(colcon_meta) check parameters
[0.410s] Level 1:colcon.colcon_core.package_discovery:discover_packages(recursive) check parameters
[0.410s] Level 1:colcon.colcon_core.package_discovery:discover_packages(ignore) check parameters
[0.410s] Level 1:colcon.colcon_core.package_discovery:discover_packages(path) check parameters
[0.410s] Level 1:colcon.colcon_core.package_discovery:discover_packages(colcon_meta) discover
[0.410s] Level 1:colcon.colcon_core.package_discovery:discover_packages(recursive) discover
[0.410s] INFO:colcon.colcon_core.package_discovery:Crawling recursively for packages in '/home/parham/Dev/ros2_foxy/science/science-gui/science_ws'
[0.410s] Level 1:colcon.colcon_core.package_identification:_identify(.) by extensions ['ignore', 'ignore_ament_install']
[0.410s] Level 1:colcon.colcon_core.package_identification:_identify(.) by extension 'ignore'
[0.410s] Level 1:colcon.colcon_core.package_identification:_identify(.) by extension 'ignore_ament_install'
[0.410s] Level 1:colcon.colcon_core.package_identification:_identify(.) by extensions ['colcon_pkg']
[0.410s] Level 1:colcon.colcon_core.package_identification:_identify(.) by extension 'colcon_pkg'
[0.410s] Level 1:colcon.colcon_core.package_identification:_identify(.) by extensions ['colcon_meta']
[0.410s] Level 1:colcon.colcon_core.package_identification:_identify(.) by extension 'colcon_meta'
[0.410s] Level 1:colcon.colcon_core.package_identification:_identify(.) by extensions ['ros']
[0.410s] Level 1:colcon.colcon_core.package_identification:_identify(.) by extension 'ros'
[0.422s] Level 1:colcon.colcon_core.package_identification:_identify(.) by extensions ['cmake', 'python']
[0.422s] Level 1:colcon.colcon_core.package_identification:_identify(.) by extension 'cmake'
[0.422s] Level 1:colcon.colcon_core.package_identification:_identify(.) by extension 'python'
[0.422s] Level 1:colcon.colcon_core.package_identification:_identify(.) by extensions ['python_setup_py']
[0.422s] Level 1:colcon.colcon_core.package_identification:_identify(.) by extension 'python_setup_py'
[0.422s] Level 1:colcon.colcon_core.package_identification:_identify(build) by extensions ['ignore', 'ignore_ament_install']
[0.422s] Level 1:colcon.colcon_core.package_identification:_identify(build) by extension 'ignore'
[0.422s] Level 1:colcon.colcon_core.package_identification:_identify(build) ignored
[0.422s] Level 1:colcon.colcon_core.package_identification:_identify(install) by extensions ['ignore', 'ignore_ament_install']
[0.422s] Level 1:colcon.colcon_core.package_identification:_identify(install) by extension 'ignore'
[0.422s] Level 1:colcon.colcon_core.package_identification:_identify(install) ignored
[0.422s] Level 1:colcon.colcon_core.package_identification:_identify(log) by extensions ['ignore', 'ignore_ament_install']
[0.422s] Level 1:colcon.colcon_core.package_identification:_identify(log) by extension 'ignore'
[0.423s] Level 1:colcon.colcon_core.package_identification:_identify(log) ignored
[0.423s] Level 1:colcon.colcon_core.package_identification:_identify(src) by extensions ['ignore', 'ignore_ament_install']
[0.423s] Level 1:colcon.colcon_core.package_identification:_identify(src) by extension 'ignore'
[0.423s] Level 1:colcon.colcon_core.package_identification:_identify(src) by extension 'ignore_ament_install'
[0.423s] Level 1:colcon.colcon_core.package_identification:_identify(src) by extensions ['colcon_pkg']
[0.423s] Level 1:colcon.colcon_core.package_identification:_identify(src) by extension 'colcon_pkg'
[0.423s] Level 1:colcon.colcon_core.package_identification:_identify(src) by extensions ['colcon_meta']
[0.423s] Level 1:colcon.colcon_core.package_identification:_identify(src) by extension 'colcon_meta'
[0.423s] Level 1:colcon.colcon_core.package_identification:_identify(src) by extensions ['ros']
[0.423s] Level 1:colcon.colcon_core.package_identification:_identify(src) by extension 'ros'
[0.423s] Level 1:colcon.colcon_core.package_identification:_identify(src) by extensions ['cmake', 'python']
[0.423s] Level 1:colcon.colcon_core.package_identification:_identify(src) by extension 'cmake'
[0.423s] Level 1:colcon.colcon_core.package_identification:_identify(src) by extension 'python'
[0.423s] Level 1:colcon.colcon_core.package_identification:_identify(src) by extensions ['python_setup_py']
[0.423s] Level 1:colcon.colcon_core.package_identification:_identify(src) by extension 'python_setup_py'
[0.423s] Level 1:colcon.colcon_core.package_identification:_identify(src/push_button) by extensions ['ignore', 'ignore_ament_install']
[0.423s] Level 1:colcon.colcon_core.package_identification:_identify(src/push_button) by extension 'ignore'
[0.423s] Level 1:colcon.colcon_core.package_identification:_identify(src/push_button) by extension 'ignore_ament_install'
[0.424s] Level 1:colcon.colcon_core.package_identification:_identify(src/push_button) by extensions ['colcon_pkg']
[0.424s] Level 1:colcon.colcon_core.package_identification:_identify(src/push_button) by extension 'colcon_pkg'
[0.424s] Level 1:colcon.colcon_core.package_identification:_identify(src/push_button) by extensions ['colcon_meta']
[0.424s] Level 1:colcon.colcon_core.package_identification:_identify(src/push_button) by extension 'colcon_meta'
[0.424s] Level 1:colcon.colcon_core.package_identification:_identify(src/push_button) by extensions ['ros']
[0.424s] Level 1:colcon.colcon_core.package_identification:_identify(src/push_button) by extension 'ros'
[0.426s] DEBUG:colcon.colcon_core.package_identification:Package 'src/push_button' with type 'ros.ament_python' and name 'push_button'
[0.426s] Level 1:colcon.colcon_core.package_identification:_identify(src/push_button_interface) by extensions ['ignore', 'ignore_ament_install']
[0.426s] Level 1:colcon.colcon_core.package_identification:_identify(src/push_button_interface) by extension 'ignore'
[0.426s] Level 1:colcon.colcon_core.package_identification:_identify(src/push_button_interface) by extension 'ignore_ament_install'
[0.426s] Level 1:colcon.colcon_core.package_identification:_identify(src/push_button_interface) by extensions ['colcon_pkg']
[0.426s] Level 1:colcon.colcon_core.package_identification:_identify(src/push_button_interface) by extension 'colcon_pkg'
[0.426s] Level 1:colcon.colcon_core.package_identification:_identify(src/push_button_interface) by extensions ['colcon_meta']
[0.426s] Level 1:colcon.colcon_core.package_identification:_identify(src/push_button_interface) by extension 'colcon_meta'
[0.426s] Level 1:colcon.colcon_core.package_identification:_identify(src/push_button_interface) by extensions ['ros']
[0.426s] Level 1:colcon.colcon_core.package_identification:_identify(src/push_button_interface) by extension 'ros'
[0.427s] DEBUG:colcon.colcon_core.package_identification:Package 'src/push_button_interface' with type 'ros.ament_cmake' and name 'push_button_interface'
[0.427s] Level 1:colcon.colcon_core.package_discovery:discover_packages(recursive) using defaults
[0.427s] Level 1:colcon.colcon_core.package_discovery:discover_packages(ignore) discover
[0.427s] Level 1:colcon.colcon_core.package_discovery:discover_packages(ignore) using defaults
[0.427s] Level 1:colcon.colcon_core.package_discovery:discover_packages(path) discover
[0.427s] Level 1:colcon.colcon_core.package_discovery:discover_packages(path) using defaults
[0.447s] Level 5:colcon.colcon_core.verb:set package 'push_button' build argument 'cmake_args' from command line to 'None'
[0.447s] Level 5:colcon.colcon_core.verb:set package 'push_button' build argument 'cmake_target' from command line to 'None'
[0.447s] Level 5:colcon.colcon_core.verb:set package 'push_button' build argument 'cmake_target_skip_unavailable' from command line to 'False'
[0.447s] Level 5:colcon.colcon_core.verb:set package 'push_button' build argument 'cmake_clean_cache' from command line to 'False'
[0.447s] Level 5:colcon.colcon_core.verb:set package 'push_button' build argument 'cmake_clean_first' from command line to 'False'
[0.447s] Level 5:colcon.colcon_core.verb:set package 'push_button' build argument 'cmake_force_configure' from command line to 'False'
[0.447s] Level 5:colcon.colcon_core.verb:set package 'push_button' build argument 'ament_cmake_args' from command line to 'None'
[0.447s] Level 5:colcon.colcon_core.verb:set package 'push_button' build argument 'catkin_cmake_args' from command line to 'None'
[0.447s] Level 5:colcon.colcon_core.verb:set package 'push_button' build argument 'catkin_skip_building_tests' from command line to 'False'
[0.447s] DEBUG:colcon.colcon_core.verb:Building package 'push_button' with the following arguments: {'ament_cmake_args': None, 'build_base': '/home/parham/Dev/ros2_foxy/science/science-gui/science_ws/build/push_button', 'catkin_cmake_args': None, 'catkin_skip_building_tests': False, 'cmake_args': None, 'cmake_clean_cache': False, 'cmake_clean_first': False, 'cmake_force_configure': False, 'cmake_target': None, 'cmake_target_skip_unavailable': False, 'install_base': '/home/parham/Dev/ros2_foxy/science/science-gui/science_ws/install/push_button', 'merge_install': False, 'path': '/home/parham/Dev/ros2_foxy/science/science-gui/science_ws/src/push_button', 'symlink_install': False, 'test_result_base': None}
[0.450s] Level 5:colcon.colcon_core.verb:set package 'push_button_interface' build argument 'cmake_args' from command line to 'None'
[0.450s] Level 5:colcon.colcon_core.verb:set package 'push_button_interface' build argument 'cmake_target' from command line to 'None'
[0.450s] Level 5:colcon.colcon_core.verb:set package 'push_button_interface' build argument 'cmake_target_skip_unavailable' from command line to 'False'
[0.450s] Level 5:colcon.colcon_core.verb:set package 'push_button_interface' build argument 'cmake_clean_cache' from command line to 'False'
[0.450s] Level 5:colcon.colcon_core.verb:set package 'push_button_interface' build argument 'cmake_clean_first' from command line to 'False'
[0.450s] Level 5:colcon.colcon_core.verb:set package 'push_button_interface' build argument 'cmake_force_configure' from command line to 'False'
[0.450s] Level 5:colcon.colcon_core.verb:set package 'push_button_interface' build argument 'ament_cmake_args' from command line to 'None'
[0.450s] Level 5:colcon.colcon_core.verb:set package 'push_button_interface' build argument 'catkin_cmake_args' from command line to 'None'
[0.450s] Level 5:colcon.colcon_core.verb:set package 'push_button_interface' build argument 'catkin_skip_building_tests' from command line to 'False'
[0.450s] DEBUG:colcon.colcon_core.verb:Building package 'push_button_interface' with the following arguments: {'ament_cmake_args': None, 'build_base': '/home/parham/Dev/ros2_foxy/science/science-gui/science_ws/build/push_button_interface', 'catkin_cmake_args': None, 'catkin_skip_building_tests': False, 'cmake_args': None, 'cmake_clean_cache': False, 'cmake_clean_first': False, 'cmake_force_configure': False, 'cmake_target': None, 'cmake_target_skip_unavailable': False, 'install_base': '/home/parham/Dev/ros2_foxy/science/science-gui/science_ws/install/push_button_interface', 'merge_install': False, 'path': '/home/parham/Dev/ros2_foxy/science/science-gui/science_ws/src/push_button_interface', 'symlink_install': False, 'test_result_base': None}
[0.450s] INFO:colcon.colcon_core.executor:Executing jobs using 'parallel' executor
[0.453s] DEBUG:colcon.colcon_parallel_executor.executor.parallel:run_until_complete
[0.453s] INFO:colcon.colcon_ros.task.ament_python.build:Building ROS package in '/home/parham/Dev/ros2_foxy/science/science-gui/science_ws/src/push_button' with build type 'ament_python'
[0.453s] Level 1:colcon.colcon_core.shell:create_environment_hook('push_button', 'ament_prefix_path')
[0.458s] INFO:colcon.colcon_core.plugin_system:Skipping extension 'colcon_core.shell.bat': Not used on non-Windows systems
[0.458s] INFO:colcon.colcon_core.shell:Creating environment hook '/home/parham/Dev/ros2_foxy/science/science-gui/science_ws/install/push_button/share/push_button/hook/ament_prefix_path.ps1'
[0.459s] INFO:colcon.colcon_core.shell:Creating environment descriptor '/home/parham/Dev/ros2_foxy/science/science-gui/science_ws/install/push_button/share/push_button/hook/ament_prefix_path.dsv'
[0.459s] INFO:colcon.colcon_core.shell:Creating environment hook '/home/parham/Dev/ros2_foxy/science/science-gui/science_ws/install/push_button/share/push_button/hook/ament_prefix_path.sh'
[0.460s] INFO:colcon.colcon_core.shell:Skip shell extension 'powershell' for command environment: Not usable outside of PowerShell
[0.460s] DEBUG:colcon.colcon_core.shell:Skip shell extension 'dsv' for command environment
[0.462s] WARNING:colcon.colcon_core.prefix_path.colcon:The path '/home/parham/Dev/ros2_foxy/science/science-gui/install' in the environment variable COLCON_PREFIX_PATH doesn't exist
[0.462s] WARNING:colcon.colcon_ros.prefix_path.ament:The path '/home/parham/Dev/ros2_foxy/science/science-gui/install/push_button_interface' in the environment variable AMENT_PREFIX_PATH doesn't exist
[0.462s] WARNING:colcon.colcon_ros.prefix_path.ament:The path '/home/parham/Dev/ros2_foxy/science/science-gui/install/push_button' in the environment variable AMENT_PREFIX_PATH doesn't exist
[0.464s] WARNING:colcon.colcon_ros.prefix_path.catkin:The path '/home/parham/Dev/ros2_foxy/science/science-gui/install/push_button_interface' in the environment variable CMAKE_PREFIX_PATH doesn't exist
[0.468s] DEBUG:colcon.colcon_core.shell:Ignoring prefix path '/opt/ros/foxy'
[0.471s] INFO:colcon.colcon_ros.task.ament_cmake.build:Building ROS package in '/home/parham/Dev/ros2_foxy/science/science-gui/science_ws/src/push_button_interface' with build type 'ament_cmake'
[0.471s] INFO:colcon.colcon_cmake.task.cmake.build:Building CMake package in '/home/parham/Dev/ros2_foxy/science/science-gui/science_ws/src/push_button_interface'
[0.472s] INFO:colcon.colcon_core.shell:Skip shell extension 'powershell' for command environment: Not usable outside of PowerShell
[0.473s] DEBUG:colcon.colcon_core.shell:Skip shell extension 'dsv' for command environment
[0.483s] DEBUG:colcon.colcon_core.shell:Ignoring prefix path '/opt/ros/foxy'
[0.752s] INFO:colcon.colcon_core.task.python.build:Building Python package in '/home/parham/Dev/ros2_foxy/science/science-gui/science_ws/src/push_button'
[0.753s] INFO:colcon.colcon_core.shell:Skip shell extension 'powershell' for command environment: Not usable outside of PowerShell
[0.753s] DEBUG:colcon.colcon_core.shell:Skip shell extension 'dsv' for command environment
[0.761s] DEBUG:colcon.colcon_core.shell:Ignoring prefix path '/opt/ros/foxy'
[0.767s] DEBUG:colcon.colcon_core.event_handler.log_command:Invoking command in '/home/parham/Dev/ros2_foxy/science/science-gui/science_ws/build/push_button_interface': CMAKE_PREFIX_PATH=${CMAKE_PREFIX_PATH}:/home/parham/Dev/ros2_foxy/science/science-gui/science_ws/install/push_button:/home/parham/Dev/ros2_foxy/science/science-gui/install/push_button:/home/parham/ws_moveit2/install/ros2controlcli:/opt/ros/foxy /usr/bin/cmake /home/parham/Dev/ros2_foxy/science/science-gui/science_ws/src/push_button_interface -DCMAKE_INSTALL_PREFIX=/home/parham/Dev/ros2_foxy/science/science-gui/science_ws/install/push_button_interface
[0.779s] DEBUG:colcon.colcon_core.event_handler.log_command:Invoking command in '/home/parham/Dev/ros2_foxy/science/science-gui/science_ws/src/push_button': PYTHONPATH=/home/parham/Dev/ros2_foxy/science/science-gui/science_ws/install/push_button/lib/python3.8/site-packages:${PYTHONPATH} /usr/bin/python3 setup.py egg_info --egg-base ../../build/push_button build --build-base /home/parham/Dev/ros2_foxy/science/science-gui/science_ws/build/push_button/build install --prefix /home/parham/Dev/ros2_foxy/science/science-gui/science_ws/install/push_button --record /home/parham/Dev/ros2_foxy/science/science-gui/science_ws/build/push_button/install.log --single-version-externally-managed
[1.256s] DEBUG:colcon.colcon_core.event_handler.log_command:Invoked command in '/home/parham/Dev/ros2_foxy/science/science-gui/science_ws/src/push_button' returned '0': PYTHONPATH=/home/parham/Dev/ros2_foxy/science/science-gui/science_ws/install/push_button/lib/python3.8/site-packages:${PYTHONPATH} /usr/bin/python3 setup.py egg_info --egg-base ../../build/push_button build --build-base /home/parham/Dev/ros2_foxy/science/science-gui/science_ws/build/push_button/build install --prefix /home/parham/Dev/ros2_foxy/science/science-gui/science_ws/install/push_button --record /home/parham/Dev/ros2_foxy/science/science-gui/science_ws/build/push_button/install.log --single-version-externally-managed
[1.259s] Level 1:colcon.colcon_core.environment:checking '/home/parham/Dev/ros2_foxy/science/science-gui/science_ws/install/push_button' for CMake module files
[1.259s] Level 1:colcon.colcon_core.environment:checking '/home/parham/Dev/ros2_foxy/science/science-gui/science_ws/install/push_button' for CMake config files
[1.260s] Level 1:colcon.colcon_core.environment:checking '/home/parham/Dev/ros2_foxy/science/science-gui/science_ws/install/push_button/lib'
[1.260s] Level 1:colcon.colcon_core.environment:checking '/home/parham/Dev/ros2_foxy/science/science-gui/science_ws/install/push_button/bin'
[1.260s] Level 1:colcon.colcon_core.environment:checking '/home/parham/Dev/ros2_foxy/science/science-gui/science_ws/install/push_button/lib/pkgconfig/push_button.pc'
[1.260s] Level 1:colcon.colcon_core.environment:checking '/home/parham/Dev/ros2_foxy/science/science-gui/science_ws/install/push_button/lib/python3.8/site-packages'
[1.260s] Level 1:colcon.colcon_core.shell:create_environment_hook('push_button', 'pythonpath')
[1.261s] INFO:colcon.colcon_core.shell:Creating environment hook '/home/parham/Dev/ros2_foxy/science/science-gui/science_ws/install/push_button/share/push_button/hook/pythonpath.ps1'
[1.261s] INFO:colcon.colcon_core.shell:Creating environment descriptor '/home/parham/Dev/ros2_foxy/science/science-gui/science_ws/install/push_button/share/push_button/hook/pythonpath.dsv'
[1.261s] INFO:colcon.colcon_core.shell:Creating environment hook '/home/parham/Dev/ros2_foxy/science/science-gui/science_ws/install/push_button/share/push_button/hook/pythonpath.sh'
[1.262s] Level 1:colcon.colcon_core.environment:create_environment_scripts_only(push_button)
[1.263s] INFO:colcon.colcon_core.shell:Creating package script '/home/parham/Dev/ros2_foxy/science/science-gui/science_ws/install/push_button/share/push_button/package.ps1'
[1.263s] INFO:colcon.colcon_core.shell:Creating package descriptor '/home/parham/Dev/ros2_foxy/science/science-gui/science_ws/install/push_button/share/push_button/package.dsv'
[1.264s] INFO:colcon.colcon_core.shell:Creating package script '/home/parham/Dev/ros2_foxy/science/science-gui/science_ws/install/push_button/share/push_button/package.sh'
[1.265s] INFO:colcon.colcon_core.shell:Creating package script '/home/parham/Dev/ros2_foxy/science/science-gui/science_ws/install/push_button/share/push_button/package.bash'
[1.266s] INFO:colcon.colcon_core.shell:Creating package script '/home/parham/Dev/ros2_foxy/science/science-gui/science_ws/install/push_button/share/push_button/package.zsh'
[1.266s] Level 1:colcon.colcon_core.environment:create_file_with_runtime_dependencies(/home/parham/Dev/ros2_foxy/science/science-gui/science_ws/install/push_button/share/colcon-core/packages/push_button)
[2.214s] DEBUG:colcon.colcon_core.event_handler.log_command:Invoked command in '/home/parham/Dev/ros2_foxy/science/science-gui/science_ws/build/push_button_interface' returned '1': CMAKE_PREFIX_PATH=${CMAKE_PREFIX_PATH}:/home/parham/Dev/ros2_foxy/science/science-gui/science_ws/install/push_button:/home/parham/Dev/ros2_foxy/science/science-gui/install/push_button:/home/parham/ws_moveit2/install/ros2controlcli:/opt/ros/foxy /usr/bin/cmake /home/parham/Dev/ros2_foxy/science/science-gui/science_ws/src/push_button_interface -DCMAKE_INSTALL_PREFIX=/home/parham/Dev/ros2_foxy/science/science-gui/science_ws/install/push_button_interface
[2.248s] Level 1:colcon.colcon_core.environment:create_environment_scripts_only(push_button_interface)
[2.250s] Level 1:colcon.colcon_core.environment:checking '/home/parham/Dev/ros2_foxy/science/science-gui/science_ws/install/push_button_interface' for CMake module files
[2.251s] Level 1:colcon.colcon_core.environment:checking '/home/parham/Dev/ros2_foxy/science/science-gui/science_ws/install/push_button_interface' for CMake config files
[2.251s] Level 1:colcon.colcon_core.environment:checking '/home/parham/Dev/ros2_foxy/science/science-gui/science_ws/install/push_button_interface/bin'
[2.251s] Level 1:colcon.colcon_core.environment:checking '/home/parham/Dev/ros2_foxy/science/science-gui/science_ws/install/push_button_interface/lib/pkgconfig/push_button_interface.pc'
[2.251s] Level 1:colcon.colcon_core.environment:checking '/home/parham/Dev/ros2_foxy/science/science-gui/science_ws/install/push_button_interface/lib/python3.8/site-packages'
[2.252s] INFO:colcon.colcon_core.shell:Creating package script '/home/parham/Dev/ros2_foxy/science/science-gui/science_ws/install/push_button_interface/share/push_button_interface/package.ps1'
[2.253s] INFO:colcon.colcon_core.shell:Creating package descriptor '/home/parham/Dev/ros2_foxy/science/science-gui/science_ws/install/push_button_interface/share/push_button_interface/package.dsv'
[2.253s] INFO:colcon.colcon_core.shell:Creating package script '/home/parham/Dev/ros2_foxy/science/science-gui/science_ws/install/push_button_interface/share/push_button_interface/package.sh'
[2.253s] INFO:colcon.colcon_core.shell:Creating package script '/home/parham/Dev/ros2_foxy/science/science-gui/science_ws/install/push_button_interface/share/push_button_interface/package.bash'
[2.254s] INFO:colcon.colcon_core.shell:Creating package script '/home/parham/Dev/ros2_foxy/science/science-gui/science_ws/install/push_button_interface/share/push_button_interface/package.zsh'
[2.254s] Level 1:colcon.colcon_core.environment:create_file_with_runtime_dependencies(/home/parham/Dev/ros2_foxy/science/science-gui/science_ws/install/push_button_interface/share/colcon-core/packages/push_button_interface)
[2.264s] DEBUG:colcon.colcon_parallel_executor.executor.parallel:closing loop
[2.265s] DEBUG:colcon.colcon_parallel_executor.executor.parallel:loop closed
[2.265s] DEBUG:colcon.colcon_parallel_executor.executor.parallel:run_until_complete finished with '1'
[2.265s] DEBUG:colcon.colcon_core.event_reactor:joining thread
[2.272s] INFO:colcon.colcon_core.plugin_system:Skipping extension 'colcon_notification.desktop_notification.terminal_notifier': Not used on non-Darwin systems
[2.272s] INFO:colcon.colcon_core.plugin_system:Skipping extension 'colcon_notification.desktop_notification.win32': Not used on non-Windows systems
[2.272s] INFO:colcon.colcon_notification.desktop_notification:Sending desktop notification using 'notify2'
[2.288s] DEBUG:colcon.colcon_core.event_reactor:joined thread
[2.289s] INFO:colcon.colcon_core.shell:Creating prefix script '/home/parham/Dev/ros2_foxy/science/science-gui/science_ws/install/local_setup.ps1'
[2.290s] INFO:colcon.colcon_core.shell:Creating prefix util module '/home/parham/Dev/ros2_foxy/science/science-gui/science_ws/install/_local_setup_util_ps1.py'
[2.292s] INFO:colcon.colcon_core.shell:Creating prefix chain script '/home/parham/Dev/ros2_foxy/science/science-gui/science_ws/install/setup.ps1'
[2.296s] INFO:colcon.colcon_core.shell:Creating prefix script '/home/parham/Dev/ros2_foxy/science/science-gui/science_ws/install/local_setup.sh'
[2.297s] INFO:colcon.colcon_core.shell:Creating prefix util module '/home/parham/Dev/ros2_foxy/science/science-gui/science_ws/install/_local_setup_util_sh.py'
[2.297s] INFO:colcon.colcon_core.shell:Creating prefix chain script '/home/parham/Dev/ros2_foxy/science/science-gui/science_ws/install/setup.sh'
[2.302s] INFO:colcon.colcon_core.shell:Creating prefix script '/home/parham/Dev/ros2_foxy/science/science-gui/science_ws/install/local_setup.bash'
[2.302s] INFO:colcon.colcon_core.shell:Creating prefix chain script '/home/parham/Dev/ros2_foxy/science/science-gui/science_ws/install/setup.bash'
[2.308s] INFO:colcon.colcon_core.shell:Creating prefix script '/home/parham/Dev/ros2_foxy/science/science-gui/science_ws/install/local_setup.zsh'
[2.308s] INFO:colcon.colcon_core.shell:Creating prefix chain script '/home/parham/Dev/ros2_foxy/science/science-gui/science_ws/install/setup.zsh'
