[0.523s] Invoking command in '/home/parham/Dev/ros2_foxy/science/sience_gui/science_ws/src/push_button': PYTHONPATH=/home/parham/Dev/ros2_foxy/science/sience_gui/science_ws/install/push_button/lib/python3.8/site-packages:${PYTHONPATH} /usr/bin/python3 setup.py egg_info --egg-base ../../build/push_button build --build-base /home/parham/Dev/ros2_foxy/science/sience_gui/science_ws/build/push_button/build install --prefix /home/parham/Dev/ros2_foxy/science/sience_gui/science_ws/install/push_button --record /home/parham/Dev/ros2_foxy/science/sience_gui/science_ws/build/push_button/install.log --single-version-externally-managed
[0.931s] running egg_info
[0.931s] creating ../../build/push_button/push_button.egg-info
[0.932s] writing ../../build/push_button/push_button.egg-info/PKG-INFO
[0.932s] writing dependency_links to ../../build/push_button/push_button.egg-info/dependency_links.txt
[0.932s] writing entry points to ../../build/push_button/push_button.egg-info/entry_points.txt
[0.933s] writing requirements to ../../build/push_button/push_button.egg-info/requires.txt
[0.933s] writing top-level names to ../../build/push_button/push_button.egg-info/top_level.txt
[0.960s] writing manifest file '../../build/push_button/push_button.egg-info/SOURCES.txt'
[1.128s] reading manifest file '../../build/push_button/push_button.egg-info/SOURCES.txt'
[1.128s] writing manifest file '../../build/push_button/push_button.egg-info/SOURCES.txt'
[1.129s] running build
[1.129s] running build_py
[1.129s] creating /home/parham/Dev/ros2_foxy/science/sience_gui/science_ws/build/push_button/build
[1.129s] creating /home/parham/Dev/ros2_foxy/science/sience_gui/science_ws/build/push_button/build/lib
[1.129s] creating /home/parham/Dev/ros2_foxy/science/sience_gui/science_ws/build/push_button/build/lib/push_button
[1.129s] copying push_button/__init__.py -> /home/parham/Dev/ros2_foxy/science/sience_gui/science_ws/build/push_button/build/lib/push_button
[1.130s] copying push_button/button_publisher.py -> /home/parham/Dev/ros2_foxy/science/sience_gui/science_ws/build/push_button/build/lib/push_button
[1.130s] copying push_button/button_subscriber.py -> /home/parham/Dev/ros2_foxy/science/sience_gui/science_ws/build/push_button/build/lib/push_button
[1.130s] running install
[1.131s] running install_lib
[1.142s] creating /home/parham/Dev/ros2_foxy/science/sience_gui/science_ws/install/push_button/lib/python3.8/site-packages/push_button
[1.142s] copying /home/parham/Dev/ros2_foxy/science/sience_gui/science_ws/build/push_button/build/lib/push_button/__init__.py -> /home/parham/Dev/ros2_foxy/science/sience_gui/science_ws/install/push_button/lib/python3.8/site-packages/push_button
[1.142s] copying /home/parham/Dev/ros2_foxy/science/sience_gui/science_ws/build/push_button/build/lib/push_button/button_publisher.py -> /home/parham/Dev/ros2_foxy/science/sience_gui/science_ws/install/push_button/lib/python3.8/site-packages/push_button
[1.142s] copying /home/parham/Dev/ros2_foxy/science/sience_gui/science_ws/build/push_button/build/lib/push_button/button_subscriber.py -> /home/parham/Dev/ros2_foxy/science/sience_gui/science_ws/install/push_button/lib/python3.8/site-packages/push_button
[1.143s] byte-compiling /home/parham/Dev/ros2_foxy/science/sience_gui/science_ws/install/push_button/lib/python3.8/site-packages/push_button/__init__.py to __init__.cpython-38.pyc
[1.145s] byte-compiling /home/parham/Dev/ros2_foxy/science/sience_gui/science_ws/install/push_button/lib/python3.8/site-packages/push_button/button_publisher.py to button_publisher.cpython-38.pyc
[1.145s] byte-compiling /home/parham/Dev/ros2_foxy/science/sience_gui/science_ws/install/push_button/lib/python3.8/site-packages/push_button/button_subscriber.py to button_subscriber.cpython-38.pyc
[1.145s] running install_data
[1.147s] creating /home/parham/Dev/ros2_foxy/science/sience_gui/science_ws/install/push_button/share/ament_index
[1.147s] creating /home/parham/Dev/ros2_foxy/science/sience_gui/science_ws/install/push_button/share/ament_index/resource_index
[1.147s] creating /home/parham/Dev/ros2_foxy/science/sience_gui/science_ws/install/push_button/share/ament_index/resource_index/packages
[1.147s] copying resource/push_button -> /home/parham/Dev/ros2_foxy/science/sience_gui/science_ws/install/push_button/share/ament_index/resource_index/packages
[1.148s] copying package.xml -> /home/parham/Dev/ros2_foxy/science/sience_gui/science_ws/install/push_button/share/push_button
[1.148s] running install_egg_info
[1.170s] Copying ../../build/push_button/push_button.egg-info to /home/parham/Dev/ros2_foxy/science/sience_gui/science_ws/install/push_button/lib/python3.8/site-packages/push_button-0.0.0-py3.8.egg-info
[1.171s] running install_scripts
[1.231s] writing list of installed files to '/home/parham/Dev/ros2_foxy/science/sience_gui/science_ws/build/push_button/install.log'
[1.304s] Invoked command in '/home/parham/Dev/ros2_foxy/science/sience_gui/science_ws/src/push_button' returned '0': PYTHONPATH=/home/parham/Dev/ros2_foxy/science/sience_gui/science_ws/install/push_button/lib/python3.8/site-packages:${PYTHONPATH} /usr/bin/python3 setup.py egg_info --egg-base ../../build/push_button build --build-base /home/parham/Dev/ros2_foxy/science/sience_gui/science_ws/build/push_button/build install --prefix /home/parham/Dev/ros2_foxy/science/sience_gui/science_ws/install/push_button --record /home/parham/Dev/ros2_foxy/science/sience_gui/science_ws/build/push_button/install.log --single-version-externally-managed
