[1.063s] Invoking command in '/home/parham/Dev/ros2_foxy/science/science-gui/science_ws/build/push_button_interface': CMAKE_PREFIX_PATH=${CMAKE_PREFIX_PATH}:/home/parham/Dev/ros2_foxy/science/science-gui/science_ws/install/push_button:/home/parham/Dev/ros2_foxy/science/science-gui/install/push_button:/home/parham/ws_moveit2/install/ros2controlcli:/opt/ros/foxy /usr/bin/cmake /home/parham/Dev/ros2_foxy/science/science-gui/science_ws/src/push_button_interface -DCMAKE_INSTALL_PREFIX=/home/parham/Dev/ros2_foxy/science/science-gui/science_ws/install/push_button_interface
[2.330s] -- Found ament_cmake: 0.9.8 (/home/parham/ros2_foxy/ros2-linux/share/ament_cmake/cmake)
[2.362s] -- Found PythonInterp: /usr/bin/python3 (found suitable version "3.8.10", minimum required is "3") 
[2.363s] -- Using PYTHON_EXECUTABLE: /usr/bin/python3
[2.582s] -- Found ament_lint_auto: 0.9.6 (/home/parham/ros2_foxy/ros2-linux/share/ament_lint_auto/cmake)
[2.649s] -- Found rosidl_default_generators: 1.0.0 (/home/parham/ros2_foxy/ros2-linux/share/rosidl_default_generators/cmake)
[2.663s] -- Using all available rosidl_typesupport_c: rosidl_typesupport_fastrtps_c;rosidl_typesupport_introspection_c;rosidl_typesupport_connext_c
[2.666s] -- Found rosidl_adapter: 1.2.0 (/home/parham/ros2_foxy/ros2-linux/share/rosidl_adapter/cmake)
[3.044s] -- Found RTI Connext: /opt/rti.com/rti_connext_dds-5.3.1
[4.197s] -- Using all available rosidl_typesupport_cpp: rosidl_typesupport_fastrtps_cpp;rosidl_typesupport_introspection_cpp;rosidl_typesupport_connext_cpp
[4.255s] -- Found PythonInterp: /usr/bin/python3 (found version "3.8.10") 
[4.330s] -- Found ament_cmake_ros: 0.9.0 (/home/parham/ros2_foxy/ros2-linux/share/ament_cmake_ros/cmake)
[4.505s] -- Using all available rosidl_typesupport_c: rosidl_typesupport_fastrtps_c;rosidl_typesupport_introspection_c;rosidl_typesupport_connext_c
[4.519s] -- Using all available rosidl_typesupport_cpp: rosidl_typesupport_fastrtps_cpp;rosidl_typesupport_introspection_cpp;rosidl_typesupport_connext_cpp
[4.549s] -- Found PythonInterp: /usr/bin/python3 (found suitable version "3.8.10", minimum required is "3.5") 
[4.557s] -- Found python_cmake_module: 0.8.0 (/home/parham/ros2_foxy/ros2-linux/share/python_cmake_module/cmake)
[4.592s] -- Found PythonLibs: /usr/lib/x86_64-linux-gnu/libpython3.8.so (found suitable version "3.8.10", minimum required is "3.5") 
[4.592s] -- Using PYTHON_EXECUTABLE: /usr/bin/python3
[4.592s] -- Using PYTHON_INCLUDE_DIRS: /usr/include/python3.8
[4.592s] -- Using PYTHON_LIBRARIES: /usr/lib/x86_64-linux-gnu/libpython3.8.so
[4.619s] -- Found PythonExtra: .so  
[4.695s] -- Added test 'copyright' to check source files copyright and LICENSE
[4.698s] -- Added test 'lint_cmake' to check CMake code style
[4.699s] -- Added test 'xmllint' to check XML markup files
[4.708s] -- Configuring done
[4.752s] -- Generating done
[4.756s] -- Build files have been written to: /home/parham/Dev/ros2_foxy/science/science-gui/science_ws/build/push_button_interface
[4.764s] Invoked command in '/home/parham/Dev/ros2_foxy/science/science-gui/science_ws/build/push_button_interface' returned '0': CMAKE_PREFIX_PATH=${CMAKE_PREFIX_PATH}:/home/parham/Dev/ros2_foxy/science/science-gui/science_ws/install/push_button:/home/parham/Dev/ros2_foxy/science/science-gui/install/push_button:/home/parham/ws_moveit2/install/ros2controlcli:/opt/ros/foxy /usr/bin/cmake /home/parham/Dev/ros2_foxy/science/science-gui/science_ws/src/push_button_interface -DCMAKE_INSTALL_PREFIX=/home/parham/Dev/ros2_foxy/science/science-gui/science_ws/install/push_button_interface
[4.766s] Invoking command in '/home/parham/Dev/ros2_foxy/science/science-gui/science_ws/build/push_button_interface': CMAKE_PREFIX_PATH=${CMAKE_PREFIX_PATH}:/home/parham/Dev/ros2_foxy/science/science-gui/science_ws/install/push_button:/home/parham/Dev/ros2_foxy/science/science-gui/install/push_button:/home/parham/ws_moveit2/install/ros2controlcli:/opt/ros/foxy /usr/bin/cmake --build /home/parham/Dev/ros2_foxy/science/science-gui/science_ws/build/push_button_interface -- -j4 -l4
[4.833s] [35m[1mScanning dependencies of target push_button_interface__cpp[0m
[4.838s] [35m[1mScanning dependencies of target push_button_interface__dds_connext_idl[0m
[4.841s] [  2%] [34m[1mGenerating C code for ROS interfaces[0m
[4.854s] [  4%] [34m[1mGenerating C++ code for ROS interfaces[0m
[4.859s] [  6%] [34m[1mGenerating DDS interfaces[0m
[5.073s] [  6%] Built target push_button_interface__dds_connext_idl
[5.261s] [35m[1mScanning dependencies of target push_button_interface__rosidl_generator_c[0m
[5.265s] [  6%] Built target push_button_interface__cpp
[5.284s] [  8%] [32mBuilding C object CMakeFiles/push_button_interface__rosidl_generator_c.dir/rosidl_generator_c/push_button_interface/msg/detail/push_button__functions.c.o[0m
[5.288s] [ 10%] [34m[1mGenerating C++ type support dispatch for ROS interfaces[0m
[5.289s] [ 12%] [34m[1mGenerating C++ introspection for ROS interfaces[0m
[5.293s] [ 14%] [34m[1mGenerating C++ type support for RTI Connext (using '/opt/rti.com/rti_connext_dds-5.3.1/bin/rtiddsgen_server')[0m
[5.429s] [ 16%] [32m[1mLinking C shared library libpush_button_interface__rosidl_generator_c.so[0m
[5.508s] [ 16%] Built target push_button_interface__rosidl_generator_c
[5.535s] [ 18%] [34m[1mGenerating C++ type support for eProsima Fast-RTPS[0m
[5.616s] [35m[1mScanning dependencies of target push_button_interface__rosidl_typesupport_cpp[0m
[5.645s] [ 20%] [32mBuilding CXX object CMakeFiles/push_button_interface__rosidl_typesupport_cpp.dir/rosidl_typesupport_cpp/push_button_interface/msg/push_button__type_support.cpp.o[0m
[5.689s] [35m[1mScanning dependencies of target push_button_interface__rosidl_typesupport_introspection_cpp[0m
[5.716s] [ 22%] [32mBuilding CXX object CMakeFiles/push_button_interface__rosidl_typesupport_introspection_cpp.dir/rosidl_typesupport_introspection_cpp/push_button_interface/msg/detail/push_button__type_support.cpp.o[0m
[6.001s] [35m[1mScanning dependencies of target push_button_interface__rosidl_typesupport_fastrtps_cpp[0m
[6.036s] [ 24%] [32mBuilding CXX object CMakeFiles/push_button_interface__rosidl_typesupport_fastrtps_cpp.dir/rosidl_typesupport_fastrtps_cpp/push_button_interface/msg/detail/dds_fastrtps/push_button__type_support.cpp.o[0m
[6.383s] [ 28%] [32m[1mLinking CXX shared library libpush_button_interface__rosidl_typesupport_introspection_cpp.so[0m
[6.383s] [ 28%] [32m[1mLinking CXX shared library libpush_button_interface__rosidl_typesupport_cpp.so[0m
[6.526s] [ 28%] Built target push_button_interface__rosidl_typesupport_cpp
[6.547s] [ 28%] Built target push_button_interface__rosidl_typesupport_introspection_cpp
[6.571s] [ 30%] [34m[1mGenerating C type support dispatch for ROS interfaces[0m
[6.574s] [ 32%] [34m[1mGenerating C introspection for ROS interfaces[0m
[6.828s] [ 34%] [32m[1mLinking CXX shared library libpush_button_interface__rosidl_typesupport_fastrtps_cpp.so[0m
[7.092s] [35m[1mScanning dependencies of target push_button_interface__rosidl_typesupport_c[0m
[7.143s] [35m[1mScanning dependencies of target push_button_interface__rosidl_typesupport_introspection_c[0m
[7.144s] [ 36%] [32mBuilding CXX object CMakeFiles/push_button_interface__rosidl_typesupport_c.dir/rosidl_typesupport_c/push_button_interface/msg/push_button__type_support.cpp.o[0m
[7.176s] [ 36%] Built target push_button_interface__rosidl_typesupport_fastrtps_cpp
[7.200s] [ 38%] [34m[1mGenerating C type support for eProsima Fast-RTPS[0m
[7.210s] [ 40%] [32mBuilding C object CMakeFiles/push_button_interface__rosidl_typesupport_introspection_c.dir/rosidl_typesupport_introspection_c/push_button_interface/msg/detail/push_button__type_support.c.o[0m
[7.222s] [ 42%] [32m[1mLinking CXX shared library libpush_button_interface__rosidl_typesupport_c.so[0m
[7.292s] [ 44%] [32m[1mLinking C shared library libpush_button_interface__rosidl_typesupport_introspection_c.so[0m
[7.308s] [ 44%] Built target push_button_interface__rosidl_typesupport_c
[7.357s] [ 44%] Built target push_button_interface__rosidl_typesupport_introspection_c
[7.432s] INFO com.rti.ndds.nddsgen.Main Running rtiddsgen version 2.5.2, please wait ...
[7.432s] INFO com.rti.ndds.nddsgen.Main Done
[7.580s] [35m[1mScanning dependencies of target push_button_interface__rosidl_typesupport_connext_cpp[0m
[7.650s] [35m[1mScanning dependencies of target push_button_interface__rosidl_typesupport_fastrtps_c[0m
[7.676s] [ 46%] [32mBuilding CXX object CMakeFiles/push_button_interface__rosidl_typesupport_fastrtps_c.dir/rosidl_typesupport_fastrtps_c/push_button_interface/msg/detail/push_button__type_support_c.cpp.o[0m
[7.686s] [ 48%] [32mBuilding CXX object CMakeFiles/push_button_interface__rosidl_typesupport_connext_cpp.dir/rosidl_typesupport_connext_cpp/push_button_interface/msg/dds_connext/push_button__type_support.cpp.o[0m
[7.697s] [ 51%] [32mBuilding CXX object CMakeFiles/push_button_interface__rosidl_typesupport_connext_cpp.dir/rosidl_typesupport_connext_cpp/push_button_interface/msg/dds_connext/PushButton_.cxx.o[0m
[7.712s] [ 53%] [32mBuilding CXX object CMakeFiles/push_button_interface__rosidl_typesupport_connext_cpp.dir/rosidl_typesupport_connext_cpp/push_button_interface/msg/dds_connext/PushButton_Plugin.cxx.o[0m
[8.444s] [ 55%] [32m[1mLinking CXX shared library libpush_button_interface__rosidl_typesupport_fastrtps_c.so[0m
[8.544s] [ 57%] [32mBuilding CXX object CMakeFiles/push_button_interface__rosidl_typesupport_connext_cpp.dir/rosidl_typesupport_connext_cpp/push_button_interface/msg/dds_connext/PushButton_Support.cxx.o[0m
[8.618s] [ 57%] Built target push_button_interface__rosidl_typesupport_fastrtps_c
[9.105s] [ 59%] [32m[1mLinking CXX shared library libpush_button_interface__rosidl_typesupport_connext_cpp.so[0m
[9.271s] [ 61%] Built target push_button_interface__rosidl_typesupport_connext_cpp
[9.287s] [ 63%] [34m[1mGenerating C type support for RTI Connext[0m
[9.947s] [35m[1mScanning dependencies of target push_button_interface__rosidl_typesupport_connext_c[0m
[10.013s] [ 65%] [32mBuilding CXX object CMakeFiles/push_button_interface__rosidl_typesupport_connext_c.dir/rosidl_typesupport_connext_cpp/push_button_interface/msg/dds_connext/PushButton_.cxx.o[0m
[10.013s] [ 67%] [32mBuilding CXX object CMakeFiles/push_button_interface__rosidl_typesupport_connext_c.dir/rosidl_typesupport_connext_cpp/push_button_interface/msg/dds_connext/PushButton_Plugin.cxx.o[0m
[10.013s] [ 69%] [32mBuilding CXX object CMakeFiles/push_button_interface__rosidl_typesupport_connext_c.dir/rosidl_typesupport_connext_cpp/push_button_interface/msg/dds_connext/PushButton_Support.cxx.o[0m
[10.018s] [ 71%] [32mBuilding CXX object CMakeFiles/push_button_interface__rosidl_typesupport_connext_c.dir/rosidl_typesupport_connext_c/push_button_interface/msg/dds_connext/push_button__type_support_c.cpp.o[0m
[12.785s] [ 73%] [32m[1mLinking CXX shared library libpush_button_interface__rosidl_typesupport_connext_c.so[0m
[13.172s] [ 77%] Built target push_button_interface__rosidl_typesupport_connext_c
[13.198s] [35m[1mScanning dependencies of target push_button_interface[0m
[13.215s] [ 77%] Built target push_button_interface
[13.230s] [35m[1mScanning dependencies of target push_button_interface__py[0m
[13.247s] [ 79%] [34m[1mGenerating Python code for ROS interfaces[0m
[14.247s] [ 79%] Built target push_button_interface__py
[14.264s] [35m[1mScanning dependencies of target push_button_interface__python[0m
[14.309s] [ 81%] [32mBuilding C object CMakeFiles/push_button_interface__python.dir/rosidl_generator_py/push_button_interface/msg/_push_button_s.c.o[0m
[14.455s] [ 83%] [32m[1mLinking C shared library rosidl_generator_py/push_button_interface/libpush_button_interface__python.so[0m
[14.537s] [ 83%] Built target push_button_interface__python
[14.562s] [35m[1mScanning dependencies of target push_button_interface__rosidl_typesupport_introspection_c__pyext[0m
[14.562s] [35m[1mScanning dependencies of target push_button_interface__rosidl_typesupport_fastrtps_c__pyext[0m
[14.563s] [35m[1mScanning dependencies of target push_button_interface__rosidl_typesupport_c__pyext[0m
[14.571s] [35m[1mScanning dependencies of target push_button_interface__rosidl_typesupport_connext_c__pyext[0m
[14.602s] [ 85%] [32mBuilding C object CMakeFiles/push_button_interface__rosidl_typesupport_c__pyext.dir/rosidl_generator_py/push_button_interface/_push_button_interface_s.ep.rosidl_typesupport_c.c.o[0m
[14.603s] [ 87%] [32mBuilding C object CMakeFiles/push_button_interface__rosidl_typesupport_fastrtps_c__pyext.dir/rosidl_generator_py/push_button_interface/_push_button_interface_s.ep.rosidl_typesupport_fastrtps_c.c.o[0m
[14.609s] [ 89%] [32mBuilding C object CMakeFiles/push_button_interface__rosidl_typesupport_connext_c__pyext.dir/rosidl_generator_py/push_button_interface/_push_button_interface_s.ep.rosidl_typesupport_connext_c.c.o[0m
[14.612s] [ 91%] [32mBuilding C object CMakeFiles/push_button_interface__rosidl_typesupport_introspection_c__pyext.dir/rosidl_generator_py/push_button_interface/_push_button_interface_s.ep.rosidl_typesupport_introspection_c.c.o[0m
[14.744s] [ 93%] [32m[1mLinking C shared library rosidl_generator_py/push_button_interface/push_button_interface_s__rosidl_typesupport_c.cpython-38-x86_64-linux-gnu.so[0m
[14.749s] [ 95%] [32m[1mLinking C shared library rosidl_generator_py/push_button_interface/push_button_interface_s__rosidl_typesupport_connext_c.cpython-38-x86_64-linux-gnu.so[0m
[14.750s] [ 97%] [32m[1mLinking C shared library rosidl_generator_py/push_button_interface/push_button_interface_s__rosidl_typesupport_introspection_c.cpython-38-x86_64-linux-gnu.so[0m
[14.788s] [100%] [32m[1mLinking CXX shared library rosidl_generator_py/push_button_interface/push_button_interface_s__rosidl_typesupport_fastrtps_c.cpython-38-x86_64-linux-gnu.so[0m
[14.815s] [100%] Built target push_button_interface__rosidl_typesupport_c__pyext
[14.818s] [100%] Built target push_button_interface__rosidl_typesupport_introspection_c__pyext
[14.874s] [100%] Built target push_button_interface__rosidl_typesupport_connext_c__pyext
[14.932s] [100%] Built target push_button_interface__rosidl_typesupport_fastrtps_c__pyext
[27.594s] Invoked command in '/home/parham/Dev/ros2_foxy/science/science-gui/science_ws/build/push_button_interface' returned '0': CMAKE_PREFIX_PATH=${CMAKE_PREFIX_PATH}:/home/parham/Dev/ros2_foxy/science/science-gui/science_ws/install/push_button:/home/parham/Dev/ros2_foxy/science/science-gui/install/push_button:/home/parham/ws_moveit2/install/ros2controlcli:/opt/ros/foxy /usr/bin/cmake --build /home/parham/Dev/ros2_foxy/science/science-gui/science_ws/build/push_button_interface -- -j4 -l4
[27.747s] Invoking command in '/home/parham/Dev/ros2_foxy/science/science-gui/science_ws/build/push_button_interface': CMAKE_PREFIX_PATH=${CMAKE_PREFIX_PATH}:/home/parham/Dev/ros2_foxy/science/science-gui/science_ws/install/push_button:/home/parham/Dev/ros2_foxy/science/science-gui/install/push_button:/home/parham/ws_moveit2/install/ros2controlcli:/opt/ros/foxy /usr/bin/cmake --install /home/parham/Dev/ros2_foxy/science/science-gui/science_ws/build/push_button_interface
[27.762s] -- Install configuration: ""
[27.762s] -- Installing: /home/parham/Dev/ros2_foxy/science/science-gui/science_ws/install/push_button_interface/share/ament_index/resource_index/rosidl_interfaces/push_button_interface
[27.762s] -- Installing: /home/parham/Dev/ros2_foxy/science/science-gui/science_ws/install/push_button_interface/include/push_button_interface
[27.762s] -- Installing: /home/parham/Dev/ros2_foxy/science/science-gui/science_ws/install/push_button_interface/include/push_button_interface/msg
[27.763s] -- Installing: /home/parham/Dev/ros2_foxy/science/science-gui/science_ws/install/push_button_interface/include/push_button_interface/msg/push_button.h
[27.763s] -- Installing: /home/parham/Dev/ros2_foxy/science/science-gui/science_ws/install/push_button_interface/include/push_button_interface/msg/rosidl_generator_c__visibility_control.h
[27.763s] -- Installing: /home/parham/Dev/ros2_foxy/science/science-gui/science_ws/install/push_button_interface/include/push_button_interface/msg/detail
[27.763s] -- Installing: /home/parham/Dev/ros2_foxy/science/science-gui/science_ws/install/push_button_interface/include/push_button_interface/msg/detail/push_button__functions.h
[27.763s] -- Installing: /home/parham/Dev/ros2_foxy/science/science-gui/science_ws/install/push_button_interface/include/push_button_interface/msg/detail/push_button__functions.c
[27.763s] -- Installing: /home/parham/Dev/ros2_foxy/science/science-gui/science_ws/install/push_button_interface/include/push_button_interface/msg/detail/push_button__type_support.h
[27.763s] -- Installing: /home/parham/Dev/ros2_foxy/science/science-gui/science_ws/install/push_button_interface/include/push_button_interface/msg/detail/push_button__struct.h
[27.763s] -- Installing: /home/parham/Dev/ros2_foxy/science/science-gui/science_ws/install/push_button_interface/share/push_button_interface/environment/library_path.sh
[27.763s] -- Installing: /home/parham/Dev/ros2_foxy/science/science-gui/science_ws/install/push_button_interface/share/push_button_interface/environment/library_path.dsv
[27.763s] -- Installing: /home/parham/Dev/ros2_foxy/science/science-gui/science_ws/install/push_button_interface/lib/libpush_button_interface__rosidl_generator_c.so
[27.764s] -- Set runtime path of "/home/parham/Dev/ros2_foxy/science/science-gui/science_ws/install/push_button_interface/lib/libpush_button_interface__rosidl_generator_c.so" to ""
[27.764s] -- Up-to-date: /home/parham/Dev/ros2_foxy/science/science-gui/science_ws/install/push_button_interface/include/push_button_interface
[27.764s] -- Up-to-date: /home/parham/Dev/ros2_foxy/science/science-gui/science_ws/install/push_button_interface/include/push_button_interface/msg
[27.764s] -- Installing: /home/parham/Dev/ros2_foxy/science/science-gui/science_ws/install/push_button_interface/include/push_button_interface/msg/rosidl_typesupport_fastrtps_c__visibility_control.h
[27.764s] -- Up-to-date: /home/parham/Dev/ros2_foxy/science/science-gui/science_ws/install/push_button_interface/include/push_button_interface/msg/detail
[27.764s] -- Installing: /home/parham/Dev/ros2_foxy/science/science-gui/science_ws/install/push_button_interface/include/push_button_interface/msg/detail/push_button__rosidl_typesupport_fastrtps_c.h
[27.764s] -- Installing: /home/parham/Dev/ros2_foxy/science/science-gui/science_ws/install/push_button_interface/lib/libpush_button_interface__rosidl_typesupport_fastrtps_c.so
[27.764s] -- Set runtime path of "/home/parham/Dev/ros2_foxy/science/science-gui/science_ws/install/push_button_interface/lib/libpush_button_interface__rosidl_typesupport_fastrtps_c.so" to ""
[27.765s] -- Up-to-date: /home/parham/Dev/ros2_foxy/science/science-gui/science_ws/install/push_button_interface/include/push_button_interface
[27.765s] -- Up-to-date: /home/parham/Dev/ros2_foxy/science/science-gui/science_ws/install/push_button_interface/include/push_button_interface/msg
[27.765s] -- Installing: /home/parham/Dev/ros2_foxy/science/science-gui/science_ws/install/push_button_interface/include/push_button_interface/msg/rosidl_typesupport_fastrtps_cpp__visibility_control.h
[27.765s] -- Up-to-date: /home/parham/Dev/ros2_foxy/science/science-gui/science_ws/install/push_button_interface/include/push_button_interface/msg/detail
[27.765s] -- Installing: /home/parham/Dev/ros2_foxy/science/science-gui/science_ws/install/push_button_interface/include/push_button_interface/msg/detail/push_button__rosidl_typesupport_fastrtps_cpp.hpp
[27.765s] -- Installing: /home/parham/Dev/ros2_foxy/science/science-gui/science_ws/install/push_button_interface/include/push_button_interface/msg/detail/dds_fastrtps
[27.765s] -- Installing: /home/parham/Dev/ros2_foxy/science/science-gui/science_ws/install/push_button_interface/lib/libpush_button_interface__rosidl_typesupport_fastrtps_cpp.so
[27.765s] -- Set runtime path of "/home/parham/Dev/ros2_foxy/science/science-gui/science_ws/install/push_button_interface/lib/libpush_button_interface__rosidl_typesupport_fastrtps_cpp.so" to ""
[27.766s] -- Up-to-date: /home/parham/Dev/ros2_foxy/science/science-gui/science_ws/install/push_button_interface/include/push_button_interface
[27.766s] -- Up-to-date: /home/parham/Dev/ros2_foxy/science/science-gui/science_ws/install/push_button_interface/include/push_button_interface/msg
[27.766s] -- Installing: /home/parham/Dev/ros2_foxy/science/science-gui/science_ws/install/push_button_interface/include/push_button_interface/msg/rosidl_typesupport_introspection_c__visibility_control.h
[27.766s] -- Up-to-date: /home/parham/Dev/ros2_foxy/science/science-gui/science_ws/install/push_button_interface/include/push_button_interface/msg/detail
[27.766s] -- Installing: /home/parham/Dev/ros2_foxy/science/science-gui/science_ws/install/push_button_interface/include/push_button_interface/msg/detail/push_button__rosidl_typesupport_introspection_c.h
[27.766s] -- Installing: /home/parham/Dev/ros2_foxy/science/science-gui/science_ws/install/push_button_interface/include/push_button_interface/msg/detail/push_button__type_support.c
[27.766s] -- Installing: /home/parham/Dev/ros2_foxy/science/science-gui/science_ws/install/push_button_interface/lib/libpush_button_interface__rosidl_typesupport_introspection_c.so
[27.767s] -- Set runtime path of "/home/parham/Dev/ros2_foxy/science/science-gui/science_ws/install/push_button_interface/lib/libpush_button_interface__rosidl_typesupport_introspection_c.so" to ""
[27.767s] -- Up-to-date: /home/parham/Dev/ros2_foxy/science/science-gui/science_ws/install/push_button_interface/include/push_button_interface
[27.767s] -- Up-to-date: /home/parham/Dev/ros2_foxy/science/science-gui/science_ws/install/push_button_interface/include/push_button_interface/msg
[27.767s] -- Installing: /home/parham/Dev/ros2_foxy/science/science-gui/science_ws/install/push_button_interface/include/push_button_interface/msg/push_button__rosidl_typesupport_connext_c.h
[27.767s] -- Installing: /home/parham/Dev/ros2_foxy/science/science-gui/science_ws/install/push_button_interface/include/push_button_interface/msg/rosidl_typesupport_connext_c__visibility_control.h
[27.768s] -- Installing: /home/parham/Dev/ros2_foxy/science/science-gui/science_ws/install/push_button_interface/include/push_button_interface/msg/dds_connext
[27.768s] -- Installing: /home/parham/Dev/ros2_foxy/science/science-gui/science_ws/install/push_button_interface/lib/libpush_button_interface__rosidl_typesupport_connext_c.so
[27.769s] -- Set runtime path of "/home/parham/Dev/ros2_foxy/science/science-gui/science_ws/install/push_button_interface/lib/libpush_button_interface__rosidl_typesupport_connext_c.so" to ""
[27.769s] -- Installing: /home/parham/Dev/ros2_foxy/science/science-gui/science_ws/install/push_button_interface/share/push_button_interface/msg/dds_connext
[27.769s] -- Installing: /home/parham/Dev/ros2_foxy/science/science-gui/science_ws/install/push_button_interface/share/push_button_interface/msg/dds_connext/PushButton_.idl
[27.769s] -- Up-to-date: /home/parham/Dev/ros2_foxy/science/science-gui/science_ws/install/push_button_interface/include/push_button_interface
[27.769s] -- Up-to-date: /home/parham/Dev/ros2_foxy/science/science-gui/science_ws/install/push_button_interface/include/push_button_interface/msg
[27.769s] -- Installing: /home/parham/Dev/ros2_foxy/science/science-gui/science_ws/install/push_button_interface/include/push_button_interface/msg/rosidl_typesupport_connext_cpp__visibility_control.h
[27.769s] -- Up-to-date: /home/parham/Dev/ros2_foxy/science/science-gui/science_ws/install/push_button_interface/include/push_button_interface/msg/dds_connext
[27.769s] -- Installing: /home/parham/Dev/ros2_foxy/science/science-gui/science_ws/install/push_button_interface/include/push_button_interface/msg/dds_connext/PushButton_Plugin.cxx
[27.769s] -- Installing: /home/parham/Dev/ros2_foxy/science/science-gui/science_ws/install/push_button_interface/include/push_button_interface/msg/dds_connext/PushButton_Support.h
[27.770s] -- Installing: /home/parham/Dev/ros2_foxy/science/science-gui/science_ws/install/push_button_interface/include/push_button_interface/msg/dds_connext/PushButton_Plugin.h
[27.770s] -- Installing: /home/parham/Dev/ros2_foxy/science/science-gui/science_ws/install/push_button_interface/include/push_button_interface/msg/dds_connext/PushButton_Support.cxx
[27.770s] -- Installing: /home/parham/Dev/ros2_foxy/science/science-gui/science_ws/install/push_button_interface/include/push_button_interface/msg/dds_connext/PushButton_.cxx
[27.770s] -- Installing: /home/parham/Dev/ros2_foxy/science/science-gui/science_ws/install/push_button_interface/include/push_button_interface/msg/dds_connext/PushButton_.h
[27.770s] -- Installing: /home/parham/Dev/ros2_foxy/science/science-gui/science_ws/install/push_button_interface/include/push_button_interface/msg/push_button__rosidl_typesupport_connext_cpp.hpp
[27.770s] -- Installing: /home/parham/Dev/ros2_foxy/science/science-gui/science_ws/install/push_button_interface/lib/libpush_button_interface__rosidl_typesupport_connext_cpp.so
[27.770s] -- Set runtime path of "/home/parham/Dev/ros2_foxy/science/science-gui/science_ws/install/push_button_interface/lib/libpush_button_interface__rosidl_typesupport_connext_cpp.so" to ""
[27.770s] -- Installing: /home/parham/Dev/ros2_foxy/science/science-gui/science_ws/install/push_button_interface/lib/libpush_button_interface__rosidl_typesupport_c.so
[27.771s] -- Set runtime path of "/home/parham/Dev/ros2_foxy/science/science-gui/science_ws/install/push_button_interface/lib/libpush_button_interface__rosidl_typesupport_c.so" to ""
[27.771s] -- Up-to-date: /home/parham/Dev/ros2_foxy/science/science-gui/science_ws/install/push_button_interface/include/push_button_interface
[27.771s] -- Up-to-date: /home/parham/Dev/ros2_foxy/science/science-gui/science_ws/install/push_button_interface/include/push_button_interface/msg
[27.771s] -- Installing: /home/parham/Dev/ros2_foxy/science/science-gui/science_ws/install/push_button_interface/include/push_button_interface/msg/push_button.hpp
[27.771s] -- Up-to-date: /home/parham/Dev/ros2_foxy/science/science-gui/science_ws/install/push_button_interface/include/push_button_interface/msg/detail
[27.771s] -- Installing: /home/parham/Dev/ros2_foxy/science/science-gui/science_ws/install/push_button_interface/include/push_button_interface/msg/detail/push_button__traits.hpp
[27.771s] -- Installing: /home/parham/Dev/ros2_foxy/science/science-gui/science_ws/install/push_button_interface/include/push_button_interface/msg/detail/push_button__builder.hpp
[27.771s] -- Installing: /home/parham/Dev/ros2_foxy/science/science-gui/science_ws/install/push_button_interface/include/push_button_interface/msg/detail/push_button__struct.hpp
[27.772s] -- Up-to-date: /home/parham/Dev/ros2_foxy/science/science-gui/science_ws/install/push_button_interface/include/push_button_interface
[27.772s] -- Up-to-date: /home/parham/Dev/ros2_foxy/science/science-gui/science_ws/install/push_button_interface/include/push_button_interface/msg
[27.772s] -- Up-to-date: /home/parham/Dev/ros2_foxy/science/science-gui/science_ws/install/push_button_interface/include/push_button_interface/msg/detail
[27.772s] -- Installing: /home/parham/Dev/ros2_foxy/science/science-gui/science_ws/install/push_button_interface/include/push_button_interface/msg/detail/push_button__rosidl_typesupport_introspection_cpp.hpp
[27.772s] -- Installing: /home/parham/Dev/ros2_foxy/science/science-gui/science_ws/install/push_button_interface/include/push_button_interface/msg/detail/push_button__type_support.cpp
[27.772s] -- Installing: /home/parham/Dev/ros2_foxy/science/science-gui/science_ws/install/push_button_interface/lib/libpush_button_interface__rosidl_typesupport_introspection_cpp.so
[27.772s] -- Set runtime path of "/home/parham/Dev/ros2_foxy/science/science-gui/science_ws/install/push_button_interface/lib/libpush_button_interface__rosidl_typesupport_introspection_cpp.so" to ""
[27.772s] -- Installing: /home/parham/Dev/ros2_foxy/science/science-gui/science_ws/install/push_button_interface/lib/libpush_button_interface__rosidl_typesupport_cpp.so
[27.773s] -- Set runtime path of "/home/parham/Dev/ros2_foxy/science/science-gui/science_ws/install/push_button_interface/lib/libpush_button_interface__rosidl_typesupport_cpp.so" to ""
[27.773s] -- Installing: /home/parham/Dev/ros2_foxy/science/science-gui/science_ws/install/push_button_interface/share/push_button_interface/environment/pythonpath.sh
[27.773s] -- Installing: /home/parham/Dev/ros2_foxy/science/science-gui/science_ws/install/push_button_interface/share/push_button_interface/environment/pythonpath.dsv
[27.773s] -- Installing: /home/parham/Dev/ros2_foxy/science/science-gui/science_ws/install/push_button_interface/lib/python3.8/site-packages/push_button_interface/__init__.py
[27.936s] Compiling '/home/parham/Dev/ros2_foxy/science/science-gui/science_ws/install/push_button_interface/lib/python3.8/site-packages/push_button_interface/__init__.py'...
[27.942s] -- Installing: /home/parham/Dev/ros2_foxy/science/science-gui/science_ws/install/push_button_interface/lib/python3.8/site-packages/push_button_interface/msg
[27.942s] -- Installing: /home/parham/Dev/ros2_foxy/science/science-gui/science_ws/install/push_button_interface/lib/python3.8/site-packages/push_button_interface/msg/_push_button.py
[27.942s] -- Installing: /home/parham/Dev/ros2_foxy/science/science-gui/science_ws/install/push_button_interface/lib/python3.8/site-packages/push_button_interface/msg/__init__.py
[27.942s] -- Installing: /home/parham/Dev/ros2_foxy/science/science-gui/science_ws/install/push_button_interface/lib/python3.8/site-packages/push_button_interface/msg/_push_button_s.c
[27.942s] -- Installing: /home/parham/Dev/ros2_foxy/science/science-gui/science_ws/install/push_button_interface/lib/python3.8/site-packages/push_button_interface/push_button_interface_s__rosidl_typesupport_fastrtps_c.cpython-38-x86_64-linux-gnu.so
[27.943s] -- Set runtime path of "/home/parham/Dev/ros2_foxy/science/science-gui/science_ws/install/push_button_interface/lib/python3.8/site-packages/push_button_interface/push_button_interface_s__rosidl_typesupport_fastrtps_c.cpython-38-x86_64-linux-gnu.so" to ""
[27.943s] -- Installing: /home/parham/Dev/ros2_foxy/science/science-gui/science_ws/install/push_button_interface/lib/python3.8/site-packages/push_button_interface/push_button_interface_s__rosidl_typesupport_introspection_c.cpython-38-x86_64-linux-gnu.so
[27.944s] -- Set runtime path of "/home/parham/Dev/ros2_foxy/science/science-gui/science_ws/install/push_button_interface/lib/python3.8/site-packages/push_button_interface/push_button_interface_s__rosidl_typesupport_introspection_c.cpython-38-x86_64-linux-gnu.so" to ""
[27.944s] -- Installing: /home/parham/Dev/ros2_foxy/science/science-gui/science_ws/install/push_button_interface/lib/python3.8/site-packages/push_button_interface/push_button_interface_s__rosidl_typesupport_connext_c.cpython-38-x86_64-linux-gnu.so
[27.945s] -- Set runtime path of "/home/parham/Dev/ros2_foxy/science/science-gui/science_ws/install/push_button_interface/lib/python3.8/site-packages/push_button_interface/push_button_interface_s__rosidl_typesupport_connext_c.cpython-38-x86_64-linux-gnu.so" to ""
[27.945s] -- Installing: /home/parham/Dev/ros2_foxy/science/science-gui/science_ws/install/push_button_interface/lib/python3.8/site-packages/push_button_interface/push_button_interface_s__rosidl_typesupport_c.cpython-38-x86_64-linux-gnu.so
[27.946s] -- Set runtime path of "/home/parham/Dev/ros2_foxy/science/science-gui/science_ws/install/push_button_interface/lib/python3.8/site-packages/push_button_interface/push_button_interface_s__rosidl_typesupport_c.cpython-38-x86_64-linux-gnu.so" to ""
[27.946s] -- Installing: /home/parham/Dev/ros2_foxy/science/science-gui/science_ws/install/push_button_interface/lib/libpush_button_interface__python.so
[27.946s] -- Set runtime path of "/home/parham/Dev/ros2_foxy/science/science-gui/science_ws/install/push_button_interface/lib/libpush_button_interface__python.so" to ""
[27.946s] -- Installing: /home/parham/Dev/ros2_foxy/science/science-gui/science_ws/install/push_button_interface/share/push_button_interface/msg/PushButton.idl
[27.947s] -- Installing: /home/parham/Dev/ros2_foxy/science/science-gui/science_ws/install/push_button_interface/share/push_button_interface/msg/PushButton.msg
[27.947s] -- Installing: /home/parham/Dev/ros2_foxy/science/science-gui/science_ws/install/push_button_interface/share/ament_index/resource_index/package_run_dependencies/push_button_interface
[27.947s] -- Installing: /home/parham/Dev/ros2_foxy/science/science-gui/science_ws/install/push_button_interface/share/ament_index/resource_index/parent_prefix_path/push_button_interface
[27.947s] -- Installing: /home/parham/Dev/ros2_foxy/science/science-gui/science_ws/install/push_button_interface/share/push_button_interface/environment/ament_prefix_path.sh
[27.951s] -- Installing: /home/parham/Dev/ros2_foxy/science/science-gui/science_ws/install/push_button_interface/share/push_button_interface/environment/ament_prefix_path.dsv
[27.952s] -- Installing: /home/parham/Dev/ros2_foxy/science/science-gui/science_ws/install/push_button_interface/share/push_button_interface/environment/path.sh
[27.952s] -- Installing: /home/parham/Dev/ros2_foxy/science/science-gui/science_ws/install/push_button_interface/share/push_button_interface/environment/path.dsv
[27.952s] -- Installing: /home/parham/Dev/ros2_foxy/science/science-gui/science_ws/install/push_button_interface/share/push_button_interface/local_setup.bash
[27.952s] -- Installing: /home/parham/Dev/ros2_foxy/science/science-gui/science_ws/install/push_button_interface/share/push_button_interface/local_setup.sh
[27.952s] -- Installing: /home/parham/Dev/ros2_foxy/science/science-gui/science_ws/install/push_button_interface/share/push_button_interface/local_setup.zsh
[27.952s] -- Installing: /home/parham/Dev/ros2_foxy/science/science-gui/science_ws/install/push_button_interface/share/push_button_interface/local_setup.dsv
[27.952s] -- Installing: /home/parham/Dev/ros2_foxy/science/science-gui/science_ws/install/push_button_interface/share/push_button_interface/package.dsv
[27.952s] -- Installing: /home/parham/Dev/ros2_foxy/science/science-gui/science_ws/install/push_button_interface/share/ament_index/resource_index/packages/push_button_interface
[27.953s] -- Installing: /home/parham/Dev/ros2_foxy/science/science-gui/science_ws/install/push_button_interface/share/push_button_interface/cmake/push_button_interface__rosidl_generator_cExport.cmake
[27.953s] -- Installing: /home/parham/Dev/ros2_foxy/science/science-gui/science_ws/install/push_button_interface/share/push_button_interface/cmake/push_button_interface__rosidl_generator_cExport-noconfig.cmake
[27.953s] -- Installing: /home/parham/Dev/ros2_foxy/science/science-gui/science_ws/install/push_button_interface/share/push_button_interface/cmake/push_button_interface__rosidl_typesupport_introspection_cExport.cmake
[27.953s] -- Installing: /home/parham/Dev/ros2_foxy/science/science-gui/science_ws/install/push_button_interface/share/push_button_interface/cmake/push_button_interface__rosidl_typesupport_introspection_cExport-noconfig.cmake
[27.953s] -- Installing: /home/parham/Dev/ros2_foxy/science/science-gui/science_ws/install/push_button_interface/share/push_button_interface/cmake/push_button_interface__rosidl_typesupport_cExport.cmake
[27.953s] -- Installing: /home/parham/Dev/ros2_foxy/science/science-gui/science_ws/install/push_button_interface/share/push_button_interface/cmake/push_button_interface__rosidl_typesupport_cExport-noconfig.cmake
[27.953s] -- Installing: /home/parham/Dev/ros2_foxy/science/science-gui/science_ws/install/push_button_interface/share/push_button_interface/cmake/push_button_interface__rosidl_generator_cppExport.cmake
[27.953s] -- Installing: /home/parham/Dev/ros2_foxy/science/science-gui/science_ws/install/push_button_interface/share/push_button_interface/cmake/push_button_interface__rosidl_typesupport_introspection_cppExport.cmake
[27.954s] -- Installing: /home/parham/Dev/ros2_foxy/science/science-gui/science_ws/install/push_button_interface/share/push_button_interface/cmake/push_button_interface__rosidl_typesupport_introspection_cppExport-noconfig.cmake
[27.954s] -- Installing: /home/parham/Dev/ros2_foxy/science/science-gui/science_ws/install/push_button_interface/share/push_button_interface/cmake/push_button_interface__rosidl_typesupport_cppExport.cmake
[27.956s] -- Installing: /home/parham/Dev/ros2_foxy/science/science-gui/science_ws/install/push_button_interface/share/push_button_interface/cmake/push_button_interface__rosidl_typesupport_cppExport-noconfig.cmake
[27.956s] -- Installing: /home/parham/Dev/ros2_foxy/science/science-gui/science_ws/install/push_button_interface/share/push_button_interface/cmake/rosidl_cmake-extras.cmake
[27.956s] -- Installing: /home/parham/Dev/ros2_foxy/science/science-gui/science_ws/install/push_button_interface/share/push_button_interface/cmake/ament_cmake_export_dependencies-extras.cmake
[27.956s] -- Installing: /home/parham/Dev/ros2_foxy/science/science-gui/science_ws/install/push_button_interface/share/push_button_interface/cmake/ament_cmake_export_libraries-extras.cmake
[27.956s] -- Installing: /home/parham/Dev/ros2_foxy/science/science-gui/science_ws/install/push_button_interface/share/push_button_interface/cmake/ament_cmake_export_targets-extras.cmake
[27.957s] -- Installing: /home/parham/Dev/ros2_foxy/science/science-gui/science_ws/install/push_button_interface/share/push_button_interface/cmake/ament_cmake_export_include_directories-extras.cmake
[27.957s] -- Installing: /home/parham/Dev/ros2_foxy/science/science-gui/science_ws/install/push_button_interface/share/push_button_interface/cmake/rosidl_cmake_export_typesupport_libraries-extras.cmake
[27.957s] -- Installing: /home/parham/Dev/ros2_foxy/science/science-gui/science_ws/install/push_button_interface/share/push_button_interface/cmake/rosidl_cmake_export_typesupport_targets-extras.cmake
[27.957s] -- Installing: /home/parham/Dev/ros2_foxy/science/science-gui/science_ws/install/push_button_interface/share/push_button_interface/cmake/push_button_interfaceConfig.cmake
[27.957s] -- Installing: /home/parham/Dev/ros2_foxy/science/science-gui/science_ws/install/push_button_interface/share/push_button_interface/cmake/push_button_interfaceConfig-version.cmake
[27.957s] -- Installing: /home/parham/Dev/ros2_foxy/science/science-gui/science_ws/install/push_button_interface/share/push_button_interface/package.xml
[27.957s] Invoked command in '/home/parham/Dev/ros2_foxy/science/science-gui/science_ws/build/push_button_interface' returned '0': CMAKE_PREFIX_PATH=${CMAKE_PREFIX_PATH}:/home/parham/Dev/ros2_foxy/science/science-gui/science_ws/install/push_button:/home/parham/Dev/ros2_foxy/science/science-gui/install/push_button:/home/parham/ws_moveit2/install/ros2controlcli:/opt/ros/foxy /usr/bin/cmake --install /home/parham/Dev/ros2_foxy/science/science-gui/science_ws/build/push_button_interface
