[0.282s] Invoking command in '/home/parham/Dev/ros2_foxy/science/sience_gui/science_ws/build/push_button_interface': CMAKE_PREFIX_PATH=${CMAKE_PREFIX_PATH}:/home/parham/Dev/ros2_foxy/science/sience_gui/science_ws/install/push_button:/home/parham/ws_moveit2/install/ros2controlcli:/opt/ros/foxy /usr/bin/cmake --build /home/parham/Dev/ros2_foxy/science/sience_gui/science_ws/build/push_button_interface -- -j4 -l4
[0.376s] [  2%] Built target push_button_interface__dds_connext_idl
[0.377s] [  4%] Built target push_button_interface__cpp
[0.379s] [ 10%] Built target push_button_interface__rosidl_generator_c
[0.437s] [ 16%] Built target push_button_interface__rosidl_typesupport_cpp
[0.439s] [ 22%] Built target push_button_interface__rosidl_typesupport_introspection_cpp
[0.464s] [ 36%] Built target push_button_interface__rosidl_typesupport_connext_cpp
[0.466s] [ 42%] Built target push_button_interface__rosidl_typesupport_fastrtps_cpp
[0.500s] [ 48%] Built target push_button_interface__rosidl_typesupport_introspection_c
[0.510s] [ 55%] Built target push_button_interface__rosidl_typesupport_c
[0.530s] [ 71%] Built target push_button_interface__rosidl_typesupport_connext_c
[0.541s] [ 77%] Built target push_button_interface__rosidl_typesupport_fastrtps_c
[0.573s] [ 77%] Built target push_button_interface
[0.614s] [ 79%] Built target push_button_interface__py
[0.657s] [ 83%] Built target push_button_interface__python
[0.724s] [ 91%] Built target push_button_interface__rosidl_typesupport_connext_c__pyext
[0.725s] [ 91%] Built target push_button_interface__rosidl_typesupport_fastrtps_c__pyext
[0.729s] [ 95%] Built target push_button_interface__rosidl_typesupport_introspection_c__pyext
[0.742s] [100%] Built target push_button_interface__rosidl_typesupport_c__pyext
[0.758s] Invoked command in '/home/parham/Dev/ros2_foxy/science/sience_gui/science_ws/build/push_button_interface' returned '0': CMAKE_PREFIX_PATH=${CMAKE_PREFIX_PATH}:/home/parham/Dev/ros2_foxy/science/sience_gui/science_ws/install/push_button:/home/parham/ws_moveit2/install/ros2controlcli:/opt/ros/foxy /usr/bin/cmake --build /home/parham/Dev/ros2_foxy/science/sience_gui/science_ws/build/push_button_interface -- -j4 -l4
[0.898s] Invoking command in '/home/parham/Dev/ros2_foxy/science/sience_gui/science_ws/build/push_button_interface': CMAKE_PREFIX_PATH=${CMAKE_PREFIX_PATH}:/home/parham/Dev/ros2_foxy/science/sience_gui/science_ws/install/push_button:/home/parham/ws_moveit2/install/ros2controlcli:/opt/ros/foxy /usr/bin/cmake --install /home/parham/Dev/ros2_foxy/science/sience_gui/science_ws/build/push_button_interface
[0.911s] -- Install configuration: ""
[0.911s] -- Up-to-date: /home/parham/Dev/ros2_foxy/science/sience_gui/science_ws/install/push_button_interface/share/ament_index/resource_index/rosidl_interfaces/push_button_interface
[0.912s] -- Up-to-date: /home/parham/Dev/ros2_foxy/science/sience_gui/science_ws/install/push_button_interface/include/push_button_interface
[0.912s] -- Up-to-date: /home/parham/Dev/ros2_foxy/science/sience_gui/science_ws/install/push_button_interface/include/push_button_interface/msg
[0.912s] -- Up-to-date: /home/parham/Dev/ros2_foxy/science/sience_gui/science_ws/install/push_button_interface/include/push_button_interface/msg/push_button.h
[0.912s] -- Up-to-date: /home/parham/Dev/ros2_foxy/science/sience_gui/science_ws/install/push_button_interface/include/push_button_interface/msg/rosidl_generator_c__visibility_control.h
[0.912s] -- Up-to-date: /home/parham/Dev/ros2_foxy/science/sience_gui/science_ws/install/push_button_interface/include/push_button_interface/msg/detail
[0.912s] -- Up-to-date: /home/parham/Dev/ros2_foxy/science/sience_gui/science_ws/install/push_button_interface/include/push_button_interface/msg/detail/push_button__functions.h
[0.912s] -- Up-to-date: /home/parham/Dev/ros2_foxy/science/sience_gui/science_ws/install/push_button_interface/include/push_button_interface/msg/detail/push_button__functions.c
[0.912s] -- Up-to-date: /home/parham/Dev/ros2_foxy/science/sience_gui/science_ws/install/push_button_interface/include/push_button_interface/msg/detail/push_button__type_support.h
[0.912s] -- Up-to-date: /home/parham/Dev/ros2_foxy/science/sience_gui/science_ws/install/push_button_interface/include/push_button_interface/msg/detail/push_button__struct.h
[0.912s] -- Up-to-date: /home/parham/Dev/ros2_foxy/science/sience_gui/science_ws/install/push_button_interface/share/push_button_interface/environment/library_path.sh
[0.912s] -- Up-to-date: /home/parham/Dev/ros2_foxy/science/sience_gui/science_ws/install/push_button_interface/share/push_button_interface/environment/library_path.dsv
[0.912s] -- Up-to-date: /home/parham/Dev/ros2_foxy/science/sience_gui/science_ws/install/push_button_interface/lib/libpush_button_interface__rosidl_generator_c.so
[0.913s] -- Up-to-date: /home/parham/Dev/ros2_foxy/science/sience_gui/science_ws/install/push_button_interface/include/push_button_interface
[0.913s] -- Up-to-date: /home/parham/Dev/ros2_foxy/science/sience_gui/science_ws/install/push_button_interface/include/push_button_interface/msg
[0.913s] -- Up-to-date: /home/parham/Dev/ros2_foxy/science/sience_gui/science_ws/install/push_button_interface/include/push_button_interface/msg/rosidl_typesupport_fastrtps_c__visibility_control.h
[0.913s] -- Up-to-date: /home/parham/Dev/ros2_foxy/science/sience_gui/science_ws/install/push_button_interface/include/push_button_interface/msg/detail
[0.913s] -- Up-to-date: /home/parham/Dev/ros2_foxy/science/sience_gui/science_ws/install/push_button_interface/include/push_button_interface/msg/detail/push_button__rosidl_typesupport_fastrtps_c.h
[0.913s] -- Up-to-date: /home/parham/Dev/ros2_foxy/science/sience_gui/science_ws/install/push_button_interface/lib/libpush_button_interface__rosidl_typesupport_fastrtps_c.so
[0.913s] -- Up-to-date: /home/parham/Dev/ros2_foxy/science/sience_gui/science_ws/install/push_button_interface/include/push_button_interface
[0.913s] -- Up-to-date: /home/parham/Dev/ros2_foxy/science/sience_gui/science_ws/install/push_button_interface/include/push_button_interface/msg
[0.913s] -- Up-to-date: /home/parham/Dev/ros2_foxy/science/sience_gui/science_ws/install/push_button_interface/include/push_button_interface/msg/rosidl_typesupport_fastrtps_cpp__visibility_control.h
[0.913s] -- Up-to-date: /home/parham/Dev/ros2_foxy/science/sience_gui/science_ws/install/push_button_interface/include/push_button_interface/msg/detail
[0.913s] -- Up-to-date: /home/parham/Dev/ros2_foxy/science/sience_gui/science_ws/install/push_button_interface/include/push_button_interface/msg/detail/push_button__rosidl_typesupport_fastrtps_cpp.hpp
[0.914s] -- Up-to-date: /home/parham/Dev/ros2_foxy/science/sience_gui/science_ws/install/push_button_interface/include/push_button_interface/msg/detail/dds_fastrtps
[0.914s] -- Up-to-date: /home/parham/Dev/ros2_foxy/science/sience_gui/science_ws/install/push_button_interface/lib/libpush_button_interface__rosidl_typesupport_fastrtps_cpp.so
[0.914s] -- Up-to-date: /home/parham/Dev/ros2_foxy/science/sience_gui/science_ws/install/push_button_interface/include/push_button_interface
[0.914s] -- Up-to-date: /home/parham/Dev/ros2_foxy/science/sience_gui/science_ws/install/push_button_interface/include/push_button_interface/msg
[0.914s] -- Up-to-date: /home/parham/Dev/ros2_foxy/science/sience_gui/science_ws/install/push_button_interface/include/push_button_interface/msg/rosidl_typesupport_introspection_c__visibility_control.h
[0.914s] -- Up-to-date: /home/parham/Dev/ros2_foxy/science/sience_gui/science_ws/install/push_button_interface/include/push_button_interface/msg/detail
[0.914s] -- Up-to-date: /home/parham/Dev/ros2_foxy/science/sience_gui/science_ws/install/push_button_interface/include/push_button_interface/msg/detail/push_button__rosidl_typesupport_introspection_c.h
[0.914s] -- Up-to-date: /home/parham/Dev/ros2_foxy/science/sience_gui/science_ws/install/push_button_interface/include/push_button_interface/msg/detail/push_button__type_support.c
[0.914s] -- Up-to-date: /home/parham/Dev/ros2_foxy/science/sience_gui/science_ws/install/push_button_interface/lib/libpush_button_interface__rosidl_typesupport_introspection_c.so
[0.914s] -- Up-to-date: /home/parham/Dev/ros2_foxy/science/sience_gui/science_ws/install/push_button_interface/include/push_button_interface
[0.914s] -- Up-to-date: /home/parham/Dev/ros2_foxy/science/sience_gui/science_ws/install/push_button_interface/include/push_button_interface/msg
[0.915s] -- Up-to-date: /home/parham/Dev/ros2_foxy/science/sience_gui/science_ws/install/push_button_interface/include/push_button_interface/msg/push_button__rosidl_typesupport_connext_c.h
[0.915s] -- Up-to-date: /home/parham/Dev/ros2_foxy/science/sience_gui/science_ws/install/push_button_interface/include/push_button_interface/msg/rosidl_typesupport_connext_c__visibility_control.h
[0.915s] -- Up-to-date: /home/parham/Dev/ros2_foxy/science/sience_gui/science_ws/install/push_button_interface/include/push_button_interface/msg/dds_connext
[0.915s] -- Up-to-date: /home/parham/Dev/ros2_foxy/science/sience_gui/science_ws/install/push_button_interface/lib/libpush_button_interface__rosidl_typesupport_connext_c.so
[0.915s] -- Up-to-date: /home/parham/Dev/ros2_foxy/science/sience_gui/science_ws/install/push_button_interface/share/push_button_interface/msg/dds_connext
[0.915s] -- Up-to-date: /home/parham/Dev/ros2_foxy/science/sience_gui/science_ws/install/push_button_interface/share/push_button_interface/msg/dds_connext/PushButton_.idl
[0.915s] -- Up-to-date: /home/parham/Dev/ros2_foxy/science/sience_gui/science_ws/install/push_button_interface/include/push_button_interface
[0.915s] -- Up-to-date: /home/parham/Dev/ros2_foxy/science/sience_gui/science_ws/install/push_button_interface/include/push_button_interface/msg
[0.915s] -- Up-to-date: /home/parham/Dev/ros2_foxy/science/sience_gui/science_ws/install/push_button_interface/include/push_button_interface/msg/rosidl_typesupport_connext_cpp__visibility_control.h
[0.916s] -- Up-to-date: /home/parham/Dev/ros2_foxy/science/sience_gui/science_ws/install/push_button_interface/include/push_button_interface/msg/dds_connext
[0.916s] -- Up-to-date: /home/parham/Dev/ros2_foxy/science/sience_gui/science_ws/install/push_button_interface/include/push_button_interface/msg/dds_connext/PushButton_Plugin.cxx
[0.916s] -- Up-to-date: /home/parham/Dev/ros2_foxy/science/sience_gui/science_ws/install/push_button_interface/include/push_button_interface/msg/dds_connext/PushButton_Support.h
[0.916s] -- Up-to-date: /home/parham/Dev/ros2_foxy/science/sience_gui/science_ws/install/push_button_interface/include/push_button_interface/msg/dds_connext/PushButton_Plugin.h
[0.916s] -- Up-to-date: /home/parham/Dev/ros2_foxy/science/sience_gui/science_ws/install/push_button_interface/include/push_button_interface/msg/dds_connext/PushButton_Support.cxx
[0.916s] -- Up-to-date: /home/parham/Dev/ros2_foxy/science/sience_gui/science_ws/install/push_button_interface/include/push_button_interface/msg/dds_connext/PushButton_.cxx
[0.916s] -- Up-to-date: /home/parham/Dev/ros2_foxy/science/sience_gui/science_ws/install/push_button_interface/include/push_button_interface/msg/dds_connext/PushButton_.h
[0.916s] -- Up-to-date: /home/parham/Dev/ros2_foxy/science/sience_gui/science_ws/install/push_button_interface/include/push_button_interface/msg/push_button__rosidl_typesupport_connext_cpp.hpp
[0.916s] -- Up-to-date: /home/parham/Dev/ros2_foxy/science/sience_gui/science_ws/install/push_button_interface/lib/libpush_button_interface__rosidl_typesupport_connext_cpp.so
[0.916s] -- Up-to-date: /home/parham/Dev/ros2_foxy/science/sience_gui/science_ws/install/push_button_interface/lib/libpush_button_interface__rosidl_typesupport_c.so
[0.916s] -- Up-to-date: /home/parham/Dev/ros2_foxy/science/sience_gui/science_ws/install/push_button_interface/include/push_button_interface
[0.917s] -- Up-to-date: /home/parham/Dev/ros2_foxy/science/sience_gui/science_ws/install/push_button_interface/include/push_button_interface/msg
[0.917s] -- Up-to-date: /home/parham/Dev/ros2_foxy/science/sience_gui/science_ws/install/push_button_interface/include/push_button_interface/msg/push_button.hpp
[0.917s] -- Up-to-date: /home/parham/Dev/ros2_foxy/science/sience_gui/science_ws/install/push_button_interface/include/push_button_interface/msg/detail
[0.917s] -- Up-to-date: /home/parham/Dev/ros2_foxy/science/sience_gui/science_ws/install/push_button_interface/include/push_button_interface/msg/detail/push_button__traits.hpp
[0.917s] -- Up-to-date: /home/parham/Dev/ros2_foxy/science/sience_gui/science_ws/install/push_button_interface/include/push_button_interface/msg/detail/push_button__builder.hpp
[0.917s] -- Up-to-date: /home/parham/Dev/ros2_foxy/science/sience_gui/science_ws/install/push_button_interface/include/push_button_interface/msg/detail/push_button__struct.hpp
[0.917s] -- Up-to-date: /home/parham/Dev/ros2_foxy/science/sience_gui/science_ws/install/push_button_interface/include/push_button_interface
[0.917s] -- Up-to-date: /home/parham/Dev/ros2_foxy/science/sience_gui/science_ws/install/push_button_interface/include/push_button_interface/msg
[0.917s] -- Up-to-date: /home/parham/Dev/ros2_foxy/science/sience_gui/science_ws/install/push_button_interface/include/push_button_interface/msg/detail
[0.917s] -- Up-to-date: /home/parham/Dev/ros2_foxy/science/sience_gui/science_ws/install/push_button_interface/include/push_button_interface/msg/detail/push_button__rosidl_typesupport_introspection_cpp.hpp
[0.917s] -- Up-to-date: /home/parham/Dev/ros2_foxy/science/sience_gui/science_ws/install/push_button_interface/include/push_button_interface/msg/detail/push_button__type_support.cpp
[0.917s] -- Up-to-date: /home/parham/Dev/ros2_foxy/science/sience_gui/science_ws/install/push_button_interface/lib/libpush_button_interface__rosidl_typesupport_introspection_cpp.so
[0.917s] -- Up-to-date: /home/parham/Dev/ros2_foxy/science/sience_gui/science_ws/install/push_button_interface/lib/libpush_button_interface__rosidl_typesupport_cpp.so
[0.917s] -- Up-to-date: /home/parham/Dev/ros2_foxy/science/sience_gui/science_ws/install/push_button_interface/share/push_button_interface/environment/pythonpath.sh
[0.918s] -- Up-to-date: /home/parham/Dev/ros2_foxy/science/sience_gui/science_ws/install/push_button_interface/share/push_button_interface/environment/pythonpath.dsv
[0.918s] -- Up-to-date: /home/parham/Dev/ros2_foxy/science/sience_gui/science_ws/install/push_button_interface/lib/python3.8/site-packages/push_button_interface/__init__.py
[0.956s] -- Up-to-date: /home/parham/Dev/ros2_foxy/science/sience_gui/science_ws/install/push_button_interface/lib/python3.8/site-packages/push_button_interface/msg
[0.956s] -- Up-to-date: /home/parham/Dev/ros2_foxy/science/sience_gui/science_ws/install/push_button_interface/lib/python3.8/site-packages/push_button_interface/msg/_push_button.py
[0.956s] -- Up-to-date: /home/parham/Dev/ros2_foxy/science/sience_gui/science_ws/install/push_button_interface/lib/python3.8/site-packages/push_button_interface/msg/__init__.py
[0.956s] -- Up-to-date: /home/parham/Dev/ros2_foxy/science/sience_gui/science_ws/install/push_button_interface/lib/python3.8/site-packages/push_button_interface/msg/_push_button_s.c
[0.956s] -- Up-to-date: /home/parham/Dev/ros2_foxy/science/sience_gui/science_ws/install/push_button_interface/lib/python3.8/site-packages/push_button_interface/push_button_interface_s__rosidl_typesupport_fastrtps_c.cpython-38-x86_64-linux-gnu.so
[0.957s] -- Up-to-date: /home/parham/Dev/ros2_foxy/science/sience_gui/science_ws/install/push_button_interface/lib/python3.8/site-packages/push_button_interface/push_button_interface_s__rosidl_typesupport_introspection_c.cpython-38-x86_64-linux-gnu.so
[0.958s] -- Up-to-date: /home/parham/Dev/ros2_foxy/science/sience_gui/science_ws/install/push_button_interface/lib/python3.8/site-packages/push_button_interface/push_button_interface_s__rosidl_typesupport_connext_c.cpython-38-x86_64-linux-gnu.so
[0.958s] -- Up-to-date: /home/parham/Dev/ros2_foxy/science/sience_gui/science_ws/install/push_button_interface/lib/python3.8/site-packages/push_button_interface/push_button_interface_s__rosidl_typesupport_c.cpython-38-x86_64-linux-gnu.so
[0.959s] -- Up-to-date: /home/parham/Dev/ros2_foxy/science/sience_gui/science_ws/install/push_button_interface/lib/libpush_button_interface__python.so
[0.959s] -- Up-to-date: /home/parham/Dev/ros2_foxy/science/sience_gui/science_ws/install/push_button_interface/share/push_button_interface/msg/PushButton.idl
[0.959s] -- Up-to-date: /home/parham/Dev/ros2_foxy/science/sience_gui/science_ws/install/push_button_interface/share/push_button_interface/msg/PushButton.msg
[0.960s] -- Up-to-date: /home/parham/Dev/ros2_foxy/science/sience_gui/science_ws/install/push_button_interface/share/ament_index/resource_index/package_run_dependencies/push_button_interface
[0.960s] -- Up-to-date: /home/parham/Dev/ros2_foxy/science/sience_gui/science_ws/install/push_button_interface/share/ament_index/resource_index/parent_prefix_path/push_button_interface
[0.960s] -- Up-to-date: /home/parham/Dev/ros2_foxy/science/sience_gui/science_ws/install/push_button_interface/share/push_button_interface/environment/ament_prefix_path.sh
[0.960s] -- Up-to-date: /home/parham/Dev/ros2_foxy/science/sience_gui/science_ws/install/push_button_interface/share/push_button_interface/environment/ament_prefix_path.dsv
[0.960s] -- Up-to-date: /home/parham/Dev/ros2_foxy/science/sience_gui/science_ws/install/push_button_interface/share/push_button_interface/environment/path.sh
[0.960s] -- Up-to-date: /home/parham/Dev/ros2_foxy/science/sience_gui/science_ws/install/push_button_interface/share/push_button_interface/environment/path.dsv
[0.960s] -- Up-to-date: /home/parham/Dev/ros2_foxy/science/sience_gui/science_ws/install/push_button_interface/share/push_button_interface/local_setup.bash
[0.961s] -- Up-to-date: /home/parham/Dev/ros2_foxy/science/sience_gui/science_ws/install/push_button_interface/share/push_button_interface/local_setup.sh
[0.961s] -- Up-to-date: /home/parham/Dev/ros2_foxy/science/sience_gui/science_ws/install/push_button_interface/share/push_button_interface/local_setup.zsh
[0.961s] -- Up-to-date: /home/parham/Dev/ros2_foxy/science/sience_gui/science_ws/install/push_button_interface/share/push_button_interface/local_setup.dsv
[0.961s] -- Installing: /home/parham/Dev/ros2_foxy/science/sience_gui/science_ws/install/push_button_interface/share/push_button_interface/package.dsv
[0.961s] -- Up-to-date: /home/parham/Dev/ros2_foxy/science/sience_gui/science_ws/install/push_button_interface/share/ament_index/resource_index/packages/push_button_interface
[0.961s] -- Up-to-date: /home/parham/Dev/ros2_foxy/science/sience_gui/science_ws/install/push_button_interface/share/push_button_interface/cmake/push_button_interface__rosidl_generator_cExport.cmake
[0.961s] -- Up-to-date: /home/parham/Dev/ros2_foxy/science/sience_gui/science_ws/install/push_button_interface/share/push_button_interface/cmake/push_button_interface__rosidl_generator_cExport-noconfig.cmake
[0.961s] -- Up-to-date: /home/parham/Dev/ros2_foxy/science/sience_gui/science_ws/install/push_button_interface/share/push_button_interface/cmake/push_button_interface__rosidl_typesupport_introspection_cExport.cmake
[0.962s] -- Up-to-date: /home/parham/Dev/ros2_foxy/science/sience_gui/science_ws/install/push_button_interface/share/push_button_interface/cmake/push_button_interface__rosidl_typesupport_introspection_cExport-noconfig.cmake
[0.962s] -- Up-to-date: /home/parham/Dev/ros2_foxy/science/sience_gui/science_ws/install/push_button_interface/share/push_button_interface/cmake/push_button_interface__rosidl_typesupport_cExport.cmake
[0.962s] -- Up-to-date: /home/parham/Dev/ros2_foxy/science/sience_gui/science_ws/install/push_button_interface/share/push_button_interface/cmake/push_button_interface__rosidl_typesupport_cExport-noconfig.cmake
[0.962s] -- Up-to-date: /home/parham/Dev/ros2_foxy/science/sience_gui/science_ws/install/push_button_interface/share/push_button_interface/cmake/push_button_interface__rosidl_generator_cppExport.cmake
[0.962s] -- Up-to-date: /home/parham/Dev/ros2_foxy/science/sience_gui/science_ws/install/push_button_interface/share/push_button_interface/cmake/push_button_interface__rosidl_typesupport_introspection_cppExport.cmake
[0.962s] -- Up-to-date: /home/parham/Dev/ros2_foxy/science/sience_gui/science_ws/install/push_button_interface/share/push_button_interface/cmake/push_button_interface__rosidl_typesupport_introspection_cppExport-noconfig.cmake
[0.962s] -- Up-to-date: /home/parham/Dev/ros2_foxy/science/sience_gui/science_ws/install/push_button_interface/share/push_button_interface/cmake/push_button_interface__rosidl_typesupport_cppExport.cmake
[0.963s] -- Up-to-date: /home/parham/Dev/ros2_foxy/science/sience_gui/science_ws/install/push_button_interface/share/push_button_interface/cmake/push_button_interface__rosidl_typesupport_cppExport-noconfig.cmake
[0.963s] -- Up-to-date: /home/parham/Dev/ros2_foxy/science/sience_gui/science_ws/install/push_button_interface/share/push_button_interface/cmake/rosidl_cmake-extras.cmake
[0.963s] -- Up-to-date: /home/parham/Dev/ros2_foxy/science/sience_gui/science_ws/install/push_button_interface/share/push_button_interface/cmake/ament_cmake_export_dependencies-extras.cmake
[0.963s] -- Up-to-date: /home/parham/Dev/ros2_foxy/science/sience_gui/science_ws/install/push_button_interface/share/push_button_interface/cmake/ament_cmake_export_libraries-extras.cmake
[0.963s] -- Up-to-date: /home/parham/Dev/ros2_foxy/science/sience_gui/science_ws/install/push_button_interface/share/push_button_interface/cmake/ament_cmake_export_targets-extras.cmake
[0.963s] -- Up-to-date: /home/parham/Dev/ros2_foxy/science/sience_gui/science_ws/install/push_button_interface/share/push_button_interface/cmake/ament_cmake_export_include_directories-extras.cmake
[0.963s] -- Up-to-date: /home/parham/Dev/ros2_foxy/science/sience_gui/science_ws/install/push_button_interface/share/push_button_interface/cmake/rosidl_cmake_export_typesupport_libraries-extras.cmake
[0.964s] -- Up-to-date: /home/parham/Dev/ros2_foxy/science/sience_gui/science_ws/install/push_button_interface/share/push_button_interface/cmake/rosidl_cmake_export_typesupport_targets-extras.cmake
[0.964s] -- Up-to-date: /home/parham/Dev/ros2_foxy/science/sience_gui/science_ws/install/push_button_interface/share/push_button_interface/cmake/push_button_interfaceConfig.cmake
[0.964s] -- Up-to-date: /home/parham/Dev/ros2_foxy/science/sience_gui/science_ws/install/push_button_interface/share/push_button_interface/cmake/push_button_interfaceConfig-version.cmake
[0.964s] -- Up-to-date: /home/parham/Dev/ros2_foxy/science/sience_gui/science_ws/install/push_button_interface/share/push_button_interface/package.xml
[0.967s] Invoked command in '/home/parham/Dev/ros2_foxy/science/sience_gui/science_ws/build/push_button_interface' returned '0': CMAKE_PREFIX_PATH=${CMAKE_PREFIX_PATH}:/home/parham/Dev/ros2_foxy/science/sience_gui/science_ws/install/push_button:/home/parham/ws_moveit2/install/ros2controlcli:/opt/ros/foxy /usr/bin/cmake --install /home/parham/Dev/ros2_foxy/science/sience_gui/science_ws/build/push_button_interface
