[0.073s] Invoking command in '/home/parham/Dev/ros2_foxy/science/sience_gui/science_ws/src/push_button_interface/build/push_button_interface': CMAKE_PREFIX_PATH=${CMAKE_PREFIX_PATH}:/home/parham/ws_moveit2/install/ros2controlcli:/opt/ros/foxy /usr/bin/cmake /home/parham/Dev/ros2_foxy/science/sience_gui/science_ws/src/push_button_interface -DCMAKE_INSTALL_PREFIX=/home/parham/Dev/ros2_foxy/science/sience_gui/science_ws/src/push_button_interface/install/push_button_interface
[1.578s] -- The C compiler identification is GNU 9.3.0
[1.998s] -- The CXX compiler identification is GNU 9.3.0
[2.046s] -- Check for working C compiler: /usr/bin/cc
[2.197s] -- Check for working C compiler: /usr/bin/cc -- works
[2.211s] -- Detecting C compiler ABI info
[2.381s] -- Detecting C compiler ABI info - done
[2.393s] -- Detecting C compile features
[2.395s] -- Detecting C compile features - done
[2.402s] -- Check for working CXX compiler: /usr/bin/c++
[2.527s] -- Check for working CXX compiler: /usr/bin/c++ -- works
[2.528s] -- Detecting CXX compiler ABI info
[2.626s] -- Detecting CXX compiler ABI info - done
[2.640s] -- Detecting CXX compile features
[2.640s] -- Detecting CXX compile features - done
[3.326s] -- Found ament_cmake: 0.9.8 (/home/parham/ros2_foxy/ros2-linux/share/ament_cmake/cmake)
[3.663s] -- Found PythonInterp: /usr/bin/python3 (found suitable version "3.8.10", minimum required is "3") 
[3.664s] -- Using PYTHON_EXECUTABLE: /usr/bin/python3
[4.540s] -- Found ament_lint_auto: 0.9.6 (/home/parham/ros2_foxy/ros2-linux/share/ament_lint_auto/cmake)
[4.795s] -- Found rosidl_default_generators: 1.0.0 (/home/parham/ros2_foxy/ros2-linux/share/rosidl_default_generators/cmake)
[5.782s] -- Using all available rosidl_typesupport_c: rosidl_typesupport_fastrtps_c;rosidl_typesupport_introspection_c;rosidl_typesupport_connext_c
[5.880s] -- Found rosidl_adapter: 1.2.0 (/home/parham/ros2_foxy/ros2-linux/share/rosidl_adapter/cmake)
[7.033s] -- Found OpenSSL: /usr/lib/x86_64-linux-gnu/libcrypto.so (found version "1.1.1f")  
[7.098s] -- Found FastRTPS: /home/parham/ros2_foxy/ros2-linux/include  
[7.453s] -- Found RTI Connext: /opt/rti.com/rti_connext_dds-5.3.1
[12.598s] -- Using all available rosidl_typesupport_cpp: rosidl_typesupport_fastrtps_cpp;rosidl_typesupport_introspection_cpp;rosidl_typesupport_connext_cpp
[12.801s] -- Found PythonInterp: /usr/bin/python3 (found version "3.8.10") 
[13.618s] -- Found ament_cmake_ros: 0.9.0 (/home/parham/ros2_foxy/ros2-linux/share/ament_cmake_ros/cmake)
[14.054s] -- Using all available rosidl_typesupport_c: rosidl_typesupport_fastrtps_c;rosidl_typesupport_introspection_c;rosidl_typesupport_connext_c
[14.103s] -- Using all available rosidl_typesupport_cpp: rosidl_typesupport_fastrtps_cpp;rosidl_typesupport_introspection_cpp;rosidl_typesupport_connext_cpp
[14.143s] -- Found PythonInterp: /usr/bin/python3 (found suitable version "3.8.10", minimum required is "3.5") 
[14.172s] -- Found python_cmake_module: 0.8.0 (/home/parham/ros2_foxy/ros2-linux/share/python_cmake_module/cmake)
[15.112s] -- Found PythonLibs: /usr/lib/x86_64-linux-gnu/libpython3.8.so (found suitable version "3.8.10", minimum required is "3.5") 
[15.112s] -- Using PYTHON_EXECUTABLE: /usr/bin/python3
[15.113s] -- Using PYTHON_INCLUDE_DIRS: /usr/include/python3.8
[15.113s] -- Using PYTHON_LIBRARIES: /usr/lib/x86_64-linux-gnu/libpython3.8.so
[15.186s] -- Found PythonExtra: .so  
[15.391s] -- Added test 'copyright' to check source files copyright and LICENSE
[15.426s] -- Added test 'cppcheck' to perform static code analysis on C / C++ code
[15.430s] -- Configured cppcheck include dirs: $<BUILD_INTERFACE:/home/parham/Dev/ros2_foxy/science/sience_gui/science_ws/src/push_button_interface/build/push_button_interface/rosidl_generator_c>;/home/parham/Dev/ros2_foxy/science/sience_gui/science_ws/src/push_button_interface/build/push_button_interface/rosidl_generator_c;/home/parham/Dev/ros2_foxy/science/sience_gui/science_ws/src/push_button_interface/build/push_button_interface/rosidl_generator_cpp;/home/parham/Dev/ros2_foxy/science/sience_gui/science_ws/src/push_button_interface/build/push_button_interface/rosidl_typesupport_fastrtps_c;/home/parham/Dev/ros2_foxy/science/sience_gui/science_ws/src/push_button_interface/build/push_button_interface/rosidl_typesupport_fastrtps_cpp;$<BUILD_INTERFACE:/home/parham/Dev/ros2_foxy/science/sience_gui/science_ws/src/push_button_interface/build/push_button_interface/rosidl_typesupport_introspection_c>;/home/parham/Dev/ros2_foxy/science/sience_gui/science_ws/src/push_button_interface/build/push_button_interface/rosidl_typesupport_connext_c;/home/parham/Dev/ros2_foxy/science/sience_gui/science_ws/src/push_button_interface/build/push_button_interface/rosidl_typesupport_connext_cpp;$<BUILD_INTERFACE:/home/parham/Dev/ros2_foxy/science/sience_gui/science_ws/src/push_button_interface/build/push_button_interface/rosidl_typesupport_c>;$<BUILD_INTERFACE:/home/parham/Dev/ros2_foxy/science/sience_gui/science_ws/src/push_button_interface/build/push_button_interface/rosidl_generator_cpp>;/home/parham/Dev/ros2_foxy/science/sience_gui/science_ws/src/push_button_interface/build/push_button_interface/rosidl_generator_py
[15.430s] -- Configured cppcheck exclude dirs and/or files: 
[15.446s] -- Added test 'cpplint' to check C / C++ code against the Google style
[15.446s] -- Configured cpplint exclude dirs and/or files: 
[15.449s] -- Added test 'flake8' to check Python code syntax and style conventions
[15.454s] -- Added test 'lint_cmake' to check CMake code style
[15.458s] -- Added test 'pep257' to check Python code against some of the style conventions in PEP 257
[15.487s] -- Added test 'uncrustify' to check C / C++ code style
[15.487s] -- Configured uncrustify additional arguments: 
[15.491s] -- Added test 'xmllint' to check XML markup files
[15.589s] -- Configuring done
[16.057s] -- Generating done
[16.061s] -- Build files have been written to: /home/parham/Dev/ros2_foxy/science/sience_gui/science_ws/src/push_button_interface/build/push_button_interface
[16.070s] Invoked command in '/home/parham/Dev/ros2_foxy/science/sience_gui/science_ws/src/push_button_interface/build/push_button_interface' returned '0': CMAKE_PREFIX_PATH=${CMAKE_PREFIX_PATH}:/home/parham/ws_moveit2/install/ros2controlcli:/opt/ros/foxy /usr/bin/cmake /home/parham/Dev/ros2_foxy/science/sience_gui/science_ws/src/push_button_interface -DCMAKE_INSTALL_PREFIX=/home/parham/Dev/ros2_foxy/science/sience_gui/science_ws/src/push_button_interface/install/push_button_interface
[16.073s] Invoking command in '/home/parham/Dev/ros2_foxy/science/sience_gui/science_ws/src/push_button_interface/build/push_button_interface': CMAKE_PREFIX_PATH=${CMAKE_PREFIX_PATH}:/home/parham/ws_moveit2/install/ros2controlcli:/opt/ros/foxy /usr/bin/cmake --build /home/parham/Dev/ros2_foxy/science/sience_gui/science_ws/src/push_button_interface/build/push_button_interface -- -j4 -l4
[16.145s] [  2%] [34m[1mGenerating C code for ROS interfaces[0m
[16.146s] [35m[1mScanning dependencies of target push_button_interface__dds_connext_idl[0m
[16.155s] [35m[1mScanning dependencies of target push_button_interface__cpp[0m
[16.182s] [  4%] [34m[1mGenerating C++ code for ROS interfaces[0m
[16.185s] [  6%] [34m[1mGenerating DDS interfaces[0m
[16.701s] [  6%] Built target push_button_interface__dds_connext_idl
[16.934s] [35m[1mScanning dependencies of target push_button_interface__rosidl_generator_c[0m
[16.937s] [  6%] Built target push_button_interface__cpp
[16.967s] [ 10%] [34m[1mGenerating C++ introspection for ROS interfaces[0m
[16.967s] [ 10%] [34m[1mGenerating C++ type support dispatch for ROS interfaces[0m
[16.986s] [ 12%] [34m[1mGenerating C++ type support for RTI Connext (using '/opt/rti.com/rti_connext_dds-5.3.1/bin/rtiddsgen_server')[0m
[17.449s] [ 14%] [32mBuilding C object CMakeFiles/push_button_interface__rosidl_generator_c.dir/rosidl_generator_c/push_button_interface/action/detail/push_button__functions.c.o[0m
[17.784s] [35m[1mScanning dependencies of target push_button_interface__rosidl_typesupport_cpp[0m
[17.916s] [35m[1mScanning dependencies of target push_button_interface__rosidl_typesupport_introspection_cpp[0m
[18.082s] [ 16%] [32m[1mLinking C shared library libpush_button_interface__rosidl_generator_c.so[0m
[18.366s] [ 18%] [32mBuilding CXX object CMakeFiles/push_button_interface__rosidl_typesupport_introspection_cpp.dir/rosidl_typesupport_introspection_cpp/push_button_interface/action/detail/push_button__type_support.cpp.o[0m
[18.367s] [ 20%] [32mBuilding CXX object CMakeFiles/push_button_interface__rosidl_typesupport_cpp.dir/rosidl_typesupport_cpp/push_button_interface/action/push_button__type_support.cpp.o[0m
[18.620s] [ 20%] Built target push_button_interface__rosidl_generator_c
[18.650s] [ 22%] [34m[1mGenerating C++ type support for eProsima Fast-RTPS[0m
[19.194s] [ 24%] [32m[1mLinking CXX shared library libpush_button_interface__rosidl_typesupport_cpp.so[0m
[19.232s] [ 26%] [32m[1mLinking CXX shared library libpush_button_interface__rosidl_typesupport_introspection_cpp.so[0m
[19.270s] [35m[1mScanning dependencies of target push_button_interface__rosidl_typesupport_fastrtps_cpp[0m
[19.273s] [ 26%] Built target push_button_interface__rosidl_typesupport_cpp
[19.292s] [ 28%] [34m[1mGenerating C introspection for ROS interfaces[0m
[19.356s] [ 28%] Built target push_button_interface__rosidl_typesupport_introspection_cpp
[19.374s] [ 30%] [34m[1mGenerating C type support dispatch for ROS interfaces[0m
[19.474s] [ 32%] [32mBuilding CXX object CMakeFiles/push_button_interface__rosidl_typesupport_fastrtps_cpp.dir/rosidl_typesupport_fastrtps_cpp/push_button_interface/action/detail/dds_fastrtps/push_button__type_support.cpp.o[0m
[20.015s] [35m[1mScanning dependencies of target push_button_interface__rosidl_typesupport_c[0m
[20.159s] [35m[1mScanning dependencies of target push_button_interface__rosidl_typesupport_introspection_c[0m
[20.190s] [ 34%] [32mBuilding CXX object CMakeFiles/push_button_interface__rosidl_typesupport_c.dir/rosidl_typesupport_c/push_button_interface/action/push_button__type_support.cpp.o[0m
[20.261s] [ 36%] [32m[1mLinking CXX shared library libpush_button_interface__rosidl_typesupport_c.so[0m
[20.275s] [ 38%] [32mBuilding C object CMakeFiles/push_button_interface__rosidl_typesupport_introspection_c.dir/rosidl_typesupport_introspection_c/push_button_interface/action/detail/push_button__type_support.c.o[0m
[20.355s] [ 38%] Built target push_button_interface__rosidl_typesupport_c
[20.363s] [ 40%] [32m[1mLinking C shared library libpush_button_interface__rosidl_typesupport_introspection_c.so[0m
[20.429s] [ 40%] Built target push_button_interface__rosidl_typesupport_introspection_c
[20.471s] [ 42%] [32m[1mLinking CXX shared library libpush_button_interface__rosidl_typesupport_fastrtps_cpp.so[0m
[20.906s] [ 42%] Built target push_button_interface__rosidl_typesupport_fastrtps_cpp
[20.925s] [ 44%] [34m[1mGenerating C type support for eProsima Fast-RTPS[0m
[21.539s] [35m[1mScanning dependencies of target push_button_interface__rosidl_typesupport_fastrtps_c[0m
[21.618s] [ 46%] [32mBuilding CXX object CMakeFiles/push_button_interface__rosidl_typesupport_fastrtps_c.dir/rosidl_typesupport_fastrtps_c/push_button_interface/action/detail/push_button__type_support_c.cpp.o[0m
[21.807s] INFO com.rti.ndds.nddsgen.Main Running rtiddsgen version 2.5.2, please wait ...
[21.807s] INFO com.rti.ndds.nddsgen.Main Done
[21.926s] [35m[1mScanning dependencies of target push_button_interface__rosidl_typesupport_connext_cpp[0m
[22.143s] [ 48%] [32mBuilding CXX object CMakeFiles/push_button_interface__rosidl_typesupport_connext_cpp.dir/rosidl_typesupport_connext_cpp/push_button_interface/action/dds_connext/push_button__type_support.cpp.o[0m
[22.152s] [ 51%] [32mBuilding CXX object CMakeFiles/push_button_interface__rosidl_typesupport_connext_cpp.dir/rosidl_typesupport_connext_cpp/push_button_interface/action/dds_connext/PushButton_Plugin.cxx.o[0m
[22.154s] [ 53%] [32mBuilding CXX object CMakeFiles/push_button_interface__rosidl_typesupport_connext_cpp.dir/rosidl_typesupport_connext_cpp/push_button_interface/action/dds_connext/PushButton_.cxx.o[0m
[22.377s] [ 55%] [32m[1mLinking CXX shared library libpush_button_interface__rosidl_typesupport_fastrtps_c.so[0m
[22.592s] [ 55%] Built target push_button_interface__rosidl_typesupport_fastrtps_c
[22.625s] [ 57%] [32mBuilding CXX object CMakeFiles/push_button_interface__rosidl_typesupport_connext_cpp.dir/rosidl_typesupport_connext_cpp/push_button_interface/action/dds_connext/PushButton_Support.cxx.o[0m
[24.554s] [ 59%] [32m[1mLinking CXX shared library libpush_button_interface__rosidl_typesupport_connext_cpp.so[0m
[25.404s] [ 61%] Built target push_button_interface__rosidl_typesupport_connext_cpp
[25.421s] [ 63%] [34m[1mGenerating C type support for RTI Connext[0m
[26.131s] [35m[1mScanning dependencies of target push_button_interface__rosidl_typesupport_connext_c[0m
[26.303s] [ 69%] [32mBuilding CXX object CMakeFiles/push_button_interface__rosidl_typesupport_connext_c.dir/rosidl_typesupport_connext_cpp/push_button_interface/action/dds_connext/PushButton_Plugin.cxx.o[0m
[26.303s] [ 69%] [32mBuilding CXX object CMakeFiles/push_button_interface__rosidl_typesupport_connext_c.dir/rosidl_typesupport_connext_c/push_button_interface/action/dds_connext/push_button__type_support_c.cpp.o[0m
[26.303s] [ 69%] [32mBuilding CXX object CMakeFiles/push_button_interface__rosidl_typesupport_connext_c.dir/rosidl_typesupport_connext_cpp/push_button_interface/action/dds_connext/PushButton_.cxx.o[0m
[26.305s] [ 71%] [32mBuilding CXX object CMakeFiles/push_button_interface__rosidl_typesupport_connext_c.dir/rosidl_typesupport_connext_cpp/push_button_interface/action/dds_connext/PushButton_Support.cxx.o[0m
[28.935s] [ 73%] [32m[1mLinking CXX shared library libpush_button_interface__rosidl_typesupport_connext_c.so[0m
[29.896s] [ 77%] Built target push_button_interface__rosidl_typesupport_connext_c
[29.914s] [35m[1mScanning dependencies of target push_button_interface[0m
[29.930s] [ 77%] Built target push_button_interface
[29.947s] [35m[1mScanning dependencies of target push_button_interface__py[0m
[29.964s] [ 79%] [34m[1mGenerating Python code for ROS interfaces[0m
[34.446s] [ 79%] Built target push_button_interface__py
[34.461s] [35m[1mScanning dependencies of target push_button_interface__python[0m
[35.133s] [ 81%] [32mBuilding C object CMakeFiles/push_button_interface__python.dir/rosidl_generator_py/push_button_interface/action/_push_button_s.c.o[0m
[35.970s] [ 83%] [32m[1mLinking C shared library rosidl_generator_py/push_button_interface/libpush_button_interface__python.so[0m
[36.075s] [ 83%] Built target push_button_interface__python
[36.100s] [35m[1mScanning dependencies of target push_button_interface__rosidl_typesupport_c__pyext[0m
[36.100s] [35m[1mScanning dependencies of target push_button_interface__rosidl_typesupport_connext_c__pyext[0m
[36.100s] [35m[1mScanning dependencies of target push_button_interface__rosidl_typesupport_introspection_c__pyext[0m
[36.107s] [35m[1mScanning dependencies of target push_button_interface__rosidl_typesupport_fastrtps_c__pyext[0m
[36.147s] [ 85%] [32mBuilding C object CMakeFiles/push_button_interface__rosidl_typesupport_c__pyext.dir/rosidl_generator_py/push_button_interface/_push_button_interface_s.ep.rosidl_typesupport_c.c.o[0m
[36.154s] [ 87%] [32mBuilding C object CMakeFiles/push_button_interface__rosidl_typesupport_introspection_c__pyext.dir/rosidl_generator_py/push_button_interface/_push_button_interface_s.ep.rosidl_typesupport_introspection_c.c.o[0m
[36.161s] [ 89%] [32mBuilding C object CMakeFiles/push_button_interface__rosidl_typesupport_connext_c__pyext.dir/rosidl_generator_py/push_button_interface/_push_button_interface_s.ep.rosidl_typesupport_connext_c.c.o[0m
[36.167s] [ 91%] [32mBuilding C object CMakeFiles/push_button_interface__rosidl_typesupport_fastrtps_c__pyext.dir/rosidl_generator_py/push_button_interface/_push_button_interface_s.ep.rosidl_typesupport_fastrtps_c.c.o[0m
[36.355s] [ 93%] [32m[1mLinking C shared library rosidl_generator_py/push_button_interface/push_button_interface_s__rosidl_typesupport_c.cpython-38-x86_64-linux-gnu.so[0m
[36.357s] [ 95%] [32m[1mLinking C shared library rosidl_generator_py/push_button_interface/push_button_interface_s__rosidl_typesupport_introspection_c.cpython-38-x86_64-linux-gnu.so[0m
[36.382s] [ 97%] [32m[1mLinking CXX shared library rosidl_generator_py/push_button_interface/push_button_interface_s__rosidl_typesupport_fastrtps_c.cpython-38-x86_64-linux-gnu.so[0m
[36.401s] [100%] [32m[1mLinking C shared library rosidl_generator_py/push_button_interface/push_button_interface_s__rosidl_typesupport_connext_c.cpython-38-x86_64-linux-gnu.so[0m
[36.447s] [100%] Built target push_button_interface__rosidl_typesupport_c__pyext
[36.453s] [100%] Built target push_button_interface__rosidl_typesupport_introspection_c__pyext
[36.528s] [100%] Built target push_button_interface__rosidl_typesupport_fastrtps_c__pyext
[36.559s] [100%] Built target push_button_interface__rosidl_typesupport_connext_c__pyext
[41.979s] Invoked command in '/home/parham/Dev/ros2_foxy/science/sience_gui/science_ws/src/push_button_interface/build/push_button_interface' returned '0': CMAKE_PREFIX_PATH=${CMAKE_PREFIX_PATH}:/home/parham/ws_moveit2/install/ros2controlcli:/opt/ros/foxy /usr/bin/cmake --build /home/parham/Dev/ros2_foxy/science/sience_gui/science_ws/src/push_button_interface/build/push_button_interface -- -j4 -l4
[42.135s] Invoking command in '/home/parham/Dev/ros2_foxy/science/sience_gui/science_ws/src/push_button_interface/build/push_button_interface': CMAKE_PREFIX_PATH=${CMAKE_PREFIX_PATH}:/home/parham/ws_moveit2/install/ros2controlcli:/opt/ros/foxy /usr/bin/cmake --install /home/parham/Dev/ros2_foxy/science/sience_gui/science_ws/src/push_button_interface/build/push_button_interface
[42.148s] -- Install configuration: ""
[42.148s] -- Installing: /home/parham/Dev/ros2_foxy/science/sience_gui/science_ws/src/push_button_interface/install/push_button_interface/share/ament_index/resource_index/rosidl_interfaces/push_button_interface
[42.148s] -- Installing: /home/parham/Dev/ros2_foxy/science/sience_gui/science_ws/src/push_button_interface/install/push_button_interface/include/push_button_interface
[42.148s] -- Installing: /home/parham/Dev/ros2_foxy/science/sience_gui/science_ws/src/push_button_interface/install/push_button_interface/include/push_button_interface/action
[42.149s] -- Installing: /home/parham/Dev/ros2_foxy/science/sience_gui/science_ws/src/push_button_interface/install/push_button_interface/include/push_button_interface/action/push_button.h
[42.149s] -- Installing: /home/parham/Dev/ros2_foxy/science/sience_gui/science_ws/src/push_button_interface/install/push_button_interface/include/push_button_interface/action/detail
[42.149s] -- Installing: /home/parham/Dev/ros2_foxy/science/sience_gui/science_ws/src/push_button_interface/install/push_button_interface/include/push_button_interface/action/detail/push_button__functions.h
[42.149s] -- Installing: /home/parham/Dev/ros2_foxy/science/sience_gui/science_ws/src/push_button_interface/install/push_button_interface/include/push_button_interface/action/detail/push_button__functions.c
[42.149s] -- Installing: /home/parham/Dev/ros2_foxy/science/sience_gui/science_ws/src/push_button_interface/install/push_button_interface/include/push_button_interface/action/detail/push_button__type_support.h
[42.149s] -- Installing: /home/parham/Dev/ros2_foxy/science/sience_gui/science_ws/src/push_button_interface/install/push_button_interface/include/push_button_interface/action/detail/push_button__struct.h
[42.149s] -- Installing: /home/parham/Dev/ros2_foxy/science/sience_gui/science_ws/src/push_button_interface/install/push_button_interface/include/push_button_interface/msg
[42.149s] -- Installing: /home/parham/Dev/ros2_foxy/science/sience_gui/science_ws/src/push_button_interface/install/push_button_interface/include/push_button_interface/msg/rosidl_generator_c__visibility_control.h
[42.149s] -- Installing: /home/parham/Dev/ros2_foxy/science/sience_gui/science_ws/src/push_button_interface/install/push_button_interface/share/push_button_interface/environment/library_path.sh
[42.149s] -- Installing: /home/parham/Dev/ros2_foxy/science/sience_gui/science_ws/src/push_button_interface/install/push_button_interface/share/push_button_interface/environment/library_path.dsv
[42.150s] -- Installing: /home/parham/Dev/ros2_foxy/science/sience_gui/science_ws/src/push_button_interface/install/push_button_interface/lib/libpush_button_interface__rosidl_generator_c.so
[42.150s] -- Set runtime path of "/home/parham/Dev/ros2_foxy/science/sience_gui/science_ws/src/push_button_interface/install/push_button_interface/lib/libpush_button_interface__rosidl_generator_c.so" to ""
[42.150s] -- Up-to-date: /home/parham/Dev/ros2_foxy/science/sience_gui/science_ws/src/push_button_interface/install/push_button_interface/include/push_button_interface
[42.150s] -- Up-to-date: /home/parham/Dev/ros2_foxy/science/sience_gui/science_ws/src/push_button_interface/install/push_button_interface/include/push_button_interface/action
[42.150s] -- Up-to-date: /home/parham/Dev/ros2_foxy/science/sience_gui/science_ws/src/push_button_interface/install/push_button_interface/include/push_button_interface/action/detail
[42.150s] -- Installing: /home/parham/Dev/ros2_foxy/science/sience_gui/science_ws/src/push_button_interface/install/push_button_interface/include/push_button_interface/action/detail/push_button__rosidl_typesupport_fastrtps_c.h
[42.151s] -- Up-to-date: /home/parham/Dev/ros2_foxy/science/sience_gui/science_ws/src/push_button_interface/install/push_button_interface/include/push_button_interface/msg
[42.151s] -- Installing: /home/parham/Dev/ros2_foxy/science/sience_gui/science_ws/src/push_button_interface/install/push_button_interface/include/push_button_interface/msg/rosidl_typesupport_fastrtps_c__visibility_control.h
[42.151s] -- Installing: /home/parham/Dev/ros2_foxy/science/sience_gui/science_ws/src/push_button_interface/install/push_button_interface/lib/libpush_button_interface__rosidl_typesupport_fastrtps_c.so
[42.151s] -- Set runtime path of "/home/parham/Dev/ros2_foxy/science/sience_gui/science_ws/src/push_button_interface/install/push_button_interface/lib/libpush_button_interface__rosidl_typesupport_fastrtps_c.so" to ""
[42.151s] -- Up-to-date: /home/parham/Dev/ros2_foxy/science/sience_gui/science_ws/src/push_button_interface/install/push_button_interface/include/push_button_interface
[42.151s] -- Up-to-date: /home/parham/Dev/ros2_foxy/science/sience_gui/science_ws/src/push_button_interface/install/push_button_interface/include/push_button_interface/action
[42.151s] -- Up-to-date: /home/parham/Dev/ros2_foxy/science/sience_gui/science_ws/src/push_button_interface/install/push_button_interface/include/push_button_interface/action/detail
[42.152s] -- Installing: /home/parham/Dev/ros2_foxy/science/sience_gui/science_ws/src/push_button_interface/install/push_button_interface/include/push_button_interface/action/detail/push_button__rosidl_typesupport_fastrtps_cpp.hpp
[42.152s] -- Installing: /home/parham/Dev/ros2_foxy/science/sience_gui/science_ws/src/push_button_interface/install/push_button_interface/include/push_button_interface/action/detail/dds_fastrtps
[42.152s] -- Up-to-date: /home/parham/Dev/ros2_foxy/science/sience_gui/science_ws/src/push_button_interface/install/push_button_interface/include/push_button_interface/msg
[42.152s] -- Installing: /home/parham/Dev/ros2_foxy/science/sience_gui/science_ws/src/push_button_interface/install/push_button_interface/include/push_button_interface/msg/rosidl_typesupport_fastrtps_cpp__visibility_control.h
[42.152s] -- Installing: /home/parham/Dev/ros2_foxy/science/sience_gui/science_ws/src/push_button_interface/install/push_button_interface/lib/libpush_button_interface__rosidl_typesupport_fastrtps_cpp.so
[42.152s] -- Set runtime path of "/home/parham/Dev/ros2_foxy/science/sience_gui/science_ws/src/push_button_interface/install/push_button_interface/lib/libpush_button_interface__rosidl_typesupport_fastrtps_cpp.so" to ""
[42.152s] -- Up-to-date: /home/parham/Dev/ros2_foxy/science/sience_gui/science_ws/src/push_button_interface/install/push_button_interface/include/push_button_interface
[42.153s] -- Up-to-date: /home/parham/Dev/ros2_foxy/science/sience_gui/science_ws/src/push_button_interface/install/push_button_interface/include/push_button_interface/action
[42.153s] -- Up-to-date: /home/parham/Dev/ros2_foxy/science/sience_gui/science_ws/src/push_button_interface/install/push_button_interface/include/push_button_interface/action/detail
[42.153s] -- Installing: /home/parham/Dev/ros2_foxy/science/sience_gui/science_ws/src/push_button_interface/install/push_button_interface/include/push_button_interface/action/detail/push_button__rosidl_typesupport_introspection_c.h
[42.153s] -- Installing: /home/parham/Dev/ros2_foxy/science/sience_gui/science_ws/src/push_button_interface/install/push_button_interface/include/push_button_interface/action/detail/push_button__type_support.c
[42.153s] -- Up-to-date: /home/parham/Dev/ros2_foxy/science/sience_gui/science_ws/src/push_button_interface/install/push_button_interface/include/push_button_interface/msg
[42.153s] -- Installing: /home/parham/Dev/ros2_foxy/science/sience_gui/science_ws/src/push_button_interface/install/push_button_interface/include/push_button_interface/msg/rosidl_typesupport_introspection_c__visibility_control.h
[42.153s] -- Installing: /home/parham/Dev/ros2_foxy/science/sience_gui/science_ws/src/push_button_interface/install/push_button_interface/lib/libpush_button_interface__rosidl_typesupport_introspection_c.so
[42.153s] -- Set runtime path of "/home/parham/Dev/ros2_foxy/science/sience_gui/science_ws/src/push_button_interface/install/push_button_interface/lib/libpush_button_interface__rosidl_typesupport_introspection_c.so" to ""
[42.153s] -- Up-to-date: /home/parham/Dev/ros2_foxy/science/sience_gui/science_ws/src/push_button_interface/install/push_button_interface/include/push_button_interface
[42.154s] -- Up-to-date: /home/parham/Dev/ros2_foxy/science/sience_gui/science_ws/src/push_button_interface/install/push_button_interface/include/push_button_interface/action
[42.154s] -- Installing: /home/parham/Dev/ros2_foxy/science/sience_gui/science_ws/src/push_button_interface/install/push_button_interface/include/push_button_interface/action/push_button__rosidl_typesupport_connext_c.h
[42.154s] -- Installing: /home/parham/Dev/ros2_foxy/science/sience_gui/science_ws/src/push_button_interface/install/push_button_interface/include/push_button_interface/action/dds_connext
[42.154s] -- Up-to-date: /home/parham/Dev/ros2_foxy/science/sience_gui/science_ws/src/push_button_interface/install/push_button_interface/include/push_button_interface/msg
[42.154s] -- Installing: /home/parham/Dev/ros2_foxy/science/sience_gui/science_ws/src/push_button_interface/install/push_button_interface/include/push_button_interface/msg/rosidl_typesupport_connext_c__visibility_control.h
[42.154s] -- Installing: /home/parham/Dev/ros2_foxy/science/sience_gui/science_ws/src/push_button_interface/install/push_button_interface/lib/libpush_button_interface__rosidl_typesupport_connext_c.so
[42.156s] -- Set runtime path of "/home/parham/Dev/ros2_foxy/science/sience_gui/science_ws/src/push_button_interface/install/push_button_interface/lib/libpush_button_interface__rosidl_typesupport_connext_c.so" to ""
[42.156s] -- Installing: /home/parham/Dev/ros2_foxy/science/sience_gui/science_ws/src/push_button_interface/install/push_button_interface/share/push_button_interface/action/dds_connext
[42.156s] -- Installing: /home/parham/Dev/ros2_foxy/science/sience_gui/science_ws/src/push_button_interface/install/push_button_interface/share/push_button_interface/action/dds_connext/PushButton_.idl
[42.156s] -- Up-to-date: /home/parham/Dev/ros2_foxy/science/sience_gui/science_ws/src/push_button_interface/install/push_button_interface/include/push_button_interface
[42.156s] -- Up-to-date: /home/parham/Dev/ros2_foxy/science/sience_gui/science_ws/src/push_button_interface/install/push_button_interface/include/push_button_interface/action
[42.156s] -- Up-to-date: /home/parham/Dev/ros2_foxy/science/sience_gui/science_ws/src/push_button_interface/install/push_button_interface/include/push_button_interface/action/dds_connext
[42.156s] -- Installing: /home/parham/Dev/ros2_foxy/science/sience_gui/science_ws/src/push_button_interface/install/push_button_interface/include/push_button_interface/action/dds_connext/PushButton_Plugin.cxx
[42.156s] -- Installing: /home/parham/Dev/ros2_foxy/science/sience_gui/science_ws/src/push_button_interface/install/push_button_interface/include/push_button_interface/action/dds_connext/PushButton_Support.h
[42.157s] -- Installing: /home/parham/Dev/ros2_foxy/science/sience_gui/science_ws/src/push_button_interface/install/push_button_interface/include/push_button_interface/action/dds_connext/PushButton_Plugin.h
[42.157s] -- Installing: /home/parham/Dev/ros2_foxy/science/sience_gui/science_ws/src/push_button_interface/install/push_button_interface/include/push_button_interface/action/dds_connext/PushButton_Support.cxx
[42.157s] -- Installing: /home/parham/Dev/ros2_foxy/science/sience_gui/science_ws/src/push_button_interface/install/push_button_interface/include/push_button_interface/action/dds_connext/PushButton_.cxx
[42.157s] -- Installing: /home/parham/Dev/ros2_foxy/science/sience_gui/science_ws/src/push_button_interface/install/push_button_interface/include/push_button_interface/action/dds_connext/PushButton_.h
[42.157s] -- Installing: /home/parham/Dev/ros2_foxy/science/sience_gui/science_ws/src/push_button_interface/install/push_button_interface/include/push_button_interface/action/push_button__rosidl_typesupport_connext_cpp.hpp
[42.158s] -- Up-to-date: /home/parham/Dev/ros2_foxy/science/sience_gui/science_ws/src/push_button_interface/install/push_button_interface/include/push_button_interface/msg
[42.158s] -- Installing: /home/parham/Dev/ros2_foxy/science/sience_gui/science_ws/src/push_button_interface/install/push_button_interface/include/push_button_interface/msg/rosidl_typesupport_connext_cpp__visibility_control.h
[42.158s] -- Installing: /home/parham/Dev/ros2_foxy/science/sience_gui/science_ws/src/push_button_interface/install/push_button_interface/lib/libpush_button_interface__rosidl_typesupport_connext_cpp.so
[42.160s] -- Set runtime path of "/home/parham/Dev/ros2_foxy/science/sience_gui/science_ws/src/push_button_interface/install/push_button_interface/lib/libpush_button_interface__rosidl_typesupport_connext_cpp.so" to ""
[42.160s] -- Installing: /home/parham/Dev/ros2_foxy/science/sience_gui/science_ws/src/push_button_interface/install/push_button_interface/lib/libpush_button_interface__rosidl_typesupport_c.so
[42.160s] -- Set runtime path of "/home/parham/Dev/ros2_foxy/science/sience_gui/science_ws/src/push_button_interface/install/push_button_interface/lib/libpush_button_interface__rosidl_typesupport_c.so" to ""
[42.160s] -- Up-to-date: /home/parham/Dev/ros2_foxy/science/sience_gui/science_ws/src/push_button_interface/install/push_button_interface/include/push_button_interface
[42.160s] -- Up-to-date: /home/parham/Dev/ros2_foxy/science/sience_gui/science_ws/src/push_button_interface/install/push_button_interface/include/push_button_interface/action
[42.161s] -- Installing: /home/parham/Dev/ros2_foxy/science/sience_gui/science_ws/src/push_button_interface/install/push_button_interface/include/push_button_interface/action/push_button.hpp
[42.161s] -- Up-to-date: /home/parham/Dev/ros2_foxy/science/sience_gui/science_ws/src/push_button_interface/install/push_button_interface/include/push_button_interface/action/detail
[42.161s] -- Installing: /home/parham/Dev/ros2_foxy/science/sience_gui/science_ws/src/push_button_interface/install/push_button_interface/include/push_button_interface/action/detail/push_button__traits.hpp
[42.161s] -- Installing: /home/parham/Dev/ros2_foxy/science/sience_gui/science_ws/src/push_button_interface/install/push_button_interface/include/push_button_interface/action/detail/push_button__builder.hpp
[42.161s] -- Installing: /home/parham/Dev/ros2_foxy/science/sience_gui/science_ws/src/push_button_interface/install/push_button_interface/include/push_button_interface/action/detail/push_button__struct.hpp
[42.161s] -- Up-to-date: /home/parham/Dev/ros2_foxy/science/sience_gui/science_ws/src/push_button_interface/install/push_button_interface/include/push_button_interface
[42.161s] -- Up-to-date: /home/parham/Dev/ros2_foxy/science/sience_gui/science_ws/src/push_button_interface/install/push_button_interface/include/push_button_interface/action
[42.162s] -- Up-to-date: /home/parham/Dev/ros2_foxy/science/sience_gui/science_ws/src/push_button_interface/install/push_button_interface/include/push_button_interface/action/detail
[42.162s] -- Installing: /home/parham/Dev/ros2_foxy/science/sience_gui/science_ws/src/push_button_interface/install/push_button_interface/include/push_button_interface/action/detail/push_button__rosidl_typesupport_introspection_cpp.hpp
[42.162s] -- Installing: /home/parham/Dev/ros2_foxy/science/sience_gui/science_ws/src/push_button_interface/install/push_button_interface/include/push_button_interface/action/detail/push_button__type_support.cpp
[42.162s] -- Installing: /home/parham/Dev/ros2_foxy/science/sience_gui/science_ws/src/push_button_interface/install/push_button_interface/lib/libpush_button_interface__rosidl_typesupport_introspection_cpp.so
[42.162s] -- Set runtime path of "/home/parham/Dev/ros2_foxy/science/sience_gui/science_ws/src/push_button_interface/install/push_button_interface/lib/libpush_button_interface__rosidl_typesupport_introspection_cpp.so" to ""
[42.163s] -- Installing: /home/parham/Dev/ros2_foxy/science/sience_gui/science_ws/src/push_button_interface/install/push_button_interface/lib/libpush_button_interface__rosidl_typesupport_cpp.so
[42.163s] -- Set runtime path of "/home/parham/Dev/ros2_foxy/science/sience_gui/science_ws/src/push_button_interface/install/push_button_interface/lib/libpush_button_interface__rosidl_typesupport_cpp.so" to ""
[42.163s] -- Installing: /home/parham/Dev/ros2_foxy/science/sience_gui/science_ws/src/push_button_interface/install/push_button_interface/share/push_button_interface/environment/pythonpath.sh
[42.163s] -- Installing: /home/parham/Dev/ros2_foxy/science/sience_gui/science_ws/src/push_button_interface/install/push_button_interface/share/push_button_interface/environment/pythonpath.dsv
[42.163s] -- Installing: /home/parham/Dev/ros2_foxy/science/sience_gui/science_ws/src/push_button_interface/install/push_button_interface/lib/python3.8/site-packages/push_button_interface/__init__.py
[42.570s] Compiling '/home/parham/Dev/ros2_foxy/science/sience_gui/science_ws/src/push_button_interface/install/push_button_interface/lib/python3.8/site-packages/push_button_interface/__init__.py'...
[42.576s] -- Installing: /home/parham/Dev/ros2_foxy/science/sience_gui/science_ws/src/push_button_interface/install/push_button_interface/lib/python3.8/site-packages/push_button_interface/action
[42.576s] -- Installing: /home/parham/Dev/ros2_foxy/science/sience_gui/science_ws/src/push_button_interface/install/push_button_interface/lib/python3.8/site-packages/push_button_interface/action/_push_button.py
[42.576s] -- Installing: /home/parham/Dev/ros2_foxy/science/sience_gui/science_ws/src/push_button_interface/install/push_button_interface/lib/python3.8/site-packages/push_button_interface/action/__init__.py
[42.576s] -- Installing: /home/parham/Dev/ros2_foxy/science/sience_gui/science_ws/src/push_button_interface/install/push_button_interface/lib/python3.8/site-packages/push_button_interface/action/_push_button_s.c
[42.576s] -- Installing: /home/parham/Dev/ros2_foxy/science/sience_gui/science_ws/src/push_button_interface/install/push_button_interface/lib/python3.8/site-packages/push_button_interface/push_button_interface_s__rosidl_typesupport_fastrtps_c.cpython-38-x86_64-linux-gnu.so
[42.577s] -- Set runtime path of "/home/parham/Dev/ros2_foxy/science/sience_gui/science_ws/src/push_button_interface/install/push_button_interface/lib/python3.8/site-packages/push_button_interface/push_button_interface_s__rosidl_typesupport_fastrtps_c.cpython-38-x86_64-linux-gnu.so" to ""
[42.577s] -- Installing: /home/parham/Dev/ros2_foxy/science/sience_gui/science_ws/src/push_button_interface/install/push_button_interface/lib/python3.8/site-packages/push_button_interface/push_button_interface_s__rosidl_typesupport_introspection_c.cpython-38-x86_64-linux-gnu.so
[42.578s] -- Set runtime path of "/home/parham/Dev/ros2_foxy/science/sience_gui/science_ws/src/push_button_interface/install/push_button_interface/lib/python3.8/site-packages/push_button_interface/push_button_interface_s__rosidl_typesupport_introspection_c.cpython-38-x86_64-linux-gnu.so" to ""
[42.578s] -- Installing: /home/parham/Dev/ros2_foxy/science/sience_gui/science_ws/src/push_button_interface/install/push_button_interface/lib/python3.8/site-packages/push_button_interface/push_button_interface_s__rosidl_typesupport_connext_c.cpython-38-x86_64-linux-gnu.so
[42.579s] -- Set runtime path of "/home/parham/Dev/ros2_foxy/science/sience_gui/science_ws/src/push_button_interface/install/push_button_interface/lib/python3.8/site-packages/push_button_interface/push_button_interface_s__rosidl_typesupport_connext_c.cpython-38-x86_64-linux-gnu.so" to ""
[42.579s] -- Installing: /home/parham/Dev/ros2_foxy/science/sience_gui/science_ws/src/push_button_interface/install/push_button_interface/lib/python3.8/site-packages/push_button_interface/push_button_interface_s__rosidl_typesupport_c.cpython-38-x86_64-linux-gnu.so
[42.579s] -- Set runtime path of "/home/parham/Dev/ros2_foxy/science/sience_gui/science_ws/src/push_button_interface/install/push_button_interface/lib/python3.8/site-packages/push_button_interface/push_button_interface_s__rosidl_typesupport_c.cpython-38-x86_64-linux-gnu.so" to ""
[42.580s] -- Installing: /home/parham/Dev/ros2_foxy/science/sience_gui/science_ws/src/push_button_interface/install/push_button_interface/lib/libpush_button_interface__python.so
[42.580s] -- Set runtime path of "/home/parham/Dev/ros2_foxy/science/sience_gui/science_ws/src/push_button_interface/install/push_button_interface/lib/libpush_button_interface__python.so" to ""
[42.580s] -- Installing: /home/parham/Dev/ros2_foxy/science/sience_gui/science_ws/src/push_button_interface/install/push_button_interface/share/push_button_interface/action/PushButton.idl
[42.580s] -- Installing: /home/parham/Dev/ros2_foxy/science/sience_gui/science_ws/src/push_button_interface/install/push_button_interface/share/push_button_interface/action/PushButton.action
[42.581s] -- Installing: /home/parham/Dev/ros2_foxy/science/sience_gui/science_ws/src/push_button_interface/install/push_button_interface/share/ament_index/resource_index/package_run_dependencies/push_button_interface
[42.581s] -- Installing: /home/parham/Dev/ros2_foxy/science/sience_gui/science_ws/src/push_button_interface/install/push_button_interface/share/ament_index/resource_index/parent_prefix_path/push_button_interface
[42.581s] -- Installing: /home/parham/Dev/ros2_foxy/science/sience_gui/science_ws/src/push_button_interface/install/push_button_interface/share/push_button_interface/environment/ament_prefix_path.sh
[42.581s] -- Installing: /home/parham/Dev/ros2_foxy/science/sience_gui/science_ws/src/push_button_interface/install/push_button_interface/share/push_button_interface/environment/ament_prefix_path.dsv
[42.581s] -- Installing: /home/parham/Dev/ros2_foxy/science/sience_gui/science_ws/src/push_button_interface/install/push_button_interface/share/push_button_interface/environment/path.sh
[42.581s] -- Installing: /home/parham/Dev/ros2_foxy/science/sience_gui/science_ws/src/push_button_interface/install/push_button_interface/share/push_button_interface/environment/path.dsv
[42.581s] -- Installing: /home/parham/Dev/ros2_foxy/science/sience_gui/science_ws/src/push_button_interface/install/push_button_interface/share/push_button_interface/local_setup.bash
[42.582s] -- Installing: /home/parham/Dev/ros2_foxy/science/sience_gui/science_ws/src/push_button_interface/install/push_button_interface/share/push_button_interface/local_setup.sh
[42.582s] -- Installing: /home/parham/Dev/ros2_foxy/science/sience_gui/science_ws/src/push_button_interface/install/push_button_interface/share/push_button_interface/local_setup.zsh
[42.582s] -- Installing: /home/parham/Dev/ros2_foxy/science/sience_gui/science_ws/src/push_button_interface/install/push_button_interface/share/push_button_interface/local_setup.dsv
[42.582s] -- Installing: /home/parham/Dev/ros2_foxy/science/sience_gui/science_ws/src/push_button_interface/install/push_button_interface/share/push_button_interface/package.dsv
[42.582s] -- Installing: /home/parham/Dev/ros2_foxy/science/sience_gui/science_ws/src/push_button_interface/install/push_button_interface/share/ament_index/resource_index/packages/push_button_interface
[42.582s] -- Installing: /home/parham/Dev/ros2_foxy/science/sience_gui/science_ws/src/push_button_interface/install/push_button_interface/share/push_button_interface/cmake/push_button_interface__rosidl_generator_cExport.cmake
[42.583s] -- Installing: /home/parham/Dev/ros2_foxy/science/sience_gui/science_ws/src/push_button_interface/install/push_button_interface/share/push_button_interface/cmake/push_button_interface__rosidl_generator_cExport-noconfig.cmake
[42.583s] -- Installing: /home/parham/Dev/ros2_foxy/science/sience_gui/science_ws/src/push_button_interface/install/push_button_interface/share/push_button_interface/cmake/push_button_interface__rosidl_typesupport_introspection_cExport.cmake
[42.583s] -- Installing: /home/parham/Dev/ros2_foxy/science/sience_gui/science_ws/src/push_button_interface/install/push_button_interface/share/push_button_interface/cmake/push_button_interface__rosidl_typesupport_introspection_cExport-noconfig.cmake
[42.583s] -- Installing: /home/parham/Dev/ros2_foxy/science/sience_gui/science_ws/src/push_button_interface/install/push_button_interface/share/push_button_interface/cmake/push_button_interface__rosidl_typesupport_cExport.cmake
[42.583s] -- Installing: /home/parham/Dev/ros2_foxy/science/sience_gui/science_ws/src/push_button_interface/install/push_button_interface/share/push_button_interface/cmake/push_button_interface__rosidl_typesupport_cExport-noconfig.cmake
[42.584s] -- Installing: /home/parham/Dev/ros2_foxy/science/sience_gui/science_ws/src/push_button_interface/install/push_button_interface/share/push_button_interface/cmake/push_button_interface__rosidl_generator_cppExport.cmake
[42.584s] -- Installing: /home/parham/Dev/ros2_foxy/science/sience_gui/science_ws/src/push_button_interface/install/push_button_interface/share/push_button_interface/cmake/push_button_interface__rosidl_typesupport_introspection_cppExport.cmake
[42.584s] -- Installing: /home/parham/Dev/ros2_foxy/science/sience_gui/science_ws/src/push_button_interface/install/push_button_interface/share/push_button_interface/cmake/push_button_interface__rosidl_typesupport_introspection_cppExport-noconfig.cmake
[42.584s] -- Installing: /home/parham/Dev/ros2_foxy/science/sience_gui/science_ws/src/push_button_interface/install/push_button_interface/share/push_button_interface/cmake/push_button_interface__rosidl_typesupport_cppExport.cmake
[42.584s] -- Installing: /home/parham/Dev/ros2_foxy/science/sience_gui/science_ws/src/push_button_interface/install/push_button_interface/share/push_button_interface/cmake/push_button_interface__rosidl_typesupport_cppExport-noconfig.cmake
[42.584s] -- Installing: /home/parham/Dev/ros2_foxy/science/sience_gui/science_ws/src/push_button_interface/install/push_button_interface/share/push_button_interface/cmake/rosidl_cmake-extras.cmake
[42.585s] -- Installing: /home/parham/Dev/ros2_foxy/science/sience_gui/science_ws/src/push_button_interface/install/push_button_interface/share/push_button_interface/cmake/ament_cmake_export_dependencies-extras.cmake
[42.585s] -- Installing: /home/parham/Dev/ros2_foxy/science/sience_gui/science_ws/src/push_button_interface/install/push_button_interface/share/push_button_interface/cmake/ament_cmake_export_libraries-extras.cmake
[42.585s] -- Installing: /home/parham/Dev/ros2_foxy/science/sience_gui/science_ws/src/push_button_interface/install/push_button_interface/share/push_button_interface/cmake/ament_cmake_export_targets-extras.cmake
[42.585s] -- Installing: /home/parham/Dev/ros2_foxy/science/sience_gui/science_ws/src/push_button_interface/install/push_button_interface/share/push_button_interface/cmake/ament_cmake_export_include_directories-extras.cmake
[42.585s] -- Installing: /home/parham/Dev/ros2_foxy/science/sience_gui/science_ws/src/push_button_interface/install/push_button_interface/share/push_button_interface/cmake/rosidl_cmake_export_typesupport_libraries-extras.cmake
[42.585s] -- Installing: /home/parham/Dev/ros2_foxy/science/sience_gui/science_ws/src/push_button_interface/install/push_button_interface/share/push_button_interface/cmake/rosidl_cmake_export_typesupport_targets-extras.cmake
[42.585s] -- Installing: /home/parham/Dev/ros2_foxy/science/sience_gui/science_ws/src/push_button_interface/install/push_button_interface/share/push_button_interface/cmake/push_button_interfaceConfig.cmake
[42.586s] -- Installing: /home/parham/Dev/ros2_foxy/science/sience_gui/science_ws/src/push_button_interface/install/push_button_interface/share/push_button_interface/cmake/push_button_interfaceConfig-version.cmake
[42.586s] -- Installing: /home/parham/Dev/ros2_foxy/science/sience_gui/science_ws/src/push_button_interface/install/push_button_interface/share/push_button_interface/package.xml
[42.589s] Invoked command in '/home/parham/Dev/ros2_foxy/science/sience_gui/science_ws/src/push_button_interface/build/push_button_interface' returned '0': CMAKE_PREFIX_PATH=${CMAKE_PREFIX_PATH}:/home/parham/ws_moveit2/install/ros2controlcli:/opt/ros/foxy /usr/bin/cmake --install /home/parham/Dev/ros2_foxy/science/sience_gui/science_ws/src/push_button_interface/build/push_button_interface
