[3.934s] DEBUG:colcon:Command line arguments: ['/usr/bin/colcon', 'build']
[3.934s] DEBUG:colcon:Parsed command line arguments: Namespace(ament_cmake_args=None, base_paths=['.'], build_base='build', catkin_cmake_args=None, catkin_skip_building_tests=False, cmake_args=None, cmake_clean_cache=False, cmake_clean_first=False, cmake_force_configure=False, cmake_target=None, cmake_target_skip_unavailable=False, continue_on_error=False, event_handlers=None, executor='parallel', ignore_user_meta=False, install_base='install', log_base=None, log_level=None, main=<bound method BuildVerb.main of <colcon_core.verb.build.BuildVerb object at 0x7f0b17846e80>>, merge_install=False, metas=['./colcon.meta'], packages_above=None, packages_above_and_dependencies=None, packages_above_depth=None, packages_end=None, packages_ignore=None, packages_ignore_regex=None, packages_select=None, packages_select_build_failed=False, packages_select_by_dep=None, packages_select_regex=None, packages_select_test_failures=False, packages_skip=None, packages_skip_build_finished=False, packages_skip_by_dep=None, packages_skip_regex=None, packages_skip_test_passed=False, packages_skip_up_to=None, packages_start=None, packages_up_to=None, packages_up_to_regex=None, parallel_workers=4, paths=None, symlink_install=False, test_result_base=None, verb_extension=<colcon_core.verb.build.BuildVerb object at 0x7f0b17846e80>, verb_name='build', verb_parser=<colcon_defaults.argument_parser.defaults.DefaultArgumentsDecorator object at 0x7f0b17752400>)
[4.010s] Level 1:colcon.colcon_core.package_discovery:discover_packages(colcon_meta) check parameters
[4.010s] Level 1:colcon.colcon_core.package_discovery:discover_packages(recursive) check parameters
[4.011s] Level 1:colcon.colcon_core.package_discovery:discover_packages(ignore) check parameters
[4.011s] Level 1:colcon.colcon_core.package_discovery:discover_packages(path) check parameters
[4.011s] Level 1:colcon.colcon_core.package_discovery:discover_packages(colcon_meta) discover
[4.011s] Level 1:colcon.colcon_core.package_discovery:discover_packages(recursive) discover
[4.011s] INFO:colcon.colcon_core.package_discovery:Crawling recursively for packages in '/home/parham/Dev/ros2_foxy/science/sience_gui/science_ws/src/push_button_interface'
[4.012s] Level 1:colcon.colcon_core.package_identification:_identify(.) by extensions ['ignore', 'ignore_ament_install']
[4.012s] Level 1:colcon.colcon_core.package_identification:_identify(.) by extension 'ignore'
[4.012s] Level 1:colcon.colcon_core.package_identification:_identify(.) by extension 'ignore_ament_install'
[4.013s] Level 1:colcon.colcon_core.package_identification:_identify(.) by extensions ['colcon_pkg']
[4.013s] Level 1:colcon.colcon_core.package_identification:_identify(.) by extension 'colcon_pkg'
[4.013s] Level 1:colcon.colcon_core.package_identification:_identify(.) by extensions ['colcon_meta']
[4.013s] Level 1:colcon.colcon_core.package_identification:_identify(.) by extension 'colcon_meta'
[4.013s] Level 1:colcon.colcon_core.package_identification:_identify(.) by extensions ['ros']
[4.013s] Level 1:colcon.colcon_core.package_identification:_identify(.) by extension 'ros'
[4.067s] DEBUG:colcon.colcon_core.package_identification:Package '.' with type 'ros.ament_cmake' and name 'push_button_interface'
[4.067s] Level 1:colcon.colcon_core.package_discovery:discover_packages(recursive) using defaults
[4.068s] Level 1:colcon.colcon_core.package_discovery:discover_packages(ignore) discover
[4.068s] Level 1:colcon.colcon_core.package_discovery:discover_packages(ignore) using defaults
[4.068s] Level 1:colcon.colcon_core.package_discovery:discover_packages(path) discover
[4.068s] Level 1:colcon.colcon_core.package_discovery:discover_packages(path) using defaults
[4.125s] Level 5:colcon.colcon_core.verb:set package 'push_button_interface' build argument 'cmake_args' from command line to 'None'
[4.125s] Level 5:colcon.colcon_core.verb:set package 'push_button_interface' build argument 'cmake_target' from command line to 'None'
[4.125s] Level 5:colcon.colcon_core.verb:set package 'push_button_interface' build argument 'cmake_target_skip_unavailable' from command line to 'False'
[4.125s] Level 5:colcon.colcon_core.verb:set package 'push_button_interface' build argument 'cmake_clean_cache' from command line to 'False'
[4.125s] Level 5:colcon.colcon_core.verb:set package 'push_button_interface' build argument 'cmake_clean_first' from command line to 'False'
[4.125s] Level 5:colcon.colcon_core.verb:set package 'push_button_interface' build argument 'cmake_force_configure' from command line to 'False'
[4.125s] Level 5:colcon.colcon_core.verb:set package 'push_button_interface' build argument 'ament_cmake_args' from command line to 'None'
[4.125s] Level 5:colcon.colcon_core.verb:set package 'push_button_interface' build argument 'catkin_cmake_args' from command line to 'None'
[4.125s] Level 5:colcon.colcon_core.verb:set package 'push_button_interface' build argument 'catkin_skip_building_tests' from command line to 'False'
[4.126s] DEBUG:colcon.colcon_core.verb:Building package 'push_button_interface' with the following arguments: {'ament_cmake_args': None, 'build_base': '/home/parham/Dev/ros2_foxy/science/sience_gui/science_ws/src/push_button_interface/build/push_button_interface', 'catkin_cmake_args': None, 'catkin_skip_building_tests': False, 'cmake_args': None, 'cmake_clean_cache': False, 'cmake_clean_first': False, 'cmake_force_configure': False, 'cmake_target': None, 'cmake_target_skip_unavailable': False, 'install_base': '/home/parham/Dev/ros2_foxy/science/sience_gui/science_ws/src/push_button_interface/install/push_button_interface', 'merge_install': False, 'path': '/home/parham/Dev/ros2_foxy/science/sience_gui/science_ws/src/push_button_interface', 'symlink_install': False, 'test_result_base': None}
[4.126s] INFO:colcon.colcon_core.executor:Executing jobs using 'parallel' executor
[4.128s] DEBUG:colcon.colcon_parallel_executor.executor.parallel:run_until_complete
[4.128s] INFO:colcon.colcon_ros.task.ament_cmake.build:Building ROS package in '/home/parham/Dev/ros2_foxy/science/sience_gui/science_ws/src/push_button_interface' with build type 'ament_cmake'
[4.128s] INFO:colcon.colcon_cmake.task.cmake.build:Building CMake package in '/home/parham/Dev/ros2_foxy/science/sience_gui/science_ws/src/push_button_interface'
[4.150s] INFO:colcon.colcon_core.plugin_system:Skipping extension 'colcon_core.shell.bat': Not used on non-Windows systems
[4.150s] INFO:colcon.colcon_core.shell:Skip shell extension 'powershell' for command environment: Not usable outside of PowerShell
[4.151s] DEBUG:colcon.colcon_core.shell:Skip shell extension 'dsv' for command environment
[4.189s] DEBUG:colcon.colcon_core.shell:Ignoring prefix path '/opt/ros/foxy'
[4.202s] DEBUG:colcon.colcon_core.event_handler.log_command:Invoking command in '/home/parham/Dev/ros2_foxy/science/sience_gui/science_ws/src/push_button_interface/build/push_button_interface': CMAKE_PREFIX_PATH=${CMAKE_PREFIX_PATH}:/home/parham/ws_moveit2/install/ros2controlcli:/opt/ros/foxy /usr/bin/cmake /home/parham/Dev/ros2_foxy/science/sience_gui/science_ws/src/push_button_interface -DCMAKE_INSTALL_PREFIX=/home/parham/Dev/ros2_foxy/science/sience_gui/science_ws/src/push_button_interface/install/push_button_interface
[20.200s] DEBUG:colcon.colcon_core.event_handler.log_command:Invoked command in '/home/parham/Dev/ros2_foxy/science/sience_gui/science_ws/src/push_button_interface/build/push_button_interface' returned '0': CMAKE_PREFIX_PATH=${CMAKE_PREFIX_PATH}:/home/parham/ws_moveit2/install/ros2controlcli:/opt/ros/foxy /usr/bin/cmake /home/parham/Dev/ros2_foxy/science/sience_gui/science_ws/src/push_button_interface -DCMAKE_INSTALL_PREFIX=/home/parham/Dev/ros2_foxy/science/sience_gui/science_ws/src/push_button_interface/install/push_button_interface
[20.203s] DEBUG:colcon.colcon_core.event_handler.log_command:Invoking command in '/home/parham/Dev/ros2_foxy/science/sience_gui/science_ws/src/push_button_interface/build/push_button_interface': CMAKE_PREFIX_PATH=${CMAKE_PREFIX_PATH}:/home/parham/ws_moveit2/install/ros2controlcli:/opt/ros/foxy /usr/bin/cmake --build /home/parham/Dev/ros2_foxy/science/sience_gui/science_ws/src/push_button_interface/build/push_button_interface -- -j4 -l4
[46.109s] DEBUG:colcon.colcon_core.event_handler.log_command:Invoked command in '/home/parham/Dev/ros2_foxy/science/sience_gui/science_ws/src/push_button_interface/build/push_button_interface' returned '0': CMAKE_PREFIX_PATH=${CMAKE_PREFIX_PATH}:/home/parham/ws_moveit2/install/ros2controlcli:/opt/ros/foxy /usr/bin/cmake --build /home/parham/Dev/ros2_foxy/science/sience_gui/science_ws/src/push_button_interface/build/push_button_interface -- -j4 -l4
[46.265s] DEBUG:colcon.colcon_core.event_handler.log_command:Invoking command in '/home/parham/Dev/ros2_foxy/science/sience_gui/science_ws/src/push_button_interface/build/push_button_interface': CMAKE_PREFIX_PATH=${CMAKE_PREFIX_PATH}:/home/parham/ws_moveit2/install/ros2controlcli:/opt/ros/foxy /usr/bin/cmake --install /home/parham/Dev/ros2_foxy/science/sience_gui/science_ws/src/push_button_interface/build/push_button_interface
[46.717s] Level 1:colcon.colcon_core.environment:create_environment_scripts_only(push_button_interface)
[46.718s] DEBUG:colcon.colcon_core.event_handler.log_command:Invoked command in '/home/parham/Dev/ros2_foxy/science/sience_gui/science_ws/src/push_button_interface/build/push_button_interface' returned '0': CMAKE_PREFIX_PATH=${CMAKE_PREFIX_PATH}:/home/parham/ws_moveit2/install/ros2controlcli:/opt/ros/foxy /usr/bin/cmake --install /home/parham/Dev/ros2_foxy/science/sience_gui/science_ws/src/push_button_interface/build/push_button_interface
[46.784s] Level 1:colcon.colcon_core.environment:checking '/home/parham/Dev/ros2_foxy/science/sience_gui/science_ws/src/push_button_interface/install/push_button_interface' for CMake module files
[46.785s] Level 1:colcon.colcon_core.environment:checking '/home/parham/Dev/ros2_foxy/science/sience_gui/science_ws/src/push_button_interface/install/push_button_interface' for CMake config files
[46.786s] Level 1:colcon.colcon_core.shell:create_environment_hook('push_button_interface', 'cmake_prefix_path')
[46.787s] INFO:colcon.colcon_core.shell:Creating environment hook '/home/parham/Dev/ros2_foxy/science/sience_gui/science_ws/src/push_button_interface/install/push_button_interface/share/push_button_interface/hook/cmake_prefix_path.ps1'
[46.788s] INFO:colcon.colcon_core.shell:Creating environment descriptor '/home/parham/Dev/ros2_foxy/science/sience_gui/science_ws/src/push_button_interface/install/push_button_interface/share/push_button_interface/hook/cmake_prefix_path.dsv'
[46.789s] INFO:colcon.colcon_core.shell:Creating environment hook '/home/parham/Dev/ros2_foxy/science/sience_gui/science_ws/src/push_button_interface/install/push_button_interface/share/push_button_interface/hook/cmake_prefix_path.sh'
[46.792s] Level 1:colcon.colcon_core.environment:checking '/home/parham/Dev/ros2_foxy/science/sience_gui/science_ws/src/push_button_interface/install/push_button_interface/lib'
[46.792s] Level 1:colcon.colcon_core.shell:create_environment_hook('push_button_interface', 'ld_library_path_lib')
[46.794s] INFO:colcon.colcon_core.shell:Creating environment hook '/home/parham/Dev/ros2_foxy/science/sience_gui/science_ws/src/push_button_interface/install/push_button_interface/share/push_button_interface/hook/ld_library_path_lib.ps1'
[46.795s] INFO:colcon.colcon_core.shell:Creating environment descriptor '/home/parham/Dev/ros2_foxy/science/sience_gui/science_ws/src/push_button_interface/install/push_button_interface/share/push_button_interface/hook/ld_library_path_lib.dsv'
[46.796s] INFO:colcon.colcon_core.shell:Creating environment hook '/home/parham/Dev/ros2_foxy/science/sience_gui/science_ws/src/push_button_interface/install/push_button_interface/share/push_button_interface/hook/ld_library_path_lib.sh'
[46.797s] Level 1:colcon.colcon_core.environment:checking '/home/parham/Dev/ros2_foxy/science/sience_gui/science_ws/src/push_button_interface/install/push_button_interface/bin'
[46.797s] Level 1:colcon.colcon_core.environment:checking '/home/parham/Dev/ros2_foxy/science/sience_gui/science_ws/src/push_button_interface/install/push_button_interface/lib/pkgconfig/push_button_interface.pc'
[46.797s] Level 1:colcon.colcon_core.environment:checking '/home/parham/Dev/ros2_foxy/science/sience_gui/science_ws/src/push_button_interface/install/push_button_interface/lib/python3.8/site-packages'
[46.797s] Level 1:colcon.colcon_core.shell:create_environment_hook('push_button_interface', 'pythonpath')
[46.798s] INFO:colcon.colcon_core.shell:Creating environment hook '/home/parham/Dev/ros2_foxy/science/sience_gui/science_ws/src/push_button_interface/install/push_button_interface/share/push_button_interface/hook/pythonpath.ps1'
[46.799s] INFO:colcon.colcon_core.shell:Creating environment descriptor '/home/parham/Dev/ros2_foxy/science/sience_gui/science_ws/src/push_button_interface/install/push_button_interface/share/push_button_interface/hook/pythonpath.dsv'
[46.799s] INFO:colcon.colcon_core.shell:Creating environment hook '/home/parham/Dev/ros2_foxy/science/sience_gui/science_ws/src/push_button_interface/install/push_button_interface/share/push_button_interface/hook/pythonpath.sh'
[46.801s] INFO:colcon.colcon_core.shell:Creating package script '/home/parham/Dev/ros2_foxy/science/sience_gui/science_ws/src/push_button_interface/install/push_button_interface/share/push_button_interface/package.ps1'
[46.803s] INFO:colcon.colcon_core.shell:Creating package descriptor '/home/parham/Dev/ros2_foxy/science/sience_gui/science_ws/src/push_button_interface/install/push_button_interface/share/push_button_interface/package.dsv'
[46.803s] INFO:colcon.colcon_core.shell:Creating package script '/home/parham/Dev/ros2_foxy/science/sience_gui/science_ws/src/push_button_interface/install/push_button_interface/share/push_button_interface/package.sh'
[46.805s] INFO:colcon.colcon_core.shell:Creating package script '/home/parham/Dev/ros2_foxy/science/sience_gui/science_ws/src/push_button_interface/install/push_button_interface/share/push_button_interface/package.bash'
[46.806s] INFO:colcon.colcon_core.shell:Creating package script '/home/parham/Dev/ros2_foxy/science/sience_gui/science_ws/src/push_button_interface/install/push_button_interface/share/push_button_interface/package.zsh'
[46.807s] Level 1:colcon.colcon_core.environment:create_file_with_runtime_dependencies(/home/parham/Dev/ros2_foxy/science/sience_gui/science_ws/src/push_button_interface/install/push_button_interface/share/colcon-core/packages/push_button_interface)
[46.940s] Level 1:colcon.colcon_core.environment:create_environment_scripts_only(push_button_interface)
[46.941s] Level 1:colcon.colcon_core.environment:checking '/home/parham/Dev/ros2_foxy/science/sience_gui/science_ws/src/push_button_interface/install/push_button_interface' for CMake module files
[46.942s] Level 1:colcon.colcon_core.environment:checking '/home/parham/Dev/ros2_foxy/science/sience_gui/science_ws/src/push_button_interface/install/push_button_interface' for CMake config files
[46.942s] Level 1:colcon.colcon_core.shell:create_environment_hook('push_button_interface', 'cmake_prefix_path')
[46.943s] INFO:colcon.colcon_core.shell:Creating environment hook '/home/parham/Dev/ros2_foxy/science/sience_gui/science_ws/src/push_button_interface/install/push_button_interface/share/push_button_interface/hook/cmake_prefix_path.ps1'
[46.943s] INFO:colcon.colcon_core.shell:Creating environment descriptor '/home/parham/Dev/ros2_foxy/science/sience_gui/science_ws/src/push_button_interface/install/push_button_interface/share/push_button_interface/hook/cmake_prefix_path.dsv'
[46.943s] INFO:colcon.colcon_core.shell:Creating environment hook '/home/parham/Dev/ros2_foxy/science/sience_gui/science_ws/src/push_button_interface/install/push_button_interface/share/push_button_interface/hook/cmake_prefix_path.sh'
[46.944s] Level 1:colcon.colcon_core.environment:checking '/home/parham/Dev/ros2_foxy/science/sience_gui/science_ws/src/push_button_interface/install/push_button_interface/lib'
[46.944s] Level 1:colcon.colcon_core.shell:create_environment_hook('push_button_interface', 'ld_library_path_lib')
[46.945s] INFO:colcon.colcon_core.shell:Creating environment hook '/home/parham/Dev/ros2_foxy/science/sience_gui/science_ws/src/push_button_interface/install/push_button_interface/share/push_button_interface/hook/ld_library_path_lib.ps1'
[46.945s] INFO:colcon.colcon_core.shell:Creating environment descriptor '/home/parham/Dev/ros2_foxy/science/sience_gui/science_ws/src/push_button_interface/install/push_button_interface/share/push_button_interface/hook/ld_library_path_lib.dsv'
[46.945s] INFO:colcon.colcon_core.shell:Creating environment hook '/home/parham/Dev/ros2_foxy/science/sience_gui/science_ws/src/push_button_interface/install/push_button_interface/share/push_button_interface/hook/ld_library_path_lib.sh'
[46.946s] Level 1:colcon.colcon_core.environment:checking '/home/parham/Dev/ros2_foxy/science/sience_gui/science_ws/src/push_button_interface/install/push_button_interface/bin'
[46.946s] Level 1:colcon.colcon_core.environment:checking '/home/parham/Dev/ros2_foxy/science/sience_gui/science_ws/src/push_button_interface/install/push_button_interface/lib/pkgconfig/push_button_interface.pc'
[46.946s] Level 1:colcon.colcon_core.environment:checking '/home/parham/Dev/ros2_foxy/science/sience_gui/science_ws/src/push_button_interface/install/push_button_interface/lib/python3.8/site-packages'
[46.946s] Level 1:colcon.colcon_core.shell:create_environment_hook('push_button_interface', 'pythonpath')
[46.946s] INFO:colcon.colcon_core.shell:Creating environment hook '/home/parham/Dev/ros2_foxy/science/sience_gui/science_ws/src/push_button_interface/install/push_button_interface/share/push_button_interface/hook/pythonpath.ps1'
[46.947s] INFO:colcon.colcon_core.shell:Creating environment descriptor '/home/parham/Dev/ros2_foxy/science/sience_gui/science_ws/src/push_button_interface/install/push_button_interface/share/push_button_interface/hook/pythonpath.dsv'
[46.947s] INFO:colcon.colcon_core.shell:Creating environment hook '/home/parham/Dev/ros2_foxy/science/sience_gui/science_ws/src/push_button_interface/install/push_button_interface/share/push_button_interface/hook/pythonpath.sh'
[46.948s] INFO:colcon.colcon_core.shell:Creating package script '/home/parham/Dev/ros2_foxy/science/sience_gui/science_ws/src/push_button_interface/install/push_button_interface/share/push_button_interface/package.ps1'
[46.948s] INFO:colcon.colcon_core.shell:Creating package descriptor '/home/parham/Dev/ros2_foxy/science/sience_gui/science_ws/src/push_button_interface/install/push_button_interface/share/push_button_interface/package.dsv'
[46.949s] INFO:colcon.colcon_core.shell:Creating package script '/home/parham/Dev/ros2_foxy/science/sience_gui/science_ws/src/push_button_interface/install/push_button_interface/share/push_button_interface/package.sh'
[46.949s] INFO:colcon.colcon_core.shell:Creating package script '/home/parham/Dev/ros2_foxy/science/sience_gui/science_ws/src/push_button_interface/install/push_button_interface/share/push_button_interface/package.bash'
[46.949s] INFO:colcon.colcon_core.shell:Creating package script '/home/parham/Dev/ros2_foxy/science/sience_gui/science_ws/src/push_button_interface/install/push_button_interface/share/push_button_interface/package.zsh'
[46.950s] Level 1:colcon.colcon_core.environment:create_file_with_runtime_dependencies(/home/parham/Dev/ros2_foxy/science/sience_gui/science_ws/src/push_button_interface/install/push_button_interface/share/colcon-core/packages/push_button_interface)
[46.950s] DEBUG:colcon.colcon_parallel_executor.executor.parallel:closing loop
[46.950s] DEBUG:colcon.colcon_parallel_executor.executor.parallel:loop closed
[46.951s] DEBUG:colcon.colcon_parallel_executor.executor.parallel:run_until_complete finished with '0'
[46.951s] DEBUG:colcon.colcon_core.event_reactor:joining thread
[47.120s] INFO:colcon.colcon_core.plugin_system:Skipping extension 'colcon_notification.desktop_notification.terminal_notifier': Not used on non-Darwin systems
[47.120s] INFO:colcon.colcon_core.plugin_system:Skipping extension 'colcon_notification.desktop_notification.win32': Not used on non-Windows systems
[47.120s] INFO:colcon.colcon_notification.desktop_notification:Sending desktop notification using 'notify2'
[47.166s] DEBUG:colcon.colcon_core.event_reactor:joined thread
[47.168s] INFO:colcon.colcon_core.shell:Creating prefix script '/home/parham/Dev/ros2_foxy/science/sience_gui/science_ws/src/push_button_interface/install/local_setup.ps1'
[47.169s] INFO:colcon.colcon_core.shell:Creating prefix util module '/home/parham/Dev/ros2_foxy/science/sience_gui/science_ws/src/push_button_interface/install/_local_setup_util_ps1.py'
[47.173s] INFO:colcon.colcon_core.shell:Creating prefix chain script '/home/parham/Dev/ros2_foxy/science/sience_gui/science_ws/src/push_button_interface/install/setup.ps1'
[47.180s] INFO:colcon.colcon_core.shell:Creating prefix script '/home/parham/Dev/ros2_foxy/science/sience_gui/science_ws/src/push_button_interface/install/local_setup.sh'
[47.180s] INFO:colcon.colcon_core.shell:Creating prefix util module '/home/parham/Dev/ros2_foxy/science/sience_gui/science_ws/src/push_button_interface/install/_local_setup_util_sh.py'
[47.181s] INFO:colcon.colcon_core.shell:Creating prefix chain script '/home/parham/Dev/ros2_foxy/science/sience_gui/science_ws/src/push_button_interface/install/setup.sh'
[47.187s] INFO:colcon.colcon_core.shell:Creating prefix script '/home/parham/Dev/ros2_foxy/science/sience_gui/science_ws/src/push_button_interface/install/local_setup.bash'
[47.187s] INFO:colcon.colcon_core.shell:Creating prefix chain script '/home/parham/Dev/ros2_foxy/science/sience_gui/science_ws/src/push_button_interface/install/setup.bash'
[47.193s] INFO:colcon.colcon_core.shell:Creating prefix script '/home/parham/Dev/ros2_foxy/science/sience_gui/science_ws/src/push_button_interface/install/local_setup.zsh'
[47.193s] INFO:colcon.colcon_core.shell:Creating prefix chain script '/home/parham/Dev/ros2_foxy/science/sience_gui/science_ws/src/push_button_interface/install/setup.zsh'
