[0.320s] Invoking command in '/home/parham/Dev/ros2_foxy/science/science-gui/science_ws/src/push_button': PYTHONPATH=/home/parham/Dev/ros2_foxy/science/science-gui/science_ws/install/push_button/lib/python3.8/site-packages:${PYTHONPATH} /usr/bin/python3 setup.py egg_info --egg-base ../../build/push_button build --build-base /home/parham/Dev/ros2_foxy/science/science-gui/science_ws/build/push_button/build install --prefix /home/parham/Dev/ros2_foxy/science/science-gui/science_ws/install/push_button --record /home/parham/Dev/ros2_foxy/science/science-gui/science_ws/build/push_button/install.log --single-version-externally-managed
[0.582s] running egg_info
[0.582s] creating ../../build/push_button/push_button.egg-info
[0.583s] writing ../../build/push_button/push_button.egg-info/PKG-INFO
[0.583s] writing dependency_links to ../../build/push_button/push_button.egg-info/dependency_links.txt
[0.583s] writing entry points to ../../build/push_button/push_button.egg-info/entry_points.txt
[0.583s] writing requirements to ../../build/push_button/push_button.egg-info/requires.txt
[0.583s] writing top-level names to ../../build/push_button/push_button.egg-info/top_level.txt
[0.585s] writing manifest file '../../build/push_button/push_button.egg-info/SOURCES.txt'
[0.628s] reading manifest file '../../build/push_button/push_button.egg-info/SOURCES.txt'
[0.629s] writing manifest file '../../build/push_button/push_button.egg-info/SOURCES.txt'
[0.629s] running build
[0.630s] running build_py
[0.630s] creating /home/parham/Dev/ros2_foxy/science/science-gui/science_ws/build/push_button/build
[0.630s] creating /home/parham/Dev/ros2_foxy/science/science-gui/science_ws/build/push_button/build/lib
[0.630s] creating /home/parham/Dev/ros2_foxy/science/science-gui/science_ws/build/push_button/build/lib/push_button
[0.630s] copying push_button/__init__.py -> /home/parham/Dev/ros2_foxy/science/science-gui/science_ws/build/push_button/build/lib/push_button
[0.630s] copying push_button/button_publisher.py -> /home/parham/Dev/ros2_foxy/science/science-gui/science_ws/build/push_button/build/lib/push_button
[0.631s] copying push_button/button_subscriber.py -> /home/parham/Dev/ros2_foxy/science/science-gui/science_ws/build/push_button/build/lib/push_button
[0.631s] running install
[0.632s] running install_lib
[0.633s] creating /home/parham/Dev/ros2_foxy/science/science-gui/science_ws/install/push_button/lib/python3.8/site-packages/push_button
[0.633s] copying /home/parham/Dev/ros2_foxy/science/science-gui/science_ws/build/push_button/build/lib/push_button/__init__.py -> /home/parham/Dev/ros2_foxy/science/science-gui/science_ws/install/push_button/lib/python3.8/site-packages/push_button
[0.633s] copying /home/parham/Dev/ros2_foxy/science/science-gui/science_ws/build/push_button/build/lib/push_button/button_publisher.py -> /home/parham/Dev/ros2_foxy/science/science-gui/science_ws/install/push_button/lib/python3.8/site-packages/push_button
[0.633s] copying /home/parham/Dev/ros2_foxy/science/science-gui/science_ws/build/push_button/build/lib/push_button/button_subscriber.py -> /home/parham/Dev/ros2_foxy/science/science-gui/science_ws/install/push_button/lib/python3.8/site-packages/push_button
[0.634s] byte-compiling /home/parham/Dev/ros2_foxy/science/science-gui/science_ws/install/push_button/lib/python3.8/site-packages/push_button/__init__.py to __init__.cpython-38.pyc
[0.635s] byte-compiling /home/parham/Dev/ros2_foxy/science/science-gui/science_ws/install/push_button/lib/python3.8/site-packages/push_button/button_publisher.py to button_publisher.cpython-38.pyc
[0.636s] byte-compiling /home/parham/Dev/ros2_foxy/science/science-gui/science_ws/install/push_button/lib/python3.8/site-packages/push_button/button_subscriber.py to button_subscriber.cpython-38.pyc
[0.636s] running install_data
[0.637s] creating /home/parham/Dev/ros2_foxy/science/science-gui/science_ws/install/push_button/share/ament_index
[0.637s] creating /home/parham/Dev/ros2_foxy/science/science-gui/science_ws/install/push_button/share/ament_index/resource_index
[0.637s] creating /home/parham/Dev/ros2_foxy/science/science-gui/science_ws/install/push_button/share/ament_index/resource_index/packages
[0.637s] copying resource/push_button -> /home/parham/Dev/ros2_foxy/science/science-gui/science_ws/install/push_button/share/ament_index/resource_index/packages
[0.637s] copying package.xml -> /home/parham/Dev/ros2_foxy/science/science-gui/science_ws/install/push_button/share/push_button
[0.638s] running install_egg_info
[0.639s] Copying ../../build/push_button/push_button.egg-info to /home/parham/Dev/ros2_foxy/science/science-gui/science_ws/install/push_button/lib/python3.8/site-packages/push_button-0.0.0-py3.8.egg-info
[0.640s] running install_scripts
[0.657s] writing list of installed files to '/home/parham/Dev/ros2_foxy/science/science-gui/science_ws/build/push_button/install.log'
[0.681s] Invoked command in '/home/parham/Dev/ros2_foxy/science/science-gui/science_ws/src/push_button' returned '0': PYTHONPATH=/home/parham/Dev/ros2_foxy/science/science-gui/science_ws/install/push_button/lib/python3.8/site-packages:${PYTHONPATH} /usr/bin/python3 setup.py egg_info --egg-base ../../build/push_button build --build-base /home/parham/Dev/ros2_foxy/science/science-gui/science_ws/build/push_button/build install --prefix /home/parham/Dev/ros2_foxy/science/science-gui/science_ws/install/push_button --record /home/parham/Dev/ros2_foxy/science/science-gui/science_ws/build/push_button/install.log --single-version-externally-managed
