[0.505s] Invoking command in '/home/parham/Dev/ros2_foxy/science/science-gui/science_ws/src/push_button': PYTHONPATH=/home/parham/Dev/ros2_foxy/science/science-gui/science_ws/install/push_button/lib/python3.8/site-packages:${PYTHONPATH} /usr/bin/python3 setup.py egg_info --egg-base ../../build/push_button build --build-base /home/parham/Dev/ros2_foxy/science/science-gui/science_ws/build/push_button/build install --prefix /home/parham/Dev/ros2_foxy/science/science-gui/science_ws/install/push_button --record /home/parham/Dev/ros2_foxy/science/science-gui/science_ws/build/push_button/install.log --single-version-externally-managed
[0.812s] running egg_info
[0.812s] writing ../../build/push_button/push_button.egg-info/PKG-INFO
[0.812s] writing dependency_links to ../../build/push_button/push_button.egg-info/dependency_links.txt
[0.812s] writing entry points to ../../build/push_button/push_button.egg-info/entry_points.txt
[0.813s] writing requirements to ../../build/push_button/push_button.egg-info/requires.txt
[0.813s] writing top-level names to ../../build/push_button/push_button.egg-info/top_level.txt
[1.733s] reading manifest file '../../build/push_button/push_button.egg-info/SOURCES.txt'
[1.734s] writing manifest file '../../build/push_button/push_button.egg-info/SOURCES.txt'
[1.767s] running build
[1.768s] running build_py
[1.768s] copying push_button/button_publisher.py -> /home/parham/Dev/ros2_foxy/science/science-gui/science_ws/build/push_button/build/lib/push_button
[1.768s] copying push_button/button_subscriber.py -> /home/parham/Dev/ros2_foxy/science/science-gui/science_ws/build/push_button/build/lib/push_button
[1.769s] running install
[1.774s] running install_lib
[1.954s] copying /home/parham/Dev/ros2_foxy/science/science-gui/science_ws/build/push_button/build/lib/push_button/button_publisher.py -> /home/parham/Dev/ros2_foxy/science/science-gui/science_ws/install/push_button/lib/python3.8/site-packages/push_button
[1.973s] copying /home/parham/Dev/ros2_foxy/science/science-gui/science_ws/build/push_button/build/lib/push_button/button_subscriber.py -> /home/parham/Dev/ros2_foxy/science/science-gui/science_ws/install/push_button/lib/python3.8/site-packages/push_button
[1.977s] byte-compiling /home/parham/Dev/ros2_foxy/science/science-gui/science_ws/install/push_button/lib/python3.8/site-packages/push_button/button_publisher.py to button_publisher.cpython-38.pyc
[1.984s] byte-compiling /home/parham/Dev/ros2_foxy/science/science-gui/science_ws/install/push_button/lib/python3.8/site-packages/push_button/button_subscriber.py to button_subscriber.cpython-38.pyc
[1.985s] running install_data
[1.988s] running install_egg_info
[2.005s] removing '/home/parham/Dev/ros2_foxy/science/science-gui/science_ws/install/push_button/lib/python3.8/site-packages/push_button-0.0.0-py3.8.egg-info' (and everything under it)
[2.005s] Copying ../../build/push_button/push_button.egg-info to /home/parham/Dev/ros2_foxy/science/science-gui/science_ws/install/push_button/lib/python3.8/site-packages/push_button-0.0.0-py3.8.egg-info
[2.009s] running install_scripts
[2.055s] writing list of installed files to '/home/parham/Dev/ros2_foxy/science/science-gui/science_ws/build/push_button/install.log'
[2.088s] Invoked command in '/home/parham/Dev/ros2_foxy/science/science-gui/science_ws/src/push_button' returned '0': PYTHONPATH=/home/parham/Dev/ros2_foxy/science/science-gui/science_ws/install/push_button/lib/python3.8/site-packages:${PYTHONPATH} /usr/bin/python3 setup.py egg_info --egg-base ../../build/push_button build --build-base /home/parham/Dev/ros2_foxy/science/science-gui/science_ws/build/push_button/build install --prefix /home/parham/Dev/ros2_foxy/science/science-gui/science_ws/install/push_button --record /home/parham/Dev/ros2_foxy/science/science-gui/science_ws/build/push_button/install.log --single-version-externally-managed
