[0.286s] Invoking command in '/home/parham/Dev/ros2_foxy/science/science-gui/science_ws/build/push_button_interface': CMAKE_PREFIX_PATH=${CMAKE_PREFIX_PATH}:/home/parham/Dev/ros2_foxy/science/science-gui/science_ws/install/push_button:/home/parham/Dev/ros2_foxy/science/science-gui/install/push_button:/home/parham/ws_moveit2/install/ros2controlcli:/opt/ros/foxy /usr/bin/cmake --build /home/parham/Dev/ros2_foxy/science/science-gui/science_ws/build/push_button_interface -- -j4 -l4
[0.389s] [  2%] Built target push_button_interface__dds_connext_idl
[0.395s] [  4%] Built target push_button_interface__cpp
[0.396s] [ 10%] Built target push_button_interface__rosidl_generator_c
[0.455s] [ 16%] Built target push_button_interface__rosidl_typesupport_cpp
[0.464s] [ 22%] Built target push_button_interface__rosidl_typesupport_introspection_cpp
[0.480s] [ 28%] Built target push_button_interface__rosidl_typesupport_fastrtps_cpp
[0.499s] [ 42%] Built target push_button_interface__rosidl_typesupport_connext_cpp
[0.519s] [ 48%] Built target push_button_interface__rosidl_typesupport_introspection_c
[0.538s] [ 55%] Built target push_button_interface__rosidl_typesupport_c
[0.547s] [ 61%] Built target push_button_interface__rosidl_typesupport_fastrtps_c
[0.569s] [ 77%] Built target push_button_interface__rosidl_typesupport_connext_c
[0.602s] [ 77%] Built target push_button_interface
[0.635s] [ 79%] Built target push_button_interface__py
[0.672s] [ 83%] Built target push_button_interface__python
[0.736s] [ 87%] Built target push_button_interface__rosidl_typesupport_fastrtps_c__pyext
[0.743s] [ 91%] Built target push_button_interface__rosidl_typesupport_c__pyext
[0.752s] [ 95%] Built target push_button_interface__rosidl_typesupport_introspection_c__pyext
[0.753s] [100%] Built target push_button_interface__rosidl_typesupport_connext_c__pyext
[0.770s] Invoked command in '/home/parham/Dev/ros2_foxy/science/science-gui/science_ws/build/push_button_interface' returned '0': CMAKE_PREFIX_PATH=${CMAKE_PREFIX_PATH}:/home/parham/Dev/ros2_foxy/science/science-gui/science_ws/install/push_button:/home/parham/Dev/ros2_foxy/science/science-gui/install/push_button:/home/parham/ws_moveit2/install/ros2controlcli:/opt/ros/foxy /usr/bin/cmake --build /home/parham/Dev/ros2_foxy/science/science-gui/science_ws/build/push_button_interface -- -j4 -l4
[0.915s] Invoking command in '/home/parham/Dev/ros2_foxy/science/science-gui/science_ws/build/push_button_interface': CMAKE_PREFIX_PATH=${CMAKE_PREFIX_PATH}:/home/parham/Dev/ros2_foxy/science/science-gui/science_ws/install/push_button:/home/parham/Dev/ros2_foxy/science/science-gui/install/push_button:/home/parham/ws_moveit2/install/ros2controlcli:/opt/ros/foxy /usr/bin/cmake --install /home/parham/Dev/ros2_foxy/science/science-gui/science_ws/build/push_button_interface
[0.928s] -- Install configuration: ""
[0.928s] -- Up-to-date: /home/parham/Dev/ros2_foxy/science/science-gui/science_ws/install/push_button_interface/share/ament_index/resource_index/rosidl_interfaces/push_button_interface
[0.928s] -- Up-to-date: /home/parham/Dev/ros2_foxy/science/science-gui/science_ws/install/push_button_interface/include/push_button_interface
[0.928s] -- Up-to-date: /home/parham/Dev/ros2_foxy/science/science-gui/science_ws/install/push_button_interface/include/push_button_interface/msg
[0.928s] -- Up-to-date: /home/parham/Dev/ros2_foxy/science/science-gui/science_ws/install/push_button_interface/include/push_button_interface/msg/push_button.h
[0.929s] -- Up-to-date: /home/parham/Dev/ros2_foxy/science/science-gui/science_ws/install/push_button_interface/include/push_button_interface/msg/rosidl_generator_c__visibility_control.h
[0.929s] -- Up-to-date: /home/parham/Dev/ros2_foxy/science/science-gui/science_ws/install/push_button_interface/include/push_button_interface/msg/detail
[0.929s] -- Up-to-date: /home/parham/Dev/ros2_foxy/science/science-gui/science_ws/install/push_button_interface/include/push_button_interface/msg/detail/push_button__functions.h
[0.929s] -- Up-to-date: /home/parham/Dev/ros2_foxy/science/science-gui/science_ws/install/push_button_interface/include/push_button_interface/msg/detail/push_button__functions.c
[0.929s] -- Up-to-date: /home/parham/Dev/ros2_foxy/science/science-gui/science_ws/install/push_button_interface/include/push_button_interface/msg/detail/push_button__type_support.h
[0.929s] -- Up-to-date: /home/parham/Dev/ros2_foxy/science/science-gui/science_ws/install/push_button_interface/include/push_button_interface/msg/detail/push_button__struct.h
[0.929s] -- Up-to-date: /home/parham/Dev/ros2_foxy/science/science-gui/science_ws/install/push_button_interface/share/push_button_interface/environment/library_path.sh
[0.929s] -- Up-to-date: /home/parham/Dev/ros2_foxy/science/science-gui/science_ws/install/push_button_interface/share/push_button_interface/environment/library_path.dsv
[0.929s] -- Up-to-date: /home/parham/Dev/ros2_foxy/science/science-gui/science_ws/install/push_button_interface/lib/libpush_button_interface__rosidl_generator_c.so
[0.929s] -- Up-to-date: /home/parham/Dev/ros2_foxy/science/science-gui/science_ws/install/push_button_interface/include/push_button_interface
[0.929s] -- Up-to-date: /home/parham/Dev/ros2_foxy/science/science-gui/science_ws/install/push_button_interface/include/push_button_interface/msg
[0.929s] -- Up-to-date: /home/parham/Dev/ros2_foxy/science/science-gui/science_ws/install/push_button_interface/include/push_button_interface/msg/rosidl_typesupport_fastrtps_c__visibility_control.h
[0.929s] -- Up-to-date: /home/parham/Dev/ros2_foxy/science/science-gui/science_ws/install/push_button_interface/include/push_button_interface/msg/detail
[0.930s] -- Up-to-date: /home/parham/Dev/ros2_foxy/science/science-gui/science_ws/install/push_button_interface/include/push_button_interface/msg/detail/push_button__rosidl_typesupport_fastrtps_c.h
[0.930s] -- Up-to-date: /home/parham/Dev/ros2_foxy/science/science-gui/science_ws/install/push_button_interface/lib/libpush_button_interface__rosidl_typesupport_fastrtps_c.so
[0.930s] -- Up-to-date: /home/parham/Dev/ros2_foxy/science/science-gui/science_ws/install/push_button_interface/include/push_button_interface
[0.930s] -- Up-to-date: /home/parham/Dev/ros2_foxy/science/science-gui/science_ws/install/push_button_interface/include/push_button_interface/msg
[0.930s] -- Up-to-date: /home/parham/Dev/ros2_foxy/science/science-gui/science_ws/install/push_button_interface/include/push_button_interface/msg/rosidl_typesupport_fastrtps_cpp__visibility_control.h
[0.930s] -- Up-to-date: /home/parham/Dev/ros2_foxy/science/science-gui/science_ws/install/push_button_interface/include/push_button_interface/msg/detail
[0.930s] -- Up-to-date: /home/parham/Dev/ros2_foxy/science/science-gui/science_ws/install/push_button_interface/include/push_button_interface/msg/detail/push_button__rosidl_typesupport_fastrtps_cpp.hpp
[0.930s] -- Up-to-date: /home/parham/Dev/ros2_foxy/science/science-gui/science_ws/install/push_button_interface/include/push_button_interface/msg/detail/dds_fastrtps
[0.930s] -- Up-to-date: /home/parham/Dev/ros2_foxy/science/science-gui/science_ws/install/push_button_interface/lib/libpush_button_interface__rosidl_typesupport_fastrtps_cpp.so
[0.930s] -- Up-to-date: /home/parham/Dev/ros2_foxy/science/science-gui/science_ws/install/push_button_interface/include/push_button_interface
[0.930s] -- Up-to-date: /home/parham/Dev/ros2_foxy/science/science-gui/science_ws/install/push_button_interface/include/push_button_interface/msg
[0.930s] -- Up-to-date: /home/parham/Dev/ros2_foxy/science/science-gui/science_ws/install/push_button_interface/include/push_button_interface/msg/rosidl_typesupport_introspection_c__visibility_control.h
[0.931s] -- Up-to-date: /home/parham/Dev/ros2_foxy/science/science-gui/science_ws/install/push_button_interface/include/push_button_interface/msg/detail
[0.931s] -- Up-to-date: /home/parham/Dev/ros2_foxy/science/science-gui/science_ws/install/push_button_interface/include/push_button_interface/msg/detail/push_button__rosidl_typesupport_introspection_c.h
[0.931s] -- Up-to-date: /home/parham/Dev/ros2_foxy/science/science-gui/science_ws/install/push_button_interface/include/push_button_interface/msg/detail/push_button__type_support.c
[0.931s] -- Up-to-date: /home/parham/Dev/ros2_foxy/science/science-gui/science_ws/install/push_button_interface/lib/libpush_button_interface__rosidl_typesupport_introspection_c.so
[0.931s] -- Up-to-date: /home/parham/Dev/ros2_foxy/science/science-gui/science_ws/install/push_button_interface/include/push_button_interface
[0.931s] -- Up-to-date: /home/parham/Dev/ros2_foxy/science/science-gui/science_ws/install/push_button_interface/include/push_button_interface/msg
[0.931s] -- Up-to-date: /home/parham/Dev/ros2_foxy/science/science-gui/science_ws/install/push_button_interface/include/push_button_interface/msg/push_button__rosidl_typesupport_connext_c.h
[0.931s] -- Up-to-date: /home/parham/Dev/ros2_foxy/science/science-gui/science_ws/install/push_button_interface/include/push_button_interface/msg/rosidl_typesupport_connext_c__visibility_control.h
[0.931s] -- Up-to-date: /home/parham/Dev/ros2_foxy/science/science-gui/science_ws/install/push_button_interface/include/push_button_interface/msg/dds_connext
[0.931s] -- Up-to-date: /home/parham/Dev/ros2_foxy/science/science-gui/science_ws/install/push_button_interface/lib/libpush_button_interface__rosidl_typesupport_connext_c.so
[0.932s] -- Up-to-date: /home/parham/Dev/ros2_foxy/science/science-gui/science_ws/install/push_button_interface/share/push_button_interface/msg/dds_connext
[0.932s] -- Up-to-date: /home/parham/Dev/ros2_foxy/science/science-gui/science_ws/install/push_button_interface/share/push_button_interface/msg/dds_connext/PushButton_.idl
[0.932s] -- Up-to-date: /home/parham/Dev/ros2_foxy/science/science-gui/science_ws/install/push_button_interface/include/push_button_interface
[0.932s] -- Up-to-date: /home/parham/Dev/ros2_foxy/science/science-gui/science_ws/install/push_button_interface/include/push_button_interface/msg
[0.932s] -- Up-to-date: /home/parham/Dev/ros2_foxy/science/science-gui/science_ws/install/push_button_interface/include/push_button_interface/msg/rosidl_typesupport_connext_cpp__visibility_control.h
[0.932s] -- Up-to-date: /home/parham/Dev/ros2_foxy/science/science-gui/science_ws/install/push_button_interface/include/push_button_interface/msg/dds_connext
[0.932s] -- Up-to-date: /home/parham/Dev/ros2_foxy/science/science-gui/science_ws/install/push_button_interface/include/push_button_interface/msg/dds_connext/PushButton_Plugin.cxx
[0.932s] -- Up-to-date: /home/parham/Dev/ros2_foxy/science/science-gui/science_ws/install/push_button_interface/include/push_button_interface/msg/dds_connext/PushButton_Support.h
[0.932s] -- Up-to-date: /home/parham/Dev/ros2_foxy/science/science-gui/science_ws/install/push_button_interface/include/push_button_interface/msg/dds_connext/PushButton_Plugin.h
[0.932s] -- Up-to-date: /home/parham/Dev/ros2_foxy/science/science-gui/science_ws/install/push_button_interface/include/push_button_interface/msg/dds_connext/PushButton_Support.cxx
[0.932s] -- Up-to-date: /home/parham/Dev/ros2_foxy/science/science-gui/science_ws/install/push_button_interface/include/push_button_interface/msg/dds_connext/PushButton_.cxx
[0.932s] -- Up-to-date: /home/parham/Dev/ros2_foxy/science/science-gui/science_ws/install/push_button_interface/include/push_button_interface/msg/dds_connext/PushButton_.h
[0.933s] -- Up-to-date: /home/parham/Dev/ros2_foxy/science/science-gui/science_ws/install/push_button_interface/include/push_button_interface/msg/push_button__rosidl_typesupport_connext_cpp.hpp
[0.933s] -- Up-to-date: /home/parham/Dev/ros2_foxy/science/science-gui/science_ws/install/push_button_interface/lib/libpush_button_interface__rosidl_typesupport_connext_cpp.so
[0.933s] -- Up-to-date: /home/parham/Dev/ros2_foxy/science/science-gui/science_ws/install/push_button_interface/lib/libpush_button_interface__rosidl_typesupport_c.so
[0.933s] -- Up-to-date: /home/parham/Dev/ros2_foxy/science/science-gui/science_ws/install/push_button_interface/include/push_button_interface
[0.933s] -- Up-to-date: /home/parham/Dev/ros2_foxy/science/science-gui/science_ws/install/push_button_interface/include/push_button_interface/msg
[0.933s] -- Up-to-date: /home/parham/Dev/ros2_foxy/science/science-gui/science_ws/install/push_button_interface/include/push_button_interface/msg/push_button.hpp
[0.934s] -- Up-to-date: /home/parham/Dev/ros2_foxy/science/science-gui/science_ws/install/push_button_interface/include/push_button_interface/msg/detail
[0.934s] -- Up-to-date: /home/parham/Dev/ros2_foxy/science/science-gui/science_ws/install/push_button_interface/include/push_button_interface/msg/detail/push_button__traits.hpp
[0.934s] -- Up-to-date: /home/parham/Dev/ros2_foxy/science/science-gui/science_ws/install/push_button_interface/include/push_button_interface/msg/detail/push_button__builder.hpp
[0.934s] -- Up-to-date: /home/parham/Dev/ros2_foxy/science/science-gui/science_ws/install/push_button_interface/include/push_button_interface/msg/detail/push_button__struct.hpp
[0.934s] -- Up-to-date: /home/parham/Dev/ros2_foxy/science/science-gui/science_ws/install/push_button_interface/include/push_button_interface
[0.934s] -- Up-to-date: /home/parham/Dev/ros2_foxy/science/science-gui/science_ws/install/push_button_interface/include/push_button_interface/msg
[0.934s] -- Up-to-date: /home/parham/Dev/ros2_foxy/science/science-gui/science_ws/install/push_button_interface/include/push_button_interface/msg/detail
[0.934s] -- Up-to-date: /home/parham/Dev/ros2_foxy/science/science-gui/science_ws/install/push_button_interface/include/push_button_interface/msg/detail/push_button__rosidl_typesupport_introspection_cpp.hpp
[0.934s] -- Up-to-date: /home/parham/Dev/ros2_foxy/science/science-gui/science_ws/install/push_button_interface/include/push_button_interface/msg/detail/push_button__type_support.cpp
[0.934s] -- Up-to-date: /home/parham/Dev/ros2_foxy/science/science-gui/science_ws/install/push_button_interface/lib/libpush_button_interface__rosidl_typesupport_introspection_cpp.so
[0.934s] -- Up-to-date: /home/parham/Dev/ros2_foxy/science/science-gui/science_ws/install/push_button_interface/lib/libpush_button_interface__rosidl_typesupport_cpp.so
[0.934s] -- Up-to-date: /home/parham/Dev/ros2_foxy/science/science-gui/science_ws/install/push_button_interface/share/push_button_interface/environment/pythonpath.sh
[0.935s] -- Up-to-date: /home/parham/Dev/ros2_foxy/science/science-gui/science_ws/install/push_button_interface/share/push_button_interface/environment/pythonpath.dsv
[0.935s] -- Up-to-date: /home/parham/Dev/ros2_foxy/science/science-gui/science_ws/install/push_button_interface/lib/python3.8/site-packages/push_button_interface/__init__.py
[0.973s] -- Up-to-date: /home/parham/Dev/ros2_foxy/science/science-gui/science_ws/install/push_button_interface/lib/python3.8/site-packages/push_button_interface/msg
[0.973s] -- Up-to-date: /home/parham/Dev/ros2_foxy/science/science-gui/science_ws/install/push_button_interface/lib/python3.8/site-packages/push_button_interface/msg/_push_button.py
[0.973s] -- Up-to-date: /home/parham/Dev/ros2_foxy/science/science-gui/science_ws/install/push_button_interface/lib/python3.8/site-packages/push_button_interface/msg/__init__.py
[0.973s] -- Up-to-date: /home/parham/Dev/ros2_foxy/science/science-gui/science_ws/install/push_button_interface/lib/python3.8/site-packages/push_button_interface/msg/_push_button_s.c
[0.974s] -- Up-to-date: /home/parham/Dev/ros2_foxy/science/science-gui/science_ws/install/push_button_interface/lib/python3.8/site-packages/push_button_interface/push_button_interface_s__rosidl_typesupport_fastrtps_c.cpython-38-x86_64-linux-gnu.so
[0.974s] -- Up-to-date: /home/parham/Dev/ros2_foxy/science/science-gui/science_ws/install/push_button_interface/lib/python3.8/site-packages/push_button_interface/push_button_interface_s__rosidl_typesupport_introspection_c.cpython-38-x86_64-linux-gnu.so
[0.975s] -- Up-to-date: /home/parham/Dev/ros2_foxy/science/science-gui/science_ws/install/push_button_interface/lib/python3.8/site-packages/push_button_interface/push_button_interface_s__rosidl_typesupport_connext_c.cpython-38-x86_64-linux-gnu.so
[0.976s] -- Up-to-date: /home/parham/Dev/ros2_foxy/science/science-gui/science_ws/install/push_button_interface/lib/python3.8/site-packages/push_button_interface/push_button_interface_s__rosidl_typesupport_c.cpython-38-x86_64-linux-gnu.so
[0.976s] -- Up-to-date: /home/parham/Dev/ros2_foxy/science/science-gui/science_ws/install/push_button_interface/lib/libpush_button_interface__python.so
[0.977s] -- Up-to-date: /home/parham/Dev/ros2_foxy/science/science-gui/science_ws/install/push_button_interface/share/push_button_interface/msg/PushButton.idl
[0.977s] -- Up-to-date: /home/parham/Dev/ros2_foxy/science/science-gui/science_ws/install/push_button_interface/share/push_button_interface/msg/PushButton.msg
[0.977s] -- Up-to-date: /home/parham/Dev/ros2_foxy/science/science-gui/science_ws/install/push_button_interface/share/ament_index/resource_index/package_run_dependencies/push_button_interface
[0.977s] -- Up-to-date: /home/parham/Dev/ros2_foxy/science/science-gui/science_ws/install/push_button_interface/share/ament_index/resource_index/parent_prefix_path/push_button_interface
[0.977s] -- Up-to-date: /home/parham/Dev/ros2_foxy/science/science-gui/science_ws/install/push_button_interface/share/push_button_interface/environment/ament_prefix_path.sh
[0.977s] -- Up-to-date: /home/parham/Dev/ros2_foxy/science/science-gui/science_ws/install/push_button_interface/share/push_button_interface/environment/ament_prefix_path.dsv
[0.977s] -- Up-to-date: /home/parham/Dev/ros2_foxy/science/science-gui/science_ws/install/push_button_interface/share/push_button_interface/environment/path.sh
[0.977s] -- Up-to-date: /home/parham/Dev/ros2_foxy/science/science-gui/science_ws/install/push_button_interface/share/push_button_interface/environment/path.dsv
[0.977s] -- Up-to-date: /home/parham/Dev/ros2_foxy/science/science-gui/science_ws/install/push_button_interface/share/push_button_interface/local_setup.bash
[0.977s] -- Up-to-date: /home/parham/Dev/ros2_foxy/science/science-gui/science_ws/install/push_button_interface/share/push_button_interface/local_setup.sh
[0.978s] -- Up-to-date: /home/parham/Dev/ros2_foxy/science/science-gui/science_ws/install/push_button_interface/share/push_button_interface/local_setup.zsh
[0.978s] -- Up-to-date: /home/parham/Dev/ros2_foxy/science/science-gui/science_ws/install/push_button_interface/share/push_button_interface/local_setup.dsv
[0.978s] -- Installing: /home/parham/Dev/ros2_foxy/science/science-gui/science_ws/install/push_button_interface/share/push_button_interface/package.dsv
[0.978s] -- Up-to-date: /home/parham/Dev/ros2_foxy/science/science-gui/science_ws/install/push_button_interface/share/ament_index/resource_index/packages/push_button_interface
[0.978s] -- Up-to-date: /home/parham/Dev/ros2_foxy/science/science-gui/science_ws/install/push_button_interface/share/push_button_interface/cmake/push_button_interface__rosidl_generator_cExport.cmake
[0.978s] -- Up-to-date: /home/parham/Dev/ros2_foxy/science/science-gui/science_ws/install/push_button_interface/share/push_button_interface/cmake/push_button_interface__rosidl_generator_cExport-noconfig.cmake
[0.978s] -- Up-to-date: /home/parham/Dev/ros2_foxy/science/science-gui/science_ws/install/push_button_interface/share/push_button_interface/cmake/push_button_interface__rosidl_typesupport_introspection_cExport.cmake
[0.978s] -- Up-to-date: /home/parham/Dev/ros2_foxy/science/science-gui/science_ws/install/push_button_interface/share/push_button_interface/cmake/push_button_interface__rosidl_typesupport_introspection_cExport-noconfig.cmake
[0.978s] -- Up-to-date: /home/parham/Dev/ros2_foxy/science/science-gui/science_ws/install/push_button_interface/share/push_button_interface/cmake/push_button_interface__rosidl_typesupport_cExport.cmake
[0.978s] -- Up-to-date: /home/parham/Dev/ros2_foxy/science/science-gui/science_ws/install/push_button_interface/share/push_button_interface/cmake/push_button_interface__rosidl_typesupport_cExport-noconfig.cmake
[0.978s] -- Up-to-date: /home/parham/Dev/ros2_foxy/science/science-gui/science_ws/install/push_button_interface/share/push_button_interface/cmake/push_button_interface__rosidl_generator_cppExport.cmake
[0.978s] -- Up-to-date: /home/parham/Dev/ros2_foxy/science/science-gui/science_ws/install/push_button_interface/share/push_button_interface/cmake/push_button_interface__rosidl_typesupport_introspection_cppExport.cmake
[0.979s] -- Up-to-date: /home/parham/Dev/ros2_foxy/science/science-gui/science_ws/install/push_button_interface/share/push_button_interface/cmake/push_button_interface__rosidl_typesupport_introspection_cppExport-noconfig.cmake
[0.979s] -- Up-to-date: /home/parham/Dev/ros2_foxy/science/science-gui/science_ws/install/push_button_interface/share/push_button_interface/cmake/push_button_interface__rosidl_typesupport_cppExport.cmake
[0.979s] -- Up-to-date: /home/parham/Dev/ros2_foxy/science/science-gui/science_ws/install/push_button_interface/share/push_button_interface/cmake/push_button_interface__rosidl_typesupport_cppExport-noconfig.cmake
[0.979s] -- Up-to-date: /home/parham/Dev/ros2_foxy/science/science-gui/science_ws/install/push_button_interface/share/push_button_interface/cmake/rosidl_cmake-extras.cmake
[0.979s] -- Up-to-date: /home/parham/Dev/ros2_foxy/science/science-gui/science_ws/install/push_button_interface/share/push_button_interface/cmake/ament_cmake_export_dependencies-extras.cmake
[0.979s] -- Up-to-date: /home/parham/Dev/ros2_foxy/science/science-gui/science_ws/install/push_button_interface/share/push_button_interface/cmake/ament_cmake_export_libraries-extras.cmake
[0.979s] -- Up-to-date: /home/parham/Dev/ros2_foxy/science/science-gui/science_ws/install/push_button_interface/share/push_button_interface/cmake/ament_cmake_export_targets-extras.cmake
[0.979s] -- Up-to-date: /home/parham/Dev/ros2_foxy/science/science-gui/science_ws/install/push_button_interface/share/push_button_interface/cmake/ament_cmake_export_include_directories-extras.cmake
[0.979s] -- Up-to-date: /home/parham/Dev/ros2_foxy/science/science-gui/science_ws/install/push_button_interface/share/push_button_interface/cmake/rosidl_cmake_export_typesupport_libraries-extras.cmake
[0.979s] -- Up-to-date: /home/parham/Dev/ros2_foxy/science/science-gui/science_ws/install/push_button_interface/share/push_button_interface/cmake/rosidl_cmake_export_typesupport_targets-extras.cmake
[0.979s] -- Up-to-date: /home/parham/Dev/ros2_foxy/science/science-gui/science_ws/install/push_button_interface/share/push_button_interface/cmake/push_button_interfaceConfig.cmake
[0.979s] -- Up-to-date: /home/parham/Dev/ros2_foxy/science/science-gui/science_ws/install/push_button_interface/share/push_button_interface/cmake/push_button_interfaceConfig-version.cmake
[0.980s] -- Up-to-date: /home/parham/Dev/ros2_foxy/science/science-gui/science_ws/install/push_button_interface/share/push_button_interface/package.xml
[0.983s] Invoked command in '/home/parham/Dev/ros2_foxy/science/science-gui/science_ws/build/push_button_interface' returned '0': CMAKE_PREFIX_PATH=${CMAKE_PREFIX_PATH}:/home/parham/Dev/ros2_foxy/science/science-gui/science_ws/install/push_button:/home/parham/Dev/ros2_foxy/science/science-gui/install/push_button:/home/parham/ws_moveit2/install/ros2controlcli:/opt/ros/foxy /usr/bin/cmake --install /home/parham/Dev/ros2_foxy/science/science-gui/science_ws/build/push_button_interface
