[1.755s] Invoking command in '/home/parham/Dev/ros2_foxy/science/science-gui/science_ws/src/push_button': PYTHONPATH=/home/parham/Dev/ros2_foxy/science/science-gui/science_ws/install/push_button/lib/python3.8/site-packages:${PYTHONPATH} /usr/bin/python3 setup.py egg_info --egg-base ../../build/push_button build --build-base /home/parham/Dev/ros2_foxy/science/science-gui/science_ws/build/push_button/build install --prefix /home/parham/Dev/ros2_foxy/science/science-gui/science_ws/install/push_button --record /home/parham/Dev/ros2_foxy/science/science-gui/science_ws/build/push_button/install.log --single-version-externally-managed
[2.048s] running egg_info
[2.048s] writing ../../build/push_button/push_button.egg-info/PKG-INFO
[2.145s] writing dependency_links to ../../build/push_button/push_button.egg-info/dependency_links.txt
[2.166s] writing entry points to ../../build/push_button/push_button.egg-info/entry_points.txt
[2.168s] writing requirements to ../../build/push_button/push_button.egg-info/requires.txt
[2.173s] writing top-level names to ../../build/push_button/push_button.egg-info/top_level.txt
[2.290s] reading manifest file '../../build/push_button/push_button.egg-info/SOURCES.txt'
[2.291s] writing manifest file '../../build/push_button/push_button.egg-info/SOURCES.txt'
[2.295s] running build
[2.295s] running build_py
[2.296s] running install
[2.297s] running install_lib
[2.298s] running install_data
[2.298s] running install_egg_info
[2.300s] removing '/home/parham/Dev/ros2_foxy/science/science-gui/science_ws/install/push_button/lib/python3.8/site-packages/push_button-0.0.0-py3.8.egg-info' (and everything under it)
[2.301s] Copying ../../build/push_button/push_button.egg-info to /home/parham/Dev/ros2_foxy/science/science-gui/science_ws/install/push_button/lib/python3.8/site-packages/push_button-0.0.0-py3.8.egg-info
[2.301s] running install_scripts
[2.318s] writing list of installed files to '/home/parham/Dev/ros2_foxy/science/science-gui/science_ws/build/push_button/install.log'
[2.349s] Invoked command in '/home/parham/Dev/ros2_foxy/science/science-gui/science_ws/src/push_button' returned '0': PYTHONPATH=/home/parham/Dev/ros2_foxy/science/science-gui/science_ws/install/push_button/lib/python3.8/site-packages:${PYTHONPATH} /usr/bin/python3 setup.py egg_info --egg-base ../../build/push_button build --build-base /home/parham/Dev/ros2_foxy/science/science-gui/science_ws/build/push_button/build install --prefix /home/parham/Dev/ros2_foxy/science/science-gui/science_ws/install/push_button --record /home/parham/Dev/ros2_foxy/science/science-gui/science_ws/build/push_button/install.log --single-version-externally-managed
