[  2%] Built target push_button_interface__dds_connext_idl
[  4%] Built target push_button_interface__cpp
[ 10%] Built target push_button_interface__rosidl_generator_c
[ 16%] Built target push_button_interface__rosidl_typesupport_fastrtps_cpp
[ 22%] Built target push_button_interface__rosidl_typesupport_introspection_c
[ 28%] Built target push_button_interface__rosidl_typesupport_introspection_cpp
[ 34%] Built target push_button_interface__rosidl_typesupport_cpp
[ 48%] Built target push_button_interface__rosidl_typesupport_connext_cpp
[ 55%] Built target push_button_interface__rosidl_typesupport_c
[ 61%] Built target push_button_interface__rosidl_typesupport_fastrtps_c
[ 77%] Built target push_button_interface__rosidl_typesupport_connext_c
[ 77%] Built target push_button_interface
[ 79%] Built target push_button_interface__py
[ 83%] Built target push_button_interface__python
[ 87%] Built target push_button_interface__rosidl_typesupport_introspection_c__pyext
[ 91%] Built target push_button_interface__rosidl_typesupport_connext_c__pyext
[ 95%] Built target push_button_interface__rosidl_typesupport_fastrtps_c__pyext
[100%] Built target push_button_interface__rosidl_typesupport_c__pyext
-- Install configuration: ""
-- Up-to-date: /home/parham/Dev/ros2_foxy/science/science-gui/science_ws/install/push_button_interface/share/ament_index/resource_index/rosidl_interfaces/push_button_interface
-- Up-to-date: /home/parham/Dev/ros2_foxy/science/science-gui/science_ws/install/push_button_interface/include/push_button_interface
-- Up-to-date: /home/parham/Dev/ros2_foxy/science/science-gui/science_ws/install/push_button_interface/include/push_button_interface/msg
-- Up-to-date: /home/parham/Dev/ros2_foxy/science/science-gui/science_ws/install/push_button_interface/include/push_button_interface/msg/push_button.h
-- Up-to-date: /home/parham/Dev/ros2_foxy/science/science-gui/science_ws/install/push_button_interface/include/push_button_interface/msg/rosidl_generator_c__visibility_control.h
-- Up-to-date: /home/parham/Dev/ros2_foxy/science/science-gui/science_ws/install/push_button_interface/include/push_button_interface/msg/detail
-- Up-to-date: /home/parham/Dev/ros2_foxy/science/science-gui/science_ws/install/push_button_interface/include/push_button_interface/msg/detail/push_button__functions.h
-- Up-to-date: /home/parham/Dev/ros2_foxy/science/science-gui/science_ws/install/push_button_interface/include/push_button_interface/msg/detail/push_button__functions.c
-- Up-to-date: /home/parham/Dev/ros2_foxy/science/science-gui/science_ws/install/push_button_interface/include/push_button_interface/msg/detail/push_button__type_support.h
-- Up-to-date: /home/parham/Dev/ros2_foxy/science/science-gui/science_ws/install/push_button_interface/include/push_button_interface/msg/detail/push_button__struct.h
-- Up-to-date: /home/parham/Dev/ros2_foxy/science/science-gui/science_ws/install/push_button_interface/share/push_button_interface/environment/library_path.sh
-- Up-to-date: /home/parham/Dev/ros2_foxy/science/science-gui/science_ws/install/push_button_interface/share/push_button_interface/environment/library_path.dsv
-- Up-to-date: /home/parham/Dev/ros2_foxy/science/science-gui/science_ws/install/push_button_interface/lib/libpush_button_interface__rosidl_generator_c.so
-- Up-to-date: /home/parham/Dev/ros2_foxy/science/science-gui/science_ws/install/push_button_interface/include/push_button_interface
-- Up-to-date: /home/parham/Dev/ros2_foxy/science/science-gui/science_ws/install/push_button_interface/include/push_button_interface/msg
-- Up-to-date: /home/parham/Dev/ros2_foxy/science/science-gui/science_ws/install/push_button_interface/include/push_button_interface/msg/rosidl_typesupport_fastrtps_c__visibility_control.h
-- Up-to-date: /home/parham/Dev/ros2_foxy/science/science-gui/science_ws/install/push_button_interface/include/push_button_interface/msg/detail
-- Up-to-date: /home/parham/Dev/ros2_foxy/science/science-gui/science_ws/install/push_button_interface/include/push_button_interface/msg/detail/push_button__rosidl_typesupport_fastrtps_c.h
-- Up-to-date: /home/parham/Dev/ros2_foxy/science/science-gui/science_ws/install/push_button_interface/lib/libpush_button_interface__rosidl_typesupport_fastrtps_c.so
-- Up-to-date: /home/parham/Dev/ros2_foxy/science/science-gui/science_ws/install/push_button_interface/include/push_button_interface
-- Up-to-date: /home/parham/Dev/ros2_foxy/science/science-gui/science_ws/install/push_button_interface/include/push_button_interface/msg
-- Up-to-date: /home/parham/Dev/ros2_foxy/science/science-gui/science_ws/install/push_button_interface/include/push_button_interface/msg/rosidl_typesupport_fastrtps_cpp__visibility_control.h
-- Up-to-date: /home/parham/Dev/ros2_foxy/science/science-gui/science_ws/install/push_button_interface/include/push_button_interface/msg/detail
-- Up-to-date: /home/parham/Dev/ros2_foxy/science/science-gui/science_ws/install/push_button_interface/include/push_button_interface/msg/detail/push_button__rosidl_typesupport_fastrtps_cpp.hpp
-- Up-to-date: /home/parham/Dev/ros2_foxy/science/science-gui/science_ws/install/push_button_interface/include/push_button_interface/msg/detail/dds_fastrtps
-- Up-to-date: /home/parham/Dev/ros2_foxy/science/science-gui/science_ws/install/push_button_interface/lib/libpush_button_interface__rosidl_typesupport_fastrtps_cpp.so
-- Up-to-date: /home/parham/Dev/ros2_foxy/science/science-gui/science_ws/install/push_button_interface/include/push_button_interface
-- Up-to-date: /home/parham/Dev/ros2_foxy/science/science-gui/science_ws/install/push_button_interface/include/push_button_interface/msg
-- Up-to-date: /home/parham/Dev/ros2_foxy/science/science-gui/science_ws/install/push_button_interface/include/push_button_interface/msg/rosidl_typesupport_introspection_c__visibility_control.h
-- Up-to-date: /home/parham/Dev/ros2_foxy/science/science-gui/science_ws/install/push_button_interface/include/push_button_interface/msg/detail
-- Up-to-date: /home/parham/Dev/ros2_foxy/science/science-gui/science_ws/install/push_button_interface/include/push_button_interface/msg/detail/push_button__rosidl_typesupport_introspection_c.h
-- Up-to-date: /home/parham/Dev/ros2_foxy/science/science-gui/science_ws/install/push_button_interface/include/push_button_interface/msg/detail/push_button__type_support.c
-- Up-to-date: /home/parham/Dev/ros2_foxy/science/science-gui/science_ws/install/push_button_interface/lib/libpush_button_interface__rosidl_typesupport_introspection_c.so
-- Up-to-date: /home/parham/Dev/ros2_foxy/science/science-gui/science_ws/install/push_button_interface/include/push_button_interface
-- Up-to-date: /home/parham/Dev/ros2_foxy/science/science-gui/science_ws/install/push_button_interface/include/push_button_interface/msg
-- Up-to-date: /home/parham/Dev/ros2_foxy/science/science-gui/science_ws/install/push_button_interface/include/push_button_interface/msg/push_button__rosidl_typesupport_connext_c.h
-- Up-to-date: /home/parham/Dev/ros2_foxy/science/science-gui/science_ws/install/push_button_interface/include/push_button_interface/msg/rosidl_typesupport_connext_c__visibility_control.h
-- Up-to-date: /home/parham/Dev/ros2_foxy/science/science-gui/science_ws/install/push_button_interface/include/push_button_interface/msg/dds_connext
-- Up-to-date: /home/parham/Dev/ros2_foxy/science/science-gui/science_ws/install/push_button_interface/lib/libpush_button_interface__rosidl_typesupport_connext_c.so
-- Up-to-date: /home/parham/Dev/ros2_foxy/science/science-gui/science_ws/install/push_button_interface/share/push_button_interface/msg/dds_connext
-- Up-to-date: /home/parham/Dev/ros2_foxy/science/science-gui/science_ws/install/push_button_interface/share/push_button_interface/msg/dds_connext/PushButton_.idl
-- Up-to-date: /home/parham/Dev/ros2_foxy/science/science-gui/science_ws/install/push_button_interface/include/push_button_interface
-- Up-to-date: /home/parham/Dev/ros2_foxy/science/science-gui/science_ws/install/push_button_interface/include/push_button_interface/msg
-- Up-to-date: /home/parham/Dev/ros2_foxy/science/science-gui/science_ws/install/push_button_interface/include/push_button_interface/msg/rosidl_typesupport_connext_cpp__visibility_control.h
-- Up-to-date: /home/parham/Dev/ros2_foxy/science/science-gui/science_ws/install/push_button_interface/include/push_button_interface/msg/dds_connext
-- Up-to-date: /home/parham/Dev/ros2_foxy/science/science-gui/science_ws/install/push_button_interface/include/push_button_interface/msg/dds_connext/PushButton_Plugin.cxx
-- Up-to-date: /home/parham/Dev/ros2_foxy/science/science-gui/science_ws/install/push_button_interface/include/push_button_interface/msg/dds_connext/PushButton_Support.h
-- Up-to-date: /home/parham/Dev/ros2_foxy/science/science-gui/science_ws/install/push_button_interface/include/push_button_interface/msg/dds_connext/PushButton_Plugin.h
-- Up-to-date: /home/parham/Dev/ros2_foxy/science/science-gui/science_ws/install/push_button_interface/include/push_button_interface/msg/dds_connext/PushButton_Support.cxx
-- Up-to-date: /home/parham/Dev/ros2_foxy/science/science-gui/science_ws/install/push_button_interface/include/push_button_interface/msg/dds_connext/PushButton_.cxx
-- Up-to-date: /home/parham/Dev/ros2_foxy/science/science-gui/science_ws/install/push_button_interface/include/push_button_interface/msg/dds_connext/PushButton_.h
-- Up-to-date: /home/parham/Dev/ros2_foxy/science/science-gui/science_ws/install/push_button_interface/include/push_button_interface/msg/push_button__rosidl_typesupport_connext_cpp.hpp
-- Up-to-date: /home/parham/Dev/ros2_foxy/science/science-gui/science_ws/install/push_button_interface/lib/libpush_button_interface__rosidl_typesupport_connext_cpp.so
-- Up-to-date: /home/parham/Dev/ros2_foxy/science/science-gui/science_ws/install/push_button_interface/lib/libpush_button_interface__rosidl_typesupport_c.so
-- Up-to-date: /home/parham/Dev/ros2_foxy/science/science-gui/science_ws/install/push_button_interface/include/push_button_interface
-- Up-to-date: /home/parham/Dev/ros2_foxy/science/science-gui/science_ws/install/push_button_interface/include/push_button_interface/msg
-- Up-to-date: /home/parham/Dev/ros2_foxy/science/science-gui/science_ws/install/push_button_interface/include/push_button_interface/msg/push_button.hpp
-- Up-to-date: /home/parham/Dev/ros2_foxy/science/science-gui/science_ws/install/push_button_interface/include/push_button_interface/msg/detail
-- Up-to-date: /home/parham/Dev/ros2_foxy/science/science-gui/science_ws/install/push_button_interface/include/push_button_interface/msg/detail/push_button__traits.hpp
-- Up-to-date: /home/parham/Dev/ros2_foxy/science/science-gui/science_ws/install/push_button_interface/include/push_button_interface/msg/detail/push_button__builder.hpp
-- Up-to-date: /home/parham/Dev/ros2_foxy/science/science-gui/science_ws/install/push_button_interface/include/push_button_interface/msg/detail/push_button__struct.hpp
-- Up-to-date: /home/parham/Dev/ros2_foxy/science/science-gui/science_ws/install/push_button_interface/include/push_button_interface
-- Up-to-date: /home/parham/Dev/ros2_foxy/science/science-gui/science_ws/install/push_button_interface/include/push_button_interface/msg
-- Up-to-date: /home/parham/Dev/ros2_foxy/science/science-gui/science_ws/install/push_button_interface/include/push_button_interface/msg/detail
-- Up-to-date: /home/parham/Dev/ros2_foxy/science/science-gui/science_ws/install/push_button_interface/include/push_button_interface/msg/detail/push_button__rosidl_typesupport_introspection_cpp.hpp
-- Up-to-date: /home/parham/Dev/ros2_foxy/science/science-gui/science_ws/install/push_button_interface/include/push_button_interface/msg/detail/push_button__type_support.cpp
-- Up-to-date: /home/parham/Dev/ros2_foxy/science/science-gui/science_ws/install/push_button_interface/lib/libpush_button_interface__rosidl_typesupport_introspection_cpp.so
-- Up-to-date: /home/parham/Dev/ros2_foxy/science/science-gui/science_ws/install/push_button_interface/lib/libpush_button_interface__rosidl_typesupport_cpp.so
-- Up-to-date: /home/parham/Dev/ros2_foxy/science/science-gui/science_ws/install/push_button_interface/share/push_button_interface/environment/pythonpath.sh
-- Up-to-date: /home/parham/Dev/ros2_foxy/science/science-gui/science_ws/install/push_button_interface/share/push_button_interface/environment/pythonpath.dsv
-- Up-to-date: /home/parham/Dev/ros2_foxy/science/science-gui/science_ws/install/push_button_interface/lib/python3.8/site-packages/push_button_interface/__init__.py
-- Up-to-date: /home/parham/Dev/ros2_foxy/science/science-gui/science_ws/install/push_button_interface/lib/python3.8/site-packages/push_button_interface/msg
-- Up-to-date: /home/parham/Dev/ros2_foxy/science/science-gui/science_ws/install/push_button_interface/lib/python3.8/site-packages/push_button_interface/msg/_push_button.py
-- Up-to-date: /home/parham/Dev/ros2_foxy/science/science-gui/science_ws/install/push_button_interface/lib/python3.8/site-packages/push_button_interface/msg/__init__.py
-- Up-to-date: /home/parham/Dev/ros2_foxy/science/science-gui/science_ws/install/push_button_interface/lib/python3.8/site-packages/push_button_interface/msg/_push_button_s.c
-- Up-to-date: /home/parham/Dev/ros2_foxy/science/science-gui/science_ws/install/push_button_interface/lib/python3.8/site-packages/push_button_interface/push_button_interface_s__rosidl_typesupport_fastrtps_c.cpython-38-x86_64-linux-gnu.so
-- Up-to-date: /home/parham/Dev/ros2_foxy/science/science-gui/science_ws/install/push_button_interface/lib/python3.8/site-packages/push_button_interface/push_button_interface_s__rosidl_typesupport_introspection_c.cpython-38-x86_64-linux-gnu.so
-- Up-to-date: /home/parham/Dev/ros2_foxy/science/science-gui/science_ws/install/push_button_interface/lib/python3.8/site-packages/push_button_interface/push_button_interface_s__rosidl_typesupport_connext_c.cpython-38-x86_64-linux-gnu.so
-- Up-to-date: /home/parham/Dev/ros2_foxy/science/science-gui/science_ws/install/push_button_interface/lib/python3.8/site-packages/push_button_interface/push_button_interface_s__rosidl_typesupport_c.cpython-38-x86_64-linux-gnu.so
-- Up-to-date: /home/parham/Dev/ros2_foxy/science/science-gui/science_ws/install/push_button_interface/lib/libpush_button_interface__python.so
-- Up-to-date: /home/parham/Dev/ros2_foxy/science/science-gui/science_ws/install/push_button_interface/share/push_button_interface/msg/PushButton.idl
-- Up-to-date: /home/parham/Dev/ros2_foxy/science/science-gui/science_ws/install/push_button_interface/share/push_button_interface/msg/PushButton.msg
-- Up-to-date: /home/parham/Dev/ros2_foxy/science/science-gui/science_ws/install/push_button_interface/share/ament_index/resource_index/package_run_dependencies/push_button_interface
-- Up-to-date: /home/parham/Dev/ros2_foxy/science/science-gui/science_ws/install/push_button_interface/share/ament_index/resource_index/parent_prefix_path/push_button_interface
-- Up-to-date: /home/parham/Dev/ros2_foxy/science/science-gui/science_ws/install/push_button_interface/share/push_button_interface/environment/ament_prefix_path.sh
-- Up-to-date: /home/parham/Dev/ros2_foxy/science/science-gui/science_ws/install/push_button_interface/share/push_button_interface/environment/ament_prefix_path.dsv
-- Up-to-date: /home/parham/Dev/ros2_foxy/science/science-gui/science_ws/install/push_button_interface/share/push_button_interface/environment/path.sh
-- Up-to-date: /home/parham/Dev/ros2_foxy/science/science-gui/science_ws/install/push_button_interface/share/push_button_interface/environment/path.dsv
-- Up-to-date: /home/parham/Dev/ros2_foxy/science/science-gui/science_ws/install/push_button_interface/share/push_button_interface/local_setup.bash
-- Up-to-date: /home/parham/Dev/ros2_foxy/science/science-gui/science_ws/install/push_button_interface/share/push_button_interface/local_setup.sh
-- Up-to-date: /home/parham/Dev/ros2_foxy/science/science-gui/science_ws/install/push_button_interface/share/push_button_interface/local_setup.zsh
-- Up-to-date: /home/parham/Dev/ros2_foxy/science/science-gui/science_ws/install/push_button_interface/share/push_button_interface/local_setup.dsv
-- Installing: /home/parham/Dev/ros2_foxy/science/science-gui/science_ws/install/push_button_interface/share/push_button_interface/package.dsv
-- Up-to-date: /home/parham/Dev/ros2_foxy/science/science-gui/science_ws/install/push_button_interface/share/ament_index/resource_index/packages/push_button_interface
-- Up-to-date: /home/parham/Dev/ros2_foxy/science/science-gui/science_ws/install/push_button_interface/share/push_button_interface/cmake/push_button_interface__rosidl_generator_cExport.cmake
-- Up-to-date: /home/parham/Dev/ros2_foxy/science/science-gui/science_ws/install/push_button_interface/share/push_button_interface/cmake/push_button_interface__rosidl_generator_cExport-noconfig.cmake
-- Up-to-date: /home/parham/Dev/ros2_foxy/science/science-gui/science_ws/install/push_button_interface/share/push_button_interface/cmake/push_button_interface__rosidl_typesupport_introspection_cExport.cmake
-- Up-to-date: /home/parham/Dev/ros2_foxy/science/science-gui/science_ws/install/push_button_interface/share/push_button_interface/cmake/push_button_interface__rosidl_typesupport_introspection_cExport-noconfig.cmake
-- Up-to-date: /home/parham/Dev/ros2_foxy/science/science-gui/science_ws/install/push_button_interface/share/push_button_interface/cmake/push_button_interface__rosidl_typesupport_cExport.cmake
-- Up-to-date: /home/parham/Dev/ros2_foxy/science/science-gui/science_ws/install/push_button_interface/share/push_button_interface/cmake/push_button_interface__rosidl_typesupport_cExport-noconfig.cmake
-- Up-to-date: /home/parham/Dev/ros2_foxy/science/science-gui/science_ws/install/push_button_interface/share/push_button_interface/cmake/push_button_interface__rosidl_generator_cppExport.cmake
-- Up-to-date: /home/parham/Dev/ros2_foxy/science/science-gui/science_ws/install/push_button_interface/share/push_button_interface/cmake/push_button_interface__rosidl_typesupport_introspection_cppExport.cmake
-- Up-to-date: /home/parham/Dev/ros2_foxy/science/science-gui/science_ws/install/push_button_interface/share/push_button_interface/cmake/push_button_interface__rosidl_typesupport_introspection_cppExport-noconfig.cmake
-- Up-to-date: /home/parham/Dev/ros2_foxy/science/science-gui/science_ws/install/push_button_interface/share/push_button_interface/cmake/push_button_interface__rosidl_typesupport_cppExport.cmake
-- Up-to-date: /home/parham/Dev/ros2_foxy/science/science-gui/science_ws/install/push_button_interface/share/push_button_interface/cmake/push_button_interface__rosidl_typesupport_cppExport-noconfig.cmake
-- Up-to-date: /home/parham/Dev/ros2_foxy/science/science-gui/science_ws/install/push_button_interface/share/push_button_interface/cmake/rosidl_cmake-extras.cmake
-- Up-to-date: /home/parham/Dev/ros2_foxy/science/science-gui/science_ws/install/push_button_interface/share/push_button_interface/cmake/ament_cmake_export_dependencies-extras.cmake
-- Up-to-date: /home/parham/Dev/ros2_foxy/science/science-gui/science_ws/install/push_button_interface/share/push_button_interface/cmake/ament_cmake_export_libraries-extras.cmake
-- Up-to-date: /home/parham/Dev/ros2_foxy/science/science-gui/science_ws/install/push_button_interface/share/push_button_interface/cmake/ament_cmake_export_targets-extras.cmake
-- Up-to-date: /home/parham/Dev/ros2_foxy/science/science-gui/science_ws/install/push_button_interface/share/push_button_interface/cmake/ament_cmake_export_include_directories-extras.cmake
-- Up-to-date: /home/parham/Dev/ros2_foxy/science/science-gui/science_ws/install/push_button_interface/share/push_button_interface/cmake/rosidl_cmake_export_typesupport_libraries-extras.cmake
-- Up-to-date: /home/parham/Dev/ros2_foxy/science/science-gui/science_ws/install/push_button_interface/share/push_button_interface/cmake/rosidl_cmake_export_typesupport_targets-extras.cmake
-- Up-to-date: /home/parham/Dev/ros2_foxy/science/science-gui/science_ws/install/push_button_interface/share/push_button_interface/cmake/push_button_interfaceConfig.cmake
-- Up-to-date: /home/parham/Dev/ros2_foxy/science/science-gui/science_ws/install/push_button_interface/share/push_button_interface/cmake/push_button_interfaceConfig-version.cmake
-- Up-to-date: /home/parham/Dev/ros2_foxy/science/science-gui/science_ws/install/push_button_interface/share/push_button_interface/package.xml
