[0.049s] Invoking command in '/home/parham/Dev/ros2_foxy/science/science-gui/science_ws/build/push_button_interface': CMAKE_PREFIX_PATH=${CMAKE_PREFIX_PATH}:/home/parham/Dev/ros2_foxy/science/science-gui/science_ws/install/push_button:/home/parham/Dev/ros2_foxy/science/science-gui/install/push_button:/home/parham/ws_moveit2/install/ros2controlcli:/opt/ros/foxy /usr/bin/cmake --build /home/parham/Dev/ros2_foxy/science/science-gui/science_ws/build/push_button_interface -- -j4 -l4
[0.853s] [  2%] Built target push_button_interface__dds_connext_idl
[0.863s] [  4%] Built target push_button_interface__cpp
[0.877s] [ 10%] Built target push_button_interface__rosidl_generator_c
[1.376s] [ 16%] Built target push_button_interface__rosidl_typesupport_fastrtps_cpp
[1.850s] [ 22%] Built target push_button_interface__rosidl_typesupport_introspection_c
[1.865s] [ 28%] Built target push_button_interface__rosidl_typesupport_introspection_cpp
[1.876s] [ 34%] Built target push_button_interface__rosidl_typesupport_cpp
[1.884s] [ 48%] Built target push_button_interface__rosidl_typesupport_connext_cpp
[1.918s] [ 55%] Built target push_button_interface__rosidl_typesupport_c
[1.933s] [ 61%] Built target push_button_interface__rosidl_typesupport_fastrtps_c
[2.033s] [ 77%] Built target push_button_interface__rosidl_typesupport_connext_c
[2.071s] [ 77%] Built target push_button_interface
[2.113s] [ 79%] Built target push_button_interface__py
[2.375s] [ 83%] Built target push_button_interface__python
[2.452s] [ 87%] Built target push_button_interface__rosidl_typesupport_introspection_c__pyext
[2.456s] [ 91%] Built target push_button_interface__rosidl_typesupport_connext_c__pyext
[2.457s] [ 95%] Built target push_button_interface__rosidl_typesupport_fastrtps_c__pyext
[2.508s] [100%] Built target push_button_interface__rosidl_typesupport_c__pyext
[2.526s] Invoked command in '/home/parham/Dev/ros2_foxy/science/science-gui/science_ws/build/push_button_interface' returned '0': CMAKE_PREFIX_PATH=${CMAKE_PREFIX_PATH}:/home/parham/Dev/ros2_foxy/science/science-gui/science_ws/install/push_button:/home/parham/Dev/ros2_foxy/science/science-gui/install/push_button:/home/parham/ws_moveit2/install/ros2controlcli:/opt/ros/foxy /usr/bin/cmake --build /home/parham/Dev/ros2_foxy/science/science-gui/science_ws/build/push_button_interface -- -j4 -l4
[2.682s] Invoking command in '/home/parham/Dev/ros2_foxy/science/science-gui/science_ws/build/push_button_interface': CMAKE_PREFIX_PATH=${CMAKE_PREFIX_PATH}:/home/parham/Dev/ros2_foxy/science/science-gui/science_ws/install/push_button:/home/parham/Dev/ros2_foxy/science/science-gui/install/push_button:/home/parham/ws_moveit2/install/ros2controlcli:/opt/ros/foxy /usr/bin/cmake --install /home/parham/Dev/ros2_foxy/science/science-gui/science_ws/build/push_button_interface
[2.699s] -- Install configuration: ""
[2.699s] -- Up-to-date: /home/parham/Dev/ros2_foxy/science/science-gui/science_ws/install/push_button_interface/share/ament_index/resource_index/rosidl_interfaces/push_button_interface
[2.699s] -- Up-to-date: /home/parham/Dev/ros2_foxy/science/science-gui/science_ws/install/push_button_interface/include/push_button_interface
[2.700s] -- Up-to-date: /home/parham/Dev/ros2_foxy/science/science-gui/science_ws/install/push_button_interface/include/push_button_interface/msg
[2.700s] -- Up-to-date: /home/parham/Dev/ros2_foxy/science/science-gui/science_ws/install/push_button_interface/include/push_button_interface/msg/push_button.h
[2.700s] -- Up-to-date: /home/parham/Dev/ros2_foxy/science/science-gui/science_ws/install/push_button_interface/include/push_button_interface/msg/rosidl_generator_c__visibility_control.h
[2.700s] -- Up-to-date: /home/parham/Dev/ros2_foxy/science/science-gui/science_ws/install/push_button_interface/include/push_button_interface/msg/detail
[2.700s] -- Up-to-date: /home/parham/Dev/ros2_foxy/science/science-gui/science_ws/install/push_button_interface/include/push_button_interface/msg/detail/push_button__functions.h
[2.700s] -- Up-to-date: /home/parham/Dev/ros2_foxy/science/science-gui/science_ws/install/push_button_interface/include/push_button_interface/msg/detail/push_button__functions.c
[2.700s] -- Up-to-date: /home/parham/Dev/ros2_foxy/science/science-gui/science_ws/install/push_button_interface/include/push_button_interface/msg/detail/push_button__type_support.h
[2.701s] -- Up-to-date: /home/parham/Dev/ros2_foxy/science/science-gui/science_ws/install/push_button_interface/include/push_button_interface/msg/detail/push_button__struct.h
[2.701s] -- Up-to-date: /home/parham/Dev/ros2_foxy/science/science-gui/science_ws/install/push_button_interface/share/push_button_interface/environment/library_path.sh
[2.701s] -- Up-to-date: /home/parham/Dev/ros2_foxy/science/science-gui/science_ws/install/push_button_interface/share/push_button_interface/environment/library_path.dsv
[2.701s] -- Up-to-date: /home/parham/Dev/ros2_foxy/science/science-gui/science_ws/install/push_button_interface/lib/libpush_button_interface__rosidl_generator_c.so
[2.701s] -- Up-to-date: /home/parham/Dev/ros2_foxy/science/science-gui/science_ws/install/push_button_interface/include/push_button_interface
[2.701s] -- Up-to-date: /home/parham/Dev/ros2_foxy/science/science-gui/science_ws/install/push_button_interface/include/push_button_interface/msg
[2.701s] -- Up-to-date: /home/parham/Dev/ros2_foxy/science/science-gui/science_ws/install/push_button_interface/include/push_button_interface/msg/rosidl_typesupport_fastrtps_c__visibility_control.h
[2.701s] -- Up-to-date: /home/parham/Dev/ros2_foxy/science/science-gui/science_ws/install/push_button_interface/include/push_button_interface/msg/detail
[2.702s] -- Up-to-date: /home/parham/Dev/ros2_foxy/science/science-gui/science_ws/install/push_button_interface/include/push_button_interface/msg/detail/push_button__rosidl_typesupport_fastrtps_c.h
[2.702s] -- Up-to-date: /home/parham/Dev/ros2_foxy/science/science-gui/science_ws/install/push_button_interface/lib/libpush_button_interface__rosidl_typesupport_fastrtps_c.so
[2.702s] -- Up-to-date: /home/parham/Dev/ros2_foxy/science/science-gui/science_ws/install/push_button_interface/include/push_button_interface
[2.702s] -- Up-to-date: /home/parham/Dev/ros2_foxy/science/science-gui/science_ws/install/push_button_interface/include/push_button_interface/msg
[2.702s] -- Up-to-date: /home/parham/Dev/ros2_foxy/science/science-gui/science_ws/install/push_button_interface/include/push_button_interface/msg/rosidl_typesupport_fastrtps_cpp__visibility_control.h
[2.702s] -- Up-to-date: /home/parham/Dev/ros2_foxy/science/science-gui/science_ws/install/push_button_interface/include/push_button_interface/msg/detail
[2.702s] -- Up-to-date: /home/parham/Dev/ros2_foxy/science/science-gui/science_ws/install/push_button_interface/include/push_button_interface/msg/detail/push_button__rosidl_typesupport_fastrtps_cpp.hpp
[2.702s] -- Up-to-date: /home/parham/Dev/ros2_foxy/science/science-gui/science_ws/install/push_button_interface/include/push_button_interface/msg/detail/dds_fastrtps
[2.703s] -- Up-to-date: /home/parham/Dev/ros2_foxy/science/science-gui/science_ws/install/push_button_interface/lib/libpush_button_interface__rosidl_typesupport_fastrtps_cpp.so
[2.703s] -- Up-to-date: /home/parham/Dev/ros2_foxy/science/science-gui/science_ws/install/push_button_interface/include/push_button_interface
[2.703s] -- Up-to-date: /home/parham/Dev/ros2_foxy/science/science-gui/science_ws/install/push_button_interface/include/push_button_interface/msg
[2.703s] -- Up-to-date: /home/parham/Dev/ros2_foxy/science/science-gui/science_ws/install/push_button_interface/include/push_button_interface/msg/rosidl_typesupport_introspection_c__visibility_control.h
[2.703s] -- Up-to-date: /home/parham/Dev/ros2_foxy/science/science-gui/science_ws/install/push_button_interface/include/push_button_interface/msg/detail
[2.703s] -- Up-to-date: /home/parham/Dev/ros2_foxy/science/science-gui/science_ws/install/push_button_interface/include/push_button_interface/msg/detail/push_button__rosidl_typesupport_introspection_c.h
[2.703s] -- Up-to-date: /home/parham/Dev/ros2_foxy/science/science-gui/science_ws/install/push_button_interface/include/push_button_interface/msg/detail/push_button__type_support.c
[2.703s] -- Up-to-date: /home/parham/Dev/ros2_foxy/science/science-gui/science_ws/install/push_button_interface/lib/libpush_button_interface__rosidl_typesupport_introspection_c.so
[2.704s] -- Up-to-date: /home/parham/Dev/ros2_foxy/science/science-gui/science_ws/install/push_button_interface/include/push_button_interface
[2.704s] -- Up-to-date: /home/parham/Dev/ros2_foxy/science/science-gui/science_ws/install/push_button_interface/include/push_button_interface/msg
[2.704s] -- Up-to-date: /home/parham/Dev/ros2_foxy/science/science-gui/science_ws/install/push_button_interface/include/push_button_interface/msg/push_button__rosidl_typesupport_connext_c.h
[2.704s] -- Up-to-date: /home/parham/Dev/ros2_foxy/science/science-gui/science_ws/install/push_button_interface/include/push_button_interface/msg/rosidl_typesupport_connext_c__visibility_control.h
[2.704s] -- Up-to-date: /home/parham/Dev/ros2_foxy/science/science-gui/science_ws/install/push_button_interface/include/push_button_interface/msg/dds_connext
[2.704s] -- Up-to-date: /home/parham/Dev/ros2_foxy/science/science-gui/science_ws/install/push_button_interface/lib/libpush_button_interface__rosidl_typesupport_connext_c.so
[2.704s] -- Up-to-date: /home/parham/Dev/ros2_foxy/science/science-gui/science_ws/install/push_button_interface/share/push_button_interface/msg/dds_connext
[2.705s] -- Up-to-date: /home/parham/Dev/ros2_foxy/science/science-gui/science_ws/install/push_button_interface/share/push_button_interface/msg/dds_connext/PushButton_.idl
[2.705s] -- Up-to-date: /home/parham/Dev/ros2_foxy/science/science-gui/science_ws/install/push_button_interface/include/push_button_interface
[2.705s] -- Up-to-date: /home/parham/Dev/ros2_foxy/science/science-gui/science_ws/install/push_button_interface/include/push_button_interface/msg
[2.705s] -- Up-to-date: /home/parham/Dev/ros2_foxy/science/science-gui/science_ws/install/push_button_interface/include/push_button_interface/msg/rosidl_typesupport_connext_cpp__visibility_control.h
[2.705s] -- Up-to-date: /home/parham/Dev/ros2_foxy/science/science-gui/science_ws/install/push_button_interface/include/push_button_interface/msg/dds_connext
[2.705s] -- Up-to-date: /home/parham/Dev/ros2_foxy/science/science-gui/science_ws/install/push_button_interface/include/push_button_interface/msg/dds_connext/PushButton_Plugin.cxx
[2.705s] -- Up-to-date: /home/parham/Dev/ros2_foxy/science/science-gui/science_ws/install/push_button_interface/include/push_button_interface/msg/dds_connext/PushButton_Support.h
[2.706s] -- Up-to-date: /home/parham/Dev/ros2_foxy/science/science-gui/science_ws/install/push_button_interface/include/push_button_interface/msg/dds_connext/PushButton_Plugin.h
[2.706s] -- Up-to-date: /home/parham/Dev/ros2_foxy/science/science-gui/science_ws/install/push_button_interface/include/push_button_interface/msg/dds_connext/PushButton_Support.cxx
[2.706s] -- Up-to-date: /home/parham/Dev/ros2_foxy/science/science-gui/science_ws/install/push_button_interface/include/push_button_interface/msg/dds_connext/PushButton_.cxx
[2.706s] -- Up-to-date: /home/parham/Dev/ros2_foxy/science/science-gui/science_ws/install/push_button_interface/include/push_button_interface/msg/dds_connext/PushButton_.h
[2.706s] -- Up-to-date: /home/parham/Dev/ros2_foxy/science/science-gui/science_ws/install/push_button_interface/include/push_button_interface/msg/push_button__rosidl_typesupport_connext_cpp.hpp
[2.706s] -- Up-to-date: /home/parham/Dev/ros2_foxy/science/science-gui/science_ws/install/push_button_interface/lib/libpush_button_interface__rosidl_typesupport_connext_cpp.so
[2.706s] -- Up-to-date: /home/parham/Dev/ros2_foxy/science/science-gui/science_ws/install/push_button_interface/lib/libpush_button_interface__rosidl_typesupport_c.so
[2.706s] -- Up-to-date: /home/parham/Dev/ros2_foxy/science/science-gui/science_ws/install/push_button_interface/include/push_button_interface
[2.706s] -- Up-to-date: /home/parham/Dev/ros2_foxy/science/science-gui/science_ws/install/push_button_interface/include/push_button_interface/msg
[2.707s] -- Up-to-date: /home/parham/Dev/ros2_foxy/science/science-gui/science_ws/install/push_button_interface/include/push_button_interface/msg/push_button.hpp
[2.707s] -- Up-to-date: /home/parham/Dev/ros2_foxy/science/science-gui/science_ws/install/push_button_interface/include/push_button_interface/msg/detail
[2.707s] -- Up-to-date: /home/parham/Dev/ros2_foxy/science/science-gui/science_ws/install/push_button_interface/include/push_button_interface/msg/detail/push_button__traits.hpp
[2.707s] -- Up-to-date: /home/parham/Dev/ros2_foxy/science/science-gui/science_ws/install/push_button_interface/include/push_button_interface/msg/detail/push_button__builder.hpp
[2.707s] -- Up-to-date: /home/parham/Dev/ros2_foxy/science/science-gui/science_ws/install/push_button_interface/include/push_button_interface/msg/detail/push_button__struct.hpp
[2.707s] -- Up-to-date: /home/parham/Dev/ros2_foxy/science/science-gui/science_ws/install/push_button_interface/include/push_button_interface
[2.707s] -- Up-to-date: /home/parham/Dev/ros2_foxy/science/science-gui/science_ws/install/push_button_interface/include/push_button_interface/msg
[2.707s] -- Up-to-date: /home/parham/Dev/ros2_foxy/science/science-gui/science_ws/install/push_button_interface/include/push_button_interface/msg/detail
[2.707s] -- Up-to-date: /home/parham/Dev/ros2_foxy/science/science-gui/science_ws/install/push_button_interface/include/push_button_interface/msg/detail/push_button__rosidl_typesupport_introspection_cpp.hpp
[2.707s] -- Up-to-date: /home/parham/Dev/ros2_foxy/science/science-gui/science_ws/install/push_button_interface/include/push_button_interface/msg/detail/push_button__type_support.cpp
[2.707s] -- Up-to-date: /home/parham/Dev/ros2_foxy/science/science-gui/science_ws/install/push_button_interface/lib/libpush_button_interface__rosidl_typesupport_introspection_cpp.so
[2.707s] -- Up-to-date: /home/parham/Dev/ros2_foxy/science/science-gui/science_ws/install/push_button_interface/lib/libpush_button_interface__rosidl_typesupport_cpp.so
[2.707s] -- Up-to-date: /home/parham/Dev/ros2_foxy/science/science-gui/science_ws/install/push_button_interface/share/push_button_interface/environment/pythonpath.sh
[2.707s] -- Up-to-date: /home/parham/Dev/ros2_foxy/science/science-gui/science_ws/install/push_button_interface/share/push_button_interface/environment/pythonpath.dsv
[2.708s] -- Up-to-date: /home/parham/Dev/ros2_foxy/science/science-gui/science_ws/install/push_button_interface/lib/python3.8/site-packages/push_button_interface/__init__.py
[2.755s] -- Up-to-date: /home/parham/Dev/ros2_foxy/science/science-gui/science_ws/install/push_button_interface/lib/python3.8/site-packages/push_button_interface/msg
[2.756s] -- Up-to-date: /home/parham/Dev/ros2_foxy/science/science-gui/science_ws/install/push_button_interface/lib/python3.8/site-packages/push_button_interface/msg/_push_button.py
[2.756s] -- Up-to-date: /home/parham/Dev/ros2_foxy/science/science-gui/science_ws/install/push_button_interface/lib/python3.8/site-packages/push_button_interface/msg/__init__.py
[2.756s] -- Up-to-date: /home/parham/Dev/ros2_foxy/science/science-gui/science_ws/install/push_button_interface/lib/python3.8/site-packages/push_button_interface/msg/_push_button_s.c
[2.756s] -- Up-to-date: /home/parham/Dev/ros2_foxy/science/science-gui/science_ws/install/push_button_interface/lib/python3.8/site-packages/push_button_interface/push_button_interface_s__rosidl_typesupport_fastrtps_c.cpython-38-x86_64-linux-gnu.so
[2.756s] -- Up-to-date: /home/parham/Dev/ros2_foxy/science/science-gui/science_ws/install/push_button_interface/lib/python3.8/site-packages/push_button_interface/push_button_interface_s__rosidl_typesupport_introspection_c.cpython-38-x86_64-linux-gnu.so
[2.757s] -- Up-to-date: /home/parham/Dev/ros2_foxy/science/science-gui/science_ws/install/push_button_interface/lib/python3.8/site-packages/push_button_interface/push_button_interface_s__rosidl_typesupport_connext_c.cpython-38-x86_64-linux-gnu.so
[2.758s] -- Up-to-date: /home/parham/Dev/ros2_foxy/science/science-gui/science_ws/install/push_button_interface/lib/python3.8/site-packages/push_button_interface/push_button_interface_s__rosidl_typesupport_c.cpython-38-x86_64-linux-gnu.so
[2.759s] -- Up-to-date: /home/parham/Dev/ros2_foxy/science/science-gui/science_ws/install/push_button_interface/lib/libpush_button_interface__python.so
[2.759s] -- Up-to-date: /home/parham/Dev/ros2_foxy/science/science-gui/science_ws/install/push_button_interface/share/push_button_interface/msg/PushButton.idl
[2.759s] -- Up-to-date: /home/parham/Dev/ros2_foxy/science/science-gui/science_ws/install/push_button_interface/share/push_button_interface/msg/PushButton.msg
[2.759s] -- Up-to-date: /home/parham/Dev/ros2_foxy/science/science-gui/science_ws/install/push_button_interface/share/ament_index/resource_index/package_run_dependencies/push_button_interface
[2.759s] -- Up-to-date: /home/parham/Dev/ros2_foxy/science/science-gui/science_ws/install/push_button_interface/share/ament_index/resource_index/parent_prefix_path/push_button_interface
[2.760s] -- Up-to-date: /home/parham/Dev/ros2_foxy/science/science-gui/science_ws/install/push_button_interface/share/push_button_interface/environment/ament_prefix_path.sh
[2.760s] -- Up-to-date: /home/parham/Dev/ros2_foxy/science/science-gui/science_ws/install/push_button_interface/share/push_button_interface/environment/ament_prefix_path.dsv
[2.760s] -- Up-to-date: /home/parham/Dev/ros2_foxy/science/science-gui/science_ws/install/push_button_interface/share/push_button_interface/environment/path.sh
[2.760s] -- Up-to-date: /home/parham/Dev/ros2_foxy/science/science-gui/science_ws/install/push_button_interface/share/push_button_interface/environment/path.dsv
[2.760s] -- Up-to-date: /home/parham/Dev/ros2_foxy/science/science-gui/science_ws/install/push_button_interface/share/push_button_interface/local_setup.bash
[2.760s] -- Up-to-date: /home/parham/Dev/ros2_foxy/science/science-gui/science_ws/install/push_button_interface/share/push_button_interface/local_setup.sh
[2.760s] -- Up-to-date: /home/parham/Dev/ros2_foxy/science/science-gui/science_ws/install/push_button_interface/share/push_button_interface/local_setup.zsh
[2.761s] -- Up-to-date: /home/parham/Dev/ros2_foxy/science/science-gui/science_ws/install/push_button_interface/share/push_button_interface/local_setup.dsv
[2.761s] -- Installing: /home/parham/Dev/ros2_foxy/science/science-gui/science_ws/install/push_button_interface/share/push_button_interface/package.dsv
[2.761s] -- Up-to-date: /home/parham/Dev/ros2_foxy/science/science-gui/science_ws/install/push_button_interface/share/ament_index/resource_index/packages/push_button_interface
[2.761s] -- Up-to-date: /home/parham/Dev/ros2_foxy/science/science-gui/science_ws/install/push_button_interface/share/push_button_interface/cmake/push_button_interface__rosidl_generator_cExport.cmake
[2.761s] -- Up-to-date: /home/parham/Dev/ros2_foxy/science/science-gui/science_ws/install/push_button_interface/share/push_button_interface/cmake/push_button_interface__rosidl_generator_cExport-noconfig.cmake
[2.761s] -- Up-to-date: /home/parham/Dev/ros2_foxy/science/science-gui/science_ws/install/push_button_interface/share/push_button_interface/cmake/push_button_interface__rosidl_typesupport_introspection_cExport.cmake
[2.762s] -- Up-to-date: /home/parham/Dev/ros2_foxy/science/science-gui/science_ws/install/push_button_interface/share/push_button_interface/cmake/push_button_interface__rosidl_typesupport_introspection_cExport-noconfig.cmake
[2.762s] -- Up-to-date: /home/parham/Dev/ros2_foxy/science/science-gui/science_ws/install/push_button_interface/share/push_button_interface/cmake/push_button_interface__rosidl_typesupport_cExport.cmake
[2.762s] -- Up-to-date: /home/parham/Dev/ros2_foxy/science/science-gui/science_ws/install/push_button_interface/share/push_button_interface/cmake/push_button_interface__rosidl_typesupport_cExport-noconfig.cmake
[2.762s] -- Up-to-date: /home/parham/Dev/ros2_foxy/science/science-gui/science_ws/install/push_button_interface/share/push_button_interface/cmake/push_button_interface__rosidl_generator_cppExport.cmake
[2.762s] -- Up-to-date: /home/parham/Dev/ros2_foxy/science/science-gui/science_ws/install/push_button_interface/share/push_button_interface/cmake/push_button_interface__rosidl_typesupport_introspection_cppExport.cmake
[2.762s] -- Up-to-date: /home/parham/Dev/ros2_foxy/science/science-gui/science_ws/install/push_button_interface/share/push_button_interface/cmake/push_button_interface__rosidl_typesupport_introspection_cppExport-noconfig.cmake
[2.763s] -- Up-to-date: /home/parham/Dev/ros2_foxy/science/science-gui/science_ws/install/push_button_interface/share/push_button_interface/cmake/push_button_interface__rosidl_typesupport_cppExport.cmake
[2.763s] -- Up-to-date: /home/parham/Dev/ros2_foxy/science/science-gui/science_ws/install/push_button_interface/share/push_button_interface/cmake/push_button_interface__rosidl_typesupport_cppExport-noconfig.cmake
[2.763s] -- Up-to-date: /home/parham/Dev/ros2_foxy/science/science-gui/science_ws/install/push_button_interface/share/push_button_interface/cmake/rosidl_cmake-extras.cmake
[2.763s] -- Up-to-date: /home/parham/Dev/ros2_foxy/science/science-gui/science_ws/install/push_button_interface/share/push_button_interface/cmake/ament_cmake_export_dependencies-extras.cmake
[2.763s] -- Up-to-date: /home/parham/Dev/ros2_foxy/science/science-gui/science_ws/install/push_button_interface/share/push_button_interface/cmake/ament_cmake_export_libraries-extras.cmake
[2.763s] -- Up-to-date: /home/parham/Dev/ros2_foxy/science/science-gui/science_ws/install/push_button_interface/share/push_button_interface/cmake/ament_cmake_export_targets-extras.cmake
[2.764s] -- Up-to-date: /home/parham/Dev/ros2_foxy/science/science-gui/science_ws/install/push_button_interface/share/push_button_interface/cmake/ament_cmake_export_include_directories-extras.cmake
[2.764s] -- Up-to-date: /home/parham/Dev/ros2_foxy/science/science-gui/science_ws/install/push_button_interface/share/push_button_interface/cmake/rosidl_cmake_export_typesupport_libraries-extras.cmake
[2.764s] -- Up-to-date: /home/parham/Dev/ros2_foxy/science/science-gui/science_ws/install/push_button_interface/share/push_button_interface/cmake/rosidl_cmake_export_typesupport_targets-extras.cmake
[2.764s] -- Up-to-date: /home/parham/Dev/ros2_foxy/science/science-gui/science_ws/install/push_button_interface/share/push_button_interface/cmake/push_button_interfaceConfig.cmake
[2.764s] -- Up-to-date: /home/parham/Dev/ros2_foxy/science/science-gui/science_ws/install/push_button_interface/share/push_button_interface/cmake/push_button_interfaceConfig-version.cmake
[2.764s] -- Up-to-date: /home/parham/Dev/ros2_foxy/science/science-gui/science_ws/install/push_button_interface/share/push_button_interface/package.xml
[2.768s] Invoked command in '/home/parham/Dev/ros2_foxy/science/science-gui/science_ws/build/push_button_interface' returned '0': CMAKE_PREFIX_PATH=${CMAKE_PREFIX_PATH}:/home/parham/Dev/ros2_foxy/science/science-gui/science_ws/install/push_button:/home/parham/Dev/ros2_foxy/science/science-gui/install/push_button:/home/parham/ws_moveit2/install/ros2controlcli:/opt/ros/foxy /usr/bin/cmake --install /home/parham/Dev/ros2_foxy/science/science-gui/science_ws/build/push_button_interface
