[0.296s] Invoking command in '/home/parham/Dev/ros2_foxy/science/science-gui/science_ws/build/push_button_interface': CMAKE_PREFIX_PATH=${CMAKE_PREFIX_PATH}:/home/parham/Dev/ros2_foxy/science/science-gui/science_ws/install/push_button:/home/parham/Dev/ros2_foxy/science/science-gui/install/push_button:/home/parham/ws_moveit2/install/ros2controlcli:/opt/ros/foxy /usr/bin/cmake /home/parham/Dev/ros2_foxy/science/science-gui/science_ws/src/push_button_interface -DCMAKE_INSTALL_PREFIX=/home/parham/Dev/ros2_foxy/science/science-gui/science_ws/install/push_button_interface
[0.494s] -- The C compiler identification is GNU 9.3.0
[0.577s] -- The CXX compiler identification is GNU 9.3.0
[0.590s] -- Check for working C compiler: /usr/bin/cc
[0.690s] -- Check for working C compiler: /usr/bin/cc -- works
[0.693s] -- Detecting C compiler ABI info
[0.781s] -- Detecting C compiler ABI info - done
[0.793s] -- Detecting C compile features
[0.807s] -- Detecting C compile features - done
[0.810s] -- Check for working CXX compiler: /usr/bin/c++
[0.907s] -- Check for working CXX compiler: /usr/bin/c++ -- works
[0.908s] -- Detecting CXX compiler ABI info
[1.027s] -- Detecting CXX compiler ABI info - done
[1.039s] -- Detecting CXX compile features
[1.039s] -- Detecting CXX compile features - done
[1.045s] -- Found ament_cmake: 0.9.8 (/home/parham/ros2_foxy/ros2-linux/share/ament_cmake/cmake)
[1.082s] -- Found PythonInterp: /usr/bin/python3 (found suitable version "3.8.10", minimum required is "3") 
[1.082s] -- Using PYTHON_EXECUTABLE: /usr/bin/python3
[1.409s] -- Found ament_lint_auto: 0.9.6 (/home/parham/ros2_foxy/ros2-linux/share/ament_lint_auto/cmake)
[1.530s] -- Found rosidl_default_generators: 1.0.0 (/home/parham/ros2_foxy/ros2-linux/share/rosidl_default_generators/cmake)
[1.550s] -- Using all available rosidl_typesupport_c: rosidl_typesupport_fastrtps_c;rosidl_typesupport_introspection_c;rosidl_typesupport_connext_c
[1.568s] -- Found rosidl_adapter: 1.2.0 (/home/parham/ros2_foxy/ros2-linux/share/rosidl_adapter/cmake)
[1.862s] -- Found OpenSSL: /usr/lib/x86_64-linux-gnu/libcrypto.so (found version "1.1.1f")  
[1.929s] -- Found FastRTPS: /home/parham/ros2_foxy/ros2-linux/include  
[2.055s] -- Found RTI Connext: /opt/rti.com/rti_connext_dds-5.3.1
[3.095s] -- Using all available rosidl_typesupport_cpp: rosidl_typesupport_fastrtps_cpp;rosidl_typesupport_introspection_cpp;rosidl_typesupport_connext_cpp
[3.165s] -- Found PythonInterp: /usr/bin/python3 (found version "3.8.10") 
[3.355s] CMake Error at /home/parham/ros2_foxy/ros2-linux/share/rosidl_adapter/cmake/rosidl_adapt_interfaces.cmake:60 (message):
[3.355s]   execute_process(/usr/bin/python3 -m rosidl_adapter --package-name
[3.355s]   push_button_interface --arguments-file
[3.355s]   /home/parham/Dev/ros2_foxy/science/science-gui/science_ws/build/push_button_interface/rosidl_adapter__arguments__push_button_interface.json
[3.355s]   --output-dir
[3.356s]   /home/parham/Dev/ros2_foxy/science/science-gui/science_ws/build/push_button_interface/rosidl_adapter/push_button_interface
[3.356s]   --output-file
[3.356s]   /home/parham/Dev/ros2_foxy/science/science-gui/science_ws/build/push_button_interface/rosidl_adapter/push_button_interface.idls)
[3.356s]   returned error code 1:
[3.356s] 
[3.356s]   Error processing 'int platform_height' of
[3.356s]   'push_button_interface/PushButton': ''int' is an invalid message name.  It
[3.356s]   should have the pattern '^[A-Z][A-Za-z0-9]*$''
[3.356s] 
[3.356s]   /usr/lib/python3/dist-packages/requests/__init__.py:89:
[3.356s]   RequestsDependencyWarning: urllib3 (1.26.7) or chardet (3.0.4) doesn't
[3.356s]   match a supported version!
[3.356s] 
[3.356s]     warnings.warn("urllib3 ({}) or chardet ({}) doesn't match a supported "
[3.356s] 
[3.356s]   Traceback (most recent call last):
[3.356s] 
[3.357s]     File "/usr/lib/python3.8/runpy.py", line 194, in _run_module_as_main
[3.357s]       return _run_code(code, main_globals, None,
[3.357s]     File "/usr/lib/python3.8/runpy.py", line 87, in _run_code
[3.357s]       exec(code, run_globals)
[3.357s]     File "/opt/ros/foxy/lib/python3.8/site-packages/rosidl_adapter/__main__.py", line 19, in <module>
[3.357s]       sys.exit(main())
[3.357s]     File "/opt/ros/foxy/lib/python3.8/site-packages/rosidl_adapter/main.py", line 53, in main
[3.357s]       abs_idl_file = convert_to_idl(
[3.357s]     File "/opt/ros/foxy/lib/python3.8/site-packages/rosidl_adapter/__init__.py", line 19, in convert_to_idl
[3.357s]       return convert_msg_to_idl(
[3.357s]     File "/opt/ros/foxy/lib/python3.8/site-packages/rosidl_adapter/msg/__init__.py", line 28, in convert_msg_to_idl
[3.357s]       msg = parse_message_string(package_name, input_file.stem, content)
[3.357s]     File "/opt/ros/foxy/lib/python3.8/site-packages/rosidl_adapter/parser.py", line 516, in parse_message_string
[3.357s]       Type(type_string, context_package_name=pkg_name),
[3.357s]     File "/opt/ros/foxy/lib/python3.8/site-packages/rosidl_adapter/parser.py", line 276, in __init__
[3.357s]       super(Type, self).__init__(
[3.358s]     File "/opt/ros/foxy/lib/python3.8/site-packages/rosidl_adapter/parser.py", line 204, in __init__
[3.358s]       raise InvalidResourceName(
[3.358s] 
[3.358s]   rosidl_adapter.parser.InvalidResourceName: 'int' is an invalid message
[3.358s]   name.  It should have the pattern '^[A-Z][A-Za-z0-9]*$'
[3.358s] 
[3.358s] Call Stack (most recent call first):
[3.358s]   /home/parham/ros2_foxy/ros2-linux/share/rosidl_cmake/cmake/rosidl_generate_interfaces.cmake:130 (rosidl_adapt_interfaces)
[3.358s]   CMakeLists.txt:37 (rosidl_generate_interfaces)
[3.358s] 
[3.358s] 
[3.358s] -- Configuring incomplete, errors occurred!
[3.358s] See also "/home/parham/Dev/ros2_foxy/science/science-gui/science_ws/build/push_button_interface/CMakeFiles/CMakeOutput.log".
[3.364s] Invoked command in '/home/parham/Dev/ros2_foxy/science/science-gui/science_ws/build/push_button_interface' returned '1': CMAKE_PREFIX_PATH=${CMAKE_PREFIX_PATH}:/home/parham/Dev/ros2_foxy/science/science-gui/science_ws/install/push_button:/home/parham/Dev/ros2_foxy/science/science-gui/install/push_button:/home/parham/ws_moveit2/install/ros2controlcli:/opt/ros/foxy /usr/bin/cmake /home/parham/Dev/ros2_foxy/science/science-gui/science_ws/src/push_button_interface -DCMAKE_INSTALL_PREFIX=/home/parham/Dev/ros2_foxy/science/science-gui/science_ws/install/push_button_interface
