[0.421s] Invoking command in '/home/parham/Dev/ros2_foxy/science/science-gui/science_ws/build/push_button_interface': CMAKE_PREFIX_PATH=${CMAKE_PREFIX_PATH}:/home/parham/Dev/ros2_foxy/science/science-gui/science_ws/install/push_button:/home/parham/Dev/ros2_foxy/science/science-gui/install/push_button:/home/parham/ws_moveit2/install/ros2controlcli:/opt/ros/foxy /usr/bin/cmake --build /home/parham/Dev/ros2_foxy/science/science-gui/science_ws/build/push_button_interface -- -j4 -l4
[0.528s] [  2%] Built target push_button_interface__cpp
[0.529s] [  8%] Built target push_button_interface__rosidl_generator_c
[0.530s] [ 10%] Built target push_button_interface__dds_connext_idl
[0.586s] [ 16%] Built target push_button_interface__rosidl_typesupport_introspection_c
[0.593s] [ 22%] Built target push_button_interface__rosidl_typesupport_cpp
[0.601s] [ 28%] Built target push_button_interface__rosidl_typesupport_c
[0.621s] [ 34%] Built target push_button_interface__rosidl_typesupport_introspection_cpp
[0.650s] [ 48%] Built target push_button_interface__rosidl_typesupport_connext_cpp
[0.652s] [ 55%] Built target push_button_interface__rosidl_typesupport_fastrtps_cpp
[0.704s] [ 61%] Built target push_button_interface__rosidl_typesupport_fastrtps_c
[0.715s] [ 77%] Built target push_button_interface__rosidl_typesupport_connext_c
[0.748s] [ 77%] Built target push_button_interface
[0.780s] [ 79%] Built target push_button_interface__py
[0.822s] [ 83%] Built target push_button_interface__python
[0.887s] [ 87%] Built target push_button_interface__rosidl_typesupport_connext_c__pyext
[0.892s] [ 91%] Built target push_button_interface__rosidl_typesupport_fastrtps_c__pyext
[0.906s] [ 95%] Built target push_button_interface__rosidl_typesupport_c__pyext
[0.908s] [100%] Built target push_button_interface__rosidl_typesupport_introspection_c__pyext
[0.929s] Invoked command in '/home/parham/Dev/ros2_foxy/science/science-gui/science_ws/build/push_button_interface' returned '0': CMAKE_PREFIX_PATH=${CMAKE_PREFIX_PATH}:/home/parham/Dev/ros2_foxy/science/science-gui/science_ws/install/push_button:/home/parham/Dev/ros2_foxy/science/science-gui/install/push_button:/home/parham/ws_moveit2/install/ros2controlcli:/opt/ros/foxy /usr/bin/cmake --build /home/parham/Dev/ros2_foxy/science/science-gui/science_ws/build/push_button_interface -- -j4 -l4
[1.075s] Invoking command in '/home/parham/Dev/ros2_foxy/science/science-gui/science_ws/build/push_button_interface': CMAKE_PREFIX_PATH=${CMAKE_PREFIX_PATH}:/home/parham/Dev/ros2_foxy/science/science-gui/science_ws/install/push_button:/home/parham/Dev/ros2_foxy/science/science-gui/install/push_button:/home/parham/ws_moveit2/install/ros2controlcli:/opt/ros/foxy /usr/bin/cmake --install /home/parham/Dev/ros2_foxy/science/science-gui/science_ws/build/push_button_interface
[1.090s] -- Install configuration: ""
[1.091s] -- Up-to-date: /home/parham/Dev/ros2_foxy/science/science-gui/science_ws/install/push_button_interface/share/ament_index/resource_index/rosidl_interfaces/push_button_interface
[1.091s] -- Up-to-date: /home/parham/Dev/ros2_foxy/science/science-gui/science_ws/install/push_button_interface/include/push_button_interface
[1.091s] -- Up-to-date: /home/parham/Dev/ros2_foxy/science/science-gui/science_ws/install/push_button_interface/include/push_button_interface/msg
[1.091s] -- Up-to-date: /home/parham/Dev/ros2_foxy/science/science-gui/science_ws/install/push_button_interface/include/push_button_interface/msg/push_button.h
[1.092s] -- Up-to-date: /home/parham/Dev/ros2_foxy/science/science-gui/science_ws/install/push_button_interface/include/push_button_interface/msg/rosidl_generator_c__visibility_control.h
[1.092s] -- Up-to-date: /home/parham/Dev/ros2_foxy/science/science-gui/science_ws/install/push_button_interface/include/push_button_interface/msg/detail
[1.092s] -- Up-to-date: /home/parham/Dev/ros2_foxy/science/science-gui/science_ws/install/push_button_interface/include/push_button_interface/msg/detail/push_button__functions.h
[1.092s] -- Up-to-date: /home/parham/Dev/ros2_foxy/science/science-gui/science_ws/install/push_button_interface/include/push_button_interface/msg/detail/push_button__functions.c
[1.092s] -- Up-to-date: /home/parham/Dev/ros2_foxy/science/science-gui/science_ws/install/push_button_interface/include/push_button_interface/msg/detail/push_button__type_support.h
[1.092s] -- Up-to-date: /home/parham/Dev/ros2_foxy/science/science-gui/science_ws/install/push_button_interface/include/push_button_interface/msg/detail/push_button__struct.h
[1.092s] -- Up-to-date: /home/parham/Dev/ros2_foxy/science/science-gui/science_ws/install/push_button_interface/share/push_button_interface/environment/library_path.sh
[1.092s] -- Up-to-date: /home/parham/Dev/ros2_foxy/science/science-gui/science_ws/install/push_button_interface/share/push_button_interface/environment/library_path.dsv
[1.092s] -- Up-to-date: /home/parham/Dev/ros2_foxy/science/science-gui/science_ws/install/push_button_interface/lib/libpush_button_interface__rosidl_generator_c.so
[1.092s] -- Up-to-date: /home/parham/Dev/ros2_foxy/science/science-gui/science_ws/install/push_button_interface/include/push_button_interface
[1.092s] -- Up-to-date: /home/parham/Dev/ros2_foxy/science/science-gui/science_ws/install/push_button_interface/include/push_button_interface/msg
[1.092s] -- Up-to-date: /home/parham/Dev/ros2_foxy/science/science-gui/science_ws/install/push_button_interface/include/push_button_interface/msg/rosidl_typesupport_fastrtps_c__visibility_control.h
[1.092s] -- Up-to-date: /home/parham/Dev/ros2_foxy/science/science-gui/science_ws/install/push_button_interface/include/push_button_interface/msg/detail
[1.092s] -- Up-to-date: /home/parham/Dev/ros2_foxy/science/science-gui/science_ws/install/push_button_interface/include/push_button_interface/msg/detail/push_button__rosidl_typesupport_fastrtps_c.h
[1.092s] -- Up-to-date: /home/parham/Dev/ros2_foxy/science/science-gui/science_ws/install/push_button_interface/lib/libpush_button_interface__rosidl_typesupport_fastrtps_c.so
[1.093s] -- Up-to-date: /home/parham/Dev/ros2_foxy/science/science-gui/science_ws/install/push_button_interface/include/push_button_interface
[1.093s] -- Up-to-date: /home/parham/Dev/ros2_foxy/science/science-gui/science_ws/install/push_button_interface/include/push_button_interface/msg
[1.093s] -- Up-to-date: /home/parham/Dev/ros2_foxy/science/science-gui/science_ws/install/push_button_interface/include/push_button_interface/msg/rosidl_typesupport_fastrtps_cpp__visibility_control.h
[1.093s] -- Up-to-date: /home/parham/Dev/ros2_foxy/science/science-gui/science_ws/install/push_button_interface/include/push_button_interface/msg/detail
[1.093s] -- Up-to-date: /home/parham/Dev/ros2_foxy/science/science-gui/science_ws/install/push_button_interface/include/push_button_interface/msg/detail/push_button__rosidl_typesupport_fastrtps_cpp.hpp
[1.093s] -- Up-to-date: /home/parham/Dev/ros2_foxy/science/science-gui/science_ws/install/push_button_interface/include/push_button_interface/msg/detail/dds_fastrtps
[1.093s] -- Up-to-date: /home/parham/Dev/ros2_foxy/science/science-gui/science_ws/install/push_button_interface/lib/libpush_button_interface__rosidl_typesupport_fastrtps_cpp.so
[1.093s] -- Up-to-date: /home/parham/Dev/ros2_foxy/science/science-gui/science_ws/install/push_button_interface/include/push_button_interface
[1.093s] -- Up-to-date: /home/parham/Dev/ros2_foxy/science/science-gui/science_ws/install/push_button_interface/include/push_button_interface/msg
[1.093s] -- Up-to-date: /home/parham/Dev/ros2_foxy/science/science-gui/science_ws/install/push_button_interface/include/push_button_interface/msg/rosidl_typesupport_introspection_c__visibility_control.h
[1.093s] -- Up-to-date: /home/parham/Dev/ros2_foxy/science/science-gui/science_ws/install/push_button_interface/include/push_button_interface/msg/detail
[1.094s] -- Up-to-date: /home/parham/Dev/ros2_foxy/science/science-gui/science_ws/install/push_button_interface/include/push_button_interface/msg/detail/push_button__rosidl_typesupport_introspection_c.h
[1.094s] -- Up-to-date: /home/parham/Dev/ros2_foxy/science/science-gui/science_ws/install/push_button_interface/include/push_button_interface/msg/detail/push_button__type_support.c
[1.094s] -- Up-to-date: /home/parham/Dev/ros2_foxy/science/science-gui/science_ws/install/push_button_interface/lib/libpush_button_interface__rosidl_typesupport_introspection_c.so
[1.094s] -- Up-to-date: /home/parham/Dev/ros2_foxy/science/science-gui/science_ws/install/push_button_interface/include/push_button_interface
[1.094s] -- Up-to-date: /home/parham/Dev/ros2_foxy/science/science-gui/science_ws/install/push_button_interface/include/push_button_interface/msg
[1.094s] -- Up-to-date: /home/parham/Dev/ros2_foxy/science/science-gui/science_ws/install/push_button_interface/include/push_button_interface/msg/push_button__rosidl_typesupport_connext_c.h
[1.094s] -- Up-to-date: /home/parham/Dev/ros2_foxy/science/science-gui/science_ws/install/push_button_interface/include/push_button_interface/msg/rosidl_typesupport_connext_c__visibility_control.h
[1.094s] -- Up-to-date: /home/parham/Dev/ros2_foxy/science/science-gui/science_ws/install/push_button_interface/include/push_button_interface/msg/dds_connext
[1.094s] -- Up-to-date: /home/parham/Dev/ros2_foxy/science/science-gui/science_ws/install/push_button_interface/lib/libpush_button_interface__rosidl_typesupport_connext_c.so
[1.094s] -- Up-to-date: /home/parham/Dev/ros2_foxy/science/science-gui/science_ws/install/push_button_interface/share/push_button_interface/msg/dds_connext
[1.095s] -- Up-to-date: /home/parham/Dev/ros2_foxy/science/science-gui/science_ws/install/push_button_interface/share/push_button_interface/msg/dds_connext/PushButton_.idl
[1.095s] -- Up-to-date: /home/parham/Dev/ros2_foxy/science/science-gui/science_ws/install/push_button_interface/include/push_button_interface
[1.095s] -- Up-to-date: /home/parham/Dev/ros2_foxy/science/science-gui/science_ws/install/push_button_interface/include/push_button_interface/msg
[1.095s] -- Up-to-date: /home/parham/Dev/ros2_foxy/science/science-gui/science_ws/install/push_button_interface/include/push_button_interface/msg/rosidl_typesupport_connext_cpp__visibility_control.h
[1.095s] -- Up-to-date: /home/parham/Dev/ros2_foxy/science/science-gui/science_ws/install/push_button_interface/include/push_button_interface/msg/dds_connext
[1.095s] -- Up-to-date: /home/parham/Dev/ros2_foxy/science/science-gui/science_ws/install/push_button_interface/include/push_button_interface/msg/dds_connext/PushButton_Plugin.cxx
[1.095s] -- Up-to-date: /home/parham/Dev/ros2_foxy/science/science-gui/science_ws/install/push_button_interface/include/push_button_interface/msg/dds_connext/PushButton_Support.h
[1.095s] -- Up-to-date: /home/parham/Dev/ros2_foxy/science/science-gui/science_ws/install/push_button_interface/include/push_button_interface/msg/dds_connext/PushButton_Plugin.h
[1.095s] -- Up-to-date: /home/parham/Dev/ros2_foxy/science/science-gui/science_ws/install/push_button_interface/include/push_button_interface/msg/dds_connext/PushButton_Support.cxx
[1.096s] -- Up-to-date: /home/parham/Dev/ros2_foxy/science/science-gui/science_ws/install/push_button_interface/include/push_button_interface/msg/dds_connext/PushButton_.cxx
[1.096s] -- Up-to-date: /home/parham/Dev/ros2_foxy/science/science-gui/science_ws/install/push_button_interface/include/push_button_interface/msg/dds_connext/PushButton_.h
[1.096s] -- Up-to-date: /home/parham/Dev/ros2_foxy/science/science-gui/science_ws/install/push_button_interface/include/push_button_interface/msg/push_button__rosidl_typesupport_connext_cpp.hpp
[1.096s] -- Up-to-date: /home/parham/Dev/ros2_foxy/science/science-gui/science_ws/install/push_button_interface/lib/libpush_button_interface__rosidl_typesupport_connext_cpp.so
[1.096s] -- Up-to-date: /home/parham/Dev/ros2_foxy/science/science-gui/science_ws/install/push_button_interface/lib/libpush_button_interface__rosidl_typesupport_c.so
[1.096s] -- Up-to-date: /home/parham/Dev/ros2_foxy/science/science-gui/science_ws/install/push_button_interface/include/push_button_interface
[1.097s] -- Up-to-date: /home/parham/Dev/ros2_foxy/science/science-gui/science_ws/install/push_button_interface/include/push_button_interface/msg
[1.097s] -- Up-to-date: /home/parham/Dev/ros2_foxy/science/science-gui/science_ws/install/push_button_interface/include/push_button_interface/msg/push_button.hpp
[1.097s] -- Up-to-date: /home/parham/Dev/ros2_foxy/science/science-gui/science_ws/install/push_button_interface/include/push_button_interface/msg/detail
[1.097s] -- Up-to-date: /home/parham/Dev/ros2_foxy/science/science-gui/science_ws/install/push_button_interface/include/push_button_interface/msg/detail/push_button__traits.hpp
[1.097s] -- Up-to-date: /home/parham/Dev/ros2_foxy/science/science-gui/science_ws/install/push_button_interface/include/push_button_interface/msg/detail/push_button__builder.hpp
[1.097s] -- Up-to-date: /home/parham/Dev/ros2_foxy/science/science-gui/science_ws/install/push_button_interface/include/push_button_interface/msg/detail/push_button__struct.hpp
[1.097s] -- Up-to-date: /home/parham/Dev/ros2_foxy/science/science-gui/science_ws/install/push_button_interface/include/push_button_interface
[1.097s] -- Up-to-date: /home/parham/Dev/ros2_foxy/science/science-gui/science_ws/install/push_button_interface/include/push_button_interface/msg
[1.097s] -- Up-to-date: /home/parham/Dev/ros2_foxy/science/science-gui/science_ws/install/push_button_interface/include/push_button_interface/msg/detail
[1.097s] -- Up-to-date: /home/parham/Dev/ros2_foxy/science/science-gui/science_ws/install/push_button_interface/include/push_button_interface/msg/detail/push_button__rosidl_typesupport_introspection_cpp.hpp
[1.097s] -- Up-to-date: /home/parham/Dev/ros2_foxy/science/science-gui/science_ws/install/push_button_interface/include/push_button_interface/msg/detail/push_button__type_support.cpp
[1.097s] -- Up-to-date: /home/parham/Dev/ros2_foxy/science/science-gui/science_ws/install/push_button_interface/lib/libpush_button_interface__rosidl_typesupport_introspection_cpp.so
[1.098s] -- Up-to-date: /home/parham/Dev/ros2_foxy/science/science-gui/science_ws/install/push_button_interface/lib/libpush_button_interface__rosidl_typesupport_cpp.so
[1.099s] -- Up-to-date: /home/parham/Dev/ros2_foxy/science/science-gui/science_ws/install/push_button_interface/share/push_button_interface/environment/pythonpath.sh
[1.099s] -- Up-to-date: /home/parham/Dev/ros2_foxy/science/science-gui/science_ws/install/push_button_interface/share/push_button_interface/environment/pythonpath.dsv
[1.099s] -- Up-to-date: /home/parham/Dev/ros2_foxy/science/science-gui/science_ws/install/push_button_interface/lib/python3.8/site-packages/push_button_interface/__init__.py
[1.138s] -- Up-to-date: /home/parham/Dev/ros2_foxy/science/science-gui/science_ws/install/push_button_interface/lib/python3.8/site-packages/push_button_interface/msg
[1.138s] -- Up-to-date: /home/parham/Dev/ros2_foxy/science/science-gui/science_ws/install/push_button_interface/lib/python3.8/site-packages/push_button_interface/msg/_push_button.py
[1.138s] -- Up-to-date: /home/parham/Dev/ros2_foxy/science/science-gui/science_ws/install/push_button_interface/lib/python3.8/site-packages/push_button_interface/msg/__init__.py
[1.138s] -- Up-to-date: /home/parham/Dev/ros2_foxy/science/science-gui/science_ws/install/push_button_interface/lib/python3.8/site-packages/push_button_interface/msg/_push_button_s.c
[1.138s] -- Up-to-date: /home/parham/Dev/ros2_foxy/science/science-gui/science_ws/install/push_button_interface/lib/python3.8/site-packages/push_button_interface/push_button_interface_s__rosidl_typesupport_fastrtps_c.cpython-38-x86_64-linux-gnu.so
[1.139s] -- Up-to-date: /home/parham/Dev/ros2_foxy/science/science-gui/science_ws/install/push_button_interface/lib/python3.8/site-packages/push_button_interface/push_button_interface_s__rosidl_typesupport_introspection_c.cpython-38-x86_64-linux-gnu.so
[1.140s] -- Up-to-date: /home/parham/Dev/ros2_foxy/science/science-gui/science_ws/install/push_button_interface/lib/python3.8/site-packages/push_button_interface/push_button_interface_s__rosidl_typesupport_connext_c.cpython-38-x86_64-linux-gnu.so
[1.141s] -- Up-to-date: /home/parham/Dev/ros2_foxy/science/science-gui/science_ws/install/push_button_interface/lib/python3.8/site-packages/push_button_interface/push_button_interface_s__rosidl_typesupport_c.cpython-38-x86_64-linux-gnu.so
[1.141s] -- Up-to-date: /home/parham/Dev/ros2_foxy/science/science-gui/science_ws/install/push_button_interface/lib/libpush_button_interface__python.so
[1.142s] -- Up-to-date: /home/parham/Dev/ros2_foxy/science/science-gui/science_ws/install/push_button_interface/share/push_button_interface/msg/PushButton.idl
[1.142s] -- Up-to-date: /home/parham/Dev/ros2_foxy/science/science-gui/science_ws/install/push_button_interface/share/push_button_interface/msg/PushButton.msg
[1.142s] -- Up-to-date: /home/parham/Dev/ros2_foxy/science/science-gui/science_ws/install/push_button_interface/share/ament_index/resource_index/package_run_dependencies/push_button_interface
[1.142s] -- Up-to-date: /home/parham/Dev/ros2_foxy/science/science-gui/science_ws/install/push_button_interface/share/ament_index/resource_index/parent_prefix_path/push_button_interface
[1.142s] -- Up-to-date: /home/parham/Dev/ros2_foxy/science/science-gui/science_ws/install/push_button_interface/share/push_button_interface/environment/ament_prefix_path.sh
[1.142s] -- Up-to-date: /home/parham/Dev/ros2_foxy/science/science-gui/science_ws/install/push_button_interface/share/push_button_interface/environment/ament_prefix_path.dsv
[1.142s] -- Up-to-date: /home/parham/Dev/ros2_foxy/science/science-gui/science_ws/install/push_button_interface/share/push_button_interface/environment/path.sh
[1.142s] -- Up-to-date: /home/parham/Dev/ros2_foxy/science/science-gui/science_ws/install/push_button_interface/share/push_button_interface/environment/path.dsv
[1.142s] -- Up-to-date: /home/parham/Dev/ros2_foxy/science/science-gui/science_ws/install/push_button_interface/share/push_button_interface/local_setup.bash
[1.142s] -- Up-to-date: /home/parham/Dev/ros2_foxy/science/science-gui/science_ws/install/push_button_interface/share/push_button_interface/local_setup.sh
[1.142s] -- Up-to-date: /home/parham/Dev/ros2_foxy/science/science-gui/science_ws/install/push_button_interface/share/push_button_interface/local_setup.zsh
[1.143s] -- Up-to-date: /home/parham/Dev/ros2_foxy/science/science-gui/science_ws/install/push_button_interface/share/push_button_interface/local_setup.dsv
[1.143s] -- Installing: /home/parham/Dev/ros2_foxy/science/science-gui/science_ws/install/push_button_interface/share/push_button_interface/package.dsv
[1.143s] -- Up-to-date: /home/parham/Dev/ros2_foxy/science/science-gui/science_ws/install/push_button_interface/share/ament_index/resource_index/packages/push_button_interface
[1.143s] -- Up-to-date: /home/parham/Dev/ros2_foxy/science/science-gui/science_ws/install/push_button_interface/share/push_button_interface/cmake/push_button_interface__rosidl_generator_cExport.cmake
[1.143s] -- Up-to-date: /home/parham/Dev/ros2_foxy/science/science-gui/science_ws/install/push_button_interface/share/push_button_interface/cmake/push_button_interface__rosidl_generator_cExport-noconfig.cmake
[1.143s] -- Up-to-date: /home/parham/Dev/ros2_foxy/science/science-gui/science_ws/install/push_button_interface/share/push_button_interface/cmake/push_button_interface__rosidl_typesupport_introspection_cExport.cmake
[1.143s] -- Up-to-date: /home/parham/Dev/ros2_foxy/science/science-gui/science_ws/install/push_button_interface/share/push_button_interface/cmake/push_button_interface__rosidl_typesupport_introspection_cExport-noconfig.cmake
[1.143s] -- Up-to-date: /home/parham/Dev/ros2_foxy/science/science-gui/science_ws/install/push_button_interface/share/push_button_interface/cmake/push_button_interface__rosidl_typesupport_cExport.cmake
[1.143s] -- Up-to-date: /home/parham/Dev/ros2_foxy/science/science-gui/science_ws/install/push_button_interface/share/push_button_interface/cmake/push_button_interface__rosidl_typesupport_cExport-noconfig.cmake
[1.143s] -- Up-to-date: /home/parham/Dev/ros2_foxy/science/science-gui/science_ws/install/push_button_interface/share/push_button_interface/cmake/push_button_interface__rosidl_generator_cppExport.cmake
[1.144s] -- Up-to-date: /home/parham/Dev/ros2_foxy/science/science-gui/science_ws/install/push_button_interface/share/push_button_interface/cmake/push_button_interface__rosidl_typesupport_introspection_cppExport.cmake
[1.144s] -- Up-to-date: /home/parham/Dev/ros2_foxy/science/science-gui/science_ws/install/push_button_interface/share/push_button_interface/cmake/push_button_interface__rosidl_typesupport_introspection_cppExport-noconfig.cmake
[1.144s] -- Up-to-date: /home/parham/Dev/ros2_foxy/science/science-gui/science_ws/install/push_button_interface/share/push_button_interface/cmake/push_button_interface__rosidl_typesupport_cppExport.cmake
[1.144s] -- Up-to-date: /home/parham/Dev/ros2_foxy/science/science-gui/science_ws/install/push_button_interface/share/push_button_interface/cmake/push_button_interface__rosidl_typesupport_cppExport-noconfig.cmake
[1.144s] -- Up-to-date: /home/parham/Dev/ros2_foxy/science/science-gui/science_ws/install/push_button_interface/share/push_button_interface/cmake/rosidl_cmake-extras.cmake
[1.144s] -- Up-to-date: /home/parham/Dev/ros2_foxy/science/science-gui/science_ws/install/push_button_interface/share/push_button_interface/cmake/ament_cmake_export_dependencies-extras.cmake
[1.144s] -- Up-to-date: /home/parham/Dev/ros2_foxy/science/science-gui/science_ws/install/push_button_interface/share/push_button_interface/cmake/ament_cmake_export_libraries-extras.cmake
[1.144s] -- Up-to-date: /home/parham/Dev/ros2_foxy/science/science-gui/science_ws/install/push_button_interface/share/push_button_interface/cmake/ament_cmake_export_targets-extras.cmake
[1.144s] -- Up-to-date: /home/parham/Dev/ros2_foxy/science/science-gui/science_ws/install/push_button_interface/share/push_button_interface/cmake/ament_cmake_export_include_directories-extras.cmake
[1.144s] -- Up-to-date: /home/parham/Dev/ros2_foxy/science/science-gui/science_ws/install/push_button_interface/share/push_button_interface/cmake/rosidl_cmake_export_typesupport_libraries-extras.cmake
[1.145s] -- Up-to-date: /home/parham/Dev/ros2_foxy/science/science-gui/science_ws/install/push_button_interface/share/push_button_interface/cmake/rosidl_cmake_export_typesupport_targets-extras.cmake
[1.145s] -- Up-to-date: /home/parham/Dev/ros2_foxy/science/science-gui/science_ws/install/push_button_interface/share/push_button_interface/cmake/push_button_interfaceConfig.cmake
[1.145s] -- Up-to-date: /home/parham/Dev/ros2_foxy/science/science-gui/science_ws/install/push_button_interface/share/push_button_interface/cmake/push_button_interfaceConfig-version.cmake
[1.145s] -- Up-to-date: /home/parham/Dev/ros2_foxy/science/science-gui/science_ws/install/push_button_interface/share/push_button_interface/package.xml
[1.148s] Invoked command in '/home/parham/Dev/ros2_foxy/science/science-gui/science_ws/build/push_button_interface' returned '0': CMAKE_PREFIX_PATH=${CMAKE_PREFIX_PATH}:/home/parham/Dev/ros2_foxy/science/science-gui/science_ws/install/push_button:/home/parham/Dev/ros2_foxy/science/science-gui/install/push_button:/home/parham/ws_moveit2/install/ros2controlcli:/opt/ros/foxy /usr/bin/cmake --install /home/parham/Dev/ros2_foxy/science/science-gui/science_ws/build/push_button_interface
