[2.872s] DEBUG:colcon:Command line arguments: ['/usr/bin/colcon', 'build']
[2.872s] DEBUG:colcon:Parsed command line arguments: Namespace(ament_cmake_args=None, base_paths=['.'], build_base='build', catkin_cmake_args=None, catkin_skip_building_tests=False, cmake_args=None, cmake_clean_cache=False, cmake_clean_first=False, cmake_force_configure=False, cmake_target=None, cmake_target_skip_unavailable=False, continue_on_error=False, event_handlers=None, executor='parallel', ignore_user_meta=False, install_base='install', log_base=None, log_level=None, main=<bound method BuildVerb.main of <colcon_core.verb.build.BuildVerb object at 0x7fe81f5f3640>>, merge_install=False, metas=['./colcon.meta'], packages_above=None, packages_above_and_dependencies=None, packages_above_depth=None, packages_end=None, packages_ignore=None, packages_ignore_regex=None, packages_select=None, packages_select_build_failed=False, packages_select_by_dep=None, packages_select_regex=None, packages_select_test_failures=False, packages_skip=None, packages_skip_build_finished=False, packages_skip_by_dep=None, packages_skip_regex=None, packages_skip_test_passed=False, packages_skip_up_to=None, packages_start=None, packages_up_to=None, packages_up_to_regex=None, parallel_workers=4, paths=None, symlink_install=False, test_result_base=None, verb_extension=<colcon_core.verb.build.BuildVerb object at 0x7fe81f5f3640>, verb_name='build', verb_parser=<colcon_defaults.argument_parser.defaults.DefaultArgumentsDecorator object at 0x7fe81f5f3b80>)
[2.899s] Level 1:colcon.colcon_core.package_discovery:discover_packages(colcon_meta) check parameters
[2.899s] Level 1:colcon.colcon_core.package_discovery:discover_packages(recursive) check parameters
[2.900s] Level 1:colcon.colcon_core.package_discovery:discover_packages(ignore) check parameters
[2.900s] Level 1:colcon.colcon_core.package_discovery:discover_packages(path) check parameters
[2.900s] Level 1:colcon.colcon_core.package_discovery:discover_packages(colcon_meta) discover
[2.900s] Level 1:colcon.colcon_core.package_discovery:discover_packages(recursive) discover
[2.900s] INFO:colcon.colcon_core.package_discovery:Crawling recursively for packages in '/home/parham/Dev/ros2_foxy/science/science-gui/science_ws'
[2.901s] Level 1:colcon.colcon_core.package_identification:_identify(.) by extensions ['ignore', 'ignore_ament_install']
[2.901s] Level 1:colcon.colcon_core.package_identification:_identify(.) by extension 'ignore'
[2.901s] Level 1:colcon.colcon_core.package_identification:_identify(.) by extension 'ignore_ament_install'
[2.902s] Level 1:colcon.colcon_core.package_identification:_identify(.) by extensions ['colcon_pkg']
[2.902s] Level 1:colcon.colcon_core.package_identification:_identify(.) by extension 'colcon_pkg'
[2.902s] Level 1:colcon.colcon_core.package_identification:_identify(.) by extensions ['colcon_meta']
[2.902s] Level 1:colcon.colcon_core.package_identification:_identify(.) by extension 'colcon_meta'
[2.902s] Level 1:colcon.colcon_core.package_identification:_identify(.) by extensions ['ros']
[2.903s] Level 1:colcon.colcon_core.package_identification:_identify(.) by extension 'ros'
[2.973s] Level 1:colcon.colcon_core.package_identification:_identify(.) by extensions ['cmake', 'python']
[2.973s] Level 1:colcon.colcon_core.package_identification:_identify(.) by extension 'cmake'
[2.974s] Level 1:colcon.colcon_core.package_identification:_identify(.) by extension 'python'
[2.974s] Level 1:colcon.colcon_core.package_identification:_identify(.) by extensions ['python_setup_py']
[2.974s] Level 1:colcon.colcon_core.package_identification:_identify(.) by extension 'python_setup_py'
[2.974s] Level 1:colcon.colcon_core.package_identification:_identify(build) by extensions ['ignore', 'ignore_ament_install']
[2.974s] Level 1:colcon.colcon_core.package_identification:_identify(build) by extension 'ignore'
[2.974s] Level 1:colcon.colcon_core.package_identification:_identify(build) ignored
[2.975s] Level 1:colcon.colcon_core.package_identification:_identify(install) by extensions ['ignore', 'ignore_ament_install']
[2.975s] Level 1:colcon.colcon_core.package_identification:_identify(install) by extension 'ignore'
[2.975s] Level 1:colcon.colcon_core.package_identification:_identify(install) ignored
[2.975s] Level 1:colcon.colcon_core.package_identification:_identify(log) by extensions ['ignore', 'ignore_ament_install']
[2.975s] Level 1:colcon.colcon_core.package_identification:_identify(log) by extension 'ignore'
[2.975s] Level 1:colcon.colcon_core.package_identification:_identify(log) ignored
[2.976s] Level 1:colcon.colcon_core.package_identification:_identify(src) by extensions ['ignore', 'ignore_ament_install']
[2.976s] Level 1:colcon.colcon_core.package_identification:_identify(src) by extension 'ignore'
[2.976s] Level 1:colcon.colcon_core.package_identification:_identify(src) by extension 'ignore_ament_install'
[2.976s] Level 1:colcon.colcon_core.package_identification:_identify(src) by extensions ['colcon_pkg']
[2.976s] Level 1:colcon.colcon_core.package_identification:_identify(src) by extension 'colcon_pkg'
[2.977s] Level 1:colcon.colcon_core.package_identification:_identify(src) by extensions ['colcon_meta']
[2.977s] Level 1:colcon.colcon_core.package_identification:_identify(src) by extension 'colcon_meta'
[2.977s] Level 1:colcon.colcon_core.package_identification:_identify(src) by extensions ['ros']
[2.977s] Level 1:colcon.colcon_core.package_identification:_identify(src) by extension 'ros'
[2.977s] Level 1:colcon.colcon_core.package_identification:_identify(src) by extensions ['cmake', 'python']
[2.977s] Level 1:colcon.colcon_core.package_identification:_identify(src) by extension 'cmake'
[2.977s] Level 1:colcon.colcon_core.package_identification:_identify(src) by extension 'python'
[2.977s] Level 1:colcon.colcon_core.package_identification:_identify(src) by extensions ['python_setup_py']
[2.978s] Level 1:colcon.colcon_core.package_identification:_identify(src) by extension 'python_setup_py'
[2.978s] Level 1:colcon.colcon_core.package_identification:_identify(src/push_button) by extensions ['ignore', 'ignore_ament_install']
[2.978s] Level 1:colcon.colcon_core.package_identification:_identify(src/push_button) by extension 'ignore'
[2.978s] Level 1:colcon.colcon_core.package_identification:_identify(src/push_button) by extension 'ignore_ament_install'
[2.978s] Level 1:colcon.colcon_core.package_identification:_identify(src/push_button) by extensions ['colcon_pkg']
[2.978s] Level 1:colcon.colcon_core.package_identification:_identify(src/push_button) by extension 'colcon_pkg'
[2.978s] Level 1:colcon.colcon_core.package_identification:_identify(src/push_button) by extensions ['colcon_meta']
[2.979s] Level 1:colcon.colcon_core.package_identification:_identify(src/push_button) by extension 'colcon_meta'
[2.979s] Level 1:colcon.colcon_core.package_identification:_identify(src/push_button) by extensions ['ros']
[2.979s] Level 1:colcon.colcon_core.package_identification:_identify(src/push_button) by extension 'ros'
[2.998s] DEBUG:colcon.colcon_core.package_identification:Package 'src/push_button' with type 'ros.ament_python' and name 'push_button'
[2.998s] Level 1:colcon.colcon_core.package_identification:_identify(src/push_button_interface) by extensions ['ignore', 'ignore_ament_install']
[2.998s] Level 1:colcon.colcon_core.package_identification:_identify(src/push_button_interface) by extension 'ignore'
[2.998s] Level 1:colcon.colcon_core.package_identification:_identify(src/push_button_interface) by extension 'ignore_ament_install'
[2.998s] Level 1:colcon.colcon_core.package_identification:_identify(src/push_button_interface) by extensions ['colcon_pkg']
[2.998s] Level 1:colcon.colcon_core.package_identification:_identify(src/push_button_interface) by extension 'colcon_pkg'
[2.998s] Level 1:colcon.colcon_core.package_identification:_identify(src/push_button_interface) by extensions ['colcon_meta']
[2.998s] Level 1:colcon.colcon_core.package_identification:_identify(src/push_button_interface) by extension 'colcon_meta'
[2.999s] Level 1:colcon.colcon_core.package_identification:_identify(src/push_button_interface) by extensions ['ros']
[2.999s] Level 1:colcon.colcon_core.package_identification:_identify(src/push_button_interface) by extension 'ros'
[2.999s] DEBUG:colcon.colcon_core.package_identification:Package 'src/push_button_interface' with type 'ros.ament_cmake' and name 'push_button_interface'
[2.999s] Level 1:colcon.colcon_core.package_discovery:discover_packages(recursive) using defaults
[3.000s] Level 1:colcon.colcon_core.package_discovery:discover_packages(ignore) discover
[3.000s] Level 1:colcon.colcon_core.package_discovery:discover_packages(ignore) using defaults
[3.000s] Level 1:colcon.colcon_core.package_discovery:discover_packages(path) discover
[3.000s] Level 1:colcon.colcon_core.package_discovery:discover_packages(path) using defaults
[3.280s] Level 5:colcon.colcon_core.verb:set package 'push_button' build argument 'cmake_args' from command line to 'None'
[3.280s] Level 5:colcon.colcon_core.verb:set package 'push_button' build argument 'cmake_target' from command line to 'None'
[3.280s] Level 5:colcon.colcon_core.verb:set package 'push_button' build argument 'cmake_target_skip_unavailable' from command line to 'False'
[3.280s] Level 5:colcon.colcon_core.verb:set package 'push_button' build argument 'cmake_clean_cache' from command line to 'False'
[3.280s] Level 5:colcon.colcon_core.verb:set package 'push_button' build argument 'cmake_clean_first' from command line to 'False'
[3.280s] Level 5:colcon.colcon_core.verb:set package 'push_button' build argument 'cmake_force_configure' from command line to 'False'
[3.280s] Level 5:colcon.colcon_core.verb:set package 'push_button' build argument 'ament_cmake_args' from command line to 'None'
[3.280s] Level 5:colcon.colcon_core.verb:set package 'push_button' build argument 'catkin_cmake_args' from command line to 'None'
[3.280s] Level 5:colcon.colcon_core.verb:set package 'push_button' build argument 'catkin_skip_building_tests' from command line to 'False'
[3.280s] DEBUG:colcon.colcon_core.verb:Building package 'push_button' with the following arguments: {'ament_cmake_args': None, 'build_base': '/home/parham/Dev/ros2_foxy/science/science-gui/science_ws/build/push_button', 'catkin_cmake_args': None, 'catkin_skip_building_tests': False, 'cmake_args': None, 'cmake_clean_cache': False, 'cmake_clean_first': False, 'cmake_force_configure': False, 'cmake_target': None, 'cmake_target_skip_unavailable': False, 'install_base': '/home/parham/Dev/ros2_foxy/science/science-gui/science_ws/install/push_button', 'merge_install': False, 'path': '/home/parham/Dev/ros2_foxy/science/science-gui/science_ws/src/push_button', 'symlink_install': False, 'test_result_base': None}
[3.284s] Level 5:colcon.colcon_core.verb:set package 'push_button_interface' build argument 'cmake_args' from command line to 'None'
[3.284s] Level 5:colcon.colcon_core.verb:set package 'push_button_interface' build argument 'cmake_target' from command line to 'None'
[3.285s] Level 5:colcon.colcon_core.verb:set package 'push_button_interface' build argument 'cmake_target_skip_unavailable' from command line to 'False'
[3.285s] Level 5:colcon.colcon_core.verb:set package 'push_button_interface' build argument 'cmake_clean_cache' from command line to 'False'
[3.285s] Level 5:colcon.colcon_core.verb:set package 'push_button_interface' build argument 'cmake_clean_first' from command line to 'False'
[3.285s] Level 5:colcon.colcon_core.verb:set package 'push_button_interface' build argument 'cmake_force_configure' from command line to 'False'
[3.285s] Level 5:colcon.colcon_core.verb:set package 'push_button_interface' build argument 'ament_cmake_args' from command line to 'None'
[3.285s] Level 5:colcon.colcon_core.verb:set package 'push_button_interface' build argument 'catkin_cmake_args' from command line to 'None'
[3.285s] Level 5:colcon.colcon_core.verb:set package 'push_button_interface' build argument 'catkin_skip_building_tests' from command line to 'False'
[3.285s] DEBUG:colcon.colcon_core.verb:Building package 'push_button_interface' with the following arguments: {'ament_cmake_args': None, 'build_base': '/home/parham/Dev/ros2_foxy/science/science-gui/science_ws/build/push_button_interface', 'catkin_cmake_args': None, 'catkin_skip_building_tests': False, 'cmake_args': None, 'cmake_clean_cache': False, 'cmake_clean_first': False, 'cmake_force_configure': False, 'cmake_target': None, 'cmake_target_skip_unavailable': False, 'install_base': '/home/parham/Dev/ros2_foxy/science/science-gui/science_ws/install/push_button_interface', 'merge_install': False, 'path': '/home/parham/Dev/ros2_foxy/science/science-gui/science_ws/src/push_button_interface', 'symlink_install': False, 'test_result_base': None}
[3.285s] INFO:colcon.colcon_core.executor:Executing jobs using 'parallel' executor
[3.288s] DEBUG:colcon.colcon_parallel_executor.executor.parallel:run_until_complete
[3.289s] INFO:colcon.colcon_ros.task.ament_python.build:Building ROS package in '/home/parham/Dev/ros2_foxy/science/science-gui/science_ws/src/push_button' with build type 'ament_python'
[3.289s] Level 1:colcon.colcon_core.shell:create_environment_hook('push_button', 'ament_prefix_path')
[3.349s] INFO:colcon.colcon_core.plugin_system:Skipping extension 'colcon_core.shell.bat': Not used on non-Windows systems
[3.350s] INFO:colcon.colcon_core.shell:Creating environment hook '/home/parham/Dev/ros2_foxy/science/science-gui/science_ws/install/push_button/share/push_button/hook/ament_prefix_path.ps1'
[3.351s] INFO:colcon.colcon_core.shell:Creating environment descriptor '/home/parham/Dev/ros2_foxy/science/science-gui/science_ws/install/push_button/share/push_button/hook/ament_prefix_path.dsv'
[3.352s] INFO:colcon.colcon_core.shell:Creating environment hook '/home/parham/Dev/ros2_foxy/science/science-gui/science_ws/install/push_button/share/push_button/hook/ament_prefix_path.sh'
[3.354s] INFO:colcon.colcon_core.shell:Skip shell extension 'powershell' for command environment: Not usable outside of PowerShell
[3.354s] DEBUG:colcon.colcon_core.shell:Skip shell extension 'dsv' for command environment
[3.363s] WARNING:colcon.colcon_core.prefix_path.colcon:The path '/home/parham/Dev/ros2_foxy/science/science-gui/install' in the environment variable COLCON_PREFIX_PATH doesn't exist
[3.363s] WARNING:colcon.colcon_ros.prefix_path.ament:The path '/home/parham/Dev/ros2_foxy/science/science-gui/install/push_button_interface' in the environment variable AMENT_PREFIX_PATH doesn't exist
[3.363s] WARNING:colcon.colcon_ros.prefix_path.ament:The path '/home/parham/Dev/ros2_foxy/science/science-gui/install/push_button' in the environment variable AMENT_PREFIX_PATH doesn't exist
[3.366s] WARNING:colcon.colcon_ros.prefix_path.catkin:The path '/home/parham/Dev/ros2_foxy/science/science-gui/install/push_button_interface' in the environment variable CMAKE_PREFIX_PATH doesn't exist
[3.391s] DEBUG:colcon.colcon_core.shell:Ignoring prefix path '/opt/ros/foxy'
[3.428s] INFO:colcon.colcon_ros.task.ament_cmake.build:Building ROS package in '/home/parham/Dev/ros2_foxy/science/science-gui/science_ws/src/push_button_interface' with build type 'ament_cmake'
[3.429s] INFO:colcon.colcon_cmake.task.cmake.build:Building CMake package in '/home/parham/Dev/ros2_foxy/science/science-gui/science_ws/src/push_button_interface'
[3.431s] INFO:colcon.colcon_core.shell:Skip shell extension 'powershell' for command environment: Not usable outside of PowerShell
[3.431s] DEBUG:colcon.colcon_core.shell:Skip shell extension 'dsv' for command environment
[3.445s] DEBUG:colcon.colcon_core.shell:Ignoring prefix path '/opt/ros/foxy'
[3.478s] DEBUG:colcon.colcon_core.event_handler.log_command:Invoking command in '/home/parham/Dev/ros2_foxy/science/science-gui/science_ws/build/push_button_interface': CMAKE_PREFIX_PATH=${CMAKE_PREFIX_PATH}:/home/parham/Dev/ros2_foxy/science/science-gui/science_ws/install/push_button:/home/parham/Dev/ros2_foxy/science/science-gui/install/push_button:/home/parham/ws_moveit2/install/ros2controlcli:/opt/ros/foxy /usr/bin/cmake --build /home/parham/Dev/ros2_foxy/science/science-gui/science_ws/build/push_button_interface -- -j4 -l4
[3.775s] INFO:colcon.colcon_core.task.python.build:Building Python package in '/home/parham/Dev/ros2_foxy/science/science-gui/science_ws/src/push_button'
[3.776s] INFO:colcon.colcon_core.shell:Skip shell extension 'powershell' for command environment: Not usable outside of PowerShell
[3.776s] DEBUG:colcon.colcon_core.shell:Skip shell extension 'dsv' for command environment
[3.783s] DEBUG:colcon.colcon_core.shell:Ignoring prefix path '/opt/ros/foxy'
[3.795s] DEBUG:colcon.colcon_core.event_handler.log_command:Invoking command in '/home/parham/Dev/ros2_foxy/science/science-gui/science_ws/src/push_button': PYTHONPATH=/home/parham/Dev/ros2_foxy/science/science-gui/science_ws/install/push_button/lib/python3.8/site-packages:${PYTHONPATH} /usr/bin/python3 setup.py egg_info --egg-base ../../build/push_button build --build-base /home/parham/Dev/ros2_foxy/science/science-gui/science_ws/build/push_button/build install --prefix /home/parham/Dev/ros2_foxy/science/science-gui/science_ws/install/push_button --record /home/parham/Dev/ros2_foxy/science/science-gui/science_ws/build/push_button/install.log --single-version-externally-managed
[5.377s] DEBUG:colcon.colcon_core.event_handler.log_command:Invoked command in '/home/parham/Dev/ros2_foxy/science/science-gui/science_ws/src/push_button' returned '0': PYTHONPATH=/home/parham/Dev/ros2_foxy/science/science-gui/science_ws/install/push_button/lib/python3.8/site-packages:${PYTHONPATH} /usr/bin/python3 setup.py egg_info --egg-base ../../build/push_button build --build-base /home/parham/Dev/ros2_foxy/science/science-gui/science_ws/build/push_button/build install --prefix /home/parham/Dev/ros2_foxy/science/science-gui/science_ws/install/push_button --record /home/parham/Dev/ros2_foxy/science/science-gui/science_ws/build/push_button/install.log --single-version-externally-managed
[5.435s] Level 1:colcon.colcon_core.environment:checking '/home/parham/Dev/ros2_foxy/science/science-gui/science_ws/install/push_button' for CMake module files
[5.436s] Level 1:colcon.colcon_core.environment:checking '/home/parham/Dev/ros2_foxy/science/science-gui/science_ws/install/push_button' for CMake config files
[5.437s] Level 1:colcon.colcon_core.environment:checking '/home/parham/Dev/ros2_foxy/science/science-gui/science_ws/install/push_button/lib'
[5.437s] Level 1:colcon.colcon_core.environment:checking '/home/parham/Dev/ros2_foxy/science/science-gui/science_ws/install/push_button/bin'
[5.437s] Level 1:colcon.colcon_core.environment:checking '/home/parham/Dev/ros2_foxy/science/science-gui/science_ws/install/push_button/lib/pkgconfig/push_button.pc'
[5.437s] Level 1:colcon.colcon_core.environment:checking '/home/parham/Dev/ros2_foxy/science/science-gui/science_ws/install/push_button/lib/python3.8/site-packages'
[5.438s] Level 1:colcon.colcon_core.shell:create_environment_hook('push_button', 'pythonpath')
[5.439s] INFO:colcon.colcon_core.shell:Creating environment hook '/home/parham/Dev/ros2_foxy/science/science-gui/science_ws/install/push_button/share/push_button/hook/pythonpath.ps1'
[5.440s] INFO:colcon.colcon_core.shell:Creating environment descriptor '/home/parham/Dev/ros2_foxy/science/science-gui/science_ws/install/push_button/share/push_button/hook/pythonpath.dsv'
[5.440s] INFO:colcon.colcon_core.shell:Creating environment hook '/home/parham/Dev/ros2_foxy/science/science-gui/science_ws/install/push_button/share/push_button/hook/pythonpath.sh'
[5.441s] Level 1:colcon.colcon_core.environment:create_environment_scripts_only(push_button)
[5.442s] INFO:colcon.colcon_core.shell:Creating package script '/home/parham/Dev/ros2_foxy/science/science-gui/science_ws/install/push_button/share/push_button/package.ps1'
[5.443s] INFO:colcon.colcon_core.shell:Creating package descriptor '/home/parham/Dev/ros2_foxy/science/science-gui/science_ws/install/push_button/share/push_button/package.dsv'
[5.444s] INFO:colcon.colcon_core.shell:Creating package script '/home/parham/Dev/ros2_foxy/science/science-gui/science_ws/install/push_button/share/push_button/package.sh'
[5.445s] INFO:colcon.colcon_core.shell:Creating package script '/home/parham/Dev/ros2_foxy/science/science-gui/science_ws/install/push_button/share/push_button/package.bash'
[5.446s] INFO:colcon.colcon_core.shell:Creating package script '/home/parham/Dev/ros2_foxy/science/science-gui/science_ws/install/push_button/share/push_button/package.zsh'
[5.447s] Level 1:colcon.colcon_core.environment:create_file_with_runtime_dependencies(/home/parham/Dev/ros2_foxy/science/science-gui/science_ws/install/push_button/share/colcon-core/packages/push_button)
[5.957s] DEBUG:colcon.colcon_core.event_handler.log_command:Invoked command in '/home/parham/Dev/ros2_foxy/science/science-gui/science_ws/build/push_button_interface' returned '0': CMAKE_PREFIX_PATH=${CMAKE_PREFIX_PATH}:/home/parham/Dev/ros2_foxy/science/science-gui/science_ws/install/push_button:/home/parham/Dev/ros2_foxy/science/science-gui/install/push_button:/home/parham/ws_moveit2/install/ros2controlcli:/opt/ros/foxy /usr/bin/cmake --build /home/parham/Dev/ros2_foxy/science/science-gui/science_ws/build/push_button_interface -- -j4 -l4
[6.112s] DEBUG:colcon.colcon_core.event_handler.log_command:Invoking command in '/home/parham/Dev/ros2_foxy/science/science-gui/science_ws/build/push_button_interface': CMAKE_PREFIX_PATH=${CMAKE_PREFIX_PATH}:/home/parham/Dev/ros2_foxy/science/science-gui/science_ws/install/push_button:/home/parham/Dev/ros2_foxy/science/science-gui/install/push_button:/home/parham/ws_moveit2/install/ros2controlcli:/opt/ros/foxy /usr/bin/cmake --install /home/parham/Dev/ros2_foxy/science/science-gui/science_ws/build/push_button_interface
[6.195s] Level 1:colcon.colcon_core.environment:create_environment_scripts_only(push_button_interface)
[6.197s] Level 1:colcon.colcon_core.environment:checking '/home/parham/Dev/ros2_foxy/science/science-gui/science_ws/install/push_button_interface' for CMake module files
[6.197s] DEBUG:colcon.colcon_core.event_handler.log_command:Invoked command in '/home/parham/Dev/ros2_foxy/science/science-gui/science_ws/build/push_button_interface' returned '0': CMAKE_PREFIX_PATH=${CMAKE_PREFIX_PATH}:/home/parham/Dev/ros2_foxy/science/science-gui/science_ws/install/push_button:/home/parham/Dev/ros2_foxy/science/science-gui/install/push_button:/home/parham/ws_moveit2/install/ros2controlcli:/opt/ros/foxy /usr/bin/cmake --install /home/parham/Dev/ros2_foxy/science/science-gui/science_ws/build/push_button_interface
[6.198s] Level 1:colcon.colcon_core.environment:checking '/home/parham/Dev/ros2_foxy/science/science-gui/science_ws/install/push_button_interface' for CMake config files
[6.198s] Level 1:colcon.colcon_core.shell:create_environment_hook('push_button_interface', 'cmake_prefix_path')
[6.199s] INFO:colcon.colcon_core.shell:Creating environment hook '/home/parham/Dev/ros2_foxy/science/science-gui/science_ws/install/push_button_interface/share/push_button_interface/hook/cmake_prefix_path.ps1'
[6.199s] INFO:colcon.colcon_core.shell:Creating environment descriptor '/home/parham/Dev/ros2_foxy/science/science-gui/science_ws/install/push_button_interface/share/push_button_interface/hook/cmake_prefix_path.dsv'
[6.199s] INFO:colcon.colcon_core.shell:Creating environment hook '/home/parham/Dev/ros2_foxy/science/science-gui/science_ws/install/push_button_interface/share/push_button_interface/hook/cmake_prefix_path.sh'
[6.200s] Level 1:colcon.colcon_core.environment:checking '/home/parham/Dev/ros2_foxy/science/science-gui/science_ws/install/push_button_interface/lib'
[6.201s] Level 1:colcon.colcon_core.shell:create_environment_hook('push_button_interface', 'ld_library_path_lib')
[6.201s] INFO:colcon.colcon_core.shell:Creating environment hook '/home/parham/Dev/ros2_foxy/science/science-gui/science_ws/install/push_button_interface/share/push_button_interface/hook/ld_library_path_lib.ps1'
[6.202s] INFO:colcon.colcon_core.shell:Creating environment descriptor '/home/parham/Dev/ros2_foxy/science/science-gui/science_ws/install/push_button_interface/share/push_button_interface/hook/ld_library_path_lib.dsv'
[6.202s] INFO:colcon.colcon_core.shell:Creating environment hook '/home/parham/Dev/ros2_foxy/science/science-gui/science_ws/install/push_button_interface/share/push_button_interface/hook/ld_library_path_lib.sh'
[6.202s] Level 1:colcon.colcon_core.environment:checking '/home/parham/Dev/ros2_foxy/science/science-gui/science_ws/install/push_button_interface/bin'
[6.202s] Level 1:colcon.colcon_core.environment:checking '/home/parham/Dev/ros2_foxy/science/science-gui/science_ws/install/push_button_interface/lib/pkgconfig/push_button_interface.pc'
[6.203s] Level 1:colcon.colcon_core.environment:checking '/home/parham/Dev/ros2_foxy/science/science-gui/science_ws/install/push_button_interface/lib/python3.8/site-packages'
[6.203s] Level 1:colcon.colcon_core.shell:create_environment_hook('push_button_interface', 'pythonpath')
[6.203s] INFO:colcon.colcon_core.shell:Creating environment hook '/home/parham/Dev/ros2_foxy/science/science-gui/science_ws/install/push_button_interface/share/push_button_interface/hook/pythonpath.ps1'
[6.204s] INFO:colcon.colcon_core.shell:Creating environment descriptor '/home/parham/Dev/ros2_foxy/science/science-gui/science_ws/install/push_button_interface/share/push_button_interface/hook/pythonpath.dsv'
[6.204s] INFO:colcon.colcon_core.shell:Creating environment hook '/home/parham/Dev/ros2_foxy/science/science-gui/science_ws/install/push_button_interface/share/push_button_interface/hook/pythonpath.sh'
[6.205s] INFO:colcon.colcon_core.shell:Creating package script '/home/parham/Dev/ros2_foxy/science/science-gui/science_ws/install/push_button_interface/share/push_button_interface/package.ps1'
[6.205s] INFO:colcon.colcon_core.shell:Creating package descriptor '/home/parham/Dev/ros2_foxy/science/science-gui/science_ws/install/push_button_interface/share/push_button_interface/package.dsv'
[6.206s] INFO:colcon.colcon_core.shell:Creating package script '/home/parham/Dev/ros2_foxy/science/science-gui/science_ws/install/push_button_interface/share/push_button_interface/package.sh'
[6.206s] INFO:colcon.colcon_core.shell:Creating package script '/home/parham/Dev/ros2_foxy/science/science-gui/science_ws/install/push_button_interface/share/push_button_interface/package.bash'
[6.207s] INFO:colcon.colcon_core.shell:Creating package script '/home/parham/Dev/ros2_foxy/science/science-gui/science_ws/install/push_button_interface/share/push_button_interface/package.zsh'
[6.207s] Level 1:colcon.colcon_core.environment:create_file_with_runtime_dependencies(/home/parham/Dev/ros2_foxy/science/science-gui/science_ws/install/push_button_interface/share/colcon-core/packages/push_button_interface)
[6.341s] Level 1:colcon.colcon_core.environment:create_environment_scripts_only(push_button_interface)
[6.342s] Level 1:colcon.colcon_core.environment:checking '/home/parham/Dev/ros2_foxy/science/science-gui/science_ws/install/push_button_interface' for CMake module files
[6.342s] Level 1:colcon.colcon_core.environment:checking '/home/parham/Dev/ros2_foxy/science/science-gui/science_ws/install/push_button_interface' for CMake config files
[6.343s] Level 1:colcon.colcon_core.shell:create_environment_hook('push_button_interface', 'cmake_prefix_path')
[6.344s] INFO:colcon.colcon_core.shell:Creating environment hook '/home/parham/Dev/ros2_foxy/science/science-gui/science_ws/install/push_button_interface/share/push_button_interface/hook/cmake_prefix_path.ps1'
[6.344s] INFO:colcon.colcon_core.shell:Creating environment descriptor '/home/parham/Dev/ros2_foxy/science/science-gui/science_ws/install/push_button_interface/share/push_button_interface/hook/cmake_prefix_path.dsv'
[6.344s] INFO:colcon.colcon_core.shell:Creating environment hook '/home/parham/Dev/ros2_foxy/science/science-gui/science_ws/install/push_button_interface/share/push_button_interface/hook/cmake_prefix_path.sh'
[6.345s] Level 1:colcon.colcon_core.environment:checking '/home/parham/Dev/ros2_foxy/science/science-gui/science_ws/install/push_button_interface/lib'
[6.345s] Level 1:colcon.colcon_core.shell:create_environment_hook('push_button_interface', 'ld_library_path_lib')
[6.346s] INFO:colcon.colcon_core.shell:Creating environment hook '/home/parham/Dev/ros2_foxy/science/science-gui/science_ws/install/push_button_interface/share/push_button_interface/hook/ld_library_path_lib.ps1'
[6.346s] INFO:colcon.colcon_core.shell:Creating environment descriptor '/home/parham/Dev/ros2_foxy/science/science-gui/science_ws/install/push_button_interface/share/push_button_interface/hook/ld_library_path_lib.dsv'
[6.346s] INFO:colcon.colcon_core.shell:Creating environment hook '/home/parham/Dev/ros2_foxy/science/science-gui/science_ws/install/push_button_interface/share/push_button_interface/hook/ld_library_path_lib.sh'
[6.347s] Level 1:colcon.colcon_core.environment:checking '/home/parham/Dev/ros2_foxy/science/science-gui/science_ws/install/push_button_interface/bin'
[6.347s] Level 1:colcon.colcon_core.environment:checking '/home/parham/Dev/ros2_foxy/science/science-gui/science_ws/install/push_button_interface/lib/pkgconfig/push_button_interface.pc'
[6.347s] Level 1:colcon.colcon_core.environment:checking '/home/parham/Dev/ros2_foxy/science/science-gui/science_ws/install/push_button_interface/lib/python3.8/site-packages'
[6.347s] Level 1:colcon.colcon_core.shell:create_environment_hook('push_button_interface', 'pythonpath')
[6.347s] INFO:colcon.colcon_core.shell:Creating environment hook '/home/parham/Dev/ros2_foxy/science/science-gui/science_ws/install/push_button_interface/share/push_button_interface/hook/pythonpath.ps1'
[6.348s] INFO:colcon.colcon_core.shell:Creating environment descriptor '/home/parham/Dev/ros2_foxy/science/science-gui/science_ws/install/push_button_interface/share/push_button_interface/hook/pythonpath.dsv'
[6.348s] INFO:colcon.colcon_core.shell:Creating environment hook '/home/parham/Dev/ros2_foxy/science/science-gui/science_ws/install/push_button_interface/share/push_button_interface/hook/pythonpath.sh'
[6.349s] INFO:colcon.colcon_core.shell:Creating package script '/home/parham/Dev/ros2_foxy/science/science-gui/science_ws/install/push_button_interface/share/push_button_interface/package.ps1'
[6.349s] INFO:colcon.colcon_core.shell:Creating package descriptor '/home/parham/Dev/ros2_foxy/science/science-gui/science_ws/install/push_button_interface/share/push_button_interface/package.dsv'
[6.350s] INFO:colcon.colcon_core.shell:Creating package script '/home/parham/Dev/ros2_foxy/science/science-gui/science_ws/install/push_button_interface/share/push_button_interface/package.sh'
[6.350s] INFO:colcon.colcon_core.shell:Creating package script '/home/parham/Dev/ros2_foxy/science/science-gui/science_ws/install/push_button_interface/share/push_button_interface/package.bash'
[6.351s] INFO:colcon.colcon_core.shell:Creating package script '/home/parham/Dev/ros2_foxy/science/science-gui/science_ws/install/push_button_interface/share/push_button_interface/package.zsh'
[6.351s] Level 1:colcon.colcon_core.environment:create_file_with_runtime_dependencies(/home/parham/Dev/ros2_foxy/science/science-gui/science_ws/install/push_button_interface/share/colcon-core/packages/push_button_interface)
[6.351s] DEBUG:colcon.colcon_parallel_executor.executor.parallel:closing loop
[6.351s] DEBUG:colcon.colcon_parallel_executor.executor.parallel:loop closed
[6.352s] DEBUG:colcon.colcon_parallel_executor.executor.parallel:run_until_complete finished with '0'
[6.352s] DEBUG:colcon.colcon_core.event_reactor:joining thread
[6.471s] INFO:colcon.colcon_core.plugin_system:Skipping extension 'colcon_notification.desktop_notification.terminal_notifier': Not used on non-Darwin systems
[6.472s] INFO:colcon.colcon_core.plugin_system:Skipping extension 'colcon_notification.desktop_notification.win32': Not used on non-Windows systems
[6.472s] INFO:colcon.colcon_notification.desktop_notification:Sending desktop notification using 'notify2'
[6.506s] DEBUG:colcon.colcon_core.event_reactor:joined thread
[6.506s] INFO:colcon.colcon_core.shell:Creating prefix script '/home/parham/Dev/ros2_foxy/science/science-gui/science_ws/install/local_setup.ps1'
[6.508s] INFO:colcon.colcon_core.shell:Creating prefix util module '/home/parham/Dev/ros2_foxy/science/science-gui/science_ws/install/_local_setup_util_ps1.py'
[6.509s] INFO:colcon.colcon_core.shell:Creating prefix chain script '/home/parham/Dev/ros2_foxy/science/science-gui/science_ws/install/setup.ps1'
[6.514s] INFO:colcon.colcon_core.shell:Creating prefix script '/home/parham/Dev/ros2_foxy/science/science-gui/science_ws/install/local_setup.sh'
[6.515s] INFO:colcon.colcon_core.shell:Creating prefix util module '/home/parham/Dev/ros2_foxy/science/science-gui/science_ws/install/_local_setup_util_sh.py'
[6.516s] INFO:colcon.colcon_core.shell:Creating prefix chain script '/home/parham/Dev/ros2_foxy/science/science-gui/science_ws/install/setup.sh'
[6.520s] INFO:colcon.colcon_core.shell:Creating prefix script '/home/parham/Dev/ros2_foxy/science/science-gui/science_ws/install/local_setup.bash'
[6.521s] INFO:colcon.colcon_core.shell:Creating prefix chain script '/home/parham/Dev/ros2_foxy/science/science-gui/science_ws/install/setup.bash'
[6.526s] INFO:colcon.colcon_core.shell:Creating prefix script '/home/parham/Dev/ros2_foxy/science/science-gui/science_ws/install/local_setup.zsh'
[6.526s] INFO:colcon.colcon_core.shell:Creating prefix chain script '/home/parham/Dev/ros2_foxy/science/science-gui/science_ws/install/setup.zsh'
