[0.684s] Invoking command in '/home/parham/Dev/ros2_foxy/science/sience_gui/science_ws/build/push_button_interface': CMAKE_PREFIX_PATH=${CMAKE_PREFIX_PATH}:/home/parham/Dev/ros2_foxy/science/sience_gui/science_ws/install/push_button:/home/parham/ws_moveit2/install/ros2controlcli:/opt/ros/foxy /usr/bin/cmake --build /home/parham/Dev/ros2_foxy/science/sience_gui/science_ws/build/push_button_interface -- -j4 -l4
[0.729s] -- Found ament_cmake: 0.9.8 (/home/parham/ros2_foxy/ros2-linux/share/ament_cmake/cmake)
[0.760s] -- Found PythonInterp: /usr/bin/python3 (found suitable version "3.8.10", minimum required is "3") 
[0.760s] -- Using PYTHON_EXECUTABLE: /usr/bin/python3
[0.970s] -- Found ament_lint_auto: 0.9.6 (/home/parham/ros2_foxy/ros2-linux/share/ament_lint_auto/cmake)
[1.046s] -- Found rosidl_default_generators: 1.0.0 (/home/parham/ros2_foxy/ros2-linux/share/rosidl_default_generators/cmake)
[1.061s] -- Using all available rosidl_typesupport_c: rosidl_typesupport_fastrtps_c;rosidl_typesupport_introspection_c;rosidl_typesupport_connext_c
[1.064s] -- Found rosidl_adapter: 1.2.0 (/home/parham/ros2_foxy/ros2-linux/share/rosidl_adapter/cmake)
[1.210s] -- Found RTI Connext: /opt/rti.com/rti_connext_dds-5.3.1
[1.797s] -- Using all available rosidl_typesupport_cpp: rosidl_typesupport_fastrtps_cpp;rosidl_typesupport_introspection_cpp;rosidl_typesupport_connext_cpp
[1.848s] -- Found PythonInterp: /usr/bin/python3 (found version "3.8.10") 
[1.917s] -- Found ament_cmake_ros: 0.9.0 (/home/parham/ros2_foxy/ros2-linux/share/ament_cmake_ros/cmake)
[2.074s] -- Using all available rosidl_typesupport_c: rosidl_typesupport_fastrtps_c;rosidl_typesupport_introspection_c;rosidl_typesupport_connext_c
[2.088s] -- Using all available rosidl_typesupport_cpp: rosidl_typesupport_fastrtps_cpp;rosidl_typesupport_introspection_cpp;rosidl_typesupport_connext_cpp
[2.119s] -- Found PythonInterp: /usr/bin/python3 (found suitable version "3.8.10", minimum required is "3.5") 
[2.119s] -- Found python_cmake_module: 0.8.0 (/home/parham/ros2_foxy/ros2-linux/share/python_cmake_module/cmake)
[2.146s] -- Using PYTHON_EXECUTABLE: /usr/bin/python3
[2.146s] -- Using PYTHON_INCLUDE_DIRS: /usr/include/python3.8
[2.146s] -- Using PYTHON_LIBRARIES: /usr/lib/x86_64-linux-gnu/libpython3.8.so
[2.194s] -- Added test 'copyright' to check source files copyright and LICENSE
[2.225s] -- Added test 'cppcheck' to perform static code analysis on C / C++ code
[2.226s] -- Configured cppcheck include dirs: 
[2.226s] -- Configured cppcheck exclude dirs and/or files: 
[2.257s] -- Added test 'cpplint' to check C / C++ code against the Google style
[2.257s] -- Configured cpplint exclude dirs and/or files: 
[2.261s] -- Added test 'flake8' to check Python code syntax and style conventions
[2.269s] -- Added test 'lint_cmake' to check CMake code style
[2.273s] -- Added test 'pep257' to check Python code against some of the style conventions in PEP 257
[2.305s] -- Added test 'uncrustify' to check C / C++ code style
[2.305s] -- Configured uncrustify additional arguments: 
[2.309s] -- Added test 'xmllint' to check XML markup files
[2.316s] -- Configuring done
[2.377s] -- Generating done
[2.720s] -- Build files have been written to: /home/parham/Dev/ros2_foxy/science/sience_gui/science_ws/build/push_button_interface
[2.774s] [  2%] [34m[1mGenerating C code for ROS interfaces[0m
[2.791s] [  4%] [34m[1mGenerating C++ code for ROS interfaces[0m
[2.794s] [  6%] [34m[1mGenerating DDS interfaces[0m
[3.060s] [  6%] Built target push_button_interface__cpp
[3.084s] [ 10%] [34m[1mGenerating C++ introspection for ROS interfaces[0m
[3.085s] [ 10%] [34m[1mGenerating C++ type support dispatch for ROS interfaces[0m
[3.128s] [ 10%] Built target push_button_interface__dds_connext_idl
[3.152s] [ 12%] [34m[1mGenerating C++ type support for eProsima Fast-RTPS[0m
[3.230s] [35m[1mScanning dependencies of target push_button_interface__rosidl_generator_c[0m
[3.260s] [ 14%] [32mBuilding C object CMakeFiles/push_button_interface__rosidl_generator_c.dir/rosidl_generator_c/push_button_interface/msg/detail/push_button__functions.c.o[0m
[3.327s] [ 16%] [32m[1mLinking C shared library libpush_button_interface__rosidl_generator_c.so[0m
[3.395s] [ 16%] Built target push_button_interface__rosidl_generator_c
[3.427s] [ 18%] [34m[1mGenerating C++ type support for RTI Connext (using '/opt/rti.com/rti_connext_dds-5.3.1/bin/rtiddsgen_server')[0m
[4.220s] [35m[1mScanning dependencies of target push_button_interface__rosidl_typesupport_cpp[0m
[4.367s] [35m[1mScanning dependencies of target push_button_interface__rosidl_typesupport_introspection_cpp[0m
[4.378s] [35m[1mScanning dependencies of target push_button_interface__rosidl_typesupport_fastrtps_cpp[0m
[4.399s] [ 20%] [32mBuilding CXX object CMakeFiles/push_button_interface__rosidl_typesupport_introspection_cpp.dir/rosidl_typesupport_introspection_cpp/push_button_interface/msg/detail/push_button__type_support.cpp.o[0m
[4.575s] [ 22%] [32mBuilding CXX object CMakeFiles/push_button_interface__rosidl_typesupport_cpp.dir/rosidl_typesupport_cpp/push_button_interface/msg/push_button__type_support.cpp.o[0m
[4.688s] [ 24%] [32mBuilding CXX object CMakeFiles/push_button_interface__rosidl_typesupport_fastrtps_cpp.dir/rosidl_typesupport_fastrtps_cpp/push_button_interface/msg/detail/dds_fastrtps/push_button__type_support.cpp.o[0m
[4.892s] [ 26%] [32m[1mLinking CXX shared library libpush_button_interface__rosidl_typesupport_introspection_cpp.so[0m
[5.138s] [ 26%] Built target push_button_interface__rosidl_typesupport_introspection_cpp
[5.178s] [ 28%] [34m[1mGenerating C introspection for ROS interfaces[0m
[5.267s] [ 30%] [32m[1mLinking CXX shared library libpush_button_interface__rosidl_typesupport_cpp.so[0m
[5.359s] [ 30%] Built target push_button_interface__rosidl_typesupport_cpp
[5.383s] [ 32%] [34m[1mGenerating C type support dispatch for ROS interfaces[0m
[5.491s] [ 34%] [32m[1mLinking CXX shared library libpush_button_interface__rosidl_typesupport_fastrtps_cpp.so[0m
[5.767s] [35m[1mScanning dependencies of target push_button_interface__rosidl_typesupport_introspection_c[0m
[5.787s] [35m[1mScanning dependencies of target push_button_interface__rosidl_typesupport_c[0m
[5.802s] [ 36%] [32mBuilding C object CMakeFiles/push_button_interface__rosidl_typesupport_introspection_c.dir/rosidl_typesupport_introspection_c/push_button_interface/msg/detail/push_button__type_support.c.o[0m
[5.803s] [ 36%] Built target push_button_interface__rosidl_typesupport_fastrtps_cpp
[5.825s] [ 38%] [32mBuilding CXX object CMakeFiles/push_button_interface__rosidl_typesupport_c.dir/rosidl_typesupport_c/push_button_interface/msg/push_button__type_support.cpp.o[0m
[5.836s] [ 40%] [34m[1mGenerating C type support for eProsima Fast-RTPS[0m
[5.885s] [ 42%] [32m[1mLinking C shared library libpush_button_interface__rosidl_typesupport_introspection_c.so[0m
[5.909s] [ 44%] [32m[1mLinking CXX shared library libpush_button_interface__rosidl_typesupport_c.so[0m
[5.943s] [ 44%] Built target push_button_interface__rosidl_typesupport_introspection_c
[6.005s] [ 44%] Built target push_button_interface__rosidl_typesupport_c
[6.065s] INFO com.rti.ndds.nddsgen.Main Running rtiddsgen version 2.5.2, please wait ...
[6.066s] INFO com.rti.ndds.nddsgen.Main Done
[6.196s] [35m[1mScanning dependencies of target push_button_interface__rosidl_typesupport_connext_cpp[0m
[6.261s] [ 46%] [32mBuilding CXX object CMakeFiles/push_button_interface__rosidl_typesupport_connext_cpp.dir/rosidl_typesupport_connext_cpp/push_button_interface/msg/dds_connext/push_button__type_support.cpp.o[0m
[6.285s] [ 48%] [32mBuilding CXX object CMakeFiles/push_button_interface__rosidl_typesupport_connext_cpp.dir/rosidl_typesupport_connext_cpp/push_button_interface/msg/dds_connext/PushButton_Plugin.cxx.o[0m
[6.305s] [ 51%] [32mBuilding CXX object CMakeFiles/push_button_interface__rosidl_typesupport_connext_cpp.dir/rosidl_typesupport_connext_cpp/push_button_interface/msg/dds_connext/PushButton_.cxx.o[0m
[6.352s] [35m[1mScanning dependencies of target push_button_interface__rosidl_typesupport_fastrtps_c[0m
[6.405s] [ 53%] [32mBuilding CXX object CMakeFiles/push_button_interface__rosidl_typesupport_fastrtps_c.dir/rosidl_typesupport_fastrtps_c/push_button_interface/msg/detail/push_button__type_support_c.cpp.o[0m
[6.980s] [ 55%] [32m[1mLinking CXX shared library libpush_button_interface__rosidl_typesupport_fastrtps_c.so[0m
[7.122s] [ 57%] [32mBuilding CXX object CMakeFiles/push_button_interface__rosidl_typesupport_connext_cpp.dir/rosidl_typesupport_connext_cpp/push_button_interface/msg/dds_connext/PushButton_Support.cxx.o[0m
[7.152s] [ 57%] Built target push_button_interface__rosidl_typesupport_fastrtps_c
[8.001s] [ 59%] [32m[1mLinking CXX shared library libpush_button_interface__rosidl_typesupport_connext_cpp.so[0m
[8.165s] [ 61%] Built target push_button_interface__rosidl_typesupport_connext_cpp
[8.184s] [ 63%] [34m[1mGenerating C type support for RTI Connext[0m
[8.408s] [35m[1mScanning dependencies of target push_button_interface__rosidl_typesupport_connext_c[0m
[8.456s] [ 67%] [32mBuilding CXX object CMakeFiles/push_button_interface__rosidl_typesupport_connext_c.dir/rosidl_typesupport_connext_c/push_button_interface/msg/dds_connext/push_button__type_support_c.cpp.o[0m
[8.457s] [ 69%] [32mBuilding CXX object CMakeFiles/push_button_interface__rosidl_typesupport_connext_c.dir/rosidl_typesupport_connext_cpp/push_button_interface/msg/dds_connext/PushButton_Support.cxx.o[0m
[8.458s] [ 67%] [32mBuilding CXX object CMakeFiles/push_button_interface__rosidl_typesupport_connext_c.dir/rosidl_typesupport_connext_cpp/push_button_interface/msg/dds_connext/PushButton_.cxx.o[0m
[8.458s] [ 71%] [32mBuilding CXX object CMakeFiles/push_button_interface__rosidl_typesupport_connext_c.dir/rosidl_typesupport_connext_cpp/push_button_interface/msg/dds_connext/PushButton_Plugin.cxx.o[0m
[9.478s] [ 73%] [32m[1mLinking CXX shared library libpush_button_interface__rosidl_typesupport_connext_c.so[0m
[9.669s] [ 77%] Built target push_button_interface__rosidl_typesupport_connext_c
[9.702s] [ 77%] Built target push_button_interface
[9.737s] [ 79%] [34m[1mGenerating Python code for ROS interfaces[0m
[10.161s] [ 79%] Built target push_button_interface__py
[10.177s] [35m[1mScanning dependencies of target push_button_interface__python[0m
[10.197s] [ 81%] [32mBuilding C object CMakeFiles/push_button_interface__python.dir/rosidl_generator_py/push_button_interface/msg/_push_button_s.c.o[0m
[10.289s] [ 83%] [32m[1mLinking C shared library rosidl_generator_py/push_button_interface/libpush_button_interface__python.so[0m
[10.343s] [ 83%] Built target push_button_interface__python
[10.367s] [35m[1mScanning dependencies of target push_button_interface__rosidl_typesupport_connext_c__pyext[0m
[10.367s] [35m[1mScanning dependencies of target push_button_interface__rosidl_typesupport_introspection_c__pyext[0m
[10.368s] [35m[1mScanning dependencies of target push_button_interface__rosidl_typesupport_fastrtps_c__pyext[0m
[10.368s] [35m[1mScanning dependencies of target push_button_interface__rosidl_typesupport_c__pyext[0m
[10.402s] [ 85%] [32mBuilding C object CMakeFiles/push_button_interface__rosidl_typesupport_introspection_c__pyext.dir/rosidl_generator_py/push_button_interface/_push_button_interface_s.ep.rosidl_typesupport_introspection_c.c.o[0m
[10.403s] [ 87%] [32mBuilding C object CMakeFiles/push_button_interface__rosidl_typesupport_fastrtps_c__pyext.dir/rosidl_generator_py/push_button_interface/_push_button_interface_s.ep.rosidl_typesupport_fastrtps_c.c.o[0m
[10.404s] [ 89%] [32mBuilding C object CMakeFiles/push_button_interface__rosidl_typesupport_connext_c__pyext.dir/rosidl_generator_py/push_button_interface/_push_button_interface_s.ep.rosidl_typesupport_connext_c.c.o[0m
[10.421s] [ 91%] [32mBuilding C object CMakeFiles/push_button_interface__rosidl_typesupport_c__pyext.dir/rosidl_generator_py/push_button_interface/_push_button_interface_s.ep.rosidl_typesupport_c.c.o[0m
[10.759s] [ 93%] [32m[1mLinking CXX shared library rosidl_generator_py/push_button_interface/push_button_interface_s__rosidl_typesupport_fastrtps_c.cpython-38-x86_64-linux-gnu.so[0m
[10.760s] [ 95%] [32m[1mLinking C shared library rosidl_generator_py/push_button_interface/push_button_interface_s__rosidl_typesupport_introspection_c.cpython-38-x86_64-linux-gnu.so[0m
[10.794s] [ 97%] [32m[1mLinking C shared library rosidl_generator_py/push_button_interface/push_button_interface_s__rosidl_typesupport_c.cpython-38-x86_64-linux-gnu.so[0m
[10.806s] [100%] [32m[1mLinking C shared library rosidl_generator_py/push_button_interface/push_button_interface_s__rosidl_typesupport_connext_c.cpython-38-x86_64-linux-gnu.so[0m
[10.872s] [100%] Built target push_button_interface__rosidl_typesupport_introspection_c__pyext
[10.876s] [100%] Built target push_button_interface__rosidl_typesupport_c__pyext
[10.909s] [100%] Built target push_button_interface__rosidl_typesupport_fastrtps_c__pyext
[10.936s] [100%] Built target push_button_interface__rosidl_typesupport_connext_c__pyext
[26.234s] Invoked command in '/home/parham/Dev/ros2_foxy/science/sience_gui/science_ws/build/push_button_interface' returned '0': CMAKE_PREFIX_PATH=${CMAKE_PREFIX_PATH}:/home/parham/Dev/ros2_foxy/science/sience_gui/science_ws/install/push_button:/home/parham/ws_moveit2/install/ros2controlcli:/opt/ros/foxy /usr/bin/cmake --build /home/parham/Dev/ros2_foxy/science/sience_gui/science_ws/build/push_button_interface -- -j4 -l4
[26.378s] Invoking command in '/home/parham/Dev/ros2_foxy/science/sience_gui/science_ws/build/push_button_interface': CMAKE_PREFIX_PATH=${CMAKE_PREFIX_PATH}:/home/parham/Dev/ros2_foxy/science/sience_gui/science_ws/install/push_button:/home/parham/ws_moveit2/install/ros2controlcli:/opt/ros/foxy /usr/bin/cmake --install /home/parham/Dev/ros2_foxy/science/sience_gui/science_ws/build/push_button_interface
[26.390s] -- Install configuration: ""
[26.390s] -- Up-to-date: /home/parham/Dev/ros2_foxy/science/sience_gui/science_ws/install/push_button_interface/share/ament_index/resource_index/rosidl_interfaces/push_button_interface
[26.390s] -- Up-to-date: /home/parham/Dev/ros2_foxy/science/sience_gui/science_ws/install/push_button_interface/include/push_button_interface
[26.390s] -- Up-to-date: /home/parham/Dev/ros2_foxy/science/sience_gui/science_ws/install/push_button_interface/include/push_button_interface/msg
[26.390s] -- Installing: /home/parham/Dev/ros2_foxy/science/sience_gui/science_ws/install/push_button_interface/include/push_button_interface/msg/push_button.h
[26.391s] -- Up-to-date: /home/parham/Dev/ros2_foxy/science/sience_gui/science_ws/install/push_button_interface/include/push_button_interface/msg/rosidl_generator_c__visibility_control.h
[26.391s] -- Up-to-date: /home/parham/Dev/ros2_foxy/science/sience_gui/science_ws/install/push_button_interface/include/push_button_interface/msg/detail
[26.391s] -- Installing: /home/parham/Dev/ros2_foxy/science/sience_gui/science_ws/install/push_button_interface/include/push_button_interface/msg/detail/push_button__functions.h
[26.391s] -- Installing: /home/parham/Dev/ros2_foxy/science/sience_gui/science_ws/install/push_button_interface/include/push_button_interface/msg/detail/push_button__functions.c
[26.391s] -- Installing: /home/parham/Dev/ros2_foxy/science/sience_gui/science_ws/install/push_button_interface/include/push_button_interface/msg/detail/push_button__type_support.h
[26.391s] -- Installing: /home/parham/Dev/ros2_foxy/science/sience_gui/science_ws/install/push_button_interface/include/push_button_interface/msg/detail/push_button__struct.h
[26.391s] -- Up-to-date: /home/parham/Dev/ros2_foxy/science/sience_gui/science_ws/install/push_button_interface/share/push_button_interface/environment/library_path.sh
[26.391s] -- Installing: /home/parham/Dev/ros2_foxy/science/sience_gui/science_ws/install/push_button_interface/share/push_button_interface/environment/library_path.dsv
[26.391s] -- Installing: /home/parham/Dev/ros2_foxy/science/sience_gui/science_ws/install/push_button_interface/lib/libpush_button_interface__rosidl_generator_c.so
[26.392s] -- Set runtime path of "/home/parham/Dev/ros2_foxy/science/sience_gui/science_ws/install/push_button_interface/lib/libpush_button_interface__rosidl_generator_c.so" to ""
[26.392s] -- Up-to-date: /home/parham/Dev/ros2_foxy/science/sience_gui/science_ws/install/push_button_interface/include/push_button_interface
[26.392s] -- Up-to-date: /home/parham/Dev/ros2_foxy/science/sience_gui/science_ws/install/push_button_interface/include/push_button_interface/msg
[26.392s] -- Up-to-date: /home/parham/Dev/ros2_foxy/science/sience_gui/science_ws/install/push_button_interface/include/push_button_interface/msg/rosidl_typesupport_fastrtps_c__visibility_control.h
[26.392s] -- Up-to-date: /home/parham/Dev/ros2_foxy/science/sience_gui/science_ws/install/push_button_interface/include/push_button_interface/msg/detail
[26.392s] -- Installing: /home/parham/Dev/ros2_foxy/science/sience_gui/science_ws/install/push_button_interface/include/push_button_interface/msg/detail/push_button__rosidl_typesupport_fastrtps_c.h
[26.392s] -- Installing: /home/parham/Dev/ros2_foxy/science/sience_gui/science_ws/install/push_button_interface/lib/libpush_button_interface__rosidl_typesupport_fastrtps_c.so
[26.393s] -- Set runtime path of "/home/parham/Dev/ros2_foxy/science/sience_gui/science_ws/install/push_button_interface/lib/libpush_button_interface__rosidl_typesupport_fastrtps_c.so" to ""
[26.393s] -- Up-to-date: /home/parham/Dev/ros2_foxy/science/sience_gui/science_ws/install/push_button_interface/include/push_button_interface
[26.393s] -- Up-to-date: /home/parham/Dev/ros2_foxy/science/sience_gui/science_ws/install/push_button_interface/include/push_button_interface/msg
[26.393s] -- Up-to-date: /home/parham/Dev/ros2_foxy/science/sience_gui/science_ws/install/push_button_interface/include/push_button_interface/msg/rosidl_typesupport_fastrtps_cpp__visibility_control.h
[26.393s] -- Up-to-date: /home/parham/Dev/ros2_foxy/science/sience_gui/science_ws/install/push_button_interface/include/push_button_interface/msg/detail
[26.393s] -- Installing: /home/parham/Dev/ros2_foxy/science/sience_gui/science_ws/install/push_button_interface/include/push_button_interface/msg/detail/push_button__rosidl_typesupport_fastrtps_cpp.hpp
[26.393s] -- Up-to-date: /home/parham/Dev/ros2_foxy/science/sience_gui/science_ws/install/push_button_interface/include/push_button_interface/msg/detail/dds_fastrtps
[26.393s] -- Installing: /home/parham/Dev/ros2_foxy/science/sience_gui/science_ws/install/push_button_interface/lib/libpush_button_interface__rosidl_typesupport_fastrtps_cpp.so
[26.394s] -- Set runtime path of "/home/parham/Dev/ros2_foxy/science/sience_gui/science_ws/install/push_button_interface/lib/libpush_button_interface__rosidl_typesupport_fastrtps_cpp.so" to ""
[26.394s] -- Up-to-date: /home/parham/Dev/ros2_foxy/science/sience_gui/science_ws/install/push_button_interface/include/push_button_interface
[26.394s] -- Up-to-date: /home/parham/Dev/ros2_foxy/science/sience_gui/science_ws/install/push_button_interface/include/push_button_interface/msg
[26.394s] -- Up-to-date: /home/parham/Dev/ros2_foxy/science/sience_gui/science_ws/install/push_button_interface/include/push_button_interface/msg/rosidl_typesupport_introspection_c__visibility_control.h
[26.394s] -- Up-to-date: /home/parham/Dev/ros2_foxy/science/sience_gui/science_ws/install/push_button_interface/include/push_button_interface/msg/detail
[26.394s] -- Installing: /home/parham/Dev/ros2_foxy/science/sience_gui/science_ws/install/push_button_interface/include/push_button_interface/msg/detail/push_button__rosidl_typesupport_introspection_c.h
[26.394s] -- Installing: /home/parham/Dev/ros2_foxy/science/sience_gui/science_ws/install/push_button_interface/include/push_button_interface/msg/detail/push_button__type_support.c
[26.394s] -- Installing: /home/parham/Dev/ros2_foxy/science/sience_gui/science_ws/install/push_button_interface/lib/libpush_button_interface__rosidl_typesupport_introspection_c.so
[26.395s] -- Set runtime path of "/home/parham/Dev/ros2_foxy/science/sience_gui/science_ws/install/push_button_interface/lib/libpush_button_interface__rosidl_typesupport_introspection_c.so" to ""
[26.395s] -- Up-to-date: /home/parham/Dev/ros2_foxy/science/sience_gui/science_ws/install/push_button_interface/include/push_button_interface
[26.395s] -- Up-to-date: /home/parham/Dev/ros2_foxy/science/sience_gui/science_ws/install/push_button_interface/include/push_button_interface/msg
[26.395s] -- Installing: /home/parham/Dev/ros2_foxy/science/sience_gui/science_ws/install/push_button_interface/include/push_button_interface/msg/push_button__rosidl_typesupport_connext_c.h
[26.395s] -- Up-to-date: /home/parham/Dev/ros2_foxy/science/sience_gui/science_ws/install/push_button_interface/include/push_button_interface/msg/rosidl_typesupport_connext_c__visibility_control.h
[26.395s] -- Up-to-date: /home/parham/Dev/ros2_foxy/science/sience_gui/science_ws/install/push_button_interface/include/push_button_interface/msg/dds_connext
[26.395s] -- Installing: /home/parham/Dev/ros2_foxy/science/sience_gui/science_ws/install/push_button_interface/lib/libpush_button_interface__rosidl_typesupport_connext_c.so
[26.396s] -- Set runtime path of "/home/parham/Dev/ros2_foxy/science/sience_gui/science_ws/install/push_button_interface/lib/libpush_button_interface__rosidl_typesupport_connext_c.so" to ""
[26.396s] -- Up-to-date: /home/parham/Dev/ros2_foxy/science/sience_gui/science_ws/install/push_button_interface/share/push_button_interface/msg/dds_connext
[26.396s] -- Installing: /home/parham/Dev/ros2_foxy/science/sience_gui/science_ws/install/push_button_interface/share/push_button_interface/msg/dds_connext/PushButton_.idl
[26.396s] -- Up-to-date: /home/parham/Dev/ros2_foxy/science/sience_gui/science_ws/install/push_button_interface/include/push_button_interface
[26.396s] -- Up-to-date: /home/parham/Dev/ros2_foxy/science/sience_gui/science_ws/install/push_button_interface/include/push_button_interface/msg
[26.396s] -- Up-to-date: /home/parham/Dev/ros2_foxy/science/sience_gui/science_ws/install/push_button_interface/include/push_button_interface/msg/rosidl_typesupport_connext_cpp__visibility_control.h
[26.397s] -- Up-to-date: /home/parham/Dev/ros2_foxy/science/sience_gui/science_ws/install/push_button_interface/include/push_button_interface/msg/dds_connext
[26.397s] -- Installing: /home/parham/Dev/ros2_foxy/science/sience_gui/science_ws/install/push_button_interface/include/push_button_interface/msg/dds_connext/PushButton_Plugin.cxx
[26.397s] -- Installing: /home/parham/Dev/ros2_foxy/science/sience_gui/science_ws/install/push_button_interface/include/push_button_interface/msg/dds_connext/PushButton_Support.h
[26.397s] -- Installing: /home/parham/Dev/ros2_foxy/science/sience_gui/science_ws/install/push_button_interface/include/push_button_interface/msg/dds_connext/PushButton_Plugin.h
[26.397s] -- Installing: /home/parham/Dev/ros2_foxy/science/sience_gui/science_ws/install/push_button_interface/include/push_button_interface/msg/dds_connext/PushButton_Support.cxx
[26.397s] -- Installing: /home/parham/Dev/ros2_foxy/science/sience_gui/science_ws/install/push_button_interface/include/push_button_interface/msg/dds_connext/PushButton_.cxx
[26.397s] -- Installing: /home/parham/Dev/ros2_foxy/science/sience_gui/science_ws/install/push_button_interface/include/push_button_interface/msg/dds_connext/PushButton_.h
[26.397s] -- Installing: /home/parham/Dev/ros2_foxy/science/sience_gui/science_ws/install/push_button_interface/include/push_button_interface/msg/push_button__rosidl_typesupport_connext_cpp.hpp
[26.397s] -- Installing: /home/parham/Dev/ros2_foxy/science/sience_gui/science_ws/install/push_button_interface/lib/libpush_button_interface__rosidl_typesupport_connext_cpp.so
[26.398s] -- Set runtime path of "/home/parham/Dev/ros2_foxy/science/sience_gui/science_ws/install/push_button_interface/lib/libpush_button_interface__rosidl_typesupport_connext_cpp.so" to ""
[26.399s] -- Installing: /home/parham/Dev/ros2_foxy/science/sience_gui/science_ws/install/push_button_interface/lib/libpush_button_interface__rosidl_typesupport_c.so
[26.399s] -- Set runtime path of "/home/parham/Dev/ros2_foxy/science/sience_gui/science_ws/install/push_button_interface/lib/libpush_button_interface__rosidl_typesupport_c.so" to ""
[26.399s] -- Up-to-date: /home/parham/Dev/ros2_foxy/science/sience_gui/science_ws/install/push_button_interface/include/push_button_interface
[26.399s] -- Up-to-date: /home/parham/Dev/ros2_foxy/science/sience_gui/science_ws/install/push_button_interface/include/push_button_interface/msg
[26.399s] -- Installing: /home/parham/Dev/ros2_foxy/science/sience_gui/science_ws/install/push_button_interface/include/push_button_interface/msg/push_button.hpp
[26.399s] -- Up-to-date: /home/parham/Dev/ros2_foxy/science/sience_gui/science_ws/install/push_button_interface/include/push_button_interface/msg/detail
[26.400s] -- Installing: /home/parham/Dev/ros2_foxy/science/sience_gui/science_ws/install/push_button_interface/include/push_button_interface/msg/detail/push_button__traits.hpp
[26.400s] -- Installing: /home/parham/Dev/ros2_foxy/science/sience_gui/science_ws/install/push_button_interface/include/push_button_interface/msg/detail/push_button__builder.hpp
[26.400s] -- Installing: /home/parham/Dev/ros2_foxy/science/sience_gui/science_ws/install/push_button_interface/include/push_button_interface/msg/detail/push_button__struct.hpp
[26.400s] -- Up-to-date: /home/parham/Dev/ros2_foxy/science/sience_gui/science_ws/install/push_button_interface/include/push_button_interface
[26.400s] -- Up-to-date: /home/parham/Dev/ros2_foxy/science/sience_gui/science_ws/install/push_button_interface/include/push_button_interface/msg
[26.400s] -- Up-to-date: /home/parham/Dev/ros2_foxy/science/sience_gui/science_ws/install/push_button_interface/include/push_button_interface/msg/detail
[26.400s] -- Installing: /home/parham/Dev/ros2_foxy/science/sience_gui/science_ws/install/push_button_interface/include/push_button_interface/msg/detail/push_button__rosidl_typesupport_introspection_cpp.hpp
[26.400s] -- Installing: /home/parham/Dev/ros2_foxy/science/sience_gui/science_ws/install/push_button_interface/include/push_button_interface/msg/detail/push_button__type_support.cpp
[26.400s] -- Installing: /home/parham/Dev/ros2_foxy/science/sience_gui/science_ws/install/push_button_interface/lib/libpush_button_interface__rosidl_typesupport_introspection_cpp.so
[26.401s] -- Set runtime path of "/home/parham/Dev/ros2_foxy/science/sience_gui/science_ws/install/push_button_interface/lib/libpush_button_interface__rosidl_typesupport_introspection_cpp.so" to ""
[26.401s] -- Installing: /home/parham/Dev/ros2_foxy/science/sience_gui/science_ws/install/push_button_interface/lib/libpush_button_interface__rosidl_typesupport_cpp.so
[26.401s] -- Set runtime path of "/home/parham/Dev/ros2_foxy/science/sience_gui/science_ws/install/push_button_interface/lib/libpush_button_interface__rosidl_typesupport_cpp.so" to ""
[26.401s] -- Up-to-date: /home/parham/Dev/ros2_foxy/science/sience_gui/science_ws/install/push_button_interface/share/push_button_interface/environment/pythonpath.sh
[26.401s] -- Installing: /home/parham/Dev/ros2_foxy/science/sience_gui/science_ws/install/push_button_interface/share/push_button_interface/environment/pythonpath.dsv
[26.401s] -- Installing: /home/parham/Dev/ros2_foxy/science/sience_gui/science_ws/install/push_button_interface/lib/python3.8/site-packages/push_button_interface/__init__.py
[26.439s] Compiling '/home/parham/Dev/ros2_foxy/science/sience_gui/science_ws/install/push_button_interface/lib/python3.8/site-packages/push_button_interface/__init__.py'...
[26.443s] -- Up-to-date: /home/parham/Dev/ros2_foxy/science/sience_gui/science_ws/install/push_button_interface/lib/python3.8/site-packages/push_button_interface/msg
[26.443s] -- Installing: /home/parham/Dev/ros2_foxy/science/sience_gui/science_ws/install/push_button_interface/lib/python3.8/site-packages/push_button_interface/msg/_push_button.py
[26.443s] -- Installing: /home/parham/Dev/ros2_foxy/science/sience_gui/science_ws/install/push_button_interface/lib/python3.8/site-packages/push_button_interface/msg/__init__.py
[26.443s] -- Installing: /home/parham/Dev/ros2_foxy/science/sience_gui/science_ws/install/push_button_interface/lib/python3.8/site-packages/push_button_interface/msg/_push_button_s.c
[26.444s] -- Installing: /home/parham/Dev/ros2_foxy/science/sience_gui/science_ws/install/push_button_interface/lib/python3.8/site-packages/push_button_interface/push_button_interface_s__rosidl_typesupport_fastrtps_c.cpython-38-x86_64-linux-gnu.so
[26.444s] -- Set runtime path of "/home/parham/Dev/ros2_foxy/science/sience_gui/science_ws/install/push_button_interface/lib/python3.8/site-packages/push_button_interface/push_button_interface_s__rosidl_typesupport_fastrtps_c.cpython-38-x86_64-linux-gnu.so" to ""
[26.445s] -- Installing: /home/parham/Dev/ros2_foxy/science/sience_gui/science_ws/install/push_button_interface/lib/python3.8/site-packages/push_button_interface/push_button_interface_s__rosidl_typesupport_introspection_c.cpython-38-x86_64-linux-gnu.so
[26.445s] -- Set runtime path of "/home/parham/Dev/ros2_foxy/science/sience_gui/science_ws/install/push_button_interface/lib/python3.8/site-packages/push_button_interface/push_button_interface_s__rosidl_typesupport_introspection_c.cpython-38-x86_64-linux-gnu.so" to ""
[26.446s] -- Installing: /home/parham/Dev/ros2_foxy/science/sience_gui/science_ws/install/push_button_interface/lib/python3.8/site-packages/push_button_interface/push_button_interface_s__rosidl_typesupport_connext_c.cpython-38-x86_64-linux-gnu.so
[26.446s] -- Set runtime path of "/home/parham/Dev/ros2_foxy/science/sience_gui/science_ws/install/push_button_interface/lib/python3.8/site-packages/push_button_interface/push_button_interface_s__rosidl_typesupport_connext_c.cpython-38-x86_64-linux-gnu.so" to ""
[26.447s] -- Installing: /home/parham/Dev/ros2_foxy/science/sience_gui/science_ws/install/push_button_interface/lib/python3.8/site-packages/push_button_interface/push_button_interface_s__rosidl_typesupport_c.cpython-38-x86_64-linux-gnu.so
[26.447s] -- Set runtime path of "/home/parham/Dev/ros2_foxy/science/sience_gui/science_ws/install/push_button_interface/lib/python3.8/site-packages/push_button_interface/push_button_interface_s__rosidl_typesupport_c.cpython-38-x86_64-linux-gnu.so" to ""
[26.447s] -- Installing: /home/parham/Dev/ros2_foxy/science/sience_gui/science_ws/install/push_button_interface/lib/libpush_button_interface__python.so
[26.448s] -- Set runtime path of "/home/parham/Dev/ros2_foxy/science/sience_gui/science_ws/install/push_button_interface/lib/libpush_button_interface__python.so" to ""
[26.448s] -- Installing: /home/parham/Dev/ros2_foxy/science/sience_gui/science_ws/install/push_button_interface/share/push_button_interface/msg/PushButton.idl
[26.448s] -- Installing: /home/parham/Dev/ros2_foxy/science/sience_gui/science_ws/install/push_button_interface/share/push_button_interface/msg/PushButton.msg
[26.448s] -- Up-to-date: /home/parham/Dev/ros2_foxy/science/sience_gui/science_ws/install/push_button_interface/share/ament_index/resource_index/package_run_dependencies/push_button_interface
[26.449s] -- Up-to-date: /home/parham/Dev/ros2_foxy/science/sience_gui/science_ws/install/push_button_interface/share/ament_index/resource_index/parent_prefix_path/push_button_interface
[26.449s] -- Up-to-date: /home/parham/Dev/ros2_foxy/science/sience_gui/science_ws/install/push_button_interface/share/push_button_interface/environment/ament_prefix_path.sh
[26.449s] -- Installing: /home/parham/Dev/ros2_foxy/science/sience_gui/science_ws/install/push_button_interface/share/push_button_interface/environment/ament_prefix_path.dsv
[26.449s] -- Up-to-date: /home/parham/Dev/ros2_foxy/science/sience_gui/science_ws/install/push_button_interface/share/push_button_interface/environment/path.sh
[26.449s] -- Installing: /home/parham/Dev/ros2_foxy/science/sience_gui/science_ws/install/push_button_interface/share/push_button_interface/environment/path.dsv
[26.449s] -- Up-to-date: /home/parham/Dev/ros2_foxy/science/sience_gui/science_ws/install/push_button_interface/share/push_button_interface/local_setup.bash
[26.449s] -- Up-to-date: /home/parham/Dev/ros2_foxy/science/sience_gui/science_ws/install/push_button_interface/share/push_button_interface/local_setup.sh
[26.450s] -- Up-to-date: /home/parham/Dev/ros2_foxy/science/sience_gui/science_ws/install/push_button_interface/share/push_button_interface/local_setup.zsh
[26.450s] -- Installing: /home/parham/Dev/ros2_foxy/science/sience_gui/science_ws/install/push_button_interface/share/push_button_interface/local_setup.dsv
[26.450s] -- Installing: /home/parham/Dev/ros2_foxy/science/sience_gui/science_ws/install/push_button_interface/share/push_button_interface/package.dsv
[26.450s] -- Up-to-date: /home/parham/Dev/ros2_foxy/science/sience_gui/science_ws/install/push_button_interface/share/ament_index/resource_index/packages/push_button_interface
[26.450s] -- Up-to-date: /home/parham/Dev/ros2_foxy/science/sience_gui/science_ws/install/push_button_interface/share/push_button_interface/cmake/push_button_interface__rosidl_generator_cExport.cmake
[26.450s] -- Installing: /home/parham/Dev/ros2_foxy/science/sience_gui/science_ws/install/push_button_interface/share/push_button_interface/cmake/push_button_interface__rosidl_generator_cExport-noconfig.cmake
[26.451s] -- Up-to-date: /home/parham/Dev/ros2_foxy/science/sience_gui/science_ws/install/push_button_interface/share/push_button_interface/cmake/push_button_interface__rosidl_typesupport_introspection_cExport.cmake
[26.451s] -- Installing: /home/parham/Dev/ros2_foxy/science/sience_gui/science_ws/install/push_button_interface/share/push_button_interface/cmake/push_button_interface__rosidl_typesupport_introspection_cExport-noconfig.cmake
[26.451s] -- Up-to-date: /home/parham/Dev/ros2_foxy/science/sience_gui/science_ws/install/push_button_interface/share/push_button_interface/cmake/push_button_interface__rosidl_typesupport_cExport.cmake
[26.451s] -- Installing: /home/parham/Dev/ros2_foxy/science/sience_gui/science_ws/install/push_button_interface/share/push_button_interface/cmake/push_button_interface__rosidl_typesupport_cExport-noconfig.cmake
[26.451s] -- Up-to-date: /home/parham/Dev/ros2_foxy/science/sience_gui/science_ws/install/push_button_interface/share/push_button_interface/cmake/push_button_interface__rosidl_generator_cppExport.cmake
[26.452s] -- Up-to-date: /home/parham/Dev/ros2_foxy/science/sience_gui/science_ws/install/push_button_interface/share/push_button_interface/cmake/push_button_interface__rosidl_typesupport_introspection_cppExport.cmake
[26.452s] -- Installing: /home/parham/Dev/ros2_foxy/science/sience_gui/science_ws/install/push_button_interface/share/push_button_interface/cmake/push_button_interface__rosidl_typesupport_introspection_cppExport-noconfig.cmake
[26.452s] -- Up-to-date: /home/parham/Dev/ros2_foxy/science/sience_gui/science_ws/install/push_button_interface/share/push_button_interface/cmake/push_button_interface__rosidl_typesupport_cppExport.cmake
[26.452s] -- Installing: /home/parham/Dev/ros2_foxy/science/sience_gui/science_ws/install/push_button_interface/share/push_button_interface/cmake/push_button_interface__rosidl_typesupport_cppExport-noconfig.cmake
[26.452s] -- Up-to-date: /home/parham/Dev/ros2_foxy/science/sience_gui/science_ws/install/push_button_interface/share/push_button_interface/cmake/rosidl_cmake-extras.cmake
[26.453s] -- Up-to-date: /home/parham/Dev/ros2_foxy/science/sience_gui/science_ws/install/push_button_interface/share/push_button_interface/cmake/ament_cmake_export_dependencies-extras.cmake
[26.453s] -- Up-to-date: /home/parham/Dev/ros2_foxy/science/sience_gui/science_ws/install/push_button_interface/share/push_button_interface/cmake/ament_cmake_export_libraries-extras.cmake
[26.453s] -- Up-to-date: /home/parham/Dev/ros2_foxy/science/sience_gui/science_ws/install/push_button_interface/share/push_button_interface/cmake/ament_cmake_export_targets-extras.cmake
[26.453s] -- Up-to-date: /home/parham/Dev/ros2_foxy/science/sience_gui/science_ws/install/push_button_interface/share/push_button_interface/cmake/ament_cmake_export_include_directories-extras.cmake
[26.453s] -- Up-to-date: /home/parham/Dev/ros2_foxy/science/sience_gui/science_ws/install/push_button_interface/share/push_button_interface/cmake/rosidl_cmake_export_typesupport_libraries-extras.cmake
[26.453s] -- Up-to-date: /home/parham/Dev/ros2_foxy/science/sience_gui/science_ws/install/push_button_interface/share/push_button_interface/cmake/rosidl_cmake_export_typesupport_targets-extras.cmake
[26.453s] -- Up-to-date: /home/parham/Dev/ros2_foxy/science/sience_gui/science_ws/install/push_button_interface/share/push_button_interface/cmake/push_button_interfaceConfig.cmake
[26.454s] -- Up-to-date: /home/parham/Dev/ros2_foxy/science/sience_gui/science_ws/install/push_button_interface/share/push_button_interface/cmake/push_button_interfaceConfig-version.cmake
[26.454s] -- Up-to-date: /home/parham/Dev/ros2_foxy/science/sience_gui/science_ws/install/push_button_interface/share/push_button_interface/package.xml
[26.457s] Invoked command in '/home/parham/Dev/ros2_foxy/science/sience_gui/science_ws/build/push_button_interface' returned '0': CMAKE_PREFIX_PATH=${CMAKE_PREFIX_PATH}:/home/parham/Dev/ros2_foxy/science/sience_gui/science_ws/install/push_button:/home/parham/ws_moveit2/install/ros2controlcli:/opt/ros/foxy /usr/bin/cmake --install /home/parham/Dev/ros2_foxy/science/sience_gui/science_ws/build/push_button_interface
